<?xml version="1.0" encoding="UTF-8"?>
<!-- Generated by org.testng.reporters.JUnitXMLReporter -->
<testsuite ignored="5" hostname="DESKTOP-9NIDAD7" failures="2" tests="16" name="CART_CAD" time="3153.214" errors="0" timestamp="2022-05-03T01:02:11 EDT">
  <testcase classname="Inkbox.Tests.CartTest" name="TC_7483_LearnMoreSectionTieredDiscountsBannerInCart" time="94.2"/>
  <testcase classname="Inkbox.Tests.CartTest" name="TC_4913_Adding_ProductsToCartFromPDPpage" time="203.36"/>
  <testcase classname="Inkbox.Tests.CartTest" name="TC_4914_PriceValidation" time="112.704"/>
  <testcase classname="Inkbox.Tests.CartTest" name="TC_4915_Validate_Checkout" time="212.329"/>
  <testcase classname="Inkbox.Tests.CartTest" name="TC_4916_Validate_Frequently_PurchasedItemsToCart" time="223.036"/>
  <testcase classname="Inkbox.Tests.CartTest" name="TC_4917_Verify_Continue_To_Checkout" time="173.125"/>
  <testcase classname="Inkbox.Tests.CartTest" name="TC_4918_Verify_Cart_is_Empty" time="123.798"/>
  <testcase classname="Inkbox.Tests.CartTest" name="TC_4923_Validate_BundlesTest" time="122.868">
    <skipped/>
  </testcase> <!-- TC_4923_Validate_BundlesTest -->
  <testcase classname="Inkbox.Tests.CartTest" name="TC_4923_Validate_BundlesTest" time="130.438">
    <failure type="java.lang.AssertionError">
      <![CDATA[java.lang.AssertionError
at org.junit.Assert.fail(Assert.java:86)
at org.junit.Assert.fail(Assert.java:95)
at Helpers.ControlHelpers.getText(ControlHelpers.java:245)
at Inkbox.Pages.ProductsPage.Validate_Bundles(ProductsPage.java:2481)
at Inkbox.Tests.CartTest.TC_4923_Validate_BundlesTest(CartTest.java:248)
at java.base/java.util.concurrent.ThreadPoolExecutor.runWorker(ThreadPoolExecutor.java:1130)
at java.base/java.util.concurrent.ThreadPoolExecutor$Worker.run(ThreadPoolExecutor.java:630)
at java.base/java.lang.Thread.run(Thread.java:831)
... Removed 12 stack frames]]>
    </failure>
  </testcase> <!-- TC_4923_Validate_BundlesTest -->
  <testcase classname="Inkbox.Tests.CartTest" name="TC_4924_Validate_Bundles_GuestUser" time="114.921">
    <skipped/>
  </testcase> <!-- TC_4924_Validate_Bundles_GuestUser -->
  <testcase classname="Inkbox.Tests.CartTest" name="TC_4924_Validate_Bundles_GuestUser" time="114.735">
    <failure type="java.lang.AssertionError">
      <![CDATA[java.lang.AssertionError
at org.junit.Assert.fail(Assert.java:86)
at org.junit.Assert.fail(Assert.java:95)
at Helpers.ControlHelpers.getText(ControlHelpers.java:245)
at Inkbox.Pages.ProductsPage.Validate_Bundles(ProductsPage.java:2481)
at Inkbox.Tests.CartTest.TC_4924_Validate_Bundles_GuestUser(CartTest.java:262)
at java.base/java.util.concurrent.ThreadPoolExecutor.runWorker(ThreadPoolExecutor.java:1130)
at java.base/java.util.concurrent.ThreadPoolExecutor$Worker.run(ThreadPoolExecutor.java:630)
at java.base/java.lang.Thread.run(Thread.java:831)
... Removed 12 stack frames]]>
    </failure>
  </testcase> <!-- TC_4924_Validate_Bundles_GuestUser -->
  <testcase classname="Inkbox.Tests.CartTest" name="TC_4929_GuestScenario_Adding_ItemsTocart" time="132.862"/>
  <testcase classname="Inkbox.Tests.CartTest" name="TC_4930_ValidateItems_Adding_To_Cart" time="168.407"/>
  <testcase classname="Inkbox.Tests.CartTest" name="TC_31429_Verify_Gpay_Paypal_and_payments_methods_in_cart" time="175.014"/>
  <testcase classname="Inkbox.Tests.CartTest" name="TC_4931_IncreamentProduct_InCart_And_INC_cannot_remove_item_from_cart" time="198.357"/>
  <testcase classname="Inkbox.Tests.CartTest" name="TC_4933_AddItemsToCart_without_Login_and_ValidateAfterLogin" time="122.752"/>
  <testcase classname="Inkbox.Tests.CartTest" name="TC_4922_Verify_Mystery_Bundles_GuestUser" time="0.0">
    <ignored/>
  </testcase> <!-- TC_4922_Verify_Mystery_Bundles_GuestUser -->
  <testcase classname="Inkbox.Tests.CartTest" name="TC_4926_Verify_Freehand_Ink_GuestUser" time="0.0">
    <ignored/>
  </testcase> <!-- TC_4926_Verify_Freehand_Ink_GuestUser -->
  <testcase classname="Inkbox.Tests.CartTest" name="TC_4932_VerifyFreeShippingMessage" time="0.0">
    <ignored/>
  </testcase> <!-- TC_4932_VerifyFreeShippingMessage -->
  <testcase classname="Inkbox.Tests.CartTest" name="TC_4925_Verify_Freehand_Ink" time="0.0">
    <ignored/>
  </testcase> <!-- TC_4925_Verify_Freehand_Ink -->
  <testcase classname="Inkbox.Tests.CartTest" name="TC_4921_Verify_Mystery_Bundles" time="0.0">
    <ignored/>
  </testcase> <!-- TC_4921_Verify_Mystery_Bundles -->
</testsuite> <!-- CART_CAD -->
