<?xml version="1.0" encoding="UTF-8"?>
<!-- Generated by org.testng.reporters.JUnitXMLReporter -->
<testsuite ignored="3" hostname="DESKTOP-9NIDAD7" failures="10" tests="52" name="GBP_Cart" time="20764.291" errors="0" timestamp="2022-06-27T03:56:27 EDT">
  <testcase classname="Inkbox.Tests.CartTest" name="TC_21939_Validate_SelectedSize_NegativeScenario" time="290.664">
    <skipped/>
  </testcase> <!-- TC_21939_Validate_SelectedSize_NegativeScenario -->
  <testcase classname="Inkbox.Tests.CartTest" name="TC_21939_Validate_SelectedSize_NegativeScenario" time="290.76">
    <failure type="java.lang.AssertionError">
      <![CDATA[java.lang.AssertionError
at org.junit.Assert.fail(Assert.java:86)
at org.junit.Assert.fail(Assert.java:95)
at Helpers.ControlHelpers.Entertext(ControlHelpers.java:311)
at Inkbox.Pages.AccountPage.Validate_SelectedSize_NegativeScenario(AccountPage.java:234)
at Inkbox.Tests.CartTest.TC_21939_Validate_SelectedSize_NegativeScenario(CartTest.java:48)
at java.base/java.util.concurrent.ThreadPoolExecutor.runWorker(ThreadPoolExecutor.java:1130)
at java.base/java.util.concurrent.ThreadPoolExecutor$Worker.run(ThreadPoolExecutor.java:630)
at java.base/java.lang.Thread.run(Thread.java:831)
... Removed 12 stack frames]]>
    </failure>
  </testcase> <!-- TC_21939_Validate_SelectedSize_NegativeScenario -->
  <testcase classname="Inkbox.Tests.CartTest" name="TC_31429_Verify_Gpay_Paypal_and_payments_methods_in_cart" time="410.986"/>
  <testcase classname="Inkbox.Tests.CartTest" name="TC_4898_PaymentMethods_Validation_Checkoutpage" time="410.416"/>
  <testcase classname="Inkbox.Tests.CartTest" name="TC_4913_Adding_ProductsToCartFromPDPpage" time="639.701"/>
  <testcase classname="Inkbox.Tests.CartTest" name="TC_4914_PriceValidation" time="329.814"/>
  <testcase classname="Inkbox.Tests.CartTest" name="TC_4915_Validate_Checkout" time="450.044"/>
  <testcase classname="Inkbox.Tests.CartTest" name="TC_4916_Validate_Frequently_PurchasedItemsToCart" time="471.843"/>
  <testcase classname="Inkbox.Tests.CartTest" name="TC_4917_Verify_Continue_To_Checkout" time="416.048"/>
  <testcase classname="Inkbox.Tests.CartTest" name="TC_4918_Verify_Cart_is_Empty" time="282.844"/>
  <testcase classname="Inkbox.Tests.CartTest" name="TC_4921_Verify_Mystery_Bundles" time="382.373"/>
  <testcase classname="Inkbox.Tests.CartTest" name="TC_4922_Verify_Mystery_Bundles_GuestUser" time="253.717"/>
  <testcase classname="Inkbox.Tests.CartTest" name="TC_4923_Validate_BundlesTest" time="386.385"/>
  <testcase classname="Inkbox.Tests.CartTest" name="TC_4924_Validate_Bundles_GuestUser" time="258.603"/>
  <testcase classname="Inkbox.Tests.CartTest" name="TC_4927_Verify_GiftCards" time="385.593"/>
  <testcase classname="Inkbox.Tests.CartTest" name="TC_4928_Verify_GiftCards_GuestUser" time="258.012"/>
  <testcase classname="Inkbox.Tests.CartTest" name="TC_4929_GuestScenario_Adding_ItemsTocart" time="282.383"/>
  <testcase classname="Inkbox.Tests.CartTest" name="TC_4930_ValidateItems_Adding_To_Cart" time="404.734"/>
  <testcase classname="Inkbox.Tests.CartTest" name="TC_4931_IncreamentProduct_InCart_And_INC_cannot_remove_item_from_cart" time="467.862"/>
  <testcase classname="Inkbox.Tests.CartTest" name="TC_4932_VerifyFreeShippingMessage" time="336.156">
    <skipped/>
  </testcase> <!-- TC_4932_VerifyFreeShippingMessage -->
  <testcase classname="Inkbox.Tests.CartTest" name="TC_4932_VerifyFreeShippingMessage" time="335.814">
    <failure type="java.lang.NumberFormatException" message="For input string: &amp;quot;£12GBP&amp;quot;">
      <![CDATA[java.lang.NumberFormatException: For input string: "£12GBP"
at java.base/jdk.internal.math.FloatingDecimal.readJavaFormatString(FloatingDecimal.java:2054)
at java.base/jdk.internal.math.FloatingDecimal.parseFloat(FloatingDecimal.java:122)
at java.base/java.lang.Float.parseFloat(Float.java:468)
at Inkbox.Tests.CartTest.TC_4932_VerifyFreeShippingMessage(CartTest.java:472)
at java.base/java.util.concurrent.ThreadPoolExecutor.runWorker(ThreadPoolExecutor.java:1130)
at java.base/java.util.concurrent.ThreadPoolExecutor$Worker.run(ThreadPoolExecutor.java:630)
at java.base/java.lang.Thread.run(Thread.java:831)
... Removed 12 stack frames]]>
    </failure>
  </testcase> <!-- TC_4932_VerifyFreeShippingMessage -->
  <testcase classname="Inkbox.Tests.CartTest" name="TC_4933_AddItemsToCart_without_Login_and_ValidateAfterLogin" time="477.333"/>
  <testcase classname="Inkbox.Tests.CartTest" name="TC_4998_Validate_ZeroItemsIncart" time="425.805">
    <skipped/>
  </testcase> <!-- TC_4998_Validate_ZeroItemsIncart -->
  <testcase classname="Inkbox.Tests.CartTest" name="TC_4998_Validate_ZeroItemsIncart" time="425.491">
    <failure type="java.lang.AssertionError">
      <![CDATA[java.lang.AssertionError
at org.junit.Assert.fail(Assert.java:86)
at org.junit.Assert.fail(Assert.java:95)
at Helpers.ControlHelpers.JavaScriptExecutor_Button_Click(ControlHelpers.java:249)
at Inkbox.Pages.CartPage.RemoveAllItemsFromCart(CartPage.java:540)
at Inkbox.Tests.CartTest.TC_4998_Validate_ZeroItemsIncart(CartTest.java:73)
at java.base/java.util.concurrent.ThreadPoolExecutor.runWorker(ThreadPoolExecutor.java:1130)
at java.base/java.util.concurrent.ThreadPoolExecutor$Worker.run(ThreadPoolExecutor.java:630)
at java.base/java.lang.Thread.run(Thread.java:831)
... Removed 12 stack frames]]>
    </failure>
  </testcase> <!-- TC_4998_Validate_ZeroItemsIncart -->
  <testcase classname="Inkbox.Tests.CartTest" name="TC_4999_KeepShoping_Validation" time="407.548"/>
  <testcase classname="Inkbox.Tests.CartTest" name="TC_7483_LearnMoreSectionTieredDiscountsBannerInCart" time="307.632">
    <skipped/>
  </testcase> <!-- TC_7483_LearnMoreSectionTieredDiscountsBannerInCart -->
  <testcase classname="Inkbox.Tests.CartTest" name="TC_7483_LearnMoreSectionTieredDiscountsBannerInCart" time="307.668">
    <failure type="org.openqa.selenium.ElementNotInteractableException" message="element not interactable: [object HTMLDivElement] has no size and location
  (Session info: chrome=102.0.5005.115)
Build info: version: &amp;apos;3.141.59&amp;apos;, revision: &amp;apos;e82be7d358&amp;apos;, time: &amp;apos;2018-11-14T08:17:03&amp;apos;
System info: host: &amp;apos;DESKTOP-9NIDAD7&amp;apos;, ip: &amp;apos;10.0.0.164&amp;apos;, os.name: &amp;apos;Windows 10&amp;apos;, os.arch: &amp;apos;amd64&amp;apos;, os.version: &amp;apos;10.0&amp;apos;, java.version: &amp;apos;16.0.1&amp;apos;
Driver info: org.openqa.selenium.chrome.ChromeDriver
Capabilities {acceptInsecureCerts: false, browserName: chrome, browserVersion: 102.0.5005.115, chrome: {chromedriverVersion: 102.0.5005.61 (0e59bcc00cc4..., userDataDir: C:\Users\IBCK-W~1\AppData\L...}, goog:chromeOptions: {debuggerAddress: localhost:55554}, javascriptEnabled: true, networkConnectionEnabled: false, pageLoadStrategy: normal, platform: WINDOWS, platformName: WINDOWS, proxy: Proxy(), setWindowRect: true, strictFileInteractability: false, timeouts: {implicit: 0, pageLoad: 300000, script: 30000}, unhandledPromptBehavior: dismiss and notify, webauthn:extension:credBlob: true, webauthn:extension:largeBlob: true, webauthn:virtualAuthenticators: true}
Session ID: 874b8910e775a3f9da47de8918f6a639">
      <![CDATA[org.openqa.selenium.ElementNotInteractableException: element not interactable: [object HTMLDivElement] has no size and location
  (Session info: chrome=102.0.5005.115)
Build info: version: '3.141.59', revision: 'e82be7d358', time: '2018-11-14T08:17:03'
System info: host: 'DESKTOP-9NIDAD7', ip: '10.0.0.164', os.name: 'Windows 10', os.arch: 'amd64', os.version: '10.0', java.version: '16.0.1'
Driver info: org.openqa.selenium.chrome.ChromeDriver
Capabilities {acceptInsecureCerts: false, browserName: chrome, browserVersion: 102.0.5005.115, chrome: {chromedriverVersion: 102.0.5005.61 (0e59bcc00cc4..., userDataDir: C:\Users\IBCK-W~1\AppData\L...}, goog:chromeOptions: {debuggerAddress: localhost:55554}, javascriptEnabled: true, networkConnectionEnabled: false, pageLoadStrategy: normal, platform: WINDOWS, platformName: WINDOWS, proxy: Proxy(), setWindowRect: true, strictFileInteractability: false, timeouts: {implicit: 0, pageLoad: 300000, script: 30000}, unhandledPromptBehavior: dismiss and notify, webauthn:extension:credBlob: true, webauthn:extension:largeBlob: true, webauthn:virtualAuthenticators: true}
Session ID: 874b8910e775a3f9da47de8918f6a639
at org.openqa.selenium.remote.http.W3CHttpResponseCodec.createException(W3CHttpResponseCodec.java:187)
at org.openqa.selenium.remote.http.W3CHttpResponseCodec.decode(W3CHttpResponseCodec.java:122)
at org.openqa.selenium.remote.http.W3CHttpResponseCodec.decode(W3CHttpResponseCodec.java:49)
at org.openqa.selenium.remote.HttpCommandExecutor.execute(HttpCommandExecutor.java:158)
at org.openqa.selenium.remote.service.DriverCommandExecutor.execute(DriverCommandExecutor.java:83)
at org.openqa.selenium.remote.RemoteWebDriver.execute(RemoteWebDriver.java:552)
at org.openqa.selenium.remote.RemoteWebDriver.perform(RemoteWebDriver.java:618)
at org.openqa.selenium.interactions.Actions$BuiltAction.perform(Actions.java:639)
at Helpers.ControlHelpers.HoverOver(ControlHelpers.java:411)
at Inkbox.Pages.CartPage.Validate_LearnMoreSectionTieredDiscountsBannerInCart(CartPage.java:153)
at Inkbox.Tests.CartTest.TC_7483_LearnMoreSectionTieredDiscountsBannerInCart(CartTest.java:85)
at java.base/java.util.concurrent.ThreadPoolExecutor.runWorker(ThreadPoolExecutor.java:1130)
at java.base/java.util.concurrent.ThreadPoolExecutor$Worker.run(ThreadPoolExecutor.java:630)
at java.base/java.lang.Thread.run(Thread.java:831)
... Removed 17 stack frames]]>
    </failure>
  </testcase> <!-- TC_7483_LearnMoreSectionTieredDiscountsBannerInCart -->
  <testcase classname="Inkbox.Tests.CustomTest" name="AddingSizeFifth_CustomProducttoCart" time="350.549">
    <skipped/>
  </testcase> <!-- AddingSizeFifth_CustomProducttoCart -->
  <testcase classname="Inkbox.Tests.CustomTest" name="AddingSizeFifth_CustomProducttoCart" time="346.95">
    <failure type="java.lang.AssertionError">
      <![CDATA[java.lang.AssertionError
at org.junit.Assert.fail(Assert.java:86)
at org.junit.Assert.fail(Assert.java:95)
at Helpers.ControlHelpers.JavaScriptExecutor_Button_Click(ControlHelpers.java:249)
at Inkbox.Pages.CartPage.RemoveAllItemsFromCart(CartPage.java:540)
at Inkbox.Pages.CustomPage.Validate_CreateYourOwnTattoos_size2(CustomPage.java:242)
at Inkbox.Tests.CustomTest.AddingSizeFifth_CustomProducttoCart(CustomTest.java:93)
at java.base/java.util.concurrent.ThreadPoolExecutor.runWorker(ThreadPoolExecutor.java:1130)
at java.base/java.util.concurrent.ThreadPoolExecutor$Worker.run(ThreadPoolExecutor.java:630)
at java.base/java.lang.Thread.run(Thread.java:831)
... Removed 12 stack frames]]>
    </failure>
  </testcase> <!-- AddingSizeFifth_CustomProducttoCart -->
  <testcase classname="Inkbox.Tests.CustomTest" name="AddingSizeFifth_Two_CustomProducttoCart" time="346.663">
    <skipped/>
  </testcase> <!-- AddingSizeFifth_Two_CustomProducttoCart -->
  <testcase classname="Inkbox.Tests.CustomTest" name="AddingSizeFifth_Two_CustomProducttoCart" time="346.936">
    <failure type="java.lang.AssertionError">
      <![CDATA[java.lang.AssertionError
at org.junit.Assert.fail(Assert.java:86)
at org.junit.Assert.fail(Assert.java:95)
at Helpers.ControlHelpers.JavaScriptExecutor_Button_Click(ControlHelpers.java:249)
at Inkbox.Pages.CartPage.RemoveAllItemsFromCart(CartPage.java:540)
at Inkbox.Pages.CustomPage.Validate_CreateYourOwnTattoos_size2(CustomPage.java:242)
at Inkbox.Tests.CustomTest.AddingSizeFifth_Two_CustomProducttoCart(CustomTest.java:101)
at java.base/java.util.concurrent.ThreadPoolExecutor.runWorker(ThreadPoolExecutor.java:1130)
at java.base/java.util.concurrent.ThreadPoolExecutor$Worker.run(ThreadPoolExecutor.java:630)
at java.base/java.lang.Thread.run(Thread.java:831)
... Removed 12 stack frames]]>
    </failure>
  </testcase> <!-- AddingSizeFifth_Two_CustomProducttoCart -->
  <testcase classname="Inkbox.Tests.CustomTest" name="AddingSizeFourth_CustomProducttoCart" time="347.442">
    <skipped/>
  </testcase> <!-- AddingSizeFourth_CustomProducttoCart -->
  <testcase classname="Inkbox.Tests.CustomTest" name="AddingSizeFourth_CustomProducttoCart" time="347.479">
    <failure type="java.lang.AssertionError">
      <![CDATA[java.lang.AssertionError
at org.junit.Assert.fail(Assert.java:86)
at org.junit.Assert.fail(Assert.java:95)
at Helpers.ControlHelpers.JavaScriptExecutor_Button_Click(ControlHelpers.java:249)
at Inkbox.Pages.CartPage.RemoveAllItemsFromCart(CartPage.java:540)
at Inkbox.Pages.CustomPage.Validate_CreateYourOwnTattoos_size2(CustomPage.java:242)
at Inkbox.Tests.CustomTest.AddingSizeFourth_CustomProducttoCart(CustomTest.java:83)
at java.base/java.util.concurrent.ThreadPoolExecutor.runWorker(ThreadPoolExecutor.java:1130)
at java.base/java.util.concurrent.ThreadPoolExecutor$Worker.run(ThreadPoolExecutor.java:630)
at java.base/java.lang.Thread.run(Thread.java:831)
... Removed 12 stack frames]]>
    </failure>
  </testcase> <!-- AddingSizeFourth_CustomProducttoCart -->
  <testcase classname="Inkbox.Tests.CustomTest" name="AddingSizeThree_CustomProducttoCart" time="346.736">
    <skipped/>
  </testcase> <!-- AddingSizeThree_CustomProducttoCart -->
  <testcase classname="Inkbox.Tests.CustomTest" name="AddingSizeThree_CustomProducttoCart" time="347.125">
    <failure type="java.lang.AssertionError">
      <![CDATA[java.lang.AssertionError
at org.junit.Assert.fail(Assert.java:86)
at org.junit.Assert.fail(Assert.java:95)
at Helpers.ControlHelpers.JavaScriptExecutor_Button_Click(ControlHelpers.java:249)
at Inkbox.Pages.CartPage.RemoveAllItemsFromCart(CartPage.java:540)
at Inkbox.Pages.CustomPage.Validate_CreateYourOwnTattoos_size2(CustomPage.java:242)
at Inkbox.Tests.CustomTest.AddingSizeThree_CustomProducttoCart(CustomTest.java:74)
at java.base/java.util.concurrent.ThreadPoolExecutor.runWorker(ThreadPoolExecutor.java:1130)
at java.base/java.util.concurrent.ThreadPoolExecutor$Worker.run(ThreadPoolExecutor.java:630)
at java.base/java.lang.Thread.run(Thread.java:831)
... Removed 12 stack frames]]>
    </failure>
  </testcase> <!-- AddingSizeThree_CustomProducttoCart -->
  <testcase classname="Inkbox.Tests.CustomTest" name="TC_31454_Verify_Gpay_Paypal_and_payments_methods_in_cart_Custom" time="426.178"/>
  <testcase classname="Inkbox.Tests.CustomTest" name="TC_5057_Validate_freeShipping_Message_Custom" time="369.32">
    <skipped/>
  </testcase> <!-- TC_5057_Validate_freeShipping_Message_Custom -->
  <testcase classname="Inkbox.Tests.CustomTest" name="TC_5057_Validate_freeShipping_Message_Custom" time="369.539">
    <failure type="java.lang.AssertionError">
      <![CDATA[java.lang.AssertionError
at org.junit.Assert.fail(Assert.java:86)
at org.junit.Assert.fail(Assert.java:95)
at Helpers.ControlHelpers.getText(ControlHelpers.java:265)
at Inkbox.Pages.CustomPage.Validate_freeShippingMessage_Custom(CustomPage.java:533)
at Inkbox.Pages.CustomPage.Validate_FreeshipplingMessage_Custom(CustomPage.java:456)
at Inkbox.Tests.CustomTest.TC_5057_Validate_freeShipping_Message_Custom(CustomTest.java:257)
at java.base/java.util.concurrent.ThreadPoolExecutor.runWorker(ThreadPoolExecutor.java:1130)
at java.base/java.util.concurrent.ThreadPoolExecutor$Worker.run(ThreadPoolExecutor.java:630)
at java.base/java.lang.Thread.run(Thread.java:831)
... Removed 12 stack frames]]>
    </failure>
  </testcase> <!-- TC_5057_Validate_freeShipping_Message_Custom -->
  <testcase classname="Inkbox.Tests.CustomTest" name="TC_5129_Add_Custom_Preview_product_ToCart" time="377.727"/>
  <testcase classname="Inkbox.Tests.CustomTest" name="TC_5130_Custom_Menubar" time="295.076"/>
  <testcase classname="Inkbox.Tests.CustomTest" name="TC_5131_Validate_CreateYourOwn_Tattoos" time="378.691"/>
  <testcase classname="Inkbox.Tests.CustomTest" name="TC_5132_Validate_FAQ_Navigation_FromCustom" time="253.601"/>
  <testcase classname="Inkbox.Tests.CustomTest" name="TC_5133_Recentlycreated_Validation_Custom" time="260.125"/>
  <testcase classname="Inkbox.Tests.CustomTest" name="TC_5134_CommunityCreated_Validation_Custom" time="259.49"/>
  <testcase classname="Inkbox.Tests.CustomTest" name="TC_5135_Validating_Text_Custom" time="354.579"/>
  <testcase classname="Inkbox.Tests.CustomTest" name="TC_5136_Validating_Text_SaveMessage_Custom" time="312.54"/>
  <testcase classname="Inkbox.Tests.CustomTest" name="TC_5137_Verify_Custom" time="381.002"/>
  <testcase classname="Inkbox.Tests.CustomTest" name="TC_5138_Validating_TrendingDesigns_Custom" time="372.321"/>
  <testcase classname="Inkbox.Tests.CustomTest" name="TC_5139_Validate_Maxmize_minimize_FAQ_FromCustom" time="149.898"/>
  <testcase classname="Inkbox.Tests.CustomTest" name="TC_81294_AddingSizeTwo_CustomProducttoCart" time="346.855">
    <skipped/>
  </testcase> <!-- TC_81294_AddingSizeTwo_CustomProducttoCart -->
  <testcase classname="Inkbox.Tests.CustomTest" name="TC_81294_AddingSizeTwo_CustomProducttoCart" time="346.778">
    <failure type="java.lang.AssertionError">
      <![CDATA[java.lang.AssertionError
at org.junit.Assert.fail(Assert.java:86)
at org.junit.Assert.fail(Assert.java:95)
at Helpers.ControlHelpers.JavaScriptExecutor_Button_Click(ControlHelpers.java:249)
at Inkbox.Pages.CartPage.RemoveAllItemsFromCart(CartPage.java:540)
at Inkbox.Pages.CustomPage.Validate_CreateYourOwnTattoos_size2(CustomPage.java:242)
at Inkbox.Tests.CustomTest.TC_81294_AddingSizeTwo_CustomProducttoCart(CustomTest.java:65)
at java.base/java.util.concurrent.ThreadPoolExecutor.runWorker(ThreadPoolExecutor.java:1130)
at java.base/java.util.concurrent.ThreadPoolExecutor$Worker.run(ThreadPoolExecutor.java:630)
at java.base/java.lang.Thread.run(Thread.java:831)
... Removed 12 stack frames]]>
    </failure>
  </testcase> <!-- TC_81294_AddingSizeTwo_CustomProducttoCart -->
  <testcase classname="Inkbox.Tests.CustomTest" name="UploadDesignInGuestUser_And_Login_and_validate_Dashboard" time="158.357"/>
  <testcase classname="Helpers.LaunchDriver" name="@AfterSuite afterSuite" time="0.0">
    <ignored/>
  </testcase> <!-- @AfterSuite afterSuite -->
  <testcase classname="Helpers.LaunchDriver" name="@BeforeSuite beforeSuite" time="0.0">
    <ignored/>
  </testcase> <!-- @BeforeSuite beforeSuite -->
  <testcase classname="Helpers.LaunchDriver" name="@BeforeTest beforeTest" time="0.0">
    <ignored/>
  </testcase> <!-- @BeforeTest beforeTest -->
</testsuite> <!-- GBP_Cart -->
