<?xml version="1.0" encoding="UTF-8"?>
<!-- Generated by org.testng.reporters.JUnitXMLReporter -->
<testsuite ignored="3" hostname="DESKTOP-9NIDAD7" failures="2" tests="15" name="TestHome_CAD" time="967.165" errors="0" timestamp="2022-06-28T12:11:00 EDT">
  <testcase classname="Inkbox.Tests.AccountTest" name="TC_4907" time="249.928"/>
  <testcase classname="Inkbox.Tests.AccountTest" name="TC_21926_Validate_SubmitDesigns" time="251.807"/>
  <testcase classname="Inkbox.Tests.AccountTest" name="TC_31393_Validate_OrderHistory_BuyItAgain" time="258.03">
    <skipped/>
  </testcase> <!-- TC_31393_Validate_OrderHistory_BuyItAgain -->
  <testcase classname="Inkbox.Tests.AccountTest" name="TC_4890_Items_Clickable_in_OrderHistory_Page" time="257.834"/>
  <testcase classname="Inkbox.Tests.AccountTest" name="TC_21924_Validate_MyDesign_ArtistPortal" time="294.065"/>
  <testcase classname="Inkbox.Tests.AccountTest" name="TC_21925_Validate_Resources_ArtistPortal" time="319.452"/>
  <testcase classname="Inkbox.Tests.LoginTest" name="TC_4959_LoginWithDirectUser" time="240.876"/>
  <testcase classname="Inkbox.Tests.AccountTest" name="TC_4909_Validate_OrderHistory" time="246.457"/>
  <testcase classname="Inkbox.Tests.AccountTest" name="TC_4908_Verify_RedeemRewards" time="246.658">
    <skipped/>
  </testcase> <!-- TC_4908_Verify_RedeemRewards -->
  <testcase classname="Inkbox.Tests.AccountTest" name="TC_31393_Validate_OrderHistory_BuyItAgain" time="256.682">
    <failure type="java.lang.AssertionError">
      <![CDATA[java.lang.AssertionError
at org.junit.Assert.fail(Assert.java:86)
at org.junit.Assert.fail(Assert.java:95)
at Helpers.ControlHelpers.getText(ControlHelpers.java:265)
at Inkbox.Pages.CartPage.GetItemName(CartPage.java:381)
at Inkbox.Pages.AccountPage.Validating_OrderHistory_BuyItAgain(AccountPage.java:282)
at Inkbox.Tests.AccountTest.TC_31393_Validate_OrderHistory_BuyItAgain(AccountTest.java:128)
at java.base/java.util.concurrent.ThreadPoolExecutor.runWorker(ThreadPoolExecutor.java:1130)
at java.base/java.util.concurrent.ThreadPoolExecutor$Worker.run(ThreadPoolExecutor.java:630)
at java.base/java.lang.Thread.run(Thread.java:831)
... Removed 12 stack frames]]>
    </failure>
  </testcase> <!-- TC_31393_Validate_OrderHistory_BuyItAgain -->
  <testcase classname="Inkbox.Tests.AccountTest" name="ValidateCustomProduct_Navigation_InOrderHistory" time="253.646"/>
  <testcase classname="Inkbox.Tests.AccountTest" name="TC_31392_Validate_OrderHistory_In_MyAccount" time="242.456"/>
  <testcase classname="Inkbox.Tests.LoginTest" name="TC_4879_SignUp" time="136.907"/>
  <testcase classname="Inkbox.Tests.AccountTest" name="TC_4908_Verify_RedeemRewards" time="243.625">
    <failure type="java.lang.NumberFormatException" message="For input string: &amp;quot;&amp;quot;">
      <![CDATA[java.lang.NumberFormatException: For input string: ""
at java.base/java.lang.NumberFormatException.forInputString(NumberFormatException.java:67)
at java.base/java.lang.Integer.parseInt(Integer.java:670)
at java.base/java.lang.Integer.parseInt(Integer.java:778)
at Inkbox.Pages.AccountPage.Validating_850_more_Inkbucks(AccountPage.java:347)
at Inkbox.Pages.AccountPage.Validating_RedeemRewards(AccountPage.java:268)
at Inkbox.Tests.AccountTest.TC_4908_Verify_RedeemRewards(AccountTest.java:111)
at java.base/java.util.concurrent.ThreadPoolExecutor.runWorker(ThreadPoolExecutor.java:1130)
at java.base/java.util.concurrent.ThreadPoolExecutor$Worker.run(ThreadPoolExecutor.java:630)
at java.base/java.lang.Thread.run(Thread.java:831)
... Removed 12 stack frames]]>
    </failure>
  </testcase> <!-- TC_4908_Verify_RedeemRewards -->
  <testcase classname="Inkbox.Tests.AccountTest" name="TC_21933_Validating_BackButton_Behavoir_ArtistPortal" time="272.159"/>
  <testcase classname="Helpers.LaunchDriver" name="@AfterSuite afterSuite" time="0.0">
    <ignored/>
  </testcase> <!-- @AfterSuite afterSuite -->
  <testcase classname="Helpers.LaunchDriver" name="@BeforeSuite beforeSuite" time="0.0">
    <ignored/>
  </testcase> <!-- @BeforeSuite beforeSuite -->
  <testcase classname="Helpers.LaunchDriver" name="@BeforeTest beforeTest" time="0.0">
    <ignored/>
  </testcase> <!-- @BeforeTest beforeTest -->
</testsuite> <!-- TestHome_CAD -->
