<?xml version="1.0" encoding="UTF-8"?>
<!-- Generated by org.testng.reporters.JUnitXMLReporter -->
<testsuite ignored="38" hostname="DESKTOP-9NIDAD7" failures="58" tests="180" name="Test_CAD" time="9059.164" errors="0" timestamp="2022-06-28T14:41:59 EDT">
  <testcase classname="Helpers.LaunchDriver" name="@BeforeMethod beforeMethod" time="303.315">
    <failure type="org.openqa.selenium.TimeoutException" message="TimedPromise timed out after 300000 ms
Build info: version: &amp;apos;3.141.59&amp;apos;, revision: &amp;apos;e82be7d358&amp;apos;, time: &amp;apos;2018-11-14T08:17:03&amp;apos;
System info: host: &amp;apos;DESKTOP-9NIDAD7&amp;apos;, ip: &amp;apos;10.0.0.164&amp;apos;, os.name: &amp;apos;Windows 10&amp;apos;, os.arch: &amp;apos;amd64&amp;apos;, os.version: &amp;apos;10.0&amp;apos;, java.version: &amp;apos;16.0.1&amp;apos;
Driver info: org.openqa.selenium.firefox.FirefoxDriver
Capabilities {acceptInsecureCerts: true, browserName: firefox, browserVersion: 101.0.1, javascriptEnabled: true, moz:accessibilityChecks: false, moz:buildID: 20220608170832, moz:geckodriverVersion: 0.29.1, moz:headless: false, moz:processID: 29820, moz:profile: C:\Users\IBCK-W~1\AppData\L..., moz:shutdownTimeout: 60000, moz:useNonSpecCompliantPointerOrigin: false, moz:webdriverClick: true, pageLoadStrategy: normal, platform: WINDOWS, platformName: WINDOWS, platformVersion: 10.0, proxy: Proxy(), setWindowRect: true, strictFileInteractability: false, timeouts: {implicit: 0, pageLoad: 300000, script: 30000}, unhandledPromptBehavior: dismiss and notify}
Session ID: 04e6db3b-72e0-4677-ba41-dcaf3bd4f2a9">
      <![CDATA[org.openqa.selenium.TimeoutException: TimedPromise timed out after 300000 ms
Build info: version: '3.141.59', revision: 'e82be7d358', time: '2018-11-14T08:17:03'
System info: host: 'DESKTOP-9NIDAD7', ip: '10.0.0.164', os.name: 'Windows 10', os.arch: 'amd64', os.version: '10.0', java.version: '16.0.1'
Driver info: org.openqa.selenium.firefox.FirefoxDriver
Capabilities {acceptInsecureCerts: true, browserName: firefox, browserVersion: 101.0.1, javascriptEnabled: true, moz:accessibilityChecks: false, moz:buildID: 20220608170832, moz:geckodriverVersion: 0.29.1, moz:headless: false, moz:processID: 29820, moz:profile: C:\Users\IBCK-W~1\AppData\L..., moz:shutdownTimeout: 60000, moz:useNonSpecCompliantPointerOrigin: false, moz:webdriverClick: true, pageLoadStrategy: normal, platform: WINDOWS, platformName: WINDOWS, platformVersion: 10.0, proxy: Proxy(), setWindowRect: true, strictFileInteractability: false, timeouts: {implicit: 0, pageLoad: 300000, script: 30000}, unhandledPromptBehavior: dismiss and notify}
Session ID: 04e6db3b-72e0-4677-ba41-dcaf3bd4f2a9
at org.openqa.selenium.remote.http.W3CHttpResponseCodec.createException(W3CHttpResponseCodec.java:187)
at org.openqa.selenium.remote.http.W3CHttpResponseCodec.decode(W3CHttpResponseCodec.java:122)
at org.openqa.selenium.remote.http.W3CHttpResponseCodec.decode(W3CHttpResponseCodec.java:49)
at org.openqa.selenium.remote.HttpCommandExecutor.execute(HttpCommandExecutor.java:158)
at org.openqa.selenium.remote.service.DriverCommandExecutor.execute(DriverCommandExecutor.java:83)
at org.openqa.selenium.remote.RemoteWebDriver.execute(RemoteWebDriver.java:552)
at org.openqa.selenium.remote.RemoteWebDriver.get(RemoteWebDriver.java:277)
at Helpers.LaunchDriver.beforeMethod(LaunchDriver.java:106)
at java.base/java.util.concurrent.ThreadPoolExecutor.runWorker(ThreadPoolExecutor.java:1130)
at java.base/java.util.concurrent.ThreadPoolExecutor$Worker.run(ThreadPoolExecutor.java:630)
at java.base/java.lang.Thread.run(Thread.java:831)
... Removed 20 stack frames]]>
    </failure>
  </testcase> <!-- @BeforeMethod beforeMethod -->
  <testcase classname="Inkbox.Tests.SubscriptionTest" name="@AfterMethod AfterMethod" time="0.001">
    <failure type="java.lang.NullPointerException" message="Cannot invoke &amp;quot;String.replaceAll(String, String)&amp;quot; because &amp;quot;MethodName&amp;quot; is null">
      <![CDATA[java.lang.NullPointerException: Cannot invoke "String.replaceAll(String, String)" because "MethodName" is null
at Inkbox.Tests.SubscriptionTest.AfterMethod(SubscriptionTest.java:104)
at java.base/java.util.concurrent.ThreadPoolExecutor.runWorker(ThreadPoolExecutor.java:1130)
at java.base/java.util.concurrent.ThreadPoolExecutor$Worker.run(ThreadPoolExecutor.java:630)
at java.base/java.lang.Thread.run(Thread.java:831)
... Removed 17 stack frames]]>
    </failure>
  </testcase> <!-- @AfterMethod AfterMethod -->
  <testcase classname="Helpers.LaunchDriver" name="@BeforeMethod beforeMethod" time="303.274">
    <failure type="org.openqa.selenium.TimeoutException" message="TimedPromise timed out after 300000 ms
Build info: version: &amp;apos;3.141.59&amp;apos;, revision: &amp;apos;e82be7d358&amp;apos;, time: &amp;apos;2018-11-14T08:17:03&amp;apos;
System info: host: &amp;apos;DESKTOP-9NIDAD7&amp;apos;, ip: &amp;apos;10.0.0.164&amp;apos;, os.name: &amp;apos;Windows 10&amp;apos;, os.arch: &amp;apos;amd64&amp;apos;, os.version: &amp;apos;10.0&amp;apos;, java.version: &amp;apos;16.0.1&amp;apos;
Driver info: org.openqa.selenium.firefox.FirefoxDriver
Capabilities {acceptInsecureCerts: true, browserName: firefox, browserVersion: 101.0.1, javascriptEnabled: true, moz:accessibilityChecks: false, moz:buildID: 20220608170832, moz:geckodriverVersion: 0.29.1, moz:headless: false, moz:processID: 16420, moz:profile: C:\Users\IBCK-W~1\AppData\L..., moz:shutdownTimeout: 60000, moz:useNonSpecCompliantPointerOrigin: false, moz:webdriverClick: true, pageLoadStrategy: normal, platform: WINDOWS, platformName: WINDOWS, platformVersion: 10.0, proxy: Proxy(), setWindowRect: true, strictFileInteractability: false, timeouts: {implicit: 0, pageLoad: 300000, script: 30000}, unhandledPromptBehavior: dismiss and notify}
Session ID: 7b12eba5-3b39-4f47-8a28-0312e8d7a4e8">
      <![CDATA[org.openqa.selenium.TimeoutException: TimedPromise timed out after 300000 ms
Build info: version: '3.141.59', revision: 'e82be7d358', time: '2018-11-14T08:17:03'
System info: host: 'DESKTOP-9NIDAD7', ip: '10.0.0.164', os.name: 'Windows 10', os.arch: 'amd64', os.version: '10.0', java.version: '16.0.1'
Driver info: org.openqa.selenium.firefox.FirefoxDriver
Capabilities {acceptInsecureCerts: true, browserName: firefox, browserVersion: 101.0.1, javascriptEnabled: true, moz:accessibilityChecks: false, moz:buildID: 20220608170832, moz:geckodriverVersion: 0.29.1, moz:headless: false, moz:processID: 16420, moz:profile: C:\Users\IBCK-W~1\AppData\L..., moz:shutdownTimeout: 60000, moz:useNonSpecCompliantPointerOrigin: false, moz:webdriverClick: true, pageLoadStrategy: normal, platform: WINDOWS, platformName: WINDOWS, platformVersion: 10.0, proxy: Proxy(), setWindowRect: true, strictFileInteractability: false, timeouts: {implicit: 0, pageLoad: 300000, script: 30000}, unhandledPromptBehavior: dismiss and notify}
Session ID: 7b12eba5-3b39-4f47-8a28-0312e8d7a4e8
at org.openqa.selenium.remote.http.W3CHttpResponseCodec.createException(W3CHttpResponseCodec.java:187)
at org.openqa.selenium.remote.http.W3CHttpResponseCodec.decode(W3CHttpResponseCodec.java:122)
at org.openqa.selenium.remote.http.W3CHttpResponseCodec.decode(W3CHttpResponseCodec.java:49)
at org.openqa.selenium.remote.HttpCommandExecutor.execute(HttpCommandExecutor.java:158)
at org.openqa.selenium.remote.service.DriverCommandExecutor.execute(DriverCommandExecutor.java:83)
at org.openqa.selenium.remote.RemoteWebDriver.execute(RemoteWebDriver.java:552)
at org.openqa.selenium.remote.RemoteWebDriver.get(RemoteWebDriver.java:277)
at Helpers.LaunchDriver.beforeMethod(LaunchDriver.java:106)
at java.base/java.util.concurrent.ThreadPoolExecutor.runWorker(ThreadPoolExecutor.java:1130)
at java.base/java.util.concurrent.ThreadPoolExecutor$Worker.run(ThreadPoolExecutor.java:630)
at java.base/java.lang.Thread.run(Thread.java:831)
... Removed 20 stack frames]]>
    </failure>
  </testcase> <!-- @BeforeMethod beforeMethod -->
  <testcase classname="Helpers.LaunchDriver" name="@BeforeMethod beforeMethod" time="303.297">
    <failure type="org.openqa.selenium.TimeoutException" message="TimedPromise timed out after 300000 ms
Build info: version: &amp;apos;3.141.59&amp;apos;, revision: &amp;apos;e82be7d358&amp;apos;, time: &amp;apos;2018-11-14T08:17:03&amp;apos;
System info: host: &amp;apos;DESKTOP-9NIDAD7&amp;apos;, ip: &amp;apos;10.0.0.164&amp;apos;, os.name: &amp;apos;Windows 10&amp;apos;, os.arch: &amp;apos;amd64&amp;apos;, os.version: &amp;apos;10.0&amp;apos;, java.version: &amp;apos;16.0.1&amp;apos;
Driver info: org.openqa.selenium.firefox.FirefoxDriver
Capabilities {acceptInsecureCerts: true, browserName: firefox, browserVersion: 101.0.1, javascriptEnabled: true, moz:accessibilityChecks: false, moz:buildID: 20220608170832, moz:geckodriverVersion: 0.29.1, moz:headless: false, moz:processID: 31788, moz:profile: C:\Users\IBCK-W~1\AppData\L..., moz:shutdownTimeout: 60000, moz:useNonSpecCompliantPointerOrigin: false, moz:webdriverClick: true, pageLoadStrategy: normal, platform: WINDOWS, platformName: WINDOWS, platformVersion: 10.0, proxy: Proxy(), setWindowRect: true, strictFileInteractability: false, timeouts: {implicit: 0, pageLoad: 300000, script: 30000}, unhandledPromptBehavior: dismiss and notify}
Session ID: bb3cd672-2a17-4fdd-a040-7061f297842e">
      <![CDATA[org.openqa.selenium.TimeoutException: TimedPromise timed out after 300000 ms
Build info: version: '3.141.59', revision: 'e82be7d358', time: '2018-11-14T08:17:03'
System info: host: 'DESKTOP-9NIDAD7', ip: '10.0.0.164', os.name: 'Windows 10', os.arch: 'amd64', os.version: '10.0', java.version: '16.0.1'
Driver info: org.openqa.selenium.firefox.FirefoxDriver
Capabilities {acceptInsecureCerts: true, browserName: firefox, browserVersion: 101.0.1, javascriptEnabled: true, moz:accessibilityChecks: false, moz:buildID: 20220608170832, moz:geckodriverVersion: 0.29.1, moz:headless: false, moz:processID: 31788, moz:profile: C:\Users\IBCK-W~1\AppData\L..., moz:shutdownTimeout: 60000, moz:useNonSpecCompliantPointerOrigin: false, moz:webdriverClick: true, pageLoadStrategy: normal, platform: WINDOWS, platformName: WINDOWS, platformVersion: 10.0, proxy: Proxy(), setWindowRect: true, strictFileInteractability: false, timeouts: {implicit: 0, pageLoad: 300000, script: 30000}, unhandledPromptBehavior: dismiss and notify}
Session ID: bb3cd672-2a17-4fdd-a040-7061f297842e
at org.openqa.selenium.remote.http.W3CHttpResponseCodec.createException(W3CHttpResponseCodec.java:187)
at org.openqa.selenium.remote.http.W3CHttpResponseCodec.decode(W3CHttpResponseCodec.java:122)
at org.openqa.selenium.remote.http.W3CHttpResponseCodec.decode(W3CHttpResponseCodec.java:49)
at org.openqa.selenium.remote.HttpCommandExecutor.execute(HttpCommandExecutor.java:158)
at org.openqa.selenium.remote.service.DriverCommandExecutor.execute(DriverCommandExecutor.java:83)
at org.openqa.selenium.remote.RemoteWebDriver.execute(RemoteWebDriver.java:552)
at org.openqa.selenium.remote.RemoteWebDriver.get(RemoteWebDriver.java:277)
at Helpers.LaunchDriver.beforeMethod(LaunchDriver.java:106)
at java.base/java.util.concurrent.ThreadPoolExecutor.runWorker(ThreadPoolExecutor.java:1130)
at java.base/java.util.concurrent.ThreadPoolExecutor$Worker.run(ThreadPoolExecutor.java:630)
at java.base/java.lang.Thread.run(Thread.java:831)
... Removed 20 stack frames]]>
    </failure>
  </testcase> <!-- @BeforeMethod beforeMethod -->
  <testcase classname="Inkbox.Tests.ContentFulTest" name="@AfterMethod AfterMethod" time="0.0">
    <failure type="java.lang.NullPointerException" message="Cannot invoke &amp;quot;String.replaceAll(String, String)&amp;quot; because &amp;quot;MethodName&amp;quot; is null">
      <![CDATA[java.lang.NullPointerException: Cannot invoke "String.replaceAll(String, String)" because "MethodName" is null
at Inkbox.Tests.ContentFulTest.AfterMethod(ContentFulTest.java:478)
at java.base/java.util.concurrent.ThreadPoolExecutor.runWorker(ThreadPoolExecutor.java:1130)
at java.base/java.util.concurrent.ThreadPoolExecutor$Worker.run(ThreadPoolExecutor.java:630)
at java.base/java.lang.Thread.run(Thread.java:831)
... Removed 17 stack frames]]>
    </failure>
  </testcase> <!-- @AfterMethod AfterMethod -->
  <testcase classname="Inkbox.Tests.ContentFulTest" name="@AfterMethod AfterMethod" time="0.0">
    <failure type="java.lang.NullPointerException" message="Cannot invoke &amp;quot;String.replaceAll(String, String)&amp;quot; because &amp;quot;MethodName&amp;quot; is null">
      <![CDATA[java.lang.NullPointerException: Cannot invoke "String.replaceAll(String, String)" because "MethodName" is null
at Inkbox.Tests.ContentFulTest.AfterMethod(ContentFulTest.java:478)
at java.base/java.util.concurrent.ThreadPoolExecutor.runWorker(ThreadPoolExecutor.java:1130)
at java.base/java.util.concurrent.ThreadPoolExecutor$Worker.run(ThreadPoolExecutor.java:630)
at java.base/java.lang.Thread.run(Thread.java:831)
... Removed 17 stack frames]]>
    </failure>
  </testcase> <!-- @AfterMethod AfterMethod -->
  <testcase classname="Inkbox.Tests.ContentFulTest" name="@AfterMethod AfterMethod" time="0.001">
    <failure type="java.lang.NullPointerException" message="Cannot invoke &amp;quot;String.replaceAll(String, String)&amp;quot; because &amp;quot;MethodName&amp;quot; is null">
      <![CDATA[java.lang.NullPointerException: Cannot invoke "String.replaceAll(String, String)" because "MethodName" is null
at Inkbox.Tests.ContentFulTest.AfterMethod(ContentFulTest.java:478)
at java.base/java.util.concurrent.ThreadPoolExecutor.runWorker(ThreadPoolExecutor.java:1130)
at java.base/java.util.concurrent.ThreadPoolExecutor$Worker.run(ThreadPoolExecutor.java:630)
at java.base/java.lang.Thread.run(Thread.java:831)
... Removed 17 stack frames]]>
    </failure>
  </testcase> <!-- @AfterMethod AfterMethod -->
  <testcase classname="Inkbox.Tests.ContentFulTest" name="@AfterMethod AfterMethod" time="0.001">
    <failure type="java.lang.NullPointerException" message="Cannot invoke &amp;quot;String.replaceAll(String, String)&amp;quot; because &amp;quot;MethodName&amp;quot; is null">
      <![CDATA[java.lang.NullPointerException: Cannot invoke "String.replaceAll(String, String)" because "MethodName" is null
at Inkbox.Tests.ContentFulTest.AfterMethod(ContentFulTest.java:478)
at java.base/java.util.concurrent.ThreadPoolExecutor.runWorker(ThreadPoolExecutor.java:1130)
at java.base/java.util.concurrent.ThreadPoolExecutor$Worker.run(ThreadPoolExecutor.java:630)
at java.base/java.lang.Thread.run(Thread.java:831)
... Removed 17 stack frames]]>
    </failure>
  </testcase> <!-- @AfterMethod AfterMethod -->
  <testcase classname="Helpers.LaunchDriver" name="@BeforeMethod beforeMethod" time="304.331">
    <failure type="org.openqa.selenium.TimeoutException" message="TimedPromise timed out after 300000 ms
Build info: version: &amp;apos;3.141.59&amp;apos;, revision: &amp;apos;e82be7d358&amp;apos;, time: &amp;apos;2018-11-14T08:17:03&amp;apos;
System info: host: &amp;apos;DESKTOP-9NIDAD7&amp;apos;, ip: &amp;apos;10.0.0.164&amp;apos;, os.name: &amp;apos;Windows 10&amp;apos;, os.arch: &amp;apos;amd64&amp;apos;, os.version: &amp;apos;10.0&amp;apos;, java.version: &amp;apos;16.0.1&amp;apos;
Driver info: org.openqa.selenium.firefox.FirefoxDriver
Capabilities {acceptInsecureCerts: true, browserName: firefox, browserVersion: 101.0.1, javascriptEnabled: true, moz:accessibilityChecks: false, moz:buildID: 20220608170832, moz:geckodriverVersion: 0.29.1, moz:headless: false, moz:processID: 27688, moz:profile: C:\Users\IBCK-W~1\AppData\L..., moz:shutdownTimeout: 60000, moz:useNonSpecCompliantPointerOrigin: false, moz:webdriverClick: true, pageLoadStrategy: normal, platform: WINDOWS, platformName: WINDOWS, platformVersion: 10.0, proxy: Proxy(), setWindowRect: true, strictFileInteractability: false, timeouts: {implicit: 0, pageLoad: 300000, script: 30000}, unhandledPromptBehavior: dismiss and notify}
Session ID: 169fdde3-6508-4bae-bba5-f50dad2bb9ed">
      <![CDATA[org.openqa.selenium.TimeoutException: TimedPromise timed out after 300000 ms
Build info: version: '3.141.59', revision: 'e82be7d358', time: '2018-11-14T08:17:03'
System info: host: 'DESKTOP-9NIDAD7', ip: '10.0.0.164', os.name: 'Windows 10', os.arch: 'amd64', os.version: '10.0', java.version: '16.0.1'
Driver info: org.openqa.selenium.firefox.FirefoxDriver
Capabilities {acceptInsecureCerts: true, browserName: firefox, browserVersion: 101.0.1, javascriptEnabled: true, moz:accessibilityChecks: false, moz:buildID: 20220608170832, moz:geckodriverVersion: 0.29.1, moz:headless: false, moz:processID: 27688, moz:profile: C:\Users\IBCK-W~1\AppData\L..., moz:shutdownTimeout: 60000, moz:useNonSpecCompliantPointerOrigin: false, moz:webdriverClick: true, pageLoadStrategy: normal, platform: WINDOWS, platformName: WINDOWS, platformVersion: 10.0, proxy: Proxy(), setWindowRect: true, strictFileInteractability: false, timeouts: {implicit: 0, pageLoad: 300000, script: 30000}, unhandledPromptBehavior: dismiss and notify}
Session ID: 169fdde3-6508-4bae-bba5-f50dad2bb9ed
at org.openqa.selenium.remote.http.W3CHttpResponseCodec.createException(W3CHttpResponseCodec.java:187)
at org.openqa.selenium.remote.http.W3CHttpResponseCodec.decode(W3CHttpResponseCodec.java:122)
at org.openqa.selenium.remote.http.W3CHttpResponseCodec.decode(W3CHttpResponseCodec.java:49)
at org.openqa.selenium.remote.HttpCommandExecutor.execute(HttpCommandExecutor.java:158)
at org.openqa.selenium.remote.service.DriverCommandExecutor.execute(DriverCommandExecutor.java:83)
at org.openqa.selenium.remote.RemoteWebDriver.execute(RemoteWebDriver.java:552)
at org.openqa.selenium.remote.RemoteWebDriver.get(RemoteWebDriver.java:277)
at Helpers.LaunchDriver.beforeMethod(LaunchDriver.java:106)
at java.base/java.util.concurrent.ThreadPoolExecutor.runWorker(ThreadPoolExecutor.java:1130)
at java.base/java.util.concurrent.ThreadPoolExecutor$Worker.run(ThreadPoolExecutor.java:630)
at java.base/java.lang.Thread.run(Thread.java:831)
... Removed 20 stack frames]]>
    </failure>
  </testcase> <!-- @BeforeMethod beforeMethod -->
  <testcase classname="Inkbox.Tests.ContentFulTest" name="@AfterMethod AfterMethod" time="0.0">
    <failure type="java.lang.NullPointerException" message="Cannot invoke &amp;quot;String.replaceAll(String, String)&amp;quot; because &amp;quot;MethodName&amp;quot; is null">
      <![CDATA[java.lang.NullPointerException: Cannot invoke "String.replaceAll(String, String)" because "MethodName" is null
at Inkbox.Tests.ContentFulTest.AfterMethod(ContentFulTest.java:478)
at java.base/java.util.concurrent.ThreadPoolExecutor.runWorker(ThreadPoolExecutor.java:1130)
at java.base/java.util.concurrent.ThreadPoolExecutor$Worker.run(ThreadPoolExecutor.java:630)
at java.base/java.lang.Thread.run(Thread.java:831)
... Removed 16 stack frames]]>
    </failure>
  </testcase> <!-- @AfterMethod AfterMethod -->
  <testcase classname="Helpers.LaunchDriver" name="@BeforeMethod beforeMethod" time="303.261">
    <failure type="org.openqa.selenium.TimeoutException" message="TimedPromise timed out after 300000 ms
Build info: version: &amp;apos;3.141.59&amp;apos;, revision: &amp;apos;e82be7d358&amp;apos;, time: &amp;apos;2018-11-14T08:17:03&amp;apos;
System info: host: &amp;apos;DESKTOP-9NIDAD7&amp;apos;, ip: &amp;apos;10.0.0.164&amp;apos;, os.name: &amp;apos;Windows 10&amp;apos;, os.arch: &amp;apos;amd64&amp;apos;, os.version: &amp;apos;10.0&amp;apos;, java.version: &amp;apos;16.0.1&amp;apos;
Driver info: org.openqa.selenium.firefox.FirefoxDriver
Capabilities {acceptInsecureCerts: true, browserName: firefox, browserVersion: 101.0.1, javascriptEnabled: true, moz:accessibilityChecks: false, moz:buildID: 20220608170832, moz:geckodriverVersion: 0.29.1, moz:headless: false, moz:processID: 31160, moz:profile: C:\Users\IBCK-W~1\AppData\L..., moz:shutdownTimeout: 60000, moz:useNonSpecCompliantPointerOrigin: false, moz:webdriverClick: true, pageLoadStrategy: normal, platform: WINDOWS, platformName: WINDOWS, platformVersion: 10.0, proxy: Proxy(), setWindowRect: true, strictFileInteractability: false, timeouts: {implicit: 0, pageLoad: 300000, script: 30000}, unhandledPromptBehavior: dismiss and notify}
Session ID: ae04e452-0af9-4e2d-a03d-d3456e4bb4d4">
      <![CDATA[org.openqa.selenium.TimeoutException: TimedPromise timed out after 300000 ms
Build info: version: '3.141.59', revision: 'e82be7d358', time: '2018-11-14T08:17:03'
System info: host: 'DESKTOP-9NIDAD7', ip: '10.0.0.164', os.name: 'Windows 10', os.arch: 'amd64', os.version: '10.0', java.version: '16.0.1'
Driver info: org.openqa.selenium.firefox.FirefoxDriver
Capabilities {acceptInsecureCerts: true, browserName: firefox, browserVersion: 101.0.1, javascriptEnabled: true, moz:accessibilityChecks: false, moz:buildID: 20220608170832, moz:geckodriverVersion: 0.29.1, moz:headless: false, moz:processID: 31160, moz:profile: C:\Users\IBCK-W~1\AppData\L..., moz:shutdownTimeout: 60000, moz:useNonSpecCompliantPointerOrigin: false, moz:webdriverClick: true, pageLoadStrategy: normal, platform: WINDOWS, platformName: WINDOWS, platformVersion: 10.0, proxy: Proxy(), setWindowRect: true, strictFileInteractability: false, timeouts: {implicit: 0, pageLoad: 300000, script: 30000}, unhandledPromptBehavior: dismiss and notify}
Session ID: ae04e452-0af9-4e2d-a03d-d3456e4bb4d4
at org.openqa.selenium.remote.http.W3CHttpResponseCodec.createException(W3CHttpResponseCodec.java:187)
at org.openqa.selenium.remote.http.W3CHttpResponseCodec.decode(W3CHttpResponseCodec.java:122)
at org.openqa.selenium.remote.http.W3CHttpResponseCodec.decode(W3CHttpResponseCodec.java:49)
at org.openqa.selenium.remote.HttpCommandExecutor.execute(HttpCommandExecutor.java:158)
at org.openqa.selenium.remote.service.DriverCommandExecutor.execute(DriverCommandExecutor.java:83)
at org.openqa.selenium.remote.RemoteWebDriver.execute(RemoteWebDriver.java:552)
at org.openqa.selenium.remote.RemoteWebDriver.get(RemoteWebDriver.java:277)
at Helpers.LaunchDriver.beforeMethod(LaunchDriver.java:106)
at java.base/java.util.concurrent.ThreadPoolExecutor.runWorker(ThreadPoolExecutor.java:1130)
at java.base/java.util.concurrent.ThreadPoolExecutor$Worker.run(ThreadPoolExecutor.java:630)
at java.base/java.lang.Thread.run(Thread.java:831)
... Removed 20 stack frames]]>
    </failure>
  </testcase> <!-- @BeforeMethod beforeMethod -->
  <testcase classname="Inkbox.Tests.ProductSearchTest" name="@AfterMethod AfterMethod" time="0.001">
    <failure type="java.lang.NullPointerException" message="Cannot invoke &amp;quot;String.replaceAll(String, String)&amp;quot; because &amp;quot;MethodName&amp;quot; is null">
      <![CDATA[java.lang.NullPointerException: Cannot invoke "String.replaceAll(String, String)" because "MethodName" is null
at Inkbox.Tests.ProductSearchTest.AfterMethod(ProductSearchTest.java:297)
at java.base/java.util.concurrent.ThreadPoolExecutor.runWorker(ThreadPoolExecutor.java:1130)
at java.base/java.util.concurrent.ThreadPoolExecutor$Worker.run(ThreadPoolExecutor.java:630)
at java.base/java.lang.Thread.run(Thread.java:831)
... Removed 16 stack frames]]>
    </failure>
  </testcase> <!-- @AfterMethod AfterMethod -->
  <testcase classname="Inkbox.Tests.ProductSearchTest" name="@AfterMethod AfterMethod" time="0.001">
    <failure type="java.lang.NullPointerException" message="Cannot invoke &amp;quot;String.replaceAll(String, String)&amp;quot; because &amp;quot;MethodName&amp;quot; is null">
      <![CDATA[java.lang.NullPointerException: Cannot invoke "String.replaceAll(String, String)" because "MethodName" is null
at Inkbox.Tests.ProductSearchTest.AfterMethod(ProductSearchTest.java:297)
at java.base/java.util.concurrent.ThreadPoolExecutor.runWorker(ThreadPoolExecutor.java:1130)
at java.base/java.util.concurrent.ThreadPoolExecutor$Worker.run(ThreadPoolExecutor.java:630)
at java.base/java.lang.Thread.run(Thread.java:831)
... Removed 16 stack frames]]>
    </failure>
  </testcase> <!-- @AfterMethod AfterMethod -->
  <testcase classname="Inkbox.Tests.ProductSearchTest" name="@AfterMethod AfterMethod" time="0.0">
    <failure type="java.lang.NullPointerException" message="Cannot invoke &amp;quot;String.replaceAll(String, String)&amp;quot; because &amp;quot;MethodName&amp;quot; is null">
      <![CDATA[java.lang.NullPointerException: Cannot invoke "String.replaceAll(String, String)" because "MethodName" is null
at Inkbox.Tests.ProductSearchTest.AfterMethod(ProductSearchTest.java:297)
at java.base/java.util.concurrent.ThreadPoolExecutor.runWorker(ThreadPoolExecutor.java:1130)
at java.base/java.util.concurrent.ThreadPoolExecutor$Worker.run(ThreadPoolExecutor.java:630)
at java.base/java.lang.Thread.run(Thread.java:831)
... Removed 16 stack frames]]>
    </failure>
  </testcase> <!-- @AfterMethod AfterMethod -->
  <testcase classname="Inkbox.Tests.ProductSearchTest" name="@AfterMethod AfterMethod" time="0.0">
    <failure type="java.lang.NullPointerException" message="Cannot invoke &amp;quot;String.replaceAll(String, String)&amp;quot; because &amp;quot;MethodName&amp;quot; is null">
      <![CDATA[java.lang.NullPointerException: Cannot invoke "String.replaceAll(String, String)" because "MethodName" is null
at Inkbox.Tests.ProductSearchTest.AfterMethod(ProductSearchTest.java:297)
at java.base/java.util.concurrent.ThreadPoolExecutor.runWorker(ThreadPoolExecutor.java:1130)
at java.base/java.util.concurrent.ThreadPoolExecutor$Worker.run(ThreadPoolExecutor.java:630)
at java.base/java.lang.Thread.run(Thread.java:831)
... Removed 16 stack frames]]>
    </failure>
  </testcase> <!-- @AfterMethod AfterMethod -->
  <testcase classname="Inkbox.Tests.ProductSearchTest" name="@AfterMethod AfterMethod" time="0.001">
    <failure type="java.lang.NullPointerException" message="Cannot invoke &amp;quot;String.replaceAll(String, String)&amp;quot; because &amp;quot;MethodName&amp;quot; is null">
      <![CDATA[java.lang.NullPointerException: Cannot invoke "String.replaceAll(String, String)" because "MethodName" is null
at Inkbox.Tests.ProductSearchTest.AfterMethod(ProductSearchTest.java:297)
at java.base/java.util.concurrent.ThreadPoolExecutor.runWorker(ThreadPoolExecutor.java:1130)
at java.base/java.util.concurrent.ThreadPoolExecutor$Worker.run(ThreadPoolExecutor.java:630)
at java.base/java.lang.Thread.run(Thread.java:831)
... Removed 16 stack frames]]>
    </failure>
  </testcase> <!-- @AfterMethod AfterMethod -->
  <testcase classname="Inkbox.Tests.ProductSearchTest" name="@AfterMethod AfterMethod" time="0.001">
    <failure type="java.lang.NullPointerException" message="Cannot invoke &amp;quot;String.replaceAll(String, String)&amp;quot; because &amp;quot;MethodName&amp;quot; is null">
      <![CDATA[java.lang.NullPointerException: Cannot invoke "String.replaceAll(String, String)" because "MethodName" is null
at Inkbox.Tests.ProductSearchTest.AfterMethod(ProductSearchTest.java:297)
at java.base/java.util.concurrent.ThreadPoolExecutor.runWorker(ThreadPoolExecutor.java:1130)
at java.base/java.util.concurrent.ThreadPoolExecutor$Worker.run(ThreadPoolExecutor.java:630)
at java.base/java.lang.Thread.run(Thread.java:831)
... Removed 16 stack frames]]>
    </failure>
  </testcase> <!-- @AfterMethod AfterMethod -->
  <testcase classname="Inkbox.Tests.ProductSearchTest" name="@AfterMethod AfterMethod" time="0.0">
    <failure type="java.lang.NullPointerException" message="Cannot invoke &amp;quot;String.replaceAll(String, String)&amp;quot; because &amp;quot;MethodName&amp;quot; is null">
      <![CDATA[java.lang.NullPointerException: Cannot invoke "String.replaceAll(String, String)" because "MethodName" is null
at Inkbox.Tests.ProductSearchTest.AfterMethod(ProductSearchTest.java:297)
at java.base/java.util.concurrent.ThreadPoolExecutor.runWorker(ThreadPoolExecutor.java:1130)
at java.base/java.util.concurrent.ThreadPoolExecutor$Worker.run(ThreadPoolExecutor.java:630)
at java.base/java.lang.Thread.run(Thread.java:831)
... Removed 16 stack frames]]>
    </failure>
  </testcase> <!-- @AfterMethod AfterMethod -->
  <testcase classname="Inkbox.Tests.ProductSearchTest" name="@AfterMethod AfterMethod" time="0.0">
    <failure type="java.lang.NullPointerException" message="Cannot invoke &amp;quot;String.replaceAll(String, String)&amp;quot; because &amp;quot;MethodName&amp;quot; is null">
      <![CDATA[java.lang.NullPointerException: Cannot invoke "String.replaceAll(String, String)" because "MethodName" is null
at Inkbox.Tests.ProductSearchTest.AfterMethod(ProductSearchTest.java:297)
at java.base/java.util.concurrent.ThreadPoolExecutor.runWorker(ThreadPoolExecutor.java:1130)
at java.base/java.util.concurrent.ThreadPoolExecutor$Worker.run(ThreadPoolExecutor.java:630)
at java.base/java.lang.Thread.run(Thread.java:831)
... Removed 16 stack frames]]>
    </failure>
  </testcase> <!-- @AfterMethod AfterMethod -->
  <testcase classname="Inkbox.Tests.ProductSearchTest" name="@AfterMethod AfterMethod" time="0.001">
    <failure type="java.lang.NullPointerException" message="Cannot invoke &amp;quot;String.replaceAll(String, String)&amp;quot; because &amp;quot;MethodName&amp;quot; is null">
      <![CDATA[java.lang.NullPointerException: Cannot invoke "String.replaceAll(String, String)" because "MethodName" is null
at Inkbox.Tests.ProductSearchTest.AfterMethod(ProductSearchTest.java:297)
at java.base/java.util.concurrent.ThreadPoolExecutor.runWorker(ThreadPoolExecutor.java:1130)
at java.base/java.util.concurrent.ThreadPoolExecutor$Worker.run(ThreadPoolExecutor.java:630)
at java.base/java.lang.Thread.run(Thread.java:831)
... Removed 16 stack frames]]>
    </failure>
  </testcase> <!-- @AfterMethod AfterMethod -->
  <testcase classname="Inkbox.Tests.SubscriptionTest" name="@AfterMethod AfterMethod" time="0.0">
    <failure type="java.lang.NullPointerException" message="Cannot invoke &amp;quot;String.replaceAll(String, String)&amp;quot; because &amp;quot;MethodName&amp;quot; is null">
      <![CDATA[java.lang.NullPointerException: Cannot invoke "String.replaceAll(String, String)" because "MethodName" is null
at Inkbox.Tests.SubscriptionTest.AfterMethod(SubscriptionTest.java:104)
at java.base/java.util.concurrent.ThreadPoolExecutor.runWorker(ThreadPoolExecutor.java:1130)
at java.base/java.util.concurrent.ThreadPoolExecutor$Worker.run(ThreadPoolExecutor.java:630)
at java.base/java.lang.Thread.run(Thread.java:831)
... Removed 17 stack frames]]>
    </failure>
  </testcase> <!-- @AfterMethod AfterMethod -->
  <testcase classname="Inkbox.Tests.SubscriptionTest" name="@AfterMethod AfterMethod" time="0.0">
    <failure type="java.lang.NullPointerException" message="Cannot invoke &amp;quot;String.replaceAll(String, String)&amp;quot; because &amp;quot;MethodName&amp;quot; is null">
      <![CDATA[java.lang.NullPointerException: Cannot invoke "String.replaceAll(String, String)" because "MethodName" is null
at Inkbox.Tests.SubscriptionTest.AfterMethod(SubscriptionTest.java:104)
at java.base/java.util.concurrent.ThreadPoolExecutor.runWorker(ThreadPoolExecutor.java:1130)
at java.base/java.util.concurrent.ThreadPoolExecutor$Worker.run(ThreadPoolExecutor.java:630)
at java.base/java.lang.Thread.run(Thread.java:831)
... Removed 17 stack frames]]>
    </failure>
  </testcase> <!-- @AfterMethod AfterMethod -->
  <testcase classname="Helpers.LaunchDriver" name="@BeforeMethod beforeMethod" time="303.232">
    <failure type="org.openqa.selenium.TimeoutException" message="TimedPromise timed out after 300000 ms
Build info: version: &amp;apos;3.141.59&amp;apos;, revision: &amp;apos;e82be7d358&amp;apos;, time: &amp;apos;2018-11-14T08:17:03&amp;apos;
System info: host: &amp;apos;DESKTOP-9NIDAD7&amp;apos;, ip: &amp;apos;10.0.0.164&amp;apos;, os.name: &amp;apos;Windows 10&amp;apos;, os.arch: &amp;apos;amd64&amp;apos;, os.version: &amp;apos;10.0&amp;apos;, java.version: &amp;apos;16.0.1&amp;apos;
Driver info: org.openqa.selenium.firefox.FirefoxDriver
Capabilities {acceptInsecureCerts: true, browserName: firefox, browserVersion: 101.0.1, javascriptEnabled: true, moz:accessibilityChecks: false, moz:buildID: 20220608170832, moz:geckodriverVersion: 0.29.1, moz:headless: false, moz:processID: 31892, moz:profile: C:\Users\IBCK-W~1\AppData\L..., moz:shutdownTimeout: 60000, moz:useNonSpecCompliantPointerOrigin: false, moz:webdriverClick: true, pageLoadStrategy: normal, platform: WINDOWS, platformName: WINDOWS, platformVersion: 10.0, proxy: Proxy(), setWindowRect: true, strictFileInteractability: false, timeouts: {implicit: 0, pageLoad: 300000, script: 30000}, unhandledPromptBehavior: dismiss and notify}
Session ID: 29c55eac-a10e-4cf7-b161-5e3669c2e61e">
      <![CDATA[org.openqa.selenium.TimeoutException: TimedPromise timed out after 300000 ms
Build info: version: '3.141.59', revision: 'e82be7d358', time: '2018-11-14T08:17:03'
System info: host: 'DESKTOP-9NIDAD7', ip: '10.0.0.164', os.name: 'Windows 10', os.arch: 'amd64', os.version: '10.0', java.version: '16.0.1'
Driver info: org.openqa.selenium.firefox.FirefoxDriver
Capabilities {acceptInsecureCerts: true, browserName: firefox, browserVersion: 101.0.1, javascriptEnabled: true, moz:accessibilityChecks: false, moz:buildID: 20220608170832, moz:geckodriverVersion: 0.29.1, moz:headless: false, moz:processID: 31892, moz:profile: C:\Users\IBCK-W~1\AppData\L..., moz:shutdownTimeout: 60000, moz:useNonSpecCompliantPointerOrigin: false, moz:webdriverClick: true, pageLoadStrategy: normal, platform: WINDOWS, platformName: WINDOWS, platformVersion: 10.0, proxy: Proxy(), setWindowRect: true, strictFileInteractability: false, timeouts: {implicit: 0, pageLoad: 300000, script: 30000}, unhandledPromptBehavior: dismiss and notify}
Session ID: 29c55eac-a10e-4cf7-b161-5e3669c2e61e
at org.openqa.selenium.remote.http.W3CHttpResponseCodec.createException(W3CHttpResponseCodec.java:187)
at org.openqa.selenium.remote.http.W3CHttpResponseCodec.decode(W3CHttpResponseCodec.java:122)
at org.openqa.selenium.remote.http.W3CHttpResponseCodec.decode(W3CHttpResponseCodec.java:49)
at org.openqa.selenium.remote.HttpCommandExecutor.execute(HttpCommandExecutor.java:158)
at org.openqa.selenium.remote.service.DriverCommandExecutor.execute(DriverCommandExecutor.java:83)
at org.openqa.selenium.remote.RemoteWebDriver.execute(RemoteWebDriver.java:552)
at org.openqa.selenium.remote.RemoteWebDriver.get(RemoteWebDriver.java:277)
at Helpers.LaunchDriver.beforeMethod(LaunchDriver.java:106)
at java.base/java.util.concurrent.ThreadPoolExecutor.runWorker(ThreadPoolExecutor.java:1130)
at java.base/java.util.concurrent.ThreadPoolExecutor$Worker.run(ThreadPoolExecutor.java:630)
at java.base/java.lang.Thread.run(Thread.java:831)
... Removed 20 stack frames]]>
    </failure>
  </testcase> <!-- @BeforeMethod beforeMethod -->
  <testcase classname="Inkbox.Tests.TattooMarkerTest" name="@AfterMethod AfterMethod" time="0.001">
    <failure type="java.lang.NullPointerException" message="Cannot invoke &amp;quot;String.replaceAll(String, String)&amp;quot; because &amp;quot;MethodName&amp;quot; is null">
      <![CDATA[java.lang.NullPointerException: Cannot invoke "String.replaceAll(String, String)" because "MethodName" is null
at Inkbox.Tests.TattooMarkerTest.AfterMethod(TattooMarkerTest.java:83)
at java.base/java.util.concurrent.ThreadPoolExecutor.runWorker(ThreadPoolExecutor.java:1130)
at java.base/java.util.concurrent.ThreadPoolExecutor$Worker.run(ThreadPoolExecutor.java:630)
at java.base/java.lang.Thread.run(Thread.java:831)
... Removed 17 stack frames]]>
    </failure>
  </testcase> <!-- @AfterMethod AfterMethod -->
  <testcase classname="Inkbox.Tests.ContentFulTest" name="@AfterMethod AfterMethod" time="0.0">
    <failure type="java.lang.NullPointerException" message="Cannot invoke &amp;quot;String.replaceAll(String, String)&amp;quot; because &amp;quot;MethodName&amp;quot; is null">
      <![CDATA[java.lang.NullPointerException: Cannot invoke "String.replaceAll(String, String)" because "MethodName" is null
at Inkbox.Tests.ContentFulTest.AfterMethod(ContentFulTest.java:478)
at java.base/java.util.concurrent.ThreadPoolExecutor.runWorker(ThreadPoolExecutor.java:1130)
at java.base/java.util.concurrent.ThreadPoolExecutor$Worker.run(ThreadPoolExecutor.java:630)
at java.base/java.lang.Thread.run(Thread.java:831)
... Removed 16 stack frames]]>
    </failure>
  </testcase> <!-- @AfterMethod AfterMethod -->
  <testcase classname="Inkbox.Tests.TattooMarkerTest" name="@AfterMethod AfterMethod" time="0.0">
    <failure type="java.lang.NullPointerException" message="Cannot invoke &amp;quot;String.replaceAll(String, String)&amp;quot; because &amp;quot;MethodName&amp;quot; is null">
      <![CDATA[java.lang.NullPointerException: Cannot invoke "String.replaceAll(String, String)" because "MethodName" is null
at Inkbox.Tests.TattooMarkerTest.AfterMethod(TattooMarkerTest.java:83)
at java.base/java.util.concurrent.ThreadPoolExecutor.runWorker(ThreadPoolExecutor.java:1130)
at java.base/java.util.concurrent.ThreadPoolExecutor$Worker.run(ThreadPoolExecutor.java:630)
at java.base/java.lang.Thread.run(Thread.java:831)
... Removed 17 stack frames]]>
    </failure>
  </testcase> <!-- @AfterMethod AfterMethod -->
  <testcase classname="Helpers.LaunchDriver" name="@BeforeMethod beforeMethod" time="303.209">
    <failure type="org.openqa.selenium.TimeoutException" message="TimedPromise timed out after 300000 ms
Build info: version: &amp;apos;3.141.59&amp;apos;, revision: &amp;apos;e82be7d358&amp;apos;, time: &amp;apos;2018-11-14T08:17:03&amp;apos;
System info: host: &amp;apos;DESKTOP-9NIDAD7&amp;apos;, ip: &amp;apos;10.0.0.164&amp;apos;, os.name: &amp;apos;Windows 10&amp;apos;, os.arch: &amp;apos;amd64&amp;apos;, os.version: &amp;apos;10.0&amp;apos;, java.version: &amp;apos;16.0.1&amp;apos;
Driver info: org.openqa.selenium.firefox.FirefoxDriver
Capabilities {acceptInsecureCerts: true, browserName: firefox, browserVersion: 101.0.1, javascriptEnabled: true, moz:accessibilityChecks: false, moz:buildID: 20220608170832, moz:geckodriverVersion: 0.29.1, moz:headless: false, moz:processID: 30836, moz:profile: C:\Users\IBCK-W~1\AppData\L..., moz:shutdownTimeout: 60000, moz:useNonSpecCompliantPointerOrigin: false, moz:webdriverClick: true, pageLoadStrategy: normal, platform: WINDOWS, platformName: WINDOWS, platformVersion: 10.0, proxy: Proxy(), setWindowRect: true, strictFileInteractability: false, timeouts: {implicit: 0, pageLoad: 300000, script: 30000}, unhandledPromptBehavior: dismiss and notify}
Session ID: 34affbf6-ec9f-4c2f-8cdf-6b6fea473086">
      <![CDATA[org.openqa.selenium.TimeoutException: TimedPromise timed out after 300000 ms
Build info: version: '3.141.59', revision: 'e82be7d358', time: '2018-11-14T08:17:03'
System info: host: 'DESKTOP-9NIDAD7', ip: '10.0.0.164', os.name: 'Windows 10', os.arch: 'amd64', os.version: '10.0', java.version: '16.0.1'
Driver info: org.openqa.selenium.firefox.FirefoxDriver
Capabilities {acceptInsecureCerts: true, browserName: firefox, browserVersion: 101.0.1, javascriptEnabled: true, moz:accessibilityChecks: false, moz:buildID: 20220608170832, moz:geckodriverVersion: 0.29.1, moz:headless: false, moz:processID: 30836, moz:profile: C:\Users\IBCK-W~1\AppData\L..., moz:shutdownTimeout: 60000, moz:useNonSpecCompliantPointerOrigin: false, moz:webdriverClick: true, pageLoadStrategy: normal, platform: WINDOWS, platformName: WINDOWS, platformVersion: 10.0, proxy: Proxy(), setWindowRect: true, strictFileInteractability: false, timeouts: {implicit: 0, pageLoad: 300000, script: 30000}, unhandledPromptBehavior: dismiss and notify}
Session ID: 34affbf6-ec9f-4c2f-8cdf-6b6fea473086
at org.openqa.selenium.remote.http.W3CHttpResponseCodec.createException(W3CHttpResponseCodec.java:187)
at org.openqa.selenium.remote.http.W3CHttpResponseCodec.decode(W3CHttpResponseCodec.java:122)
at org.openqa.selenium.remote.http.W3CHttpResponseCodec.decode(W3CHttpResponseCodec.java:49)
at org.openqa.selenium.remote.HttpCommandExecutor.execute(HttpCommandExecutor.java:158)
at org.openqa.selenium.remote.service.DriverCommandExecutor.execute(DriverCommandExecutor.java:83)
at org.openqa.selenium.remote.RemoteWebDriver.execute(RemoteWebDriver.java:552)
at org.openqa.selenium.remote.RemoteWebDriver.get(RemoteWebDriver.java:277)
at Helpers.LaunchDriver.beforeMethod(LaunchDriver.java:106)
at java.base/java.util.concurrent.ThreadPoolExecutor.runWorker(ThreadPoolExecutor.java:1130)
at java.base/java.util.concurrent.ThreadPoolExecutor$Worker.run(ThreadPoolExecutor.java:630)
at java.base/java.lang.Thread.run(Thread.java:831)
... Removed 20 stack frames]]>
    </failure>
  </testcase> <!-- @BeforeMethod beforeMethod -->
  <testcase classname="Inkbox.Tests.ContentFulTest" name="@AfterMethod AfterMethod" time="0.001">
    <failure type="java.lang.NullPointerException" message="Cannot invoke &amp;quot;String.replaceAll(String, String)&amp;quot; because &amp;quot;MethodName&amp;quot; is null">
      <![CDATA[java.lang.NullPointerException: Cannot invoke "String.replaceAll(String, String)" because "MethodName" is null
at Inkbox.Tests.ContentFulTest.AfterMethod(ContentFulTest.java:478)
at java.base/java.util.concurrent.ThreadPoolExecutor.runWorker(ThreadPoolExecutor.java:1130)
at java.base/java.util.concurrent.ThreadPoolExecutor$Worker.run(ThreadPoolExecutor.java:630)
at java.base/java.lang.Thread.run(Thread.java:831)
... Removed 16 stack frames]]>
    </failure>
  </testcase> <!-- @AfterMethod AfterMethod -->
  <testcase classname="Helpers.LaunchDriver" name="@BeforeMethod beforeMethod" time="304.329">
    <failure type="org.openqa.selenium.TimeoutException" message="TimedPromise timed out after 300000 ms
Build info: version: &amp;apos;3.141.59&amp;apos;, revision: &amp;apos;e82be7d358&amp;apos;, time: &amp;apos;2018-11-14T08:17:03&amp;apos;
System info: host: &amp;apos;DESKTOP-9NIDAD7&amp;apos;, ip: &amp;apos;10.0.0.164&amp;apos;, os.name: &amp;apos;Windows 10&amp;apos;, os.arch: &amp;apos;amd64&amp;apos;, os.version: &amp;apos;10.0&amp;apos;, java.version: &amp;apos;16.0.1&amp;apos;
Driver info: org.openqa.selenium.firefox.FirefoxDriver
Capabilities {acceptInsecureCerts: true, browserName: firefox, browserVersion: 101.0.1, javascriptEnabled: true, moz:accessibilityChecks: false, moz:buildID: 20220608170832, moz:geckodriverVersion: 0.29.1, moz:headless: false, moz:processID: 22304, moz:profile: C:\Users\IBCK-W~1\AppData\L..., moz:shutdownTimeout: 60000, moz:useNonSpecCompliantPointerOrigin: false, moz:webdriverClick: true, pageLoadStrategy: normal, platform: WINDOWS, platformName: WINDOWS, platformVersion: 10.0, proxy: Proxy(), setWindowRect: true, strictFileInteractability: false, timeouts: {implicit: 0, pageLoad: 300000, script: 30000}, unhandledPromptBehavior: dismiss and notify}
Session ID: 85f00b1e-2ebc-4d8c-b39f-c92108c069a3">
      <![CDATA[org.openqa.selenium.TimeoutException: TimedPromise timed out after 300000 ms
Build info: version: '3.141.59', revision: 'e82be7d358', time: '2018-11-14T08:17:03'
System info: host: 'DESKTOP-9NIDAD7', ip: '10.0.0.164', os.name: 'Windows 10', os.arch: 'amd64', os.version: '10.0', java.version: '16.0.1'
Driver info: org.openqa.selenium.firefox.FirefoxDriver
Capabilities {acceptInsecureCerts: true, browserName: firefox, browserVersion: 101.0.1, javascriptEnabled: true, moz:accessibilityChecks: false, moz:buildID: 20220608170832, moz:geckodriverVersion: 0.29.1, moz:headless: false, moz:processID: 22304, moz:profile: C:\Users\IBCK-W~1\AppData\L..., moz:shutdownTimeout: 60000, moz:useNonSpecCompliantPointerOrigin: false, moz:webdriverClick: true, pageLoadStrategy: normal, platform: WINDOWS, platformName: WINDOWS, platformVersion: 10.0, proxy: Proxy(), setWindowRect: true, strictFileInteractability: false, timeouts: {implicit: 0, pageLoad: 300000, script: 30000}, unhandledPromptBehavior: dismiss and notify}
Session ID: 85f00b1e-2ebc-4d8c-b39f-c92108c069a3
at org.openqa.selenium.remote.http.W3CHttpResponseCodec.createException(W3CHttpResponseCodec.java:187)
at org.openqa.selenium.remote.http.W3CHttpResponseCodec.decode(W3CHttpResponseCodec.java:122)
at org.openqa.selenium.remote.http.W3CHttpResponseCodec.decode(W3CHttpResponseCodec.java:49)
at org.openqa.selenium.remote.HttpCommandExecutor.execute(HttpCommandExecutor.java:158)
at org.openqa.selenium.remote.service.DriverCommandExecutor.execute(DriverCommandExecutor.java:83)
at org.openqa.selenium.remote.RemoteWebDriver.execute(RemoteWebDriver.java:552)
at org.openqa.selenium.remote.RemoteWebDriver.get(RemoteWebDriver.java:277)
at Helpers.LaunchDriver.beforeMethod(LaunchDriver.java:106)
at java.base/java.util.concurrent.ThreadPoolExecutor.runWorker(ThreadPoolExecutor.java:1130)
at java.base/java.util.concurrent.ThreadPoolExecutor$Worker.run(ThreadPoolExecutor.java:630)
at java.base/java.lang.Thread.run(Thread.java:831)
... Removed 20 stack frames]]>
    </failure>
  </testcase> <!-- @BeforeMethod beforeMethod -->
  <testcase classname="Inkbox.Tests.QuizTest" name="@AfterMethod AfterMethod" time="0.001">
    <failure type="java.lang.NullPointerException" message="Cannot invoke &amp;quot;String.replaceAll(String, String)&amp;quot; because &amp;quot;MethodName&amp;quot; is null">
      <![CDATA[java.lang.NullPointerException: Cannot invoke "String.replaceAll(String, String)" because "MethodName" is null
at Inkbox.Tests.QuizTest.AfterMethod(QuizTest.java:255)
at java.base/java.util.concurrent.ThreadPoolExecutor.runWorker(ThreadPoolExecutor.java:1130)
at java.base/java.util.concurrent.ThreadPoolExecutor$Worker.run(ThreadPoolExecutor.java:630)
at java.base/java.lang.Thread.run(Thread.java:831)
... Removed 17 stack frames]]>
    </failure>
  </testcase> <!-- @AfterMethod AfterMethod -->
  <testcase classname="Inkbox.Tests.QuizTest" name="@AfterMethod AfterMethod" time="0.0">
    <failure type="java.lang.NullPointerException" message="Cannot invoke &amp;quot;String.replaceAll(String, String)&amp;quot; because &amp;quot;MethodName&amp;quot; is null">
      <![CDATA[java.lang.NullPointerException: Cannot invoke "String.replaceAll(String, String)" because "MethodName" is null
at Inkbox.Tests.QuizTest.AfterMethod(QuizTest.java:255)
at java.base/java.util.concurrent.ThreadPoolExecutor.runWorker(ThreadPoolExecutor.java:1130)
at java.base/java.util.concurrent.ThreadPoolExecutor$Worker.run(ThreadPoolExecutor.java:630)
at java.base/java.lang.Thread.run(Thread.java:831)
... Removed 17 stack frames]]>
    </failure>
  </testcase> <!-- @AfterMethod AfterMethod -->
  <testcase classname="Inkbox.Tests.PickedForYouTest" name="TC_10200_PickedForYou_Validation" time="10.203"/>
  <testcase classname="Inkbox.Tests.HomePageTest" name="PDP_Validation_GuestUser_Accordion_Max_Mini_Pickedforyou_Arrow_scrollable_ShopinstaVisible" time="215.284"/>
  <testcase classname="Inkbox.Tests.HomePageTest" name="ReturnPolicy_Validation_Footer" time="250.103"/>
  <testcase classname="Inkbox.Tests.PickedForYouTest" name="TC_10208_Adding_ProductToCartFromPickForYou" time="274.429">
    <skipped/>
  </testcase> <!-- TC_10208_Adding_ProductToCartFromPickForYou -->
  <testcase classname="Inkbox.Tests.HomePageTest" name="PDP_Validation_WithLogin_Accordion_Max_Mini_Pickedforyou_Arrow_scrollable_ShopinstaVisible" time="351.058"/>
  <testcase classname="Inkbox.Tests.GeoLocationTest" name="TC_13221_PriceValidation_GiftCart_Geolocation" time="268.811">
    <skipped/>
  </testcase> <!-- TC_13221_PriceValidation_GiftCart_Geolocation -->
  <testcase classname="Inkbox.Tests.TraceTest" name="TC_17774_ClickOn_TraceApp" time="6.225"/>
  <testcase classname="Inkbox.Tests.TraceTest" name="TC_17784_Validate_ViewBox" time="12.408">
    <skipped/>
  </testcase> <!-- TC_17784_Validate_ViewBox -->
  <testcase classname="Inkbox.Tests.GeoLocationTest" name="TC_13222_PriceValidation_CustomProduct_Geolocation" time="271.673">
    <skipped/>
  </testcase> <!-- TC_13222_PriceValidation_CustomProduct_Geolocation -->
  <testcase classname="Inkbox.Tests.TraceTest" name="TC_17784_Validate_ViewBox" time="12.147">
    <failure type="java.lang.AssertionError">
      <![CDATA[java.lang.AssertionError
at org.junit.Assert.fail(Assert.java:86)
at org.junit.Assert.fail(Assert.java:95)
at Inkbox.Pages.TracePage.ClickOn_ViewBox(TracePage.java:82)
at Inkbox.Pages.TracePage.Validate_Trace_ViewBox(TracePage.java:88)
at Inkbox.Tests.TraceTest.TC_17784_Validate_ViewBox(TraceTest.java:36)
at java.base/java.util.concurrent.ThreadPoolExecutor.runWorker(ThreadPoolExecutor.java:1130)
at java.base/java.util.concurrent.ThreadPoolExecutor$Worker.run(ThreadPoolExecutor.java:630)
at java.base/java.lang.Thread.run(Thread.java:831)
... Removed 12 stack frames]]>
    </failure>
  </testcase> <!-- TC_17784_Validate_ViewBox -->
  <testcase classname="Inkbox.Tests.PickedForYouTest" name="TC_10208_Adding_ProductToCartFromPickForYou" time="277.478">
    <failure type="java.lang.NumberFormatException" message="For input string: &amp;quot;&amp;quot;">
      <![CDATA[java.lang.NumberFormatException: For input string: ""
at java.base/java.lang.NumberFormatException.forInputString(NumberFormatException.java:67)
at java.base/java.lang.Integer.parseInt(Integer.java:670)
at java.base/java.lang.Integer.parseInt(Integer.java:778)
at Inkbox.Pages.CartPage.GetNumberOfItemInCart(CartPage.java:466)
at Inkbox.Pages.PickedForYouPage.AddProductToCartPickForYou(PickedForYouPage.java:50)
at Inkbox.Tests.PickedForYouTest.TC_10208_Adding_ProductToCartFromPickForYou(PickedForYouTest.java:42)
at java.base/java.util.concurrent.ThreadPoolExecutor.runWorker(ThreadPoolExecutor.java:1130)
at java.base/java.util.concurrent.ThreadPoolExecutor$Worker.run(ThreadPoolExecutor.java:630)
at java.base/java.lang.Thread.run(Thread.java:831)
... Removed 12 stack frames]]>
    </failure>
  </testcase> <!-- TC_10208_Adding_ProductToCartFromPickForYou -->
  <testcase classname="Inkbox.Tests.GeoLocationTest" name="TC_13223_PriceValidation_AllTattoos_Geolocation" time="307.693"/>
  <testcase classname="Inkbox.Tests.GeoLocationTest" name="TC_13221_PriceValidation_GiftCart_Geolocation" time="266.64">
    <failure type="java.lang.AssertionError" message="The following asserts failed:
	null,
	null,
	null,
	null">
      <![CDATA[java.lang.AssertionError: The following asserts failed:
null,
null,
null,
null
at Inkbox.Pages.GeoLocationPage.PriceValidation_GiftCart_Checkout(GeoLocationPage.java:292)
at Inkbox.Tests.GeoLocationTest.TC_13221_PriceValidation_GiftCart_Geolocation(GeoLocationTest.java:139)
at java.base/java.util.concurrent.ThreadPoolExecutor.runWorker(ThreadPoolExecutor.java:1130)
at java.base/java.util.concurrent.ThreadPoolExecutor$Worker.run(ThreadPoolExecutor.java:630)
at java.base/java.lang.Thread.run(Thread.java:831)
... Removed 14 stack frames]]>
    </failure>
  </testcase> <!-- TC_13221_PriceValidation_GiftCart_Geolocation -->
  <testcase classname="Inkbox.Tests.HomePageTest" name="TC_21898_Validate_HomePage_MenuItems" time="144.933">
    <skipped/>
  </testcase> <!-- TC_21898_Validate_HomePage_MenuItems -->
  <testcase classname="Inkbox.Tests.HomePageTest" name="PDP_RecentlyView_Validation_LoginUser" time="808.77"/>
  <testcase classname="Inkbox.Tests.GeoLocationTest" name="TC_13222_PriceValidation_CustomProduct_Geolocation" time="287.198">
    <failure type="java.lang.AssertionError">
      <![CDATA[java.lang.AssertionError
at org.junit.Assert.fail(Assert.java:86)
at org.junit.Assert.fail(Assert.java:95)
at Helpers.ControlHelpers.WaitForElement(ControlHelpers.java:442)
at Inkbox.Pages.LoginPage.ClickLogin_link(LoginPage.java:128)
at Inkbox.Pages.LoginPage.UserLogin(LoginPage.java:205)
at Inkbox.Tests.GeoLocationTest.TC_13222_PriceValidation_CustomProduct_Geolocation(GeoLocationTest.java:128)
at java.base/java.util.concurrent.ThreadPoolExecutor.runWorker(ThreadPoolExecutor.java:1130)
at java.base/java.util.concurrent.ThreadPoolExecutor$Worker.run(ThreadPoolExecutor.java:630)
at java.base/java.lang.Thread.run(Thread.java:831)
... Removed 12 stack frames]]>
    </failure>
  </testcase> <!-- TC_13222_PriceValidation_CustomProduct_Geolocation -->
  <testcase classname="Inkbox.Tests.HomePageTest" name="TC_21898_Validate_HomePage_MenuItems" time="145.618">
    <failure type="java.lang.AssertionError" message="The following asserts failed:
	null,
	null">
      <![CDATA[java.lang.AssertionError: The following asserts failed:
null,
null
at Inkbox.Pages.BasePage.Validate_MainMenuItems(BasePage.java:1441)
at Inkbox.Tests.HomePageTest.TC_21898_Validate_HomePage_MenuItems(HomePageTest.java:405)
at java.base/java.util.concurrent.ThreadPoolExecutor.runWorker(ThreadPoolExecutor.java:1130)
at java.base/java.util.concurrent.ThreadPoolExecutor$Worker.run(ThreadPoolExecutor.java:630)
at java.base/java.lang.Thread.run(Thread.java:831)
... Removed 14 stack frames]]>
    </failure>
  </testcase> <!-- TC_21898_Validate_HomePage_MenuItems -->
  <testcase classname="Inkbox.Tests.HomePageTest" name="TC_21900_Validate_Footer" time="298.64"/>
  <testcase classname="Inkbox.Tests.HomePageTest" name="TC_21901_Validating_HomePage" time="251.14"/>
  <testcase classname="Inkbox.Tests.GeoLocationTest" name="TC_21897_PriceValidation_TattooMarker_Geolocation" time="541.85">
    <skipped/>
  </testcase> <!-- TC_21897_PriceValidation_TattooMarker_Geolocation -->
  <testcase classname="Inkbox.Tests.HomePageTest" name="TC_21913_Verify_InkoxLogo_Navigation" time="138.478"/>
  <testcase classname="Inkbox.Tests.HomePageTest" name="TC_21902_ProductsDisplayed_are_Clickable_And_Move_To_PDP" time="312.656"/>
  <testcase classname="Inkbox.Tests.HomePageTest" name="TC_21903_Validate_ReviewTag" time="249.152"/>
  <testcase classname="Inkbox.Tests.HomePageTest" name="TC_21899_PDP_RecentlyView_Validation_GuestUser" time="657.101"/>
  <testcase classname="Inkbox.Tests.HomePageTest" name="TC_21940_Validate_EmailBox_InFooter" time="247.345">
    <skipped/>
  </testcase> <!-- TC_21940_Validate_EmailBox_InFooter -->
  <testcase classname="Inkbox.Tests.HomePageTest" name="TC_21915_Validate_Maxmize_minimize_FAQ" time="301.178"/>
  <testcase classname="Inkbox.Tests.GeoLocationTest" name="TC_21897_PriceValidation_TattooMarker_Geolocation" time="473.706"/>
  <testcase classname="Inkbox.Tests.HomePageTest" name="TC_21940_Validate_EmailBox_InFooter" time="246.801">
    <failure type="java.lang.AssertionError">
      <![CDATA[java.lang.AssertionError
at org.junit.Assert.fail(Assert.java:86)
at org.junit.Assert.fail(Assert.java:95)
at Inkbox.Pages.BasePage.Validate_EmailField_Footer(BasePage.java:1143)
at Inkbox.Tests.HomePageTest.TC_21940_Validate_EmailBox_InFooter(HomePageTest.java:145)
at java.base/java.util.concurrent.ThreadPoolExecutor.runWorker(ThreadPoolExecutor.java:1130)
at java.base/java.util.concurrent.ThreadPoolExecutor$Worker.run(ThreadPoolExecutor.java:630)
at java.base/java.lang.Thread.run(Thread.java:831)
... Removed 12 stack frames]]>
    </failure>
  </testcase> <!-- TC_21940_Validate_EmailBox_InFooter -->
  <testcase classname="Inkbox.Tests.HomePageTest" name="TC_21914_Validate_FAQ_Navigation" time="755.746">
    <skipped/>
  </testcase> <!-- TC_21914_Validate_FAQ_Navigation -->
  <testcase classname="Inkbox.Tests.HomePageTest" name="TC_21942_Validate_Customer_Care_InFooter" time="551.517">
    <skipped/>
  </testcase> <!-- TC_21942_Validate_Customer_Care_InFooter -->
  <testcase classname="Inkbox.Tests.HomePageTest" name="TC_21943_Validate_OthersInFooter" time="300.46"/>
  <testcase classname="Inkbox.Tests.HomePageTest" name="TC_21941_Validate_About_INKBOX_InFooter" time="598.382">
    <skipped/>
  </testcase> <!-- TC_21941_Validate_About_INKBOX_InFooter -->
  <testcase classname="Inkbox.Tests.HomePageTest" name="TC_21944_SocialMedia_Validation" time="285.237">
    <skipped/>
  </testcase> <!-- TC_21944_SocialMedia_Validation -->
  <testcase classname="Inkbox.Tests.HomePageTest" name="TC_21945_Validate_BottomFooter" time="286.779">
    <skipped/>
  </testcase> <!-- TC_21945_Validate_BottomFooter -->
  <testcase classname="Inkbox.Tests.HomePageTest" name="TC_21914_Validate_FAQ_Navigation" time="286.533">
    <failure type="java.lang.AssertionError">
      <![CDATA[java.lang.AssertionError
at org.junit.Assert.fail(Assert.java:86)
at org.junit.Assert.fail(Assert.java:95)
at Helpers.ControlHelpers.WaitForElement(ControlHelpers.java:442)
at Inkbox.Pages.LoginPage.ClickLogin_link(LoginPage.java:128)
at Inkbox.Pages.LoginPage.UserLogin(LoginPage.java:205)
at Inkbox.Tests.HomePageTest.TC_21914_Validate_FAQ_Navigation(HomePageTest.java:298)
at java.base/java.util.concurrent.ThreadPoolExecutor.runWorker(ThreadPoolExecutor.java:1130)
at java.base/java.util.concurrent.ThreadPoolExecutor$Worker.run(ThreadPoolExecutor.java:630)
at java.base/java.lang.Thread.run(Thread.java:831)
... Removed 12 stack frames]]>
    </failure>
  </testcase> <!-- TC_21914_Validate_FAQ_Navigation -->
  <testcase classname="Inkbox.Tests.HomePageTest" name="TC_21942_Validate_Customer_Care_InFooter" time="286.875">
    <failure type="java.lang.AssertionError">
      <![CDATA[java.lang.AssertionError
at org.junit.Assert.fail(Assert.java:86)
at org.junit.Assert.fail(Assert.java:95)
at Helpers.ControlHelpers.WaitForElement(ControlHelpers.java:442)
at Inkbox.Pages.LoginPage.ClickLogin_link(LoginPage.java:128)
at Inkbox.Pages.LoginPage.UserLogin(LoginPage.java:205)
at Inkbox.Tests.HomePageTest.TC_21942_Validate_Customer_Care_InFooter(HomePageTest.java:124)
at java.base/java.util.concurrent.ThreadPoolExecutor.runWorker(ThreadPoolExecutor.java:1130)
at java.base/java.util.concurrent.ThreadPoolExecutor$Worker.run(ThreadPoolExecutor.java:630)
at java.base/java.lang.Thread.run(Thread.java:831)
... Removed 12 stack frames]]>
    </failure>
  </testcase> <!-- TC_21942_Validate_Customer_Care_InFooter -->
  <testcase classname="Inkbox.Tests.HomePageTest" name="TC_21948_Terms_of_Service_and_Privacy_Policy" time="286.57">
    <skipped/>
  </testcase> <!-- TC_21948_Terms_of_Service_and_Privacy_Policy -->
  <testcase classname="Inkbox.Tests.HomePageTest" name="TC_21941_Validate_About_INKBOX_InFooter" time="286.997">
    <failure type="java.lang.AssertionError">
      <![CDATA[java.lang.AssertionError
at org.junit.Assert.fail(Assert.java:86)
at org.junit.Assert.fail(Assert.java:95)
at Helpers.ControlHelpers.WaitForElement(ControlHelpers.java:442)
at Inkbox.Pages.LoginPage.ClickLogin_link(LoginPage.java:128)
at Inkbox.Pages.LoginPage.UserLogin(LoginPage.java:205)
at Inkbox.Tests.HomePageTest.TC_21941_Validate_About_INKBOX_InFooter(HomePageTest.java:134)
at java.base/java.util.concurrent.ThreadPoolExecutor.runWorker(ThreadPoolExecutor.java:1130)
at java.base/java.util.concurrent.ThreadPoolExecutor$Worker.run(ThreadPoolExecutor.java:630)
at java.base/java.lang.Thread.run(Thread.java:831)
... Removed 12 stack frames]]>
    </failure>
  </testcase> <!-- TC_21941_Validate_About_INKBOX_InFooter -->
  <testcase classname="Inkbox.Tests.HomePageTest" name="TC_21944_SocialMedia_Validation" time="294.746">
    <failure type="java.lang.AssertionError">
      <![CDATA[java.lang.AssertionError
at org.junit.Assert.fail(Assert.java:86)
at org.junit.Assert.fail(Assert.java:95)
at Helpers.ControlHelpers.WaitForElement(ControlHelpers.java:442)
at Inkbox.Pages.LoginPage.ClickLogin_link(LoginPage.java:128)
at Inkbox.Pages.LoginPage.UserLogin(LoginPage.java:205)
at Inkbox.Tests.HomePageTest.TC_21944_SocialMedia_Validation(HomePageTest.java:104)
at java.base/java.util.concurrent.ThreadPoolExecutor.runWorker(ThreadPoolExecutor.java:1130)
at java.base/java.util.concurrent.ThreadPoolExecutor$Worker.run(ThreadPoolExecutor.java:630)
at java.base/java.lang.Thread.run(Thread.java:831)
... Removed 12 stack frames]]>
    </failure>
  </testcase> <!-- TC_21944_SocialMedia_Validation -->
  <testcase classname="Inkbox.Tests.SubscriptionTest" name="TC_31436_Validate_Subscription_GuestUser" time="107.262">
    <skipped/>
  </testcase> <!-- TC_31436_Validate_Subscription_GuestUser -->
  <testcase classname="Inkbox.Tests.HomePageTest" name="TC_21945_Validate_BottomFooter" time="294.966">
    <failure type="java.lang.AssertionError">
      <![CDATA[java.lang.AssertionError
at org.junit.Assert.fail(Assert.java:86)
at org.junit.Assert.fail(Assert.java:95)
at Helpers.ControlHelpers.WaitForElement(ControlHelpers.java:442)
at Inkbox.Pages.LoginPage.ClickLogin_link(LoginPage.java:128)
at Inkbox.Pages.LoginPage.UserLogin(LoginPage.java:205)
at Inkbox.Tests.HomePageTest.TC_21945_Validate_BottomFooter(HomePageTest.java:94)
at java.base/java.util.concurrent.ThreadPoolExecutor.runWorker(ThreadPoolExecutor.java:1130)
at java.base/java.util.concurrent.ThreadPoolExecutor$Worker.run(ThreadPoolExecutor.java:630)
at java.base/java.lang.Thread.run(Thread.java:831)
... Removed 12 stack frames]]>
    </failure>
  </testcase> <!-- TC_21945_Validate_BottomFooter -->
  <testcase classname="Inkbox.Tests.SubscriptionTest" name="TC_31432_Subscription_SeasonalPlan_validation" time="261.237">
    <skipped/>
  </testcase> <!-- TC_31432_Subscription_SeasonalPlan_validation -->
  <testcase classname="Inkbox.Tests.HomePageTest" name="TC_21948_Terms_of_Service_and_Privacy_Policy" time="286.487">
    <failure type="java.lang.AssertionError">
      <![CDATA[java.lang.AssertionError
at org.junit.Assert.fail(Assert.java:86)
at org.junit.Assert.fail(Assert.java:95)
at Helpers.ControlHelpers.WaitForElement(ControlHelpers.java:442)
at Inkbox.Pages.LoginPage.ClickLogin_link(LoginPage.java:128)
at Inkbox.Pages.LoginPage.UserLogin(LoginPage.java:205)
at Inkbox.Tests.HomePageTest.TC_21948_Terms_of_Service_and_Privacy_Policy(HomePageTest.java:83)
at java.base/java.util.concurrent.ThreadPoolExecutor.runWorker(ThreadPoolExecutor.java:1130)
at java.base/java.util.concurrent.ThreadPoolExecutor$Worker.run(ThreadPoolExecutor.java:630)
at java.base/java.lang.Thread.run(Thread.java:831)
... Removed 12 stack frames]]>
    </failure>
  </testcase> <!-- TC_21948_Terms_of_Service_and_Privacy_Policy -->
  <testcase classname="Inkbox.Tests.SubscriptionTest" name="TC_31436_Validate_Subscription_GuestUser" time="159.488">
    <failure type="java.lang.AssertionError">
      <![CDATA[java.lang.AssertionError
at org.junit.Assert.fail(Assert.java:86)
at org.junit.Assert.fail(Assert.java:95)
at Helpers.ControlHelpers.WaitForElement(ControlHelpers.java:442)
at Inkbox.Pages.SubscriptionPage.Validate_SignUpPage_Visibility(SubscriptionPage.java:259)
at Inkbox.Pages.SubscriptionPage.Seasonal_subscription_GuestUserValidation(SubscriptionPage.java:248)
at Inkbox.Tests.SubscriptionTest.TC_31436_Validate_Subscription_GuestUser(SubscriptionTest.java:37)
at java.base/java.util.concurrent.ThreadPoolExecutor.runWorker(ThreadPoolExecutor.java:1130)
at java.base/java.util.concurrent.ThreadPoolExecutor$Worker.run(ThreadPoolExecutor.java:630)
at java.base/java.lang.Thread.run(Thread.java:831)
... Removed 12 stack frames]]>
    </failure>
  </testcase> <!-- TC_31436_Validate_Subscription_GuestUser -->
  <testcase classname="Inkbox.Tests.SubscriptionTest" name="TC_31437_SubscribeNow_Validation" time="0.0">
    <skipped/>
  </testcase> <!-- TC_31437_SubscribeNow_Validation -->
  <testcase classname="Inkbox.Tests.AlgoliaTest" name="TC_4910_Algolia_Varient_Newest" time="123.122">
    <skipped/>
  </testcase> <!-- TC_4910_Algolia_Varient_Newest -->
  <testcase classname="Inkbox.Tests.HomePageTest" name="TC_4887_Tracking_Validation_Footer" time="295.231">
    <skipped/>
  </testcase> <!-- TC_4887_Tracking_Validation_Footer -->
  <testcase classname="Inkbox.Tests.ContentFulTest" name="TC_4912_Verify_PopularCategeories_ContentFul" time="142.323">
    <skipped/>
  </testcase> <!-- TC_4912_Verify_PopularCategeories_ContentFul -->
  <testcase classname="Inkbox.Tests.ContentFulTest" name="TC_4939_NovaMegaMainBars_GenericSale_Contentful" time="159.705">
    <skipped/>
  </testcase> <!-- TC_4939_NovaMegaMainBars_GenericSale_Contentful -->
  <testcase classname="Inkbox.Tests.AlgoliaTest" name="TC_4910_Algolia_Varient_Newest" time="127.764">
    <failure type="java.lang.AssertionError" message="The following asserts failed:
	null,
	null,
	null,
	null,
	null,
	null,
	null,
	null,
	null,
	null,
	null,
	null,
	null,
	null,
	null,
	null,
	null,
	null,
	null,
	null,
	null,
	null,
	null,
	null">
      <![CDATA[java.lang.AssertionError: The following asserts failed:
null,
null,
null,
null,
null,
null,
null,
null,
null,
null,
null,
null,
null,
null,
null,
null,
null,
null,
null,
null,
null,
null,
null,
null
at Inkbox.Pages.AlgoliaPage.ValidateNewest(AlgoliaPage.java:71)
at Inkbox.Tests.AlgoliaTest.TC_4910_Algolia_Varient_Newest(AlgoliaTest.java:39)
at java.base/java.util.concurrent.ThreadPoolExecutor.runWorker(ThreadPoolExecutor.java:1130)
at java.base/java.util.concurrent.ThreadPoolExecutor$Worker.run(ThreadPoolExecutor.java:630)
at java.base/java.lang.Thread.run(Thread.java:831)
... Removed 14 stack frames]]>
    </failure>
  </testcase> <!-- TC_4910_Algolia_Varient_Newest -->
  <testcase classname="Inkbox.Tests.ContentFulTest" name="TC_4912_Verify_PopularCategeories_ContentFul" time="148.303">
    <failure type="java.lang.AssertionError">
      <![CDATA[java.lang.AssertionError
at org.junit.Assert.fail(Assert.java:86)
at org.junit.Assert.fail(Assert.java:95)
at Helpers.ControlHelpers.getText(ControlHelpers.java:265)
at Inkbox.Pages.ContentfulPage.PopularCategories_Validation(ContentfulPage.java:1090)
at Inkbox.Tests.ContentFulTest.TC_4912_Verify_PopularCategeories_ContentFul(ContentFulTest.java:47)
at java.base/java.util.concurrent.ThreadPoolExecutor.runWorker(ThreadPoolExecutor.java:1130)
at java.base/java.util.concurrent.ThreadPoolExecutor$Worker.run(ThreadPoolExecutor.java:630)
at java.base/java.lang.Thread.run(Thread.java:831)
... Removed 12 stack frames]]>
    </failure>
  </testcase> <!-- TC_4912_Verify_PopularCategeories_ContentFul -->
  <testcase classname="Inkbox.Tests.HomePageTest" name="TC_4887_Tracking_Validation_Footer" time="286.774">
    <failure type="java.lang.AssertionError">
      <![CDATA[java.lang.AssertionError
at org.junit.Assert.fail(Assert.java:86)
at org.junit.Assert.fail(Assert.java:95)
at Helpers.ControlHelpers.WaitForElement(ControlHelpers.java:442)
at Inkbox.Pages.LoginPage.ClickLogin_link(LoginPage.java:128)
at Inkbox.Pages.LoginPage.UserLogin(LoginPage.java:205)
at Inkbox.Tests.HomePageTest.TC_4887_Tracking_Validation_Footer(HomePageTest.java:183)
at java.base/java.util.concurrent.ThreadPoolExecutor.runWorker(ThreadPoolExecutor.java:1130)
at java.base/java.util.concurrent.ThreadPoolExecutor$Worker.run(ThreadPoolExecutor.java:630)
at java.base/java.lang.Thread.run(Thread.java:831)
... Removed 12 stack frames]]>
    </failure>
  </testcase> <!-- TC_4887_Tracking_Validation_Footer -->
  <testcase classname="Inkbox.Tests.ContentFulTest" name="TC_4939_NovaMegaMainBars_GenericSale_Contentful" time="154.834"/>
  <testcase classname="Inkbox.Tests.SubscriptionTest" name="TC_31432_Subscription_SeasonalPlan_validation" time="134.649">
    <failure type="java.lang.AssertionError">
      <![CDATA[java.lang.AssertionError
at org.junit.Assert.fail(Assert.java:86)
at org.junit.Assert.fail(Assert.java:95)
at Helpers.ControlHelpers.WaitForElement(ControlHelpers.java:442)
at Inkbox.Pages.BasePage.AcctountIcon(BasePage.java:1583)
at Inkbox.Pages.SignUpPage.SignUp(SignUpPage.java:104)
at Inkbox.Tests.SubscriptionTest.TC_31432_Subscription_SeasonalPlan_validation(SubscriptionTest.java:50)
at java.base/java.util.concurrent.ThreadPoolExecutor.runWorker(ThreadPoolExecutor.java:1130)
at java.base/java.util.concurrent.ThreadPoolExecutor$Worker.run(ThreadPoolExecutor.java:630)
at java.base/java.lang.Thread.run(Thread.java:831)
... Removed 12 stack frames]]>
    </failure>
  </testcase> <!-- TC_31432_Subscription_SeasonalPlan_validation -->
  <testcase classname="Inkbox.Tests.ContentFulTest" name="TC_4941_Trace_PromoBanner_Validation_Contentful" time="158.292"/>
  <testcase classname="Inkbox.Tests.ContentFulTest" name="TC_4942_Tracing_tips_from_the_pros_Validation_Contentful" time="157.325">
    <skipped/>
  </testcase> <!-- TC_4942_Tracing_tips_from_the_pros_Validation_Contentful -->
  <testcase classname="Inkbox.Tests.ContentFulTest" name="TC_4949_Verify_BlogArticles_ContentFul" time="152.384"/>
  <testcase classname="Inkbox.Tests.ContentFulTest" name="TC_4943_Trace_App_Value_Props_Validation_Contentful" time="238.13">
    <skipped/>
  </testcase> <!-- TC_4943_Trace_App_Value_Props_Validation_Contentful -->
  <testcase classname="Inkbox.Tests.ContentFulTest" name="TC_4950_Verify_ShopInsta_ContentFul" time="156.654"/>
  <testcase classname="Inkbox.Tests.ContentFulTest" name="TC_4942_Tracing_tips_from_the_pros_Validation_Contentful" time="169.766"/>
  <testcase classname="Inkbox.Tests.ContentFulTest" name="TC_4953_Verify_TattooMarker_FAQ_ContentFul" time="0.0">
    <skipped/>
  </testcase> <!-- TC_4953_Verify_TattooMarker_FAQ_ContentFul -->
  <testcase classname="Inkbox.Tests.ContentFulTest" name="TC_4948_Verify_PressBlock_ContentFul" time="225.838"/>
  <testcase classname="Inkbox.Tests.ContentFulTest" name="TC_4957_Validate_Custom_FAQ_ContentFul" time="0.0">
    <skipped/>
  </testcase> <!-- TC_4957_Validate_Custom_FAQ_ContentFul -->
  <testcase classname="Inkbox.Tests.ContentFulTest" name="TC_4958_TattooMarker_FAQ_Validation_Contentful" time="0.0">
    <skipped/>
  </testcase> <!-- TC_4958_TattooMarker_FAQ_Validation_Contentful -->
  <testcase classname="Inkbox.Tests.ContentFulTest" name="TC_4944_InkboxTraceTitle_validation_Contentful" time="0.0">
    <skipped/>
  </testcase> <!-- TC_4944_InkboxTraceTitle_validation_Contentful -->
  <testcase classname="Inkbox.Tests.ContentFulTest" name="TC_4951_Verify_General_FAQ_ContentFul" time="163.153">
    <skipped/>
  </testcase> <!-- TC_4951_Verify_General_FAQ_ContentFul -->
  <testcase classname="Inkbox.Tests.ContentFulTest" name="TC_4943_Trace_App_Value_Props_Validation_Contentful" time="225.853">
    <failure type="java.lang.AssertionError">
      <![CDATA[java.lang.AssertionError
at org.junit.Assert.fail(Assert.java:86)
at org.junit.Assert.fail(Assert.java:95)
at Helpers.ControlHelpers.WaitForElementAndClick(ControlHelpers.java:457)
at Inkbox.Pages.ContentfulPage.InkboxTrace_App_Value_Props(ContentfulPage.java:449)
at Inkbox.Tests.ContentFulTest.TC_4943_Trace_App_Value_Props_Validation_Contentful(ContentFulTest.java:165)
at java.base/java.util.concurrent.ThreadPoolExecutor.runWorker(ThreadPoolExecutor.java:1130)
at java.base/java.util.concurrent.ThreadPoolExecutor$Worker.run(ThreadPoolExecutor.java:630)
at java.base/java.lang.Thread.run(Thread.java:831)
... Removed 12 stack frames]]>
    </failure>
  </testcase> <!-- TC_4943_Trace_App_Value_Props_Validation_Contentful -->
  <testcase classname="Inkbox.Tests.Nova_Test" name="TC_4963_Validate_FrequentlyPurchased_Custom_Upsell" time="205.065">
    <skipped/>
  </testcase> <!-- TC_4963_Validate_FrequentlyPurchased_Custom_Upsell -->
  <testcase classname="Inkbox.Tests.Nova_Test" name="TC_4962_Validate_FrequentlyPurchased_Mix_Upsell" time="208.141">
    <skipped/>
  </testcase> <!-- TC_4962_Validate_FrequentlyPurchased_Mix_Upsell -->
  <testcase classname="Inkbox.Tests.ContentFulTest" name="TC_4954_Verify_InkFam_FAQ_ContentFul" time="0.0">
    <skipped/>
  </testcase> <!-- TC_4954_Verify_InkFam_FAQ_ContentFul -->
  <testcase classname="Inkbox.Tests.ContentFulTest" name="TC_4951_Verify_General_FAQ_ContentFul" time="160.449"/>
  <testcase classname="Inkbox.Tests.Nova_Test" name="TC_4964_Validate_FrequentlyPurchased_Catalog_Upsell" time="253.986"/>
  <testcase classname="Inkbox.Tests.Nova_Test" name="TC_4965_Validate_FrequentlyPurchased_Freehand_Upsell" time="204.582"/>
  <testcase classname="Inkbox.Tests.Nova_Test" name="TC_4972_Verify_HowItsWorks_Nova" time="105.151">
    <skipped/>
  </testcase> <!-- TC_4972_Verify_HowItsWorks_Nova -->
  <testcase classname="Inkbox.Tests.Nova_Test" name="TC_4963_Validate_FrequentlyPurchased_Custom_Upsell" time="207.544">
    <failure type="java.lang.AssertionError">
      <![CDATA[java.lang.AssertionError
at org.junit.Assert.fail(Assert.java:86)
at org.junit.Assert.fail(Assert.java:95)
at Helpers.ControlHelpers.ButtonClick2(ControlHelpers.java:182)
at Inkbox.Pages.Nova_Page.GettingData_Custom_Upsell_inkbox(Nova_Page.java:613)
at Inkbox.Pages.Nova_Page.FrequentlyPurchased_Custom(Nova_Page.java:923)
at Inkbox.Tests.Nova_Test.TC_4963_Validate_FrequentlyPurchased_Custom_Upsell(Nova_Test.java:72)
at java.base/java.util.concurrent.ThreadPoolExecutor.runWorker(ThreadPoolExecutor.java:1130)
at java.base/java.util.concurrent.ThreadPoolExecutor$Worker.run(ThreadPoolExecutor.java:630)
at java.base/java.lang.Thread.run(Thread.java:831)
... Removed 12 stack frames]]>
    </failure>
  </testcase> <!-- TC_4963_Validate_FrequentlyPurchased_Custom_Upsell -->
  <testcase classname="Inkbox.Tests.Nova_Test" name="TC_4962_Validate_FrequentlyPurchased_Mix_Upsell" time="214.846">
    <failure type="java.lang.AssertionError">
      <![CDATA[java.lang.AssertionError
at org.junit.Assert.fail(Assert.java:86)
at org.junit.Assert.fail(Assert.java:95)
at Helpers.ControlHelpers.ButtonClick2(ControlHelpers.java:182)
at Inkbox.Pages.Nova_Page.Adding_CustomProducts_Upsell(Nova_Page.java:486)
at Inkbox.Pages.Nova_Page.GettingData_Mix_Upsell_inkbox(Nova_Page.java:553)
at Inkbox.Pages.Nova_Page.FrequentlyPurchased_MixUpsell(Nova_Page.java:897)
at Inkbox.Tests.Nova_Test.TC_4962_Validate_FrequentlyPurchased_Mix_Upsell(Nova_Test.java:61)
at java.base/java.util.concurrent.ThreadPoolExecutor.runWorker(ThreadPoolExecutor.java:1130)
at java.base/java.util.concurrent.ThreadPoolExecutor$Worker.run(ThreadPoolExecutor.java:630)
at java.base/java.lang.Thread.run(Thread.java:831)
... Removed 12 stack frames]]>
    </failure>
  </testcase> <!-- TC_4962_Validate_FrequentlyPurchased_Mix_Upsell -->
  <testcase classname="Inkbox.Tests.Nova_Test" name="TC_4966_Validate_Frequently_Purchased_Bundles" time="191.241"/>
  <testcase classname="Inkbox.Tests.Nova_Test" name="TC_4973_Verify_TattooMarker" time="105.264">
    <skipped/>
  </testcase> <!-- TC_4973_Verify_TattooMarker -->
  <testcase classname="Inkbox.Tests.Nova_Test" name="TC_4970_Quiz_Nova_Validation" time="249.31">
    <skipped/>
  </testcase> <!-- TC_4970_Quiz_Nova_Validation -->
  <testcase classname="Inkbox.Tests.Nova_Test" name="TC_4972_Verify_HowItsWorks_Nova" time="105.825">
    <failure type="java.lang.AssertionError">
      <![CDATA[java.lang.AssertionError
at org.junit.Assert.fail(Assert.java:86)
at org.junit.Assert.fail(Assert.java:95)
at Helpers.ControlHelpers.getText(ControlHelpers.java:265)
at Inkbox.Pages.Nova_Page.Validate_How_Its_Works(Nova_Page.java:1768)
at Inkbox.Tests.Nova_Test.TC_4972_Verify_HowItsWorks_Nova(Nova_Test.java:162)
at java.base/java.util.concurrent.ThreadPoolExecutor.runWorker(ThreadPoolExecutor.java:1130)
at java.base/java.util.concurrent.ThreadPoolExecutor$Worker.run(ThreadPoolExecutor.java:630)
at java.base/java.lang.Thread.run(Thread.java:831)
... Removed 12 stack frames]]>
    </failure>
  </testcase> <!-- TC_4972_Verify_HowItsWorks_Nova -->
  <testcase classname="Inkbox.Tests.Nova_Test" name="TC_4979_Verify_Toast" time="82.234">
    <skipped/>
  </testcase> <!-- TC_4979_Verify_Toast -->
  <testcase classname="Inkbox.Tests.Nova_Test" name="TC_4973_Verify_TattooMarker" time="97.269">
    <failure type="java.lang.AssertionError">
      <![CDATA[java.lang.AssertionError
at org.junit.Assert.fail(Assert.java:86)
at org.junit.Assert.fail(Assert.java:95)
at Helpers.ControlHelpers.getText(ControlHelpers.java:265)
at Inkbox.Pages.Nova_Page.Validate_TattooMarker_Nova(Nova_Page.java:1823)
at Inkbox.Tests.Nova_Test.TC_4973_Verify_TattooMarker(Nova_Test.java:172)
at java.base/java.util.concurrent.ThreadPoolExecutor.runWorker(ThreadPoolExecutor.java:1130)
at java.base/java.util.concurrent.ThreadPoolExecutor$Worker.run(ThreadPoolExecutor.java:630)
at java.base/java.lang.Thread.run(Thread.java:831)
... Removed 12 stack frames]]>
    </failure>
  </testcase> <!-- TC_4973_Verify_TattooMarker -->
  <testcase classname="Inkbox.Tests.Nova_Test" name="TC_4978_Verify_Searchablepage" time="162.971"/>
  <testcase classname="Inkbox.Tests.Nova_Test" name="TC_4979_Verify_Toast" time="82.174">
    <failure type="java.lang.AssertionError">
      <![CDATA[java.lang.AssertionError
at org.junit.Assert.fail(Assert.java:86)
at org.junit.Assert.fail(Assert.java:95)
at Helpers.ControlHelpers.JavaScriptExecutor_Button_Click(ControlHelpers.java:249)
at Inkbox.Pages.Nova_Page.Validate_Toast(Nova_Page.java:101)
at Inkbox.Tests.Nova_Test.TC_4979_Verify_Toast(Nova_Test.java:219)
at java.base/java.util.concurrent.ThreadPoolExecutor.runWorker(ThreadPoolExecutor.java:1130)
at java.base/java.util.concurrent.ThreadPoolExecutor$Worker.run(ThreadPoolExecutor.java:630)
at java.base/java.lang.Thread.run(Thread.java:831)
... Removed 12 stack frames]]>
    </failure>
  </testcase> <!-- TC_4979_Verify_Toast -->
  <testcase classname="Inkbox.Tests.Nova_Test" name="TC_4976_Verify_Sale_Nova" time="293.847"/>
  <testcase classname="Inkbox.Tests.Nova_Test" name="TC_4970_Quiz_Nova_Validation" time="256.537">
    <failure type="org.openqa.selenium.NoSuchElementException" message="Unable to locate element: //iframe[@title=&amp;apos;typeform-embed&amp;apos;]
For documentation on this error, please visit: https://www.seleniumhq.org/exceptions/no_such_element.html
Build info: version: &amp;apos;3.141.59&amp;apos;, revision: &amp;apos;e82be7d358&amp;apos;, time: &amp;apos;2018-11-14T08:17:03&amp;apos;
System info: host: &amp;apos;DESKTOP-9NIDAD7&amp;apos;, ip: &amp;apos;10.0.0.164&amp;apos;, os.name: &amp;apos;Windows 10&amp;apos;, os.arch: &amp;apos;amd64&amp;apos;, os.version: &amp;apos;10.0&amp;apos;, java.version: &amp;apos;16.0.1&amp;apos;
Driver info: org.openqa.selenium.firefox.FirefoxDriver
Capabilities {acceptInsecureCerts: true, browserName: firefox, browserVersion: 101.0.1, javascriptEnabled: true, moz:accessibilityChecks: false, moz:buildID: 20220608170832, moz:geckodriverVersion: 0.29.1, moz:headless: false, moz:processID: 27524, moz:profile: C:\Users\IBCK-W~1\AppData\L..., moz:shutdownTimeout: 60000, moz:useNonSpecCompliantPointerOrigin: false, moz:webdriverClick: true, pageLoadStrategy: normal, platform: WINDOWS, platformName: WINDOWS, platformVersion: 10.0, proxy: Proxy(), setWindowRect: true, strictFileInteractability: false, timeouts: {implicit: 0, pageLoad: 300000, script: 30000}, unhandledPromptBehavior: dismiss and notify}
Session ID: 33467832-8977-45a3-aacb-e112861296bf
*** Element info: {Using=xpath, value=//iframe[@title=&amp;apos;typeform-embed&amp;apos;]}">
      <![CDATA[org.openqa.selenium.NoSuchElementException: Unable to locate element: //iframe[@title='typeform-embed']
For documentation on this error, please visit: https://www.seleniumhq.org/exceptions/no_such_element.html
Build info: version: '3.141.59', revision: 'e82be7d358', time: '2018-11-14T08:17:03'
System info: host: 'DESKTOP-9NIDAD7', ip: '10.0.0.164', os.name: 'Windows 10', os.arch: 'amd64', os.version: '10.0', java.version: '16.0.1'
Driver info: org.openqa.selenium.firefox.FirefoxDriver
Capabilities {acceptInsecureCerts: true, browserName: firefox, browserVersion: 101.0.1, javascriptEnabled: true, moz:accessibilityChecks: false, moz:buildID: 20220608170832, moz:geckodriverVersion: 0.29.1, moz:headless: false, moz:processID: 27524, moz:profile: C:\Users\IBCK-W~1\AppData\L..., moz:shutdownTimeout: 60000, moz:useNonSpecCompliantPointerOrigin: false, moz:webdriverClick: true, pageLoadStrategy: normal, platform: WINDOWS, platformName: WINDOWS, platformVersion: 10.0, proxy: Proxy(), setWindowRect: true, strictFileInteractability: false, timeouts: {implicit: 0, pageLoad: 300000, script: 30000}, unhandledPromptBehavior: dismiss and notify}
Session ID: 33467832-8977-45a3-aacb-e112861296bf
*** Element info: {Using=xpath, value=//iframe[@title='typeform-embed']}
at org.openqa.selenium.remote.http.W3CHttpResponseCodec.createException(W3CHttpResponseCodec.java:187)
at org.openqa.selenium.remote.http.W3CHttpResponseCodec.decode(W3CHttpResponseCodec.java:122)
at org.openqa.selenium.remote.http.W3CHttpResponseCodec.decode(W3CHttpResponseCodec.java:49)
at org.openqa.selenium.remote.HttpCommandExecutor.execute(HttpCommandExecutor.java:158)
at org.openqa.selenium.remote.service.DriverCommandExecutor.execute(DriverCommandExecutor.java:83)
at org.openqa.selenium.remote.RemoteWebDriver.execute(RemoteWebDriver.java:552)
at org.openqa.selenium.remote.RemoteWebDriver.findElement(RemoteWebDriver.java:323)
at org.openqa.selenium.remote.RemoteWebDriver.findElementByXPath(RemoteWebDriver.java:428)
at org.openqa.selenium.By$ByXPath.findElement(By.java:353)
at org.openqa.selenium.remote.RemoteWebDriver.findElement(RemoteWebDriver.java:315)
at Inkbox.Pages.QuizPage.Validate_StartQuiz(QuizPage.java:248)
at Inkbox.Pages.QuizPage.Press_StartQuiz(QuizPage.java:259)
at Inkbox.Pages.QuizPage.Complete_Quiz(QuizPage.java:329)
at Inkbox.Pages.Nova_Page.Validate_Quiz_Nova(Nova_Page.java:1607)
at Inkbox.Tests.Nova_Test.TC_4970_Quiz_Nova_Validation(Nova_Test.java:143)
at java.base/java.util.concurrent.ThreadPoolExecutor.runWorker(ThreadPoolExecutor.java:1130)
at java.base/java.util.concurrent.ThreadPoolExecutor$Worker.run(ThreadPoolExecutor.java:630)
at java.base/java.lang.Thread.run(Thread.java:831)
... Removed 16 stack frames]]>
    </failure>
  </testcase> <!-- TC_4970_Quiz_Nova_Validation -->
  <testcase classname="Inkbox.Tests.ProductSearchTest" name="TC_5019_Verify_ItemAddedToFavourites_Guestuser" time="202.687">
    <skipped/>
  </testcase> <!-- TC_5019_Verify_ItemAddedToFavourites_Guestuser -->
  <testcase classname="Inkbox.Tests.ProductSearchTest" name="TC_5065_PopularSearches_validation_Guestuser" time="130.191"/>
  <testcase classname="Inkbox.Tests.ProductSearchTest" name="TC_5013_SearchBox_NoResultsFound_validation" time="286.864">
    <skipped/>
  </testcase> <!-- TC_5013_SearchBox_NoResultsFound_validation -->
  <testcase classname="Inkbox.Tests.ProductSearchTest" name="TC_5064_Verify_Changepassword_LessThanEightChar" time="294.637">
    <skipped/>
  </testcase> <!-- TC_5064_Verify_Changepassword_LessThanEightChar -->
  <testcase classname="Inkbox.Tests.ProductSearchTest" name="TC_5019_Verify_ItemAddedToFavourites_Guestuser" time="202.481">
    <failure type="java.lang.AssertionError">
      <![CDATA[java.lang.AssertionError
at org.junit.Assert.fail(Assert.java:86)
at org.junit.Assert.fail(Assert.java:95)
at Inkbox.Pages.ProductsPage.Adding_ItemsTofavourites_Under_GuestUser(ProductsPage.java:1231)
at Inkbox.Tests.ProductSearchTest.TC_5019_Verify_ItemAddedToFavourites_Guestuser(ProductSearchTest.java:66)
at java.base/java.util.concurrent.ThreadPoolExecutor.runWorker(ThreadPoolExecutor.java:1130)
at java.base/java.util.concurrent.ThreadPoolExecutor$Worker.run(ThreadPoolExecutor.java:630)
at java.base/java.lang.Thread.run(Thread.java:831)
... Removed 12 stack frames]]>
    </failure>
  </testcase> <!-- TC_5019_Verify_ItemAddedToFavourites_Guestuser -->
  <testcase classname="Inkbox.Tests.ProductSearchTest" name="TC_5066_Validate_Pagination_By_page_Numbers" time="294.679">
    <skipped/>
  </testcase> <!-- TC_5066_Validate_Pagination_By_page_Numbers -->
  <testcase classname="Inkbox.Tests.ProductSearchTest" name="TC_5067_Validate_Pagination_Using_NavButton" time="294.663">
    <skipped/>
  </testcase> <!-- TC_5067_Validate_Pagination_Using_NavButton -->
  <testcase classname="Inkbox.Tests.ProductSearchTest" name="TC_5013_SearchBox_NoResultsFound_validation" time="294.541">
    <failure type="java.lang.AssertionError">
      <![CDATA[java.lang.AssertionError
at org.junit.Assert.fail(Assert.java:86)
at org.junit.Assert.fail(Assert.java:95)
at Helpers.ControlHelpers.WaitForElement(ControlHelpers.java:442)
at Inkbox.Pages.LoginPage.ClickLogin_link(LoginPage.java:128)
at Inkbox.Pages.LoginPage.UserLogin(LoginPage.java:205)
at Inkbox.Tests.ProductSearchTest.TC_5013_SearchBox_NoResultsFound_validation(ProductSearchTest.java:47)
at java.base/java.util.concurrent.ThreadPoolExecutor.runWorker(ThreadPoolExecutor.java:1130)
at java.base/java.util.concurrent.ThreadPoolExecutor$Worker.run(ThreadPoolExecutor.java:630)
at java.base/java.lang.Thread.run(Thread.java:831)
... Removed 12 stack frames]]>
    </failure>
  </testcase> <!-- TC_5013_SearchBox_NoResultsFound_validation -->
  <testcase classname="Inkbox.Tests.ProductSearchTest" name="TC_5064_Verify_Changepassword_LessThanEightChar" time="294.73">
    <failure type="java.lang.AssertionError">
      <![CDATA[java.lang.AssertionError
at org.junit.Assert.fail(Assert.java:86)
at org.junit.Assert.fail(Assert.java:95)
at Helpers.ControlHelpers.WaitForElement(ControlHelpers.java:442)
at Inkbox.Pages.LoginPage.ClickLogin_link(LoginPage.java:128)
at Inkbox.Pages.LoginPage.SignUpUserLogin(LoginPage.java:230)
at Inkbox.Tests.ProductSearchTest.TC_5064_Verify_Changepassword_LessThanEightChar(ProductSearchTest.java:270)
at java.base/java.util.concurrent.ThreadPoolExecutor.runWorker(ThreadPoolExecutor.java:1130)
at java.base/java.util.concurrent.ThreadPoolExecutor$Worker.run(ThreadPoolExecutor.java:630)
at java.base/java.lang.Thread.run(Thread.java:831)
... Removed 12 stack frames]]>
    </failure>
  </testcase> <!-- TC_5064_Verify_Changepassword_LessThanEightChar -->
  <testcase classname="Inkbox.Tests.Nova_Test" name="TC_4981_Verify_Shop_From_Nova" time="847.678">
    <skipped/>
  </testcase> <!-- TC_4981_Verify_Shop_From_Nova -->
  <testcase classname="Inkbox.Tests.ProductSearchTest" name="TC_5068_RecentSearches_validation" time="286.662">
    <skipped/>
  </testcase> <!-- TC_5068_RecentSearches_validation -->
  <testcase classname="Inkbox.Tests.ProductSearchTest" name="TC_5066_Validate_Pagination_By_page_Numbers" time="294.505">
    <failure type="java.lang.AssertionError">
      <![CDATA[java.lang.AssertionError
at org.junit.Assert.fail(Assert.java:86)
at org.junit.Assert.fail(Assert.java:95)
at Helpers.ControlHelpers.WaitForElement(ControlHelpers.java:442)
at Inkbox.Pages.LoginPage.ClickLogin_link(LoginPage.java:128)
at Inkbox.Pages.LoginPage.UserLogin(LoginPage.java:205)
at Inkbox.Tests.ProductSearchTest.TC_5066_Validate_Pagination_By_page_Numbers(ProductSearchTest.java:83)
at java.base/java.util.concurrent.ThreadPoolExecutor.runWorker(ThreadPoolExecutor.java:1130)
at java.base/java.util.concurrent.ThreadPoolExecutor$Worker.run(ThreadPoolExecutor.java:630)
at java.base/java.lang.Thread.run(Thread.java:831)
... Removed 12 stack frames]]>
    </failure>
  </testcase> <!-- TC_5066_Validate_Pagination_By_page_Numbers -->
  <testcase classname="Inkbox.Tests.ProductSearchTest" name="TC_5067_Validate_Pagination_Using_NavButton" time="294.753">
    <failure type="java.lang.AssertionError">
      <![CDATA[java.lang.AssertionError
at org.junit.Assert.fail(Assert.java:86)
at org.junit.Assert.fail(Assert.java:95)
at Helpers.ControlHelpers.WaitForElement(ControlHelpers.java:442)
at Inkbox.Pages.LoginPage.ClickLogin_link(LoginPage.java:128)
at Inkbox.Pages.LoginPage.UserLogin(LoginPage.java:205)
at Inkbox.Tests.ProductSearchTest.TC_5067_Validate_Pagination_Using_NavButton(ProductSearchTest.java:92)
at java.base/java.util.concurrent.ThreadPoolExecutor.runWorker(ThreadPoolExecutor.java:1130)
at java.base/java.util.concurrent.ThreadPoolExecutor$Worker.run(ThreadPoolExecutor.java:630)
at java.base/java.lang.Thread.run(Thread.java:831)
... Removed 12 stack frames]]>
    </failure>
  </testcase> <!-- TC_5067_Validate_Pagination_Using_NavButton -->
  <testcase classname="Inkbox.Tests.ProductSearchTest" name="TC_5070_FilterBy_Artists" time="294.769">
    <skipped/>
  </testcase> <!-- TC_5070_FilterBy_Artists -->
  <testcase classname="Inkbox.Tests.ProductSearchTest" name="TC_5071_FilterBy_Categories" time="294.437">
    <skipped/>
  </testcase> <!-- TC_5071_FilterBy_Categories -->
  <testcase classname="Inkbox.Tests.ProductSearchTest" name="TC_5068_RecentSearches_validation" time="286.881">
    <failure type="java.lang.AssertionError">
      <![CDATA[java.lang.AssertionError
at org.junit.Assert.fail(Assert.java:86)
at org.junit.Assert.fail(Assert.java:95)
at Helpers.ControlHelpers.WaitForElement(ControlHelpers.java:442)
at Inkbox.Pages.LoginPage.ClickLogin_link(LoginPage.java:128)
at Inkbox.Pages.LoginPage.UserLogin(LoginPage.java:205)
at Inkbox.Tests.ProductSearchTest.TC_5068_RecentSearches_validation(ProductSearchTest.java:102)
at java.base/java.util.concurrent.ThreadPoolExecutor.runWorker(ThreadPoolExecutor.java:1130)
at java.base/java.util.concurrent.ThreadPoolExecutor$Worker.run(ThreadPoolExecutor.java:630)
at java.base/java.lang.Thread.run(Thread.java:831)
... Removed 12 stack frames]]>
    </failure>
  </testcase> <!-- TC_5068_RecentSearches_validation -->
  <testcase classname="Inkbox.Tests.ProductSearchTest" name="TC_5072_FilterBy_All_Sizes" time="294.971">
    <skipped/>
  </testcase> <!-- TC_5072_FilterBy_All_Sizes -->
  <testcase classname="Inkbox.Tests.ProductSearchTest" name="TC_5073_FilterBy_Random_Category" time="286.616">
    <skipped/>
  </testcase> <!-- TC_5073_FilterBy_Random_Category -->
  <testcase classname="Inkbox.Tests.ProductSearchTest" name="TC_5071_FilterBy_Categories" time="294.645">
    <failure type="java.lang.AssertionError">
      <![CDATA[java.lang.AssertionError
at org.junit.Assert.fail(Assert.java:86)
at org.junit.Assert.fail(Assert.java:95)
at Helpers.ControlHelpers.WaitForElement(ControlHelpers.java:442)
at Inkbox.Pages.LoginPage.ClickLogin_link(LoginPage.java:128)
at Inkbox.Pages.LoginPage.UserLogin(LoginPage.java:205)
at Inkbox.Tests.ProductSearchTest.TC_5071_FilterBy_Categories(ProductSearchTest.java:132)
at java.base/java.util.concurrent.ThreadPoolExecutor.runWorker(ThreadPoolExecutor.java:1130)
at java.base/java.util.concurrent.ThreadPoolExecutor$Worker.run(ThreadPoolExecutor.java:630)
at java.base/java.lang.Thread.run(Thread.java:831)
... Removed 12 stack frames]]>
    </failure>
  </testcase> <!-- TC_5071_FilterBy_Categories -->
  <testcase classname="Inkbox.Tests.ProductSearchTest" name="TC_5075_Autosuggestion_Validation_Negative" time="0.0">
    <skipped/>
  </testcase> <!-- TC_5075_Autosuggestion_Validation_Negative -->
  <testcase classname="Inkbox.Tests.ProductSearchTest" name="TC_5074_Autosuggestion_Validation" time="286.546">
    <skipped/>
  </testcase> <!-- TC_5074_Autosuggestion_Validation -->
  <testcase classname="Inkbox.Tests.ProductSearchTest" name="TC_5076_EmptySearchBox_Validation" time="0.0">
    <skipped/>
  </testcase> <!-- TC_5076_EmptySearchBox_Validation -->
  <testcase classname="Inkbox.Tests.ProductSearchTest" name="TC_5072_FilterBy_All_Sizes" time="294.426">
    <failure type="java.lang.AssertionError">
      <![CDATA[java.lang.AssertionError
at org.junit.Assert.fail(Assert.java:86)
at org.junit.Assert.fail(Assert.java:95)
at Helpers.ControlHelpers.WaitForElement(ControlHelpers.java:442)
at Inkbox.Pages.LoginPage.ClickLogin_link(LoginPage.java:128)
at Inkbox.Pages.LoginPage.UserLogin(LoginPage.java:205)
at Inkbox.Tests.ProductSearchTest.TC_5072_FilterBy_All_Sizes(ProductSearchTest.java:143)
at java.base/java.util.concurrent.ThreadPoolExecutor.runWorker(ThreadPoolExecutor.java:1130)
at java.base/java.util.concurrent.ThreadPoolExecutor$Worker.run(ThreadPoolExecutor.java:630)
at java.base/java.lang.Thread.run(Thread.java:831)
... Removed 12 stack frames]]>
    </failure>
  </testcase> <!-- TC_5072_FilterBy_All_Sizes -->
  <testcase classname="Inkbox.Tests.ProductSearchTest" name="TC_5077_SearchResults_Validation" time="0.0">
    <skipped/>
  </testcase> <!-- TC_5077_SearchResults_Validation -->
  <testcase classname="Inkbox.Tests.ProductSearchTest" name="TC_5070_FilterBy_Artists" time="186.733">
    <failure type="java.lang.AssertionError">
      <![CDATA[java.lang.AssertionError
at org.junit.Assert.fail(Assert.java:86)
at org.junit.Assert.fail(Assert.java:95)
at Helpers.ControlHelpers.WaitForElement(ControlHelpers.java:442)
at Inkbox.Pages.BasePage.AcctountIcon(BasePage.java:1583)
at Inkbox.Pages.LoginPage.UserLogin(LoginPage.java:203)
at Inkbox.Tests.ProductSearchTest.TC_5070_FilterBy_Artists(ProductSearchTest.java:123)
at java.base/java.util.concurrent.ThreadPoolExecutor.runWorker(ThreadPoolExecutor.java:1130)
at java.base/java.util.concurrent.ThreadPoolExecutor$Worker.run(ThreadPoolExecutor.java:630)
at java.base/java.lang.Thread.run(Thread.java:831)
... Removed 12 stack frames]]>
    </failure>
  </testcase> <!-- TC_5070_FilterBy_Artists -->
  <testcase classname="Inkbox.Tests.ProductSearchTest" name="TC_5078_SortByPriceLowToHigh" time="0.0">
    <skipped/>
  </testcase> <!-- TC_5078_SortByPriceLowToHigh -->
  <testcase classname="Inkbox.Tests.ProductSearchTest" name="TC_5079_SortByPriceHighToLow" time="0.0">
    <skipped/>
  </testcase> <!-- TC_5079_SortByPriceHighToLow -->
  <testcase classname="Inkbox.Tests.ProductSearchTest" name="TC_5080_Validate_SearchResults" time="0.0">
    <skipped/>
  </testcase> <!-- TC_5080_Validate_SearchResults -->
  <testcase classname="Inkbox.Tests.ProductSearchTest" name="TC_5081_FilterBySize" time="0.0">
    <skipped/>
  </testcase> <!-- TC_5081_FilterBySize -->
  <testcase classname="Inkbox.Tests.ProductSearchTest" name="TC_5073_FilterBy_Random_Category" time="294.797">
    <failure type="java.lang.AssertionError">
      <![CDATA[java.lang.AssertionError
at org.junit.Assert.fail(Assert.java:86)
at org.junit.Assert.fail(Assert.java:95)
at Helpers.ControlHelpers.WaitForElement(ControlHelpers.java:442)
at Inkbox.Pages.LoginPage.ClickLogin_link(LoginPage.java:128)
at Inkbox.Pages.LoginPage.UserLogin(LoginPage.java:205)
at Inkbox.Tests.ProductSearchTest.TC_5073_FilterBy_Random_Category(ProductSearchTest.java:152)
at java.base/java.util.concurrent.ThreadPoolExecutor.runWorker(ThreadPoolExecutor.java:1130)
at java.base/java.util.concurrent.ThreadPoolExecutor$Worker.run(ThreadPoolExecutor.java:630)
at java.base/java.lang.Thread.run(Thread.java:831)
... Removed 12 stack frames]]>
    </failure>
  </testcase> <!-- TC_5073_FilterBy_Random_Category -->
  <testcase classname="Inkbox.Tests.ProductSearchTest" name="TC_5082_Validate_PresentUrl_with_PreviousUrl" time="0.0">
    <skipped/>
  </testcase> <!-- TC_5082_Validate_PresentUrl_with_PreviousUrl -->
  <testcase classname="Inkbox.Tests.ProductSearchTest" name="TC_5083_ValidatePricingBlock" time="0.0">
    <skipped/>
  </testcase> <!-- TC_5083_ValidatePricingBlock -->
  <testcase classname="Inkbox.Tests.Nova_Test" name="TC_4981_Verify_Shop_From_Nova" time="863.535">
    <failure type="java.lang.AssertionError" message="The following asserts failed:
	null">
      <![CDATA[java.lang.AssertionError: The following asserts failed:
null
at Inkbox.Pages.Nova_Page.Shop_Validation(Nova_Page.java:458)
at Inkbox.Tests.Nova_Test.TC_4981_Verify_Shop_From_Nova(Nova_Test.java:237)
at java.base/java.util.concurrent.ThreadPoolExecutor.runWorker(ThreadPoolExecutor.java:1130)
at java.base/java.util.concurrent.ThreadPoolExecutor$Worker.run(ThreadPoolExecutor.java:630)
at java.base/java.lang.Thread.run(Thread.java:831)
... Removed 14 stack frames]]>
    </failure>
  </testcase> <!-- TC_4981_Verify_Shop_From_Nova -->
  <testcase classname="Inkbox.Tests.TraceTest" name="TC_5097_Verify_Trace" time="32.389">
    <failure type="java.lang.AssertionError">
      <![CDATA[java.lang.AssertionError
at org.junit.Assert.fail(Assert.java:86)
at org.junit.Assert.fail(Assert.java:95)
at Helpers.ControlHelpers.ButtonClick2(ControlHelpers.java:182)
at Inkbox.Pages.TracePage.Validate_ExploreDesign(TracePage.java:188)
at Inkbox.Pages.TracePage.Validate_Trace(TracePage.java:358)
at Inkbox.Tests.TraceTest.TC_5097_Verify_Trace(TraceTest.java:51)
at java.base/java.util.concurrent.ThreadPoolExecutor.runWorker(ThreadPoolExecutor.java:1130)
at java.base/java.util.concurrent.ThreadPoolExecutor$Worker.run(ThreadPoolExecutor.java:630)
at java.base/java.lang.Thread.run(Thread.java:831)
... Removed 12 stack frames]]>
    </failure>
  </testcase> <!-- TC_5097_Verify_Trace -->
  <testcase classname="Inkbox.Tests.QuizTest" name="TC_5085_Validate_QuizPageAvailability" time="85.293"/>
  <testcase classname="Inkbox.Tests.ProductSearchTest" name="TC_5074_Autosuggestion_Validation" time="286.577">
    <failure type="java.lang.AssertionError">
      <![CDATA[java.lang.AssertionError
at org.junit.Assert.fail(Assert.java:86)
at org.junit.Assert.fail(Assert.java:95)
at Helpers.ControlHelpers.WaitForElement(ControlHelpers.java:442)
at Inkbox.Pages.LoginPage.ClickLogin_link(LoginPage.java:128)
at Inkbox.Pages.LoginPage.UserLogin(LoginPage.java:205)
at Inkbox.Tests.ProductSearchTest.TC_5074_Autosuggestion_Validation(ProductSearchTest.java:161)
at java.base/java.util.concurrent.ThreadPoolExecutor.runWorker(ThreadPoolExecutor.java:1130)
at java.base/java.util.concurrent.ThreadPoolExecutor$Worker.run(ThreadPoolExecutor.java:630)
at java.base/java.lang.Thread.run(Thread.java:831)
... Removed 12 stack frames]]>
    </failure>
  </testcase> <!-- TC_5074_Autosuggestion_Validation -->
  <testcase classname="Inkbox.Tests.GeoLocationTest" name="TC_5122_Geoloction_Validation_for_Dollar_Sign_And_Text_In_AllTattoos" time="286.922">
    <skipped/>
  </testcase> <!-- TC_5122_Geoloction_Validation_for_Dollar_Sign_And_Text_In_AllTattoos -->
  <testcase classname="Inkbox.Tests.GeoLocationTest" name="TC_5125_DollarSign_priceTag_Validation_Cart_Geolocation" time="294.659">
    <skipped/>
  </testcase> <!-- TC_5125_DollarSign_priceTag_Validation_Cart_Geolocation -->
  <testcase classname="Inkbox.Tests.GeoLocationTest" name="TC_5126_Custom_DollarSign_priceTag_Validation_Cart_Geolocation" time="294.857">
    <skipped/>
  </testcase> <!-- TC_5126_Custom_DollarSign_priceTag_Validation_Cart_Geolocation -->
  <testcase classname="Inkbox.Tests.GeoLocationTest" name="TC_5127_SubTotal_Total_priceTag_Validation_Geolocation" time="286.526">
    <skipped/>
  </testcase> <!-- TC_5127_SubTotal_Total_priceTag_Validation_Geolocation -->
  <testcase classname="Inkbox.Tests.GeoLocationTest" name="TC_5128_CheckoutPage_priceTag_Validation_Geolocation" time="294.639">
    <skipped/>
  </testcase> <!-- TC_5128_CheckoutPage_priceTag_Validation_Geolocation -->
  <testcase classname="Inkbox.Tests.HomePageTest" name="TC_5207_Verify_EmailField_Footer" time="294.808">
    <skipped/>
  </testcase> <!-- TC_5207_Verify_EmailField_Footer -->
  <testcase classname="Inkbox.Tests.GeoLocationTest" name="TC_5122_Geoloction_Validation_for_Dollar_Sign_And_Text_In_AllTattoos" time="286.529">
    <failure type="java.lang.AssertionError">
      <![CDATA[java.lang.AssertionError
at org.junit.Assert.fail(Assert.java:86)
at org.junit.Assert.fail(Assert.java:95)
at Helpers.ControlHelpers.WaitForElement(ControlHelpers.java:442)
at Inkbox.Pages.LoginPage.ClickLogin_link(LoginPage.java:128)
at Inkbox.Pages.LoginPage.UserLogin(LoginPage.java:205)
at Inkbox.Tests.GeoLocationTest.TC_5122_Geoloction_Validation_for_Dollar_Sign_And_Text_In_AllTattoos(GeoLocationTest.java:63)
at java.base/java.util.concurrent.ThreadPoolExecutor.runWorker(ThreadPoolExecutor.java:1130)
at java.base/java.util.concurrent.ThreadPoolExecutor$Worker.run(ThreadPoolExecutor.java:630)
at java.base/java.lang.Thread.run(Thread.java:831)
... Removed 12 stack frames]]>
    </failure>
  </testcase> <!-- TC_5122_Geoloction_Validation_for_Dollar_Sign_And_Text_In_AllTattoos -->
  <testcase classname="Inkbox.Tests.GeoLocationTest" name="TC_5125_DollarSign_priceTag_Validation_Cart_Geolocation" time="294.445">
    <failure type="java.lang.AssertionError">
      <![CDATA[java.lang.AssertionError
at org.junit.Assert.fail(Assert.java:86)
at org.junit.Assert.fail(Assert.java:95)
at Helpers.ControlHelpers.WaitForElement(ControlHelpers.java:442)
at Inkbox.Pages.LoginPage.ClickLogin_link(LoginPage.java:128)
at Inkbox.Pages.LoginPage.UserLogin(LoginPage.java:205)
at Inkbox.Tests.GeoLocationTest.TC_5125_DollarSign_priceTag_Validation_Cart_Geolocation(GeoLocationTest.java:75)
at java.base/java.util.concurrent.ThreadPoolExecutor.runWorker(ThreadPoolExecutor.java:1130)
at java.base/java.util.concurrent.ThreadPoolExecutor$Worker.run(ThreadPoolExecutor.java:630)
at java.base/java.lang.Thread.run(Thread.java:831)
... Removed 12 stack frames]]>
    </failure>
  </testcase> <!-- TC_5125_DollarSign_priceTag_Validation_Cart_Geolocation -->
  <testcase classname="Inkbox.Tests.GeoLocationTest" name="TC_5126_Custom_DollarSign_priceTag_Validation_Cart_Geolocation" time="286.523">
    <failure type="java.lang.AssertionError">
      <![CDATA[java.lang.AssertionError
at org.junit.Assert.fail(Assert.java:86)
at org.junit.Assert.fail(Assert.java:95)
at Helpers.ControlHelpers.WaitForElement(ControlHelpers.java:442)
at Inkbox.Pages.LoginPage.ClickLogin_link(LoginPage.java:128)
at Inkbox.Pages.LoginPage.UserLogin(LoginPage.java:205)
at Inkbox.Tests.GeoLocationTest.TC_5126_Custom_DollarSign_priceTag_Validation_Cart_Geolocation(GeoLocationTest.java:86)
at java.base/java.util.concurrent.ThreadPoolExecutor.runWorker(ThreadPoolExecutor.java:1130)
at java.base/java.util.concurrent.ThreadPoolExecutor$Worker.run(ThreadPoolExecutor.java:630)
at java.base/java.lang.Thread.run(Thread.java:831)
... Removed 12 stack frames]]>
    </failure>
  </testcase> <!-- TC_5126_Custom_DollarSign_priceTag_Validation_Cart_Geolocation -->
  <testcase classname="Inkbox.Tests.SubscriptionTest" name="TC_57752_Adding_Freq_PurchasedItemToCart_Along_with_AnnualPlan" time="0.0">
    <skipped/>
  </testcase> <!-- TC_57752_Adding_Freq_PurchasedItemToCart_Along_with_AnnualPlan -->
  <testcase classname="Inkbox.Tests.GeoLocationTest" name="TC_5127_SubTotal_Total_priceTag_Validation_Geolocation" time="294.443">
    <failure type="java.lang.AssertionError">
      <![CDATA[java.lang.AssertionError
at org.junit.Assert.fail(Assert.java:86)
at org.junit.Assert.fail(Assert.java:95)
at Helpers.ControlHelpers.WaitForElement(ControlHelpers.java:442)
at Inkbox.Pages.LoginPage.ClickLogin_link(LoginPage.java:128)
at Inkbox.Pages.LoginPage.UserLogin(LoginPage.java:205)
at Inkbox.Tests.GeoLocationTest.TC_5127_SubTotal_Total_priceTag_Validation_Geolocation(GeoLocationTest.java:99)
at java.base/java.util.concurrent.ThreadPoolExecutor.runWorker(ThreadPoolExecutor.java:1130)
at java.base/java.util.concurrent.ThreadPoolExecutor$Worker.run(ThreadPoolExecutor.java:630)
at java.base/java.lang.Thread.run(Thread.java:831)
... Removed 12 stack frames]]>
    </failure>
  </testcase> <!-- TC_5127_SubTotal_Total_priceTag_Validation_Geolocation -->
  <testcase classname="Inkbox.Tests.SubscriptionTest" name="TC_57753_Adding_Freq_PurchasedItemToCart_Along_with_SeasonalPlan" time="0.0">
    <skipped/>
  </testcase> <!-- TC_57753_Adding_Freq_PurchasedItemToCart_Along_with_SeasonalPlan -->
  <testcase classname="Inkbox.Tests.TattooMarkerTest" name="TC_57760_Adding_MarkerDuo_ItemToCart" time="3.949">
    <skipped/>
  </testcase> <!-- TC_57760_Adding_MarkerDuo_ItemToCart -->
  <testcase classname="Inkbox.Tests.GeoLocationTest" name="TC_5128_CheckoutPage_priceTag_Validation_Geolocation" time="295.102">
    <failure type="java.lang.AssertionError">
      <![CDATA[java.lang.AssertionError
at org.junit.Assert.fail(Assert.java:86)
at org.junit.Assert.fail(Assert.java:95)
at Helpers.ControlHelpers.WaitForElement(ControlHelpers.java:442)
at Inkbox.Pages.LoginPage.ClickLogin_link(LoginPage.java:128)
at Inkbox.Pages.LoginPage.UserLogin(LoginPage.java:205)
at Inkbox.Tests.GeoLocationTest.TC_5128_CheckoutPage_priceTag_Validation_Geolocation(GeoLocationTest.java:110)
at java.base/java.util.concurrent.ThreadPoolExecutor.runWorker(ThreadPoolExecutor.java:1130)
at java.base/java.util.concurrent.ThreadPoolExecutor$Worker.run(ThreadPoolExecutor.java:630)
at java.base/java.lang.Thread.run(Thread.java:831)
... Removed 12 stack frames]]>
    </failure>
  </testcase> <!-- TC_5128_CheckoutPage_priceTag_Validation_Geolocation -->
  <testcase classname="Inkbox.Tests.TattooMarkerTest" name="TC_57761_Adding_FreehandTattooMarker_ItemToCart" time="4.257">
    <skipped/>
  </testcase> <!-- TC_57761_Adding_FreehandTattooMarker_ItemToCart -->
  <testcase classname="Inkbox.Tests.TattooMarkerTest" name="TC_57760_Adding_MarkerDuo_ItemToCart" time="4.093">
    <failure type="java.lang.NumberFormatException" message="For input string: &amp;quot;&amp;quot;">
      <![CDATA[java.lang.NumberFormatException: For input string: ""
at java.base/java.lang.NumberFormatException.forInputString(NumberFormatException.java:67)
at java.base/java.lang.Integer.parseInt(Integer.java:670)
at java.base/java.lang.Integer.parseInt(Integer.java:778)
at Inkbox.Pages.TattooMarkerPage.ValidateMarker_Duo(TattooMarkerPage.java:143)
at Inkbox.Tests.TattooMarkerTest.TC_57760_Adding_MarkerDuo_ItemToCart(TattooMarkerTest.java:57)
at java.base/java.util.concurrent.ThreadPoolExecutor.runWorker(ThreadPoolExecutor.java:1130)
at java.base/java.util.concurrent.ThreadPoolExecutor$Worker.run(ThreadPoolExecutor.java:630)
at java.base/java.lang.Thread.run(Thread.java:831)
... Removed 12 stack frames]]>
    </failure>
  </testcase> <!-- TC_57760_Adding_MarkerDuo_ItemToCart -->
  <testcase classname="Inkbox.Tests.TattooMarkerTest" name="TC_57761_Adding_FreehandTattooMarker_ItemToCart" time="4.222">
    <failure type="java.lang.NumberFormatException" message="For input string: &amp;quot;&amp;quot;">
      <![CDATA[java.lang.NumberFormatException: For input string: ""
at java.base/java.lang.NumberFormatException.forInputString(NumberFormatException.java:67)
at java.base/java.lang.Integer.parseInt(Integer.java:670)
at java.base/java.lang.Integer.parseInt(Integer.java:778)
at Inkbox.Pages.TattooMarkerPage.ValidateFreehandTattooMarker(TattooMarkerPage.java:60)
at Inkbox.Tests.TattooMarkerTest.TC_57761_Adding_FreehandTattooMarker_ItemToCart(TattooMarkerTest.java:50)
at java.base/java.util.concurrent.ThreadPoolExecutor.runWorker(ThreadPoolExecutor.java:1130)
at java.base/java.util.concurrent.ThreadPoolExecutor$Worker.run(ThreadPoolExecutor.java:630)
at java.base/java.lang.Thread.run(Thread.java:831)
... Removed 12 stack frames]]>
    </failure>
  </testcase> <!-- TC_57761_Adding_FreehandTattooMarker_ItemToCart -->
  <testcase classname="Inkbox.Tests.HomePageTest" name="TC_5207_Verify_EmailField_Footer" time="294.513">
    <failure type="java.lang.AssertionError">
      <![CDATA[java.lang.AssertionError
at org.junit.Assert.fail(Assert.java:86)
at org.junit.Assert.fail(Assert.java:95)
at Helpers.ControlHelpers.WaitForElement(ControlHelpers.java:442)
at Inkbox.Pages.LoginPage.ClickLogin_link(LoginPage.java:128)
at Inkbox.Pages.LoginPage.UserLogin(LoginPage.java:205)
at Inkbox.Tests.HomePageTest.TC_5207_Verify_EmailField_Footer(HomePageTest.java:278)
at java.base/java.util.concurrent.ThreadPoolExecutor.runWorker(ThreadPoolExecutor.java:1130)
at java.base/java.util.concurrent.ThreadPoolExecutor$Worker.run(ThreadPoolExecutor.java:630)
at java.base/java.lang.Thread.run(Thread.java:831)
... Removed 12 stack frames]]>
    </failure>
  </testcase> <!-- TC_5207_Verify_EmailField_Footer -->
  <testcase classname="Inkbox.Tests.TattooMarkerTest" name="TC_57759_Adding_ArtistKit_ItemToCart" time="0.0">
    <skipped/>
  </testcase> <!-- TC_57759_Adding_ArtistKit_ItemToCart -->
  <testcase classname="Inkbox.Tests.HomePageTest" name="TC_57762_Adding_Item_ShopSimilar_validation" time="294.358">
    <skipped/>
  </testcase> <!-- TC_57762_Adding_Item_ShopSimilar_validation -->
  <testcase classname="Inkbox.Tests.HomePageTest" name="TC_57763_ShopSimilar_validation" time="286.601">
    <skipped/>
  </testcase> <!-- TC_57763_ShopSimilar_validation -->
  <testcase classname="Inkbox.Tests.HomePageTest" name="TC_57764_ShopSimilar_on_PDP_validation" time="286.541">
    <skipped/>
  </testcase> <!-- TC_57764_ShopSimilar_on_PDP_validation -->
  <testcase classname="Inkbox.Tests.Nova_Test" name="TC_7482_TieredDiscounts" time="191.418">
    <skipped/>
  </testcase> <!-- TC_7482_TieredDiscounts -->
  <testcase classname="Inkbox.Tests.HomePageTest" name="TC_57765_Adding_Item_ShopSimilar_PDP_validation" time="294.793">
    <skipped/>
  </testcase> <!-- TC_57765_Adding_Item_ShopSimilar_PDP_validation -->
  <testcase classname="Inkbox.Tests.Nova_Test" name="TC_7482_TieredDiscounts" time="183.486">
    <failure type="java.lang.AssertionError">
      <![CDATA[java.lang.AssertionError
at org.junit.Assert.fail(Assert.java:86)
at org.junit.Assert.fail(Assert.java:95)
at Helpers.ControlHelpers.getText(ControlHelpers.java:265)
at Inkbox.Pages.Nova_Page.Validating_TieredDiscounts(Nova_Page.java:860)
at Inkbox.Tests.Nova_Test.TC_7482_TieredDiscounts(Nova_Test.java:46)
at java.base/java.util.concurrent.ThreadPoolExecutor.runWorker(ThreadPoolExecutor.java:1130)
at java.base/java.util.concurrent.ThreadPoolExecutor$Worker.run(ThreadPoolExecutor.java:630)
at java.base/java.lang.Thread.run(Thread.java:831)
... Removed 12 stack frames]]>
    </failure>
  </testcase> <!-- TC_7482_TieredDiscounts -->
  <testcase classname="Inkbox.Tests.HomePageTest" name="TC_57762_Adding_Item_ShopSimilar_validation" time="294.766">
    <failure type="java.lang.AssertionError">
      <![CDATA[java.lang.AssertionError
at org.junit.Assert.fail(Assert.java:86)
at org.junit.Assert.fail(Assert.java:95)
at Helpers.ControlHelpers.WaitForElement(ControlHelpers.java:442)
at Inkbox.Pages.LoginPage.ClickLogin_link(LoginPage.java:128)
at Inkbox.Pages.LoginPage.UserLogin(LoginPage.java:205)
at Inkbox.Tests.HomePageTest.TC_57762_Adding_Item_ShopSimilar_validation(HomePageTest.java:46)
at java.base/java.util.concurrent.ThreadPoolExecutor.runWorker(ThreadPoolExecutor.java:1130)
at java.base/java.util.concurrent.ThreadPoolExecutor$Worker.run(ThreadPoolExecutor.java:630)
at java.base/java.lang.Thread.run(Thread.java:831)
... Removed 12 stack frames]]>
    </failure>
  </testcase> <!-- TC_57762_Adding_Item_ShopSimilar_validation -->
  <testcase classname="Inkbox.Tests.HomePageTest" name="TC_81323_Verify_Changepassword" time="316.128">
    <skipped/>
  </testcase> <!-- TC_81323_Verify_Changepassword -->
  <testcase classname="Inkbox.Tests.HomePageTest" name="TC_57763_ShopSimilar_validation" time="294.4">
    <failure type="java.lang.AssertionError">
      <![CDATA[java.lang.AssertionError
at org.junit.Assert.fail(Assert.java:86)
at org.junit.Assert.fail(Assert.java:95)
at Helpers.ControlHelpers.WaitForElement(ControlHelpers.java:442)
at Inkbox.Pages.LoginPage.ClickLogin_link(LoginPage.java:128)
at Inkbox.Pages.LoginPage.UserLogin(LoginPage.java:205)
at Inkbox.Tests.HomePageTest.TC_57763_ShopSimilar_validation(HomePageTest.java:55)
at java.base/java.util.concurrent.ThreadPoolExecutor.runWorker(ThreadPoolExecutor.java:1130)
at java.base/java.util.concurrent.ThreadPoolExecutor$Worker.run(ThreadPoolExecutor.java:630)
at java.base/java.lang.Thread.run(Thread.java:831)
... Removed 12 stack frames]]>
    </failure>
  </testcase> <!-- TC_57763_ShopSimilar_validation -->
  <testcase classname="Inkbox.Tests.HomePageTest" name="TC_57764_ShopSimilar_on_PDP_validation" time="286.505">
    <failure type="java.lang.AssertionError">
      <![CDATA[java.lang.AssertionError
at org.junit.Assert.fail(Assert.java:86)
at org.junit.Assert.fail(Assert.java:95)
at Helpers.ControlHelpers.WaitForElement(ControlHelpers.java:442)
at Inkbox.Pages.LoginPage.ClickLogin_link(LoginPage.java:128)
at Inkbox.Pages.LoginPage.UserLogin(LoginPage.java:205)
at Inkbox.Tests.HomePageTest.TC_57764_ShopSimilar_on_PDP_validation(HomePageTest.java:64)
at java.base/java.util.concurrent.ThreadPoolExecutor.runWorker(ThreadPoolExecutor.java:1130)
at java.base/java.util.concurrent.ThreadPoolExecutor$Worker.run(ThreadPoolExecutor.java:630)
at java.base/java.lang.Thread.run(Thread.java:831)
... Removed 12 stack frames]]>
    </failure>
  </testcase> <!-- TC_57764_ShopSimilar_on_PDP_validation -->
  <testcase classname="Inkbox.Tests.ContentFulTest" name="Validate_FreeShipping_Page_Contentful" time="0.0">
    <skipped/>
  </testcase> <!-- Validate_FreeShipping_Page_Contentful -->
  <testcase classname="Inkbox.Tests.TattooMarkerTest" name="Validate_TattooMarker" time="0.0">
    <skipped/>
  </testcase> <!-- Validate_TattooMarker -->
  <testcase classname="Inkbox.Tests.HomePageTest" name="TC_57765_Adding_Item_ShopSimilar_PDP_validation" time="364.91"/>
  <testcase classname="Inkbox.Tests.TraceTest" name="Verify_Trace_Watch_Tutorial" time="34.453">
    <failure type="java.lang.AssertionError" message="The following asserts failed:
	null">
      <![CDATA[java.lang.AssertionError: The following asserts failed:
null
at Inkbox.Pages.TracePage.Validate_TraceValidate_WatchTutorial(TracePage.java:387)
at Inkbox.Tests.TraceTest.Verify_Trace_Watch_Tutorial(TraceTest.java:58)
at java.base/java.util.concurrent.ThreadPoolExecutor.runWorker(ThreadPoolExecutor.java:1130)
at java.base/java.util.concurrent.ThreadPoolExecutor$Worker.run(ThreadPoolExecutor.java:630)
at java.base/java.lang.Thread.run(Thread.java:831)
... Removed 14 stack frames]]>
    </failure>
  </testcase> <!-- Verify_Trace_Watch_Tutorial -->
  <testcase classname="Inkbox.Tests.HomePageTest" name="Trace_FAQ_Max_and_Min_Validation" time="286.411">
    <skipped/>
  </testcase> <!-- Trace_FAQ_Max_and_Min_Validation -->
  <testcase classname="Inkbox.Tests.HomePageTest" name="Validate_Footer_Text" time="286.661">
    <skipped/>
  </testcase> <!-- Validate_Footer_Text -->
  <testcase classname="Inkbox.Tests.HomePageTest" name="TC_81323_Verify_Changepassword" time="324.437">
    <failure type="java.lang.AssertionError">
      <![CDATA[java.lang.AssertionError
at org.junit.Assert.fail(Assert.java:86)
at org.junit.Assert.fail(Assert.java:95)
at Helpers.ControlHelpers.WaitForElement(ControlHelpers.java:442)
at Inkbox.Pages.LoginPage.ClickLogin_link(LoginPage.java:128)
at Inkbox.Pages.LoginPage.Login_After_PasswordChanged(LoginPage.java:285)
at Inkbox.Pages.LoginPage.ChangePassword(LoginPage.java:118)
at Inkbox.Tests.HomePageTest.TC_81323_Verify_Changepassword(HomePageTest.java:328)
at java.base/java.util.concurrent.ThreadPoolExecutor.runWorker(ThreadPoolExecutor.java:1130)
at java.base/java.util.concurrent.ThreadPoolExecutor$Worker.run(ThreadPoolExecutor.java:630)
at java.base/java.lang.Thread.run(Thread.java:831)
... Removed 12 stack frames]]>
    </failure>
  </testcase> <!-- TC_81323_Verify_Changepassword -->
  <testcase classname="Inkbox.Tests.HomePageTest" name="Validating_Facebook_Login" time="294.665">
    <skipped/>
  </testcase> <!-- Validating_Facebook_Login -->
  <testcase classname="Inkbox.Tests.QuizTest" name="TC_5086_Press_StartQuiz" time="223.524">
    <skipped/>
  </testcase> <!-- TC_5086_Press_StartQuiz -->
  <testcase classname="Inkbox.Tests.HomePageTest" name="UserImageChangingOrNot" time="294.541">
    <skipped/>
  </testcase> <!-- UserImageChangingOrNot -->
  <testcase classname="Inkbox.Tests.HomePageTest" name="Trace_FAQ_Max_and_Min_Validation" time="286.757">
    <failure type="java.lang.AssertionError">
      <![CDATA[java.lang.AssertionError
at org.junit.Assert.fail(Assert.java:86)
at org.junit.Assert.fail(Assert.java:95)
at Helpers.ControlHelpers.WaitForElement(ControlHelpers.java:442)
at Inkbox.Pages.LoginPage.ClickLogin_link(LoginPage.java:128)
at Inkbox.Pages.LoginPage.UserLogin(LoginPage.java:205)
at Inkbox.Tests.HomePageTest.Trace_FAQ_Max_and_Min_Validation(HomePageTest.java:192)
at java.base/java.util.concurrent.ThreadPoolExecutor.runWorker(ThreadPoolExecutor.java:1130)
at java.base/java.util.concurrent.ThreadPoolExecutor$Worker.run(ThreadPoolExecutor.java:630)
at java.base/java.lang.Thread.run(Thread.java:831)
... Removed 12 stack frames]]>
    </failure>
  </testcase> <!-- Trace_FAQ_Max_and_Min_Validation -->
  <testcase classname="Inkbox.Tests.ContentFulTest" name="TC_4938_Trace_FAQ_Validation_Contentful" time="0.0">
    <skipped/>
  </testcase> <!-- TC_4938_Trace_FAQ_Validation_Contentful -->
  <testcase classname="Inkbox.Tests.QuizTest" name="TC_5086_Press_StartQuiz" time="231.863"/>
  <testcase classname="Inkbox.Tests.HomePageTest" name="Validating_Facebook_Login" time="286.886">
    <failure type="java.lang.AssertionError">
      <![CDATA[java.lang.AssertionError
at org.junit.Assert.fail(Assert.java:86)
at org.junit.Assert.fail(Assert.java:95)
at Helpers.ControlHelpers.WaitForElement(ControlHelpers.java:442)
at Inkbox.Pages.LoginPage.ClickLogin_link(LoginPage.java:128)
at Inkbox.Pages.LoginPage.UserLogin(LoginPage.java:205)
at Inkbox.Tests.HomePageTest.Validating_Facebook_Login(HomePageTest.java:204)
at java.base/java.util.concurrent.ThreadPoolExecutor.runWorker(ThreadPoolExecutor.java:1130)
at java.base/java.util.concurrent.ThreadPoolExecutor$Worker.run(ThreadPoolExecutor.java:630)
at java.base/java.lang.Thread.run(Thread.java:831)
... Removed 12 stack frames]]>
    </failure>
  </testcase> <!-- Validating_Facebook_Login -->
  <testcase classname="Inkbox.Tests.HomePageTest" name="UserImageChangingOrNot" time="294.807">
    <failure type="java.lang.AssertionError">
      <![CDATA[java.lang.AssertionError
at org.junit.Assert.fail(Assert.java:86)
at org.junit.Assert.fail(Assert.java:95)
at Helpers.ControlHelpers.WaitForElement(ControlHelpers.java:442)
at Inkbox.Pages.LoginPage.ClickLogin_link(LoginPage.java:128)
at Inkbox.Pages.LoginPage.UserLogin(LoginPage.java:205)
at Inkbox.Tests.HomePageTest.UserImageChangingOrNot(HomePageTest.java:335)
at java.base/java.util.concurrent.ThreadPoolExecutor.runWorker(ThreadPoolExecutor.java:1130)
at java.base/java.util.concurrent.ThreadPoolExecutor$Worker.run(ThreadPoolExecutor.java:630)
at java.base/java.lang.Thread.run(Thread.java:831)
... Removed 12 stack frames]]>
    </failure>
  </testcase> <!-- UserImageChangingOrNot -->
  <testcase classname="Inkbox.Tests.QuizTest" name="TC_5087_Validate_StartQUiz" time="223.584">
    <skipped/>
  </testcase> <!-- TC_5087_Validate_StartQUiz -->
  <testcase classname="Inkbox.Tests.HomePageTest" name="Validate_Footer_Text" time="299.906">
    <failure type="java.lang.AssertionError">
      <![CDATA[java.lang.AssertionError
at org.junit.Assert.fail(Assert.java:86)
at org.junit.Assert.fail(Assert.java:95)
at Helpers.ControlHelpers.WaitForElement(ControlHelpers.java:442)
at Inkbox.Pages.LoginPage.ClickLogin_link(LoginPage.java:128)
at Inkbox.Pages.LoginPage.UserLogin(LoginPage.java:205)
at Inkbox.Tests.HomePageTest.Validate_Footer_Text(HomePageTest.java:173)
at java.base/java.util.concurrent.ThreadPoolExecutor.runWorker(ThreadPoolExecutor.java:1130)
at java.base/java.util.concurrent.ThreadPoolExecutor$Worker.run(ThreadPoolExecutor.java:630)
at java.base/java.lang.Thread.run(Thread.java:831)
... Removed 12 stack frames]]>
    </failure>
  </testcase> <!-- Validate_Footer_Text -->
  <testcase classname="Inkbox.Tests.QuizTest" name="TC_5088_Complete_Quiz" time="223.658">
    <skipped/>
  </testcase> <!-- TC_5088_Complete_Quiz -->
  <testcase classname="Inkbox.Tests.QuizTest" name="TC_5089_Validate_RetakeQuiz_AfterCompletionOfQuiz" time="231.61">
    <skipped/>
  </testcase> <!-- TC_5089_Validate_RetakeQuiz_AfterCompletionOfQuiz -->
  <testcase classname="Inkbox.Tests.QuizTest" name="TC_5092_Validate_QuizSelection" time="223.581">
    <skipped/>
  </testcase> <!-- TC_5092_Validate_QuizSelection -->
  <testcase classname="Inkbox.Tests.QuizTest" name="TC_5087_Validate_StartQUiz" time="223.62">
    <failure type="org.openqa.selenium.NoSuchElementException" message="Unable to locate element: //iframe[@title=&amp;apos;typeform-embed&amp;apos;]
For documentation on this error, please visit: https://www.seleniumhq.org/exceptions/no_such_element.html
Build info: version: &amp;apos;3.141.59&amp;apos;, revision: &amp;apos;e82be7d358&amp;apos;, time: &amp;apos;2018-11-14T08:17:03&amp;apos;
System info: host: &amp;apos;DESKTOP-9NIDAD7&amp;apos;, ip: &amp;apos;10.0.0.164&amp;apos;, os.name: &amp;apos;Windows 10&amp;apos;, os.arch: &amp;apos;amd64&amp;apos;, os.version: &amp;apos;10.0&amp;apos;, java.version: &amp;apos;16.0.1&amp;apos;
Driver info: org.openqa.selenium.firefox.FirefoxDriver
Capabilities {acceptInsecureCerts: true, browserName: firefox, browserVersion: 101.0.1, javascriptEnabled: true, moz:accessibilityChecks: false, moz:buildID: 20220608170832, moz:geckodriverVersion: 0.29.1, moz:headless: false, moz:processID: 600, moz:profile: C:\Users\IBCK-W~1\AppData\L..., moz:shutdownTimeout: 60000, moz:useNonSpecCompliantPointerOrigin: false, moz:webdriverClick: true, pageLoadStrategy: normal, platform: WINDOWS, platformName: WINDOWS, platformVersion: 10.0, proxy: Proxy(), setWindowRect: true, strictFileInteractability: false, timeouts: {implicit: 0, pageLoad: 300000, script: 30000}, unhandledPromptBehavior: dismiss and notify}
Session ID: 41843f16-1361-4214-9684-aef1a031fbd3
*** Element info: {Using=xpath, value=//iframe[@title=&amp;apos;typeform-embed&amp;apos;]}">
      <![CDATA[org.openqa.selenium.NoSuchElementException: Unable to locate element: //iframe[@title='typeform-embed']
For documentation on this error, please visit: https://www.seleniumhq.org/exceptions/no_such_element.html
Build info: version: '3.141.59', revision: 'e82be7d358', time: '2018-11-14T08:17:03'
System info: host: 'DESKTOP-9NIDAD7', ip: '10.0.0.164', os.name: 'Windows 10', os.arch: 'amd64', os.version: '10.0', java.version: '16.0.1'
Driver info: org.openqa.selenium.firefox.FirefoxDriver
Capabilities {acceptInsecureCerts: true, browserName: firefox, browserVersion: 101.0.1, javascriptEnabled: true, moz:accessibilityChecks: false, moz:buildID: 20220608170832, moz:geckodriverVersion: 0.29.1, moz:headless: false, moz:processID: 600, moz:profile: C:\Users\IBCK-W~1\AppData\L..., moz:shutdownTimeout: 60000, moz:useNonSpecCompliantPointerOrigin: false, moz:webdriverClick: true, pageLoadStrategy: normal, platform: WINDOWS, platformName: WINDOWS, platformVersion: 10.0, proxy: Proxy(), setWindowRect: true, strictFileInteractability: false, timeouts: {implicit: 0, pageLoad: 300000, script: 30000}, unhandledPromptBehavior: dismiss and notify}
Session ID: 41843f16-1361-4214-9684-aef1a031fbd3
*** Element info: {Using=xpath, value=//iframe[@title='typeform-embed']}
at org.openqa.selenium.remote.http.W3CHttpResponseCodec.createException(W3CHttpResponseCodec.java:187)
at org.openqa.selenium.remote.http.W3CHttpResponseCodec.decode(W3CHttpResponseCodec.java:122)
at org.openqa.selenium.remote.http.W3CHttpResponseCodec.decode(W3CHttpResponseCodec.java:49)
at org.openqa.selenium.remote.HttpCommandExecutor.execute(HttpCommandExecutor.java:158)
at org.openqa.selenium.remote.service.DriverCommandExecutor.execute(DriverCommandExecutor.java:83)
at org.openqa.selenium.remote.RemoteWebDriver.execute(RemoteWebDriver.java:552)
at org.openqa.selenium.remote.RemoteWebDriver.findElement(RemoteWebDriver.java:323)
at org.openqa.selenium.remote.RemoteWebDriver.findElementByXPath(RemoteWebDriver.java:428)
at org.openqa.selenium.By$ByXPath.findElement(By.java:353)
at org.openqa.selenium.remote.RemoteWebDriver.findElement(RemoteWebDriver.java:315)
at Inkbox.Pages.QuizPage.Validate_StartQuiz(QuizPage.java:248)
at Inkbox.Tests.QuizTest.TC_5087_Validate_StartQUiz(QuizTest.java:83)
at java.base/java.util.concurrent.ThreadPoolExecutor.runWorker(ThreadPoolExecutor.java:1130)
at java.base/java.util.concurrent.ThreadPoolExecutor$Worker.run(ThreadPoolExecutor.java:630)
at java.base/java.lang.Thread.run(Thread.java:831)
... Removed 16 stack frames]]>
    </failure>
  </testcase> <!-- TC_5087_Validate_StartQUiz -->
  <testcase classname="Inkbox.Tests.QuizTest" name="TC_5091_Validate_Quiz_AfterCompletionOfQuiz_WithClearCookies" time="388.048"/>
  <testcase classname="Inkbox.Tests.QuizTest" name="TC_5088_Complete_Quiz" time="236.868"/>
  <testcase classname="Inkbox.Tests.QuizTest" name="TC_5095_Validate_WithoutCompletingQuiz" time="0.0">
    <skipped/>
  </testcase> <!-- TC_5095_Validate_WithoutCompletingQuiz -->
  <testcase classname="Inkbox.Tests.QuizTest" name="TC_5089_Validate_RetakeQuiz_AfterCompletionOfQuiz" time="261.124">
    <failure type="java.lang.AssertionError">
      <![CDATA[java.lang.AssertionError
at org.junit.Assert.fail(Assert.java:86)
at org.junit.Assert.fail(Assert.java:95)
at Inkbox.Pages.QuizPage.Validate_ReTakeQuiz(QuizPage.java:306)
at Inkbox.Tests.QuizTest.TC_5089_Validate_RetakeQuiz_AfterCompletionOfQuiz(QuizTest.java:114)
at java.base/java.util.concurrent.ThreadPoolExecutor.runWorker(ThreadPoolExecutor.java:1130)
at java.base/java.util.concurrent.ThreadPoolExecutor$Worker.run(ThreadPoolExecutor.java:630)
at java.base/java.lang.Thread.run(Thread.java:831)
... Removed 12 stack frames]]>
    </failure>
  </testcase> <!-- TC_5089_Validate_RetakeQuiz_AfterCompletionOfQuiz -->
  <testcase classname="Inkbox.Tests.QuizTest" name="TC_5093_Validate_QuizSelection_trayLocation" time="0.0">
    <skipped/>
  </testcase> <!-- TC_5093_Validate_QuizSelection_trayLocation -->
  <testcase classname="Inkbox.Tests.QuizTest" name="TC_5092_Validate_QuizSelection" time="231.698">
    <failure type="org.openqa.selenium.NoSuchElementException" message="Unable to locate element: //iframe[@title=&amp;apos;typeform-embed&amp;apos;]
For documentation on this error, please visit: https://www.seleniumhq.org/exceptions/no_such_element.html
Build info: version: &amp;apos;3.141.59&amp;apos;, revision: &amp;apos;e82be7d358&amp;apos;, time: &amp;apos;2018-11-14T08:17:03&amp;apos;
System info: host: &amp;apos;DESKTOP-9NIDAD7&amp;apos;, ip: &amp;apos;10.0.0.164&amp;apos;, os.name: &amp;apos;Windows 10&amp;apos;, os.arch: &amp;apos;amd64&amp;apos;, os.version: &amp;apos;10.0&amp;apos;, java.version: &amp;apos;16.0.1&amp;apos;
Driver info: org.openqa.selenium.firefox.FirefoxDriver
Capabilities {acceptInsecureCerts: true, browserName: firefox, browserVersion: 101.0.1, javascriptEnabled: true, moz:accessibilityChecks: false, moz:buildID: 20220608170832, moz:geckodriverVersion: 0.29.1, moz:headless: false, moz:processID: 3492, moz:profile: C:\Users\IBCK-W~1\AppData\L..., moz:shutdownTimeout: 60000, moz:useNonSpecCompliantPointerOrigin: false, moz:webdriverClick: true, pageLoadStrategy: normal, platform: WINDOWS, platformName: WINDOWS, platformVersion: 10.0, proxy: Proxy(), setWindowRect: true, strictFileInteractability: false, timeouts: {implicit: 0, pageLoad: 300000, script: 30000}, unhandledPromptBehavior: dismiss and notify}
Session ID: 498e902f-d3f7-4ca7-8378-b67bded47c1f
*** Element info: {Using=xpath, value=//iframe[@title=&amp;apos;typeform-embed&amp;apos;]}">
      <![CDATA[org.openqa.selenium.NoSuchElementException: Unable to locate element: //iframe[@title='typeform-embed']
For documentation on this error, please visit: https://www.seleniumhq.org/exceptions/no_such_element.html
Build info: version: '3.141.59', revision: 'e82be7d358', time: '2018-11-14T08:17:03'
System info: host: 'DESKTOP-9NIDAD7', ip: '10.0.0.164', os.name: 'Windows 10', os.arch: 'amd64', os.version: '10.0', java.version: '16.0.1'
Driver info: org.openqa.selenium.firefox.FirefoxDriver
Capabilities {acceptInsecureCerts: true, browserName: firefox, browserVersion: 101.0.1, javascriptEnabled: true, moz:accessibilityChecks: false, moz:buildID: 20220608170832, moz:geckodriverVersion: 0.29.1, moz:headless: false, moz:processID: 3492, moz:profile: C:\Users\IBCK-W~1\AppData\L..., moz:shutdownTimeout: 60000, moz:useNonSpecCompliantPointerOrigin: false, moz:webdriverClick: true, pageLoadStrategy: normal, platform: WINDOWS, platformName: WINDOWS, platformVersion: 10.0, proxy: Proxy(), setWindowRect: true, strictFileInteractability: false, timeouts: {implicit: 0, pageLoad: 300000, script: 30000}, unhandledPromptBehavior: dismiss and notify}
Session ID: 498e902f-d3f7-4ca7-8378-b67bded47c1f
*** Element info: {Using=xpath, value=//iframe[@title='typeform-embed']}
at org.openqa.selenium.remote.http.W3CHttpResponseCodec.createException(W3CHttpResponseCodec.java:187)
at org.openqa.selenium.remote.http.W3CHttpResponseCodec.decode(W3CHttpResponseCodec.java:122)
at org.openqa.selenium.remote.http.W3CHttpResponseCodec.decode(W3CHttpResponseCodec.java:49)
at org.openqa.selenium.remote.HttpCommandExecutor.execute(HttpCommandExecutor.java:158)
at org.openqa.selenium.remote.service.DriverCommandExecutor.execute(DriverCommandExecutor.java:83)
at org.openqa.selenium.remote.RemoteWebDriver.execute(RemoteWebDriver.java:552)
at org.openqa.selenium.remote.RemoteWebDriver.findElement(RemoteWebDriver.java:323)
at org.openqa.selenium.remote.RemoteWebDriver.findElementByXPath(RemoteWebDriver.java:428)
at org.openqa.selenium.By$ByXPath.findElement(By.java:353)
at org.openqa.selenium.remote.RemoteWebDriver.findElement(RemoteWebDriver.java:315)
at Inkbox.Pages.QuizPage.Validate_StartQuiz(QuizPage.java:248)
at Inkbox.Pages.QuizPage.Press_StartQuiz(QuizPage.java:259)
at Inkbox.Pages.QuizPage.Complete_Quiz(QuizPage.java:329)
at Inkbox.Tests.QuizTest.TC_5092_Validate_QuizSelection(QuizTest.java:167)
at java.base/java.util.concurrent.ThreadPoolExecutor.runWorker(ThreadPoolExecutor.java:1130)
at java.base/java.util.concurrent.ThreadPoolExecutor$Worker.run(ThreadPoolExecutor.java:630)
at java.base/java.lang.Thread.run(Thread.java:831)
... Removed 16 stack frames]]>
    </failure>
  </testcase> <!-- TC_5092_Validate_QuizSelection -->
  <testcase classname="Inkbox.Tests.QuizTest" name="TC_5094_validate_displayTray_WhenOneSelectionIn_Quiz" time="223.858">
    <skipped/>
  </testcase> <!-- TC_5094_validate_displayTray_WhenOneSelectionIn_Quiz -->
  <testcase classname="Inkbox.Tests.QuizTest" name="TC_5094_validate_displayTray_WhenOneSelectionIn_Quiz" time="245.835"/>
  <testcase classname="Inkbox.Tests.ContentFulTest" name="TC_4945_Verify_HomePage_Order_ContentFul" time="0.0">
    <ignored/>
  </testcase> <!-- TC_4945_Verify_HomePage_Order_ContentFul -->
  <testcase classname="Inkbox.Tests.ContentFulTest" name="TC_4946_Verify_ShopBySection_ContentFul" time="0.0">
    <ignored/>
  </testcase> <!-- TC_4946_Verify_ShopBySection_ContentFul -->
  <testcase classname="Helpers.LaunchDriver" name="@BeforeSuite beforeSuite" time="0.0">
    <ignored/>
  </testcase> <!-- @BeforeSuite beforeSuite -->
  <testcase classname="Helpers.LaunchDriver" name="@BeforeSuite beforeSuite" time="0.0">
    <ignored/>
  </testcase> <!-- @BeforeSuite beforeSuite -->
  <testcase classname="Helpers.LaunchDriver" name="@BeforeSuite beforeSuite" time="0.0">
    <ignored/>
  </testcase> <!-- @BeforeSuite beforeSuite -->
  <testcase classname="Helpers.LaunchDriver" name="@BeforeSuite beforeSuite" time="0.0">
    <ignored/>
  </testcase> <!-- @BeforeSuite beforeSuite -->
  <testcase classname="Helpers.LaunchDriver" name="@BeforeSuite beforeSuite" time="0.0">
    <ignored/>
  </testcase> <!-- @BeforeSuite beforeSuite -->
  <testcase classname="Helpers.LaunchDriver" name="@BeforeSuite beforeSuite" time="0.0">
    <ignored/>
  </testcase> <!-- @BeforeSuite beforeSuite -->
  <testcase classname="Helpers.LaunchDriver" name="@BeforeSuite beforeSuite" time="0.0">
    <ignored/>
  </testcase> <!-- @BeforeSuite beforeSuite -->
  <testcase classname="Helpers.LaunchDriver" name="@BeforeSuite beforeSuite" time="0.0">
    <ignored/>
  </testcase> <!-- @BeforeSuite beforeSuite -->
  <testcase classname="Helpers.LaunchDriver" name="@BeforeSuite beforeSuite" time="0.0">
    <ignored/>
  </testcase> <!-- @BeforeSuite beforeSuite -->
  <testcase classname="Helpers.LaunchDriver" name="@BeforeSuite beforeSuite" time="0.0">
    <ignored/>
  </testcase> <!-- @BeforeSuite beforeSuite -->
  <testcase classname="Inkbox.Tests.ContentFulTest" name="TC_4947_Verify_ShopByProduct_ContentFul" time="0.0">
    <ignored/>
  </testcase> <!-- TC_4947_Verify_ShopByProduct_ContentFul -->
  <testcase classname="Helpers.LaunchDriver" name="@AfterSuite afterSuite" time="0.0">
    <ignored/>
  </testcase> <!-- @AfterSuite afterSuite -->
  <testcase classname="Helpers.LaunchDriver" name="@AfterSuite afterSuite" time="0.0">
    <ignored/>
  </testcase> <!-- @AfterSuite afterSuite -->
  <testcase classname="Helpers.LaunchDriver" name="@AfterSuite afterSuite" time="0.0">
    <ignored/>
  </testcase> <!-- @AfterSuite afterSuite -->
  <testcase classname="Helpers.LaunchDriver" name="@AfterSuite afterSuite" time="0.0">
    <ignored/>
  </testcase> <!-- @AfterSuite afterSuite -->
  <testcase classname="Helpers.LaunchDriver" name="@AfterSuite afterSuite" time="0.0">
    <ignored/>
  </testcase> <!-- @AfterSuite afterSuite -->
  <testcase classname="Helpers.LaunchDriver" name="@AfterSuite afterSuite" time="0.0">
    <ignored/>
  </testcase> <!-- @AfterSuite afterSuite -->
  <testcase classname="Helpers.LaunchDriver" name="@AfterSuite afterSuite" time="0.0">
    <ignored/>
  </testcase> <!-- @AfterSuite afterSuite -->
  <testcase classname="Helpers.LaunchDriver" name="@AfterSuite afterSuite" time="0.0">
    <ignored/>
  </testcase> <!-- @AfterSuite afterSuite -->
  <testcase classname="Helpers.LaunchDriver" name="@AfterSuite afterSuite" time="0.0">
    <ignored/>
  </testcase> <!-- @AfterSuite afterSuite -->
  <testcase classname="Helpers.LaunchDriver" name="@AfterSuite afterSuite" time="0.0">
    <ignored/>
  </testcase> <!-- @AfterSuite afterSuite -->
  <testcase classname="Inkbox.Tests.Nova_Test" name="TC_4968_Curated_Artist_Validation_Nova" time="0.0">
    <ignored/>
  </testcase> <!-- TC_4968_Curated_Artist_Validation_Nova -->
  <testcase classname="Inkbox.Tests.HomePageTest" name="TC_5058_ValidateFreeShipping_Without_ItemsInCart" time="0.0">
    <ignored/>
  </testcase> <!-- TC_5058_ValidateFreeShipping_Without_ItemsInCart -->
  <testcase classname="Inkbox.Tests.Nova_Test" name="TC_4969_Curated_Categories_Validation_Nova" time="0.0">
    <ignored/>
  </testcase> <!-- TC_4969_Curated_Categories_Validation_Nova -->
  <testcase classname="Inkbox.Tests.ProductSearchTest" name="TC_5018_Browser_Ticket_2053" time="0.0">
    <ignored/>
  </testcase> <!-- TC_5018_Browser_Ticket_2053 -->
  <testcase classname="Inkbox.Tests.HomePageTest" name="Validate_PopularCategories" time="0.0">
    <ignored/>
  </testcase> <!-- Validate_PopularCategories -->
  <testcase classname="Helpers.LaunchDriver" name="@BeforeTest beforeTest" time="0.0">
    <ignored/>
  </testcase> <!-- @BeforeTest beforeTest -->
  <testcase classname="Helpers.LaunchDriver" name="@BeforeTest beforeTest" time="0.0">
    <ignored/>
  </testcase> <!-- @BeforeTest beforeTest -->
  <testcase classname="Helpers.LaunchDriver" name="@BeforeTest beforeTest" time="0.0">
    <ignored/>
  </testcase> <!-- @BeforeTest beforeTest -->
  <testcase classname="Helpers.LaunchDriver" name="@BeforeTest beforeTest" time="0.0">
    <ignored/>
  </testcase> <!-- @BeforeTest beforeTest -->
  <testcase classname="Helpers.LaunchDriver" name="@BeforeTest beforeTest" time="0.0">
    <ignored/>
  </testcase> <!-- @BeforeTest beforeTest -->
  <testcase classname="Helpers.LaunchDriver" name="@BeforeTest beforeTest" time="0.0">
    <ignored/>
  </testcase> <!-- @BeforeTest beforeTest -->
  <testcase classname="Helpers.LaunchDriver" name="@BeforeTest beforeTest" time="0.0">
    <ignored/>
  </testcase> <!-- @BeforeTest beforeTest -->
  <testcase classname="Helpers.LaunchDriver" name="@BeforeTest beforeTest" time="0.0">
    <ignored/>
  </testcase> <!-- @BeforeTest beforeTest -->
  <testcase classname="Helpers.LaunchDriver" name="@BeforeTest beforeTest" time="0.0">
    <ignored/>
  </testcase> <!-- @BeforeTest beforeTest -->
  <testcase classname="Helpers.LaunchDriver" name="@BeforeTest beforeTest" time="0.0">
    <ignored/>
  </testcase> <!-- @BeforeTest beforeTest -->
</testsuite> <!-- Test_CAD -->
