<?xml version="1.0" encoding="UTF-8"?>
<!-- Generated by org.testng.reporters.JUnitXMLReporter -->
<testsuite ignored="5" hostname="DESKTOP-9NIDAD7" failures="1" tests="16" name="TestCartCAD" time="3061.638" errors="0" timestamp="2022-03-31T05:34:27 EDT">
  <testcase classname="Inkbox.Tests.CartTest" name="TC_4913_Adding_ProductsToCartFromPDPpage" time="187.993"/>
  <testcase classname="Inkbox.Tests.CartTest" name="TC_4914_PriceValidation" time="108.822"/>
  <testcase classname="Inkbox.Tests.CartTest" name="TC_4915_Validate_Checkout" time="203.365"/>
  <testcase classname="Inkbox.Tests.CartTest" name="TC_4916_Validate_Frequently_PurchasedItemsToCart" time="221.067"/>
  <testcase classname="Inkbox.Tests.CartTest" name="TC_4917_Verify_Continue_To_Checkout" time="171.16"/>
  <testcase classname="Inkbox.Tests.CartTest" name="TC_4923_Validate_BundlesTest" time="118.95"/>
  <testcase classname="Inkbox.Tests.CartTest" name="TC_4924_Validate_Bundles_GuestUser" time="104.053"/>
  <testcase classname="Inkbox.Tests.CartTest" name="TC_4927_Verify_GiftCards" time="134.828"/>
  <testcase classname="Inkbox.Tests.CartTest" name="TC_4928_Verify_GiftCards_GuestUser" time="119.015"/>
  <testcase classname="Inkbox.Tests.CartTest" name="TC_4929_GuestScenario_Adding_ItemsTocart" time="123.862"/>
  <testcase classname="Inkbox.Tests.CartTest" name="TC_4930_ValidateItems_Adding_To_Cart" time="160.438"/>
  <testcase classname="Inkbox.Tests.CartTest" name="TC_4931_IncreamentProduct_InCart_And_INC_145_cannot_remove_item_from_cart" time="200.041"/>
  <testcase classname="Inkbox.Tests.CartTest" name="TC_4933_AddItemsToCart_without_Login_and_ValidateAfterLogin" time="116.173"/>
  <testcase classname="Inkbox.Tests.CartTest" name="TC_7483_LearnMoreSectionTieredDiscountsBannerInCart" time="92.291"/>
  <testcase classname="Inkbox.Tests.CartTest" name="Verify_Cart_is_Empty" time="103.751">
    <skipped/>
  </testcase> <!-- Verify_Cart_is_Empty -->
  <testcase classname="Inkbox.Tests.CartTest" name="Verify_Cart_is_Empty" time="95.429">
    <failure type="java.lang.AssertionError">
      <![CDATA[java.lang.AssertionError
at org.junit.Assert.fail(Assert.java:86)
at org.junit.Assert.fail(Assert.java:95)
at Helpers.ControlHelpers.getText(ControlHelpers.java:243)
at Inkbox.Pages.CartPage.Validate_FreeShipping_Msg_WithoutAdding_ItemsToCart(CartPage.java:59)
at Inkbox.Tests.CartTest.Verify_Cart_is_Empty(CartTest.java:155)
at java.base/java.util.concurrent.ThreadPoolExecutor.runWorker(ThreadPoolExecutor.java:1130)
at java.base/java.util.concurrent.ThreadPoolExecutor$Worker.run(ThreadPoolExecutor.java:630)
at java.base/java.lang.Thread.run(Thread.java:831)
... Removed 12 stack frames]]>
    </failure>
  </testcase> <!-- Verify_Cart_is_Empty -->
  <testcase classname="Inkbox.Tests.CartTest" name="TC_4922_Verify_Mystery_Bundles_GuestUser" time="0.0">
    <ignored/>
  </testcase> <!-- TC_4922_Verify_Mystery_Bundles_GuestUser -->
  <testcase classname="Inkbox.Tests.CartTest" name="TC_4926_Verify_Freehand_Ink_GuestUser" time="0.0">
    <ignored/>
  </testcase> <!-- TC_4926_Verify_Freehand_Ink_GuestUser -->
  <testcase classname="Inkbox.Tests.CartTest" name="TC_4932_VerifyFreeShippingMessage" time="0.0">
    <ignored/>
  </testcase> <!-- TC_4932_VerifyFreeShippingMessage -->
  <testcase classname="Inkbox.Tests.CartTest" name="TC_4925_Verify_Freehand_Ink" time="0.0">
    <ignored/>
  </testcase> <!-- TC_4925_Verify_Freehand_Ink -->
  <testcase classname="Inkbox.Tests.CartTest" name="TC_4921_Verify_Mystery_Bundles" time="0.0">
    <ignored/>
  </testcase> <!-- TC_4921_Verify_Mystery_Bundles -->
</testsuite> <!-- TestCartCAD -->
