<?xml version="1.0" encoding="UTF-8"?>
<!-- Generated by org.testng.reporters.JUnitXMLReporter -->
<testsuite ignored="2" hostname="DESKTOP-9NIDAD7" failures="3" tests="18" name="TestNovaCAD" time="2924.332" errors="0" timestamp="2022-03-31T03:56:06 EDT">
  <testcase classname="Inkbox.Tests.Nova_Test" name="TC_7482_TieredDiscounts_2615" time="126.555"/>
  <testcase classname="Inkbox.Tests.Nova_Test" name="TC_4962_Validate_FrequentlyPurchased_Mix_Upsell" time="201.421">
    <skipped/>
  </testcase> <!-- TC_4962_Validate_FrequentlyPurchased_Mix_Upsell -->
  <testcase classname="Inkbox.Tests.Nova_Test" name="TC_4963_Validate_FrequentlyPurchased_Custom_Upsell" time="204.477">
    <skipped/>
  </testcase> <!-- TC_4963_Validate_FrequentlyPurchased_Custom_Upsell -->
  <testcase classname="Inkbox.Tests.Nova_Test" name="TC_4964_Validate_FrequentlyPurchased_Catalog_Upsell" time="221.14">
    <skipped/>
  </testcase> <!-- TC_4964_Validate_FrequentlyPurchased_Catalog_Upsell -->
  <testcase classname="Inkbox.Tests.Nova_Test" name="TC_4966_Validate_Frequently_Purchased_Bundles" time="242.047"/>
  <testcase classname="Inkbox.Tests.Nova_Test" name="TC_4965_Validate_FrequentlyPurchased_Freehand_Upsell" time="419.494"/>
  <testcase classname="Inkbox.Tests.Nova_Test" name="TC_4963_Validate_FrequentlyPurchased_Custom_Upsell" time="199.991">
    <failure type="java.lang.AssertionError">
      <![CDATA[java.lang.AssertionError
at org.junit.Assert.fail(Assert.java:86)
at org.junit.Assert.fail(Assert.java:95)
at Helpers.ControlHelpers.ButtonClick(ControlHelpers.java:186)
at Inkbox.Pages.Nova_Page.GettingData_Custom_Upsell_inkbox(Nova_Page.java:545)
at Inkbox.Pages.Nova_Page.FrequentlyPurchased_Custom(Nova_Page.java:870)
at Inkbox.Tests.Nova_Test.TC_4963_Validate_FrequentlyPurchased_Custom_Upsell(Nova_Test.java:70)
at java.base/java.util.concurrent.ThreadPoolExecutor.runWorker(ThreadPoolExecutor.java:1130)
at java.base/java.util.concurrent.ThreadPoolExecutor$Worker.run(ThreadPoolExecutor.java:630)
at java.base/java.lang.Thread.run(Thread.java:831)
... Removed 12 stack frames]]>
    </failure>
  </testcase> <!-- TC_4963_Validate_FrequentlyPurchased_Custom_Upsell -->
  <testcase classname="Inkbox.Tests.Nova_Test" name="TC_4962_Validate_FrequentlyPurchased_Mix_Upsell" time="202.459">
    <failure type="java.lang.AssertionError">
      <![CDATA[java.lang.AssertionError
at org.junit.Assert.fail(Assert.java:86)
at org.junit.Assert.fail(Assert.java:95)
at Helpers.ControlHelpers.ButtonClick(ControlHelpers.java:186)
at Inkbox.Pages.Nova_Page.Adding_CustomProducts_Upsell(Nova_Page.java:436)
at Inkbox.Pages.Nova_Page.GettingData_Mix_Upsell_inkbox(Nova_Page.java:507)
at Inkbox.Pages.Nova_Page.FrequentlyPurchased_MixUpsell(Nova_Page.java:844)
at Inkbox.Tests.Nova_Test.TC_4962_Validate_FrequentlyPurchased_Mix_Upsell(Nova_Test.java:59)
at java.base/java.util.concurrent.ThreadPoolExecutor.runWorker(ThreadPoolExecutor.java:1130)
at java.base/java.util.concurrent.ThreadPoolExecutor$Worker.run(ThreadPoolExecutor.java:630)
at java.base/java.lang.Thread.run(Thread.java:831)
... Removed 12 stack frames]]>
    </failure>
  </testcase> <!-- TC_4962_Validate_FrequentlyPurchased_Mix_Upsell -->
  <testcase classname="Inkbox.Tests.Nova_Test" name="TC_4964_Validate_FrequentlyPurchased_Catalog_Upsell" time="217.475">
    <failure type="java.lang.AssertionError" message="The following asserts failed:
	null,
	null">
      <![CDATA[java.lang.AssertionError: The following asserts failed:
null,
null
at Inkbox.Pages.Nova_Page.FrequentlyPurchased_Catalog(Nova_Page.java:914)
at Inkbox.Tests.Nova_Test.TC_4964_Validate_FrequentlyPurchased_Catalog_Upsell(Nova_Test.java:80)
at java.base/java.util.concurrent.ThreadPoolExecutor.runWorker(ThreadPoolExecutor.java:1130)
at java.base/java.util.concurrent.ThreadPoolExecutor$Worker.run(ThreadPoolExecutor.java:630)
at java.base/java.lang.Thread.run(Thread.java:831)
... Removed 14 stack frames]]>
    </failure>
  </testcase> <!-- TC_4964_Validate_FrequentlyPurchased_Catalog_Upsell -->
  <testcase classname="Inkbox.Tests.Nova_Test" name="TC_4972_Verify_HowItsWorks_Nova" time="186.758"/>
  <testcase classname="Inkbox.Tests.Nova_Test" name="TC_4973_Verify_TattooMarker" time="205.985"/>
  <testcase classname="Inkbox.Tests.Nova_Test" name="TC_4970_Quiz_Nova_Validation" time="298.829"/>
  <testcase classname="Inkbox.Tests.Nova_Test" name="TC_4976_Verify_Sale_Nova" time="323.066"/>
  <testcase classname="Inkbox.Tests.Nova_Test" name="TC_4978_Verify_Searchablepage" time="217.606"/>
  <testcase classname="Inkbox.Tests.Nova_Test" name="TC_4982_Verify_PickForYou" time="260.555"/>
  <testcase classname="Inkbox.Tests.Nova_Test" name="TC_4983_Verify_Collabs_Nova" time="621.82"/>
  <testcase classname="Inkbox.Tests.Nova_Test" name="TC_4981_Verify_Shop_From_Nova" time="973.525"/>
  <testcase classname="Inkbox.Tests.Nova_Test" name="TC_4977_Verify_Trending_Nova" time="2292.561"/>
  <testcase classname="Inkbox.Tests.Nova_Test" name="TC_4968_Curated_Artist_Validation_Nova" time="0.0">
    <ignored/>
  </testcase> <!-- TC_4968_Curated_Artist_Validation_Nova -->
  <testcase classname="Inkbox.Tests.Nova_Test" name="TC_4969_Curated_Categories_Validation_Nova" time="0.0">
    <ignored/>
  </testcase> <!-- TC_4969_Curated_Categories_Validation_Nova -->
</testsuite> <!-- TestNovaCAD -->
