<?xml version="1.0" encoding="UTF-8"?>
<!-- Generated by org.testng.reporters.JUnitXMLReporter -->
<testsuite ignored="0" hostname="DESKTOP-9NIDAD7" failures="3" tests="21" name="Test1" time="11597.885" errors="0" timestamp="2022-06-05T12:36:22 EDT">
  <testcase classname="Inkbox.Tests.CartTest" name="TC_4921_Verify_Mystery_Bundles" time="307.665"/>
  <testcase classname="Inkbox.Tests.CartTest" name="TC_4922_Verify_Mystery_Bundles_GuestUser" time="156.582"/>
  <testcase classname="Inkbox.Tests.CartTest" name="TC_4927_Verify_GiftCards" time="269.797"/>
  <testcase classname="Inkbox.Tests.CartTest" name="TC_4928_Verify_GiftCards_GuestUser" time="153.656"/>
  <testcase classname="Inkbox.Tests.CartTest" name="TC_4932_VerifyFreeShippingMessage" time="346.399">
    <failure type="java.lang.NumberFormatException" message="For input string: &amp;quot;25.50USD&amp;quot;">
      <![CDATA[java.lang.NumberFormatException: For input string: "25.50USD"
at java.base/jdk.internal.math.FloatingDecimal.readJavaFormatString(FloatingDecimal.java:2054)
at java.base/jdk.internal.math.FloatingDecimal.parseFloat(FloatingDecimal.java:122)
at java.base/java.lang.Float.parseFloat(Float.java:468)
at Inkbox.Tests.CartTest.TC_4932_VerifyFreeShippingMessage(CartTest.java:452)
at java.base/java.util.concurrent.ThreadPoolExecutor.runWorker(ThreadPoolExecutor.java:1130)
at java.base/java.util.concurrent.ThreadPoolExecutor$Worker.run(ThreadPoolExecutor.java:630)
at java.base/java.lang.Thread.run(Thread.java:831)
... Removed 12 stack frames]]>
    </failure>
  </testcase> <!-- TC_4932_VerifyFreeShippingMessage -->
  <testcase classname="Inkbox.Tests.CartTest" name="TC_4998_Validate_ZeroItemsIncart" time="374.696"/>
  <testcase classname="Inkbox.Tests.CartTest" name="TC_4999_KeepShoping_Validation" time="412.291"/>
  <testcase classname="Inkbox.Tests.CartTest" name="TC_7483_LearnMoreSectionTieredDiscountsBannerInCart" time="315.485"/>
  <testcase classname="Inkbox.Tests.CartTest" name="TC_4913_Adding_ProductsToCartFromPDPpage" time="789.611"/>
  <testcase classname="Inkbox.Tests.CartTest" name="TC_4914_PriceValidation" time="352.093"/>
  <testcase classname="Inkbox.Tests.CartTest" name="TC_4915_Validate_Checkout" time="518.128"/>
  <testcase classname="Inkbox.Tests.CartTest" name="TC_4916_Validate_Frequently_PurchasedItemsToCart" time="419.578"/>
  <testcase classname="Inkbox.Tests.CartTest" name="TC_4917_Verify_Continue_To_Checkout" time="439.941"/>
  <testcase classname="Inkbox.Tests.CartTest" name="TC_4918_Verify_Cart_is_Empty" time="261.556"/>
  <testcase classname="Inkbox.Tests.CartTest" name="TC_4923_Validate_BundlesTest" time="280.622">
    <failure type="java.lang.AssertionError">
      <![CDATA[java.lang.AssertionError
at org.junit.Assert.fail(Assert.java:86)
at org.junit.Assert.fail(Assert.java:95)
at Helpers.ControlHelpers.WaitForElementAndClick(ControlHelpers.java:455)
at Inkbox.Pages.CartPage.Click_on_KeepShoping(CartPage.java:293)
at Inkbox.Pages.ProductsPage.Validate_Bundles(ProductsPage.java:2572)
at Inkbox.Tests.CartTest.TC_4923_Validate_BundlesTest(CartTest.java:265)
at java.base/java.util.concurrent.ThreadPoolExecutor.runWorker(ThreadPoolExecutor.java:1130)
at java.base/java.util.concurrent.ThreadPoolExecutor$Worker.run(ThreadPoolExecutor.java:630)
at java.base/java.lang.Thread.run(Thread.java:831)
... Removed 12 stack frames]]>
    </failure>
  </testcase> <!-- TC_4923_Validate_BundlesTest -->
  <testcase classname="Inkbox.Tests.CartTest" name="TC_4924_Validate_Bundles_GuestUser" time="167.996">
    <failure type="java.lang.AssertionError">
      <![CDATA[java.lang.AssertionError
at org.junit.Assert.fail(Assert.java:86)
at org.junit.Assert.fail(Assert.java:95)
at Helpers.ControlHelpers.WaitForElementAndClick(ControlHelpers.java:455)
at Inkbox.Pages.CartPage.Click_on_KeepShoping(CartPage.java:293)
at Inkbox.Pages.ProductsPage.Validate_Bundles(ProductsPage.java:2572)
at Inkbox.Tests.CartTest.TC_4924_Validate_Bundles_GuestUser(CartTest.java:279)
at java.base/java.util.concurrent.ThreadPoolExecutor.runWorker(ThreadPoolExecutor.java:1130)
at java.base/java.util.concurrent.ThreadPoolExecutor$Worker.run(ThreadPoolExecutor.java:630)
at java.base/java.lang.Thread.run(Thread.java:831)
... Removed 12 stack frames]]>
    </failure>
  </testcase> <!-- TC_4924_Validate_Bundles_GuestUser -->
  <testcase classname="Inkbox.Tests.CartTest" name="TC_4929_GuestScenario_Adding_ItemsTocart" time="255.816"/>
  <testcase classname="Inkbox.Tests.CartTest" name="TC_4930_ValidateItems_Adding_To_Cart" time="408.274"/>
  <testcase classname="Inkbox.Tests.CartTest" name="TC_31429_Verify_Gpay_Paypal_and_payments_methods_in_cart" time="375.968"/>
  <testcase classname="Inkbox.Tests.CartTest" name="TC_4931_IncreamentProduct_InCart_And_INC_cannot_remove_item_from_cart" time="442.878"/>
  <testcase classname="Inkbox.Tests.CartTest" name="TC_4933_AddItemsToCart_without_Login_and_ValidateAfterLogin" time="452.581"/>
</testsuite> <!-- Test1 -->
