<html>
<head>
<title>TestNG:  TesthomepageAUD</title>
<link href="../testng.css" rel="stylesheet" type="text/css" />
<link href="../my-testng.css" rel="stylesheet" type="text/css" />

<style type="text/css">
.log { display: none;} 
.stack-trace { display: none;} 
</style>
<script type="text/javascript">
<!--
function flip(e) {
  current = e.style.display;
  if (current == 'block') {
    e.style.display = 'none';
    return 0;
  }
  else {
    e.style.display = 'block';
    return 1;
  }
}

function toggleBox(szDivId, elem, msg1, msg2)
{
  var res = -1;  if (document.getElementById) {
    res = flip(document.getElementById(szDivId));
  }
  else if (document.all) {
    // this is the way old msie versions work
    res = flip(document.all[szDivId]);
  }
  if(elem) {
    if(res == 0) elem.innerHTML = msg1; else elem.innerHTML = msg2;
  }

}

function toggleAllBoxes() {
  if (document.getElementsByTagName) {
    d = document.getElementsByTagName('div');
    for (i = 0; i < d.length; i++) {
      if (d[i].className == 'log') {
        flip(d[i]);
      }
    }
  }
}

// -->
</script>

</head>
<body>
<h2 align='center'>TesthomepageAUD</h2><table border='1' align="center">
<tr>
<td>Tests passed/Failed/Skipped:</td><td>9/1/14</td>
</tr><tr>
<td>Started on:</td><td>Sat Mar 19 18:00:19 EDT 2022</td>
</tr>
<tr><td>Total time:</td><td>403 seconds (403971 ms)</td>
</tr><tr>
<td>Included groups:</td><td></td>
</tr><tr>
<td>Excluded groups:</td><td></td>
</tr>
</table><p/>
<small><i>(Hover the method name to see the test class name)</i></small><p/>
<table width='100%' border='1' class='invocation-failed'>
<tr><td colspan='4' align='center'><b>FAILED CONFIGURATIONS</b></td></tr>
<tr><td><b>Test method</b></td>
<td width="30%"><b>Exception</b></td>
<td width="10%"><b>Time (seconds)</b></td>
<td><b>Instance</b></td>
</tr>
<tr>
<td title='Inkbox.Tests.HomePageTest.AfterMethod()'><b>AfterMethod</b><br>Test class: Inkbox.Tests.HomePageTest<br>Parameters: [TestResult name={null} status=CREATED method=HomePageTest.Validate_Footer_Text(java.lang.String)[pri:0, instance:Inkbox.Tests.HomePageTest@333cb916] output={null}], AUD</td>
<td><div><pre>java.lang.NullPointerException: Cannot invoke &quot;String.replaceAll(String, String)&quot; because &quot;MethodName&quot; is null
	at Inkbox.Tests.HomePageTest.AfterMethod(HomePageTest.java:355)
	at java.base/java.util.concurrent.ThreadPoolExecutor.runWorker(ThreadPoolExecutor.java:1130)
	at java.base/java.util.concurrent.ThreadPoolExecutor$Worker.run(ThreadPoolExecutor.java:630)
	at java.base/java.lang.Thread.run(Thread.java:831)
... Removed 16 stack frames</pre></div><a href='#' onClick='toggleBox("stack-trace502953721", this, "Click to show all stack frames", "Click to hide stack frames")'>Click to show all stack frames</a>
<div class='stack-trace' id='stack-trace502953721'><pre>java.lang.NullPointerException: Cannot invoke &quot;String.replaceAll(String, String)&quot; because &quot;MethodName&quot; is null
	at Inkbox.Tests.HomePageTest.AfterMethod(HomePageTest.java:355)
	at jdk.internal.reflect.GeneratedMethodAccessor43.invoke(Unknown Source)
	at java.base/jdk.internal.reflect.DelegatingMethodAccessorImpl.invoke(DelegatingMethodAccessorImpl.java:43)
	at java.base/java.lang.reflect.Method.invoke(Method.java:567)
	at org.testng.internal.MethodInvocationHelper.invokeMethod(MethodInvocationHelper.java:133)
	at org.testng.internal.MethodInvocationHelper.invokeMethodConsideringTimeout(MethodInvocationHelper.java:62)
	at org.testng.internal.ConfigInvoker.invokeConfigurationMethod(ConfigInvoker.java:385)
	at org.testng.internal.ConfigInvoker.invokeConfigurations(ConfigInvoker.java:321)
	at org.testng.internal.TestInvoker.runConfigMethods(TestInvoker.java:700)
	at org.testng.internal.TestInvoker.runAfterGroupsConfigurations(TestInvoker.java:676)
	at org.testng.internal.TestInvoker.invokeMethod(TestInvoker.java:546)
	at org.testng.internal.TestInvoker.invokeTestMethod(TestInvoker.java:173)
	at org.testng.internal.MethodRunner.runInSequence(MethodRunner.java:46)
	at org.testng.internal.TestInvoker$MethodInvocationAgent.invoke(TestInvoker.java:824)
	at org.testng.internal.TestInvoker.invokeTestMethods(TestInvoker.java:146)
	at org.testng.internal.TestMethodWorker.invokeTestMethods(TestMethodWorker.java:146)
	at org.testng.internal.TestMethodWorker.run(TestMethodWorker.java:128)
	at java.base/java.util.concurrent.ThreadPoolExecutor.runWorker(ThreadPoolExecutor.java:1130)
	at java.base/java.util.concurrent.ThreadPoolExecutor$Worker.run(ThreadPoolExecutor.java:630)
	at java.base/java.lang.Thread.run(Thread.java:831)
</pre></div></td>
<td>0</td>
<td>Inkbox.Tests.HomePageTest@333cb916</td></tr>
<tr>
<td title='Inkbox.Tests.HomePageTest.AfterMethod()'><b>AfterMethod</b><br>Test class: Inkbox.Tests.HomePageTest<br>Parameters: [TestResult name={null} status=CREATED method=HomePageTest.Validate_HomePage_MenuItems(java.lang.String)[pri:0, instance:Inkbox.Tests.HomePageTest@333cb916] output={null}], AUD</td>
<td><div><pre>java.lang.NullPointerException: Cannot invoke &quot;String.replaceAll(String, String)&quot; because &quot;MethodName&quot; is null
	at Inkbox.Tests.HomePageTest.AfterMethod(HomePageTest.java:355)
	at java.base/java.util.concurrent.ThreadPoolExecutor.runWorker(ThreadPoolExecutor.java:1130)
	at java.base/java.util.concurrent.ThreadPoolExecutor$Worker.run(ThreadPoolExecutor.java:630)
	at java.base/java.lang.Thread.run(Thread.java:831)
... Removed 16 stack frames</pre></div><a href='#' onClick='toggleBox("stack-trace600636815", this, "Click to show all stack frames", "Click to hide stack frames")'>Click to show all stack frames</a>
<div class='stack-trace' id='stack-trace600636815'><pre>java.lang.NullPointerException: Cannot invoke &quot;String.replaceAll(String, String)&quot; because &quot;MethodName&quot; is null
	at Inkbox.Tests.HomePageTest.AfterMethod(HomePageTest.java:355)
	at jdk.internal.reflect.GeneratedMethodAccessor43.invoke(Unknown Source)
	at java.base/jdk.internal.reflect.DelegatingMethodAccessorImpl.invoke(DelegatingMethodAccessorImpl.java:43)
	at java.base/java.lang.reflect.Method.invoke(Method.java:567)
	at org.testng.internal.MethodInvocationHelper.invokeMethod(MethodInvocationHelper.java:133)
	at org.testng.internal.MethodInvocationHelper.invokeMethodConsideringTimeout(MethodInvocationHelper.java:62)
	at org.testng.internal.ConfigInvoker.invokeConfigurationMethod(ConfigInvoker.java:385)
	at org.testng.internal.ConfigInvoker.invokeConfigurations(ConfigInvoker.java:321)
	at org.testng.internal.TestInvoker.runConfigMethods(TestInvoker.java:700)
	at org.testng.internal.TestInvoker.runAfterGroupsConfigurations(TestInvoker.java:676)
	at org.testng.internal.TestInvoker.invokeMethod(TestInvoker.java:546)
	at org.testng.internal.TestInvoker.invokeTestMethod(TestInvoker.java:173)
	at org.testng.internal.MethodRunner.runInSequence(MethodRunner.java:46)
	at org.testng.internal.TestInvoker$MethodInvocationAgent.invoke(TestInvoker.java:824)
	at org.testng.internal.TestInvoker.invokeTestMethods(TestInvoker.java:146)
	at org.testng.internal.TestMethodWorker.invokeTestMethods(TestMethodWorker.java:146)
	at org.testng.internal.TestMethodWorker.run(TestMethodWorker.java:128)
	at java.base/java.util.concurrent.ThreadPoolExecutor.runWorker(ThreadPoolExecutor.java:1130)
	at java.base/java.util.concurrent.ThreadPoolExecutor$Worker.run(ThreadPoolExecutor.java:630)
	at java.base/java.lang.Thread.run(Thread.java:831)
</pre></div></td>
<td>0</td>
<td>Inkbox.Tests.HomePageTest@333cb916</td></tr>
<tr>
<td title='Inkbox.Tests.HomePageTest.AfterMethod()'><b>AfterMethod</b><br>Test class: Inkbox.Tests.HomePageTest<br>Parameters: [TestResult name={null} status=CREATED method=HomePageTest.Validating_HomePage()[pri:0, instance:Inkbox.Tests.HomePageTest@333cb916] output={null}], AUD</td>
<td><div><pre>java.lang.NullPointerException: Cannot invoke &quot;String.replaceAll(String, String)&quot; because &quot;MethodName&quot; is null
	at Inkbox.Tests.HomePageTest.AfterMethod(HomePageTest.java:355)
	at java.base/java.util.concurrent.ThreadPoolExecutor.runWorker(ThreadPoolExecutor.java:1130)
	at java.base/java.util.concurrent.ThreadPoolExecutor$Worker.run(ThreadPoolExecutor.java:630)
	at java.base/java.lang.Thread.run(Thread.java:831)
... Removed 16 stack frames</pre></div><a href='#' onClick='toggleBox("stack-trace1388505057", this, "Click to show all stack frames", "Click to hide stack frames")'>Click to show all stack frames</a>
<div class='stack-trace' id='stack-trace1388505057'><pre>java.lang.NullPointerException: Cannot invoke &quot;String.replaceAll(String, String)&quot; because &quot;MethodName&quot; is null
	at Inkbox.Tests.HomePageTest.AfterMethod(HomePageTest.java:355)
	at jdk.internal.reflect.GeneratedMethodAccessor43.invoke(Unknown Source)
	at java.base/jdk.internal.reflect.DelegatingMethodAccessorImpl.invoke(DelegatingMethodAccessorImpl.java:43)
	at java.base/java.lang.reflect.Method.invoke(Method.java:567)
	at org.testng.internal.MethodInvocationHelper.invokeMethod(MethodInvocationHelper.java:133)
	at org.testng.internal.MethodInvocationHelper.invokeMethodConsideringTimeout(MethodInvocationHelper.java:62)
	at org.testng.internal.ConfigInvoker.invokeConfigurationMethod(ConfigInvoker.java:385)
	at org.testng.internal.ConfigInvoker.invokeConfigurations(ConfigInvoker.java:321)
	at org.testng.internal.TestInvoker.runConfigMethods(TestInvoker.java:700)
	at org.testng.internal.TestInvoker.runAfterGroupsConfigurations(TestInvoker.java:676)
	at org.testng.internal.TestInvoker.invokeMethod(TestInvoker.java:546)
	at org.testng.internal.TestInvoker.invokeTestMethod(TestInvoker.java:173)
	at org.testng.internal.MethodRunner.runInSequence(MethodRunner.java:46)
	at org.testng.internal.TestInvoker$MethodInvocationAgent.invoke(TestInvoker.java:824)
	at org.testng.internal.TestInvoker.invokeTestMethods(TestInvoker.java:146)
	at org.testng.internal.TestMethodWorker.invokeTestMethods(TestMethodWorker.java:146)
	at org.testng.internal.TestMethodWorker.run(TestMethodWorker.java:128)
	at java.base/java.util.concurrent.ThreadPoolExecutor.runWorker(ThreadPoolExecutor.java:1130)
	at java.base/java.util.concurrent.ThreadPoolExecutor$Worker.run(ThreadPoolExecutor.java:630)
	at java.base/java.lang.Thread.run(Thread.java:831)
</pre></div></td>
<td>0</td>
<td>Inkbox.Tests.HomePageTest@333cb916</td></tr>
<tr>
<td title='Inkbox.Tests.HomePageTest.AfterMethod()'><b>AfterMethod</b><br>Test class: Inkbox.Tests.HomePageTest<br>Parameters: [TestResult name={null} status=CREATED method=HomePageTest.Validate_PopularCategories()[pri:0, instance:Inkbox.Tests.HomePageTest@333cb916] output={null}], AUD</td>
<td><div><pre>java.lang.NullPointerException: Cannot invoke &quot;String.replaceAll(String, String)&quot; because &quot;MethodName&quot; is null
	at Inkbox.Tests.HomePageTest.AfterMethod(HomePageTest.java:355)
	at java.base/java.util.concurrent.ThreadPoolExecutor.runWorker(ThreadPoolExecutor.java:1130)
	at java.base/java.util.concurrent.ThreadPoolExecutor$Worker.run(ThreadPoolExecutor.java:630)
	at java.base/java.lang.Thread.run(Thread.java:831)
... Removed 16 stack frames</pre></div><a href='#' onClick='toggleBox("stack-trace81247667", this, "Click to show all stack frames", "Click to hide stack frames")'>Click to show all stack frames</a>
<div class='stack-trace' id='stack-trace81247667'><pre>java.lang.NullPointerException: Cannot invoke &quot;String.replaceAll(String, String)&quot; because &quot;MethodName&quot; is null
	at Inkbox.Tests.HomePageTest.AfterMethod(HomePageTest.java:355)
	at jdk.internal.reflect.GeneratedMethodAccessor43.invoke(Unknown Source)
	at java.base/jdk.internal.reflect.DelegatingMethodAccessorImpl.invoke(DelegatingMethodAccessorImpl.java:43)
	at java.base/java.lang.reflect.Method.invoke(Method.java:567)
	at org.testng.internal.MethodInvocationHelper.invokeMethod(MethodInvocationHelper.java:133)
	at org.testng.internal.MethodInvocationHelper.invokeMethodConsideringTimeout(MethodInvocationHelper.java:62)
	at org.testng.internal.ConfigInvoker.invokeConfigurationMethod(ConfigInvoker.java:385)
	at org.testng.internal.ConfigInvoker.invokeConfigurations(ConfigInvoker.java:321)
	at org.testng.internal.TestInvoker.runConfigMethods(TestInvoker.java:700)
	at org.testng.internal.TestInvoker.runAfterGroupsConfigurations(TestInvoker.java:676)
	at org.testng.internal.TestInvoker.invokeMethod(TestInvoker.java:546)
	at org.testng.internal.TestInvoker.invokeTestMethod(TestInvoker.java:173)
	at org.testng.internal.MethodRunner.runInSequence(MethodRunner.java:46)
	at org.testng.internal.TestInvoker$MethodInvocationAgent.invoke(TestInvoker.java:824)
	at org.testng.internal.TestInvoker.invokeTestMethods(TestInvoker.java:146)
	at org.testng.internal.TestMethodWorker.invokeTestMethods(TestMethodWorker.java:146)
	at org.testng.internal.TestMethodWorker.run(TestMethodWorker.java:128)
	at java.base/java.util.concurrent.ThreadPoolExecutor.runWorker(ThreadPoolExecutor.java:1130)
	at java.base/java.util.concurrent.ThreadPoolExecutor$Worker.run(ThreadPoolExecutor.java:630)
	at java.base/java.lang.Thread.run(Thread.java:831)
</pre></div></td>
<td>0</td>
<td>Inkbox.Tests.HomePageTest@333cb916</td></tr>
<tr>
<td title='Inkbox.Tests.HomePageTest.AfterMethod()'><b>AfterMethod</b><br>Test class: Inkbox.Tests.HomePageTest<br>Parameters: [TestResult name=TC_4887_Tracking_Validation_Footer status=SUCCESS method=HomePageTest.TC_4887_Tracking_Validation_Footer()[pri:0, instance:Inkbox.Tests.HomePageTest@333cb916] output={null}], AUD</td>
<td><div><pre>java.lang.Exception: TestRail API returned HTTP 400(&quot;No (active) test found for the run/case combination.&quot;)
	at Helpers.APIClient2.sendRequest(APIClient2.java:314)
	at Helpers.APIClient2.sendPost(APIClient2.java:149)
	at Helpers.TestRailIntegration.addResultForTestCase(TestRailIntegration.java:123)
	at Inkbox.Tests.HomePageTest.AfterMethod(HomePageTest.java:373)
	at java.base/java.util.concurrent.ThreadPoolExecutor.runWorker(ThreadPoolExecutor.java:1130)
	at java.base/java.util.concurrent.ThreadPoolExecutor$Worker.run(ThreadPoolExecutor.java:630)
	at java.base/java.lang.Thread.run(Thread.java:831)
... Removed 16 stack frames</pre></div><a href='#' onClick='toggleBox("stack-trace107164484", this, "Click to show all stack frames", "Click to hide stack frames")'>Click to show all stack frames</a>
<div class='stack-trace' id='stack-trace107164484'><pre>java.lang.Exception: TestRail API returned HTTP 400(&quot;No (active) test found for the run/case combination.&quot;)
	at Helpers.APIClient2.sendRequest(APIClient2.java:314)
	at Helpers.APIClient2.sendPost(APIClient2.java:149)
	at Helpers.TestRailIntegration.addResultForTestCase(TestRailIntegration.java:123)
	at Inkbox.Tests.HomePageTest.AfterMethod(HomePageTest.java:373)
	at jdk.internal.reflect.GeneratedMethodAccessor43.invoke(Unknown Source)
	at java.base/jdk.internal.reflect.DelegatingMethodAccessorImpl.invoke(DelegatingMethodAccessorImpl.java:43)
	at java.base/java.lang.reflect.Method.invoke(Method.java:567)
	at org.testng.internal.MethodInvocationHelper.invokeMethod(MethodInvocationHelper.java:133)
	at org.testng.internal.MethodInvocationHelper.invokeMethodConsideringTimeout(MethodInvocationHelper.java:62)
	at org.testng.internal.ConfigInvoker.invokeConfigurationMethod(ConfigInvoker.java:385)
	at org.testng.internal.ConfigInvoker.invokeConfigurations(ConfigInvoker.java:321)
	at org.testng.internal.TestInvoker.runConfigMethods(TestInvoker.java:700)
	at org.testng.internal.TestInvoker.runAfterGroupsConfigurations(TestInvoker.java:676)
	at org.testng.internal.TestInvoker.invokeMethod(TestInvoker.java:660)
	at org.testng.internal.TestInvoker.invokeTestMethod(TestInvoker.java:173)
	at org.testng.internal.MethodRunner.runInSequence(MethodRunner.java:46)
	at org.testng.internal.TestInvoker$MethodInvocationAgent.invoke(TestInvoker.java:824)
	at org.testng.internal.TestInvoker.invokeTestMethods(TestInvoker.java:146)
	at org.testng.internal.TestMethodWorker.invokeTestMethods(TestMethodWorker.java:146)
	at org.testng.internal.TestMethodWorker.run(TestMethodWorker.java:128)
	at java.base/java.util.concurrent.ThreadPoolExecutor.runWorker(ThreadPoolExecutor.java:1130)
	at java.base/java.util.concurrent.ThreadPoolExecutor$Worker.run(ThreadPoolExecutor.java:630)
	at java.base/java.lang.Thread.run(Thread.java:831)
</pre></div></td>
<td>0</td>
<td>Inkbox.Tests.HomePageTest@333cb916</td></tr>
<tr>
<td title='Inkbox.Tests.HomePageTest.AfterMethod()'><b>AfterMethod</b><br>Test class: Inkbox.Tests.HomePageTest<br>Parameters: [TestResult name={null} status=CREATED method=HomePageTest.Validate_TattooMarker()[pri:0, instance:Inkbox.Tests.HomePageTest@333cb916] output={null}], AUD</td>
<td><div><pre>java.lang.NullPointerException: Cannot invoke &quot;String.replaceAll(String, String)&quot; because &quot;MethodName&quot; is null
	at Inkbox.Tests.HomePageTest.AfterMethod(HomePageTest.java:355)
	at java.base/java.util.concurrent.ThreadPoolExecutor.runWorker(ThreadPoolExecutor.java:1130)
	at java.base/java.util.concurrent.ThreadPoolExecutor$Worker.run(ThreadPoolExecutor.java:630)
	at java.base/java.lang.Thread.run(Thread.java:831)
... Removed 16 stack frames</pre></div><a href='#' onClick='toggleBox("stack-trace2079058727", this, "Click to show all stack frames", "Click to hide stack frames")'>Click to show all stack frames</a>
<div class='stack-trace' id='stack-trace2079058727'><pre>java.lang.NullPointerException: Cannot invoke &quot;String.replaceAll(String, String)&quot; because &quot;MethodName&quot; is null
	at Inkbox.Tests.HomePageTest.AfterMethod(HomePageTest.java:355)
	at jdk.internal.reflect.GeneratedMethodAccessor43.invoke(Unknown Source)
	at java.base/jdk.internal.reflect.DelegatingMethodAccessorImpl.invoke(DelegatingMethodAccessorImpl.java:43)
	at java.base/java.lang.reflect.Method.invoke(Method.java:567)
	at org.testng.internal.MethodInvocationHelper.invokeMethod(MethodInvocationHelper.java:133)
	at org.testng.internal.MethodInvocationHelper.invokeMethodConsideringTimeout(MethodInvocationHelper.java:62)
	at org.testng.internal.ConfigInvoker.invokeConfigurationMethod(ConfigInvoker.java:385)
	at org.testng.internal.ConfigInvoker.invokeConfigurations(ConfigInvoker.java:321)
	at org.testng.internal.TestInvoker.runConfigMethods(TestInvoker.java:700)
	at org.testng.internal.TestInvoker.runAfterGroupsConfigurations(TestInvoker.java:676)
	at org.testng.internal.TestInvoker.invokeMethod(TestInvoker.java:546)
	at org.testng.internal.TestInvoker.invokeTestMethod(TestInvoker.java:173)
	at org.testng.internal.MethodRunner.runInSequence(MethodRunner.java:46)
	at org.testng.internal.TestInvoker$MethodInvocationAgent.invoke(TestInvoker.java:824)
	at org.testng.internal.TestInvoker.invokeTestMethods(TestInvoker.java:146)
	at org.testng.internal.TestMethodWorker.invokeTestMethods(TestMethodWorker.java:146)
	at org.testng.internal.TestMethodWorker.run(TestMethodWorker.java:128)
	at java.base/java.util.concurrent.ThreadPoolExecutor.runWorker(ThreadPoolExecutor.java:1130)
	at java.base/java.util.concurrent.ThreadPoolExecutor$Worker.run(ThreadPoolExecutor.java:630)
	at java.base/java.lang.Thread.run(Thread.java:831)
</pre></div></td>
<td>0</td>
<td>Inkbox.Tests.HomePageTest@333cb916</td></tr>
<tr>
<td title='Inkbox.Tests.HomePageTest.AfterMethod()'><b>AfterMethod</b><br>Test class: Inkbox.Tests.HomePageTest<br>Parameters: [TestResult name={null} status=CREATED method=HomePageTest.Validate_FAQ_Navigation(java.lang.String)[pri:0, instance:Inkbox.Tests.HomePageTest@333cb916] output={null}], AUD</td>
<td><div><pre>java.lang.NullPointerException: Cannot invoke &quot;String.replaceAll(String, String)&quot; because &quot;MethodName&quot; is null
	at Inkbox.Tests.HomePageTest.AfterMethod(HomePageTest.java:355)
	at java.base/java.util.concurrent.ThreadPoolExecutor.runWorker(ThreadPoolExecutor.java:1130)
	at java.base/java.util.concurrent.ThreadPoolExecutor$Worker.run(ThreadPoolExecutor.java:630)
	at java.base/java.lang.Thread.run(Thread.java:831)
... Removed 16 stack frames</pre></div><a href='#' onClick='toggleBox("stack-trace1599186396", this, "Click to show all stack frames", "Click to hide stack frames")'>Click to show all stack frames</a>
<div class='stack-trace' id='stack-trace1599186396'><pre>java.lang.NullPointerException: Cannot invoke &quot;String.replaceAll(String, String)&quot; because &quot;MethodName&quot; is null
	at Inkbox.Tests.HomePageTest.AfterMethod(HomePageTest.java:355)
	at jdk.internal.reflect.GeneratedMethodAccessor43.invoke(Unknown Source)
	at java.base/jdk.internal.reflect.DelegatingMethodAccessorImpl.invoke(DelegatingMethodAccessorImpl.java:43)
	at java.base/java.lang.reflect.Method.invoke(Method.java:567)
	at org.testng.internal.MethodInvocationHelper.invokeMethod(MethodInvocationHelper.java:133)
	at org.testng.internal.MethodInvocationHelper.invokeMethodConsideringTimeout(MethodInvocationHelper.java:62)
	at org.testng.internal.ConfigInvoker.invokeConfigurationMethod(ConfigInvoker.java:385)
	at org.testng.internal.ConfigInvoker.invokeConfigurations(ConfigInvoker.java:321)
	at org.testng.internal.TestInvoker.runConfigMethods(TestInvoker.java:700)
	at org.testng.internal.TestInvoker.runAfterGroupsConfigurations(TestInvoker.java:676)
	at org.testng.internal.TestInvoker.invokeMethod(TestInvoker.java:546)
	at org.testng.internal.TestInvoker.invokeTestMethod(TestInvoker.java:173)
	at org.testng.internal.MethodRunner.runInSequence(MethodRunner.java:46)
	at org.testng.internal.TestInvoker$MethodInvocationAgent.invoke(TestInvoker.java:824)
	at org.testng.internal.TestInvoker.invokeTestMethods(TestInvoker.java:146)
	at org.testng.internal.TestMethodWorker.invokeTestMethods(TestMethodWorker.java:146)
	at org.testng.internal.TestMethodWorker.run(TestMethodWorker.java:128)
	at java.base/java.util.concurrent.ThreadPoolExecutor.runWorker(ThreadPoolExecutor.java:1130)
	at java.base/java.util.concurrent.ThreadPoolExecutor$Worker.run(ThreadPoolExecutor.java:630)
	at java.base/java.lang.Thread.run(Thread.java:831)
</pre></div></td>
<td>0</td>
<td>Inkbox.Tests.HomePageTest@333cb916</td></tr>
<tr>
<td title='Inkbox.Tests.HomePageTest.AfterMethod()'><b>AfterMethod</b><br>Test class: Inkbox.Tests.HomePageTest<br>Parameters: [TestResult name={null} status=CREATED method=HomePageTest.Validate_Footer()[pri:0, instance:Inkbox.Tests.HomePageTest@333cb916] output={null}], AUD</td>
<td><div><pre>java.lang.NullPointerException: Cannot invoke &quot;String.replaceAll(String, String)&quot; because &quot;MethodName&quot; is null
	at Inkbox.Tests.HomePageTest.AfterMethod(HomePageTest.java:355)
	at java.base/java.util.concurrent.ThreadPoolExecutor.runWorker(ThreadPoolExecutor.java:1130)
	at java.base/java.util.concurrent.ThreadPoolExecutor$Worker.run(ThreadPoolExecutor.java:630)
	at java.base/java.lang.Thread.run(Thread.java:831)
... Removed 16 stack frames</pre></div><a href='#' onClick='toggleBox("stack-trace901319735", this, "Click to show all stack frames", "Click to hide stack frames")'>Click to show all stack frames</a>
<div class='stack-trace' id='stack-trace901319735'><pre>java.lang.NullPointerException: Cannot invoke &quot;String.replaceAll(String, String)&quot; because &quot;MethodName&quot; is null
	at Inkbox.Tests.HomePageTest.AfterMethod(HomePageTest.java:355)
	at jdk.internal.reflect.GeneratedMethodAccessor43.invoke(Unknown Source)
	at java.base/jdk.internal.reflect.DelegatingMethodAccessorImpl.invoke(DelegatingMethodAccessorImpl.java:43)
	at java.base/java.lang.reflect.Method.invoke(Method.java:567)
	at org.testng.internal.MethodInvocationHelper.invokeMethod(MethodInvocationHelper.java:133)
	at org.testng.internal.MethodInvocationHelper.invokeMethodConsideringTimeout(MethodInvocationHelper.java:62)
	at org.testng.internal.ConfigInvoker.invokeConfigurationMethod(ConfigInvoker.java:385)
	at org.testng.internal.ConfigInvoker.invokeConfigurations(ConfigInvoker.java:321)
	at org.testng.internal.TestInvoker.runConfigMethods(TestInvoker.java:700)
	at org.testng.internal.TestInvoker.runAfterGroupsConfigurations(TestInvoker.java:676)
	at org.testng.internal.TestInvoker.invokeMethod(TestInvoker.java:546)
	at org.testng.internal.TestInvoker.invokeTestMethod(TestInvoker.java:173)
	at org.testng.internal.MethodRunner.runInSequence(MethodRunner.java:46)
	at org.testng.internal.TestInvoker$MethodInvocationAgent.invoke(TestInvoker.java:824)
	at org.testng.internal.TestInvoker.invokeTestMethods(TestInvoker.java:146)
	at org.testng.internal.TestMethodWorker.invokeTestMethods(TestMethodWorker.java:146)
	at org.testng.internal.TestMethodWorker.run(TestMethodWorker.java:128)
	at java.base/java.util.concurrent.ThreadPoolExecutor.runWorker(ThreadPoolExecutor.java:1130)
	at java.base/java.util.concurrent.ThreadPoolExecutor$Worker.run(ThreadPoolExecutor.java:630)
	at java.base/java.lang.Thread.run(Thread.java:831)
</pre></div></td>
<td>0</td>
<td>Inkbox.Tests.HomePageTest@333cb916</td></tr>
<tr>
<td title='Inkbox.Tests.HomePageTest.AfterMethod()'><b>AfterMethod</b><br>Test class: Inkbox.Tests.HomePageTest<br>Parameters: [TestResult name={null} status=CREATED method=HomePageTest.Validate_ReviewTag()[pri:0, instance:Inkbox.Tests.HomePageTest@333cb916] output={null}], AUD</td>
<td><div><pre>java.lang.NullPointerException: Cannot invoke &quot;String.replaceAll(String, String)&quot; because &quot;MethodName&quot; is null
	at Inkbox.Tests.HomePageTest.AfterMethod(HomePageTest.java:355)
	at java.base/java.util.concurrent.ThreadPoolExecutor.runWorker(ThreadPoolExecutor.java:1130)
	at java.base/java.util.concurrent.ThreadPoolExecutor$Worker.run(ThreadPoolExecutor.java:630)
	at java.base/java.lang.Thread.run(Thread.java:831)
... Removed 16 stack frames</pre></div><a href='#' onClick='toggleBox("stack-trace1474359863", this, "Click to show all stack frames", "Click to hide stack frames")'>Click to show all stack frames</a>
<div class='stack-trace' id='stack-trace1474359863'><pre>java.lang.NullPointerException: Cannot invoke &quot;String.replaceAll(String, String)&quot; because &quot;MethodName&quot; is null
	at Inkbox.Tests.HomePageTest.AfterMethod(HomePageTest.java:355)
	at jdk.internal.reflect.GeneratedMethodAccessor43.invoke(Unknown Source)
	at java.base/jdk.internal.reflect.DelegatingMethodAccessorImpl.invoke(DelegatingMethodAccessorImpl.java:43)
	at java.base/java.lang.reflect.Method.invoke(Method.java:567)
	at org.testng.internal.MethodInvocationHelper.invokeMethod(MethodInvocationHelper.java:133)
	at org.testng.internal.MethodInvocationHelper.invokeMethodConsideringTimeout(MethodInvocationHelper.java:62)
	at org.testng.internal.ConfigInvoker.invokeConfigurationMethod(ConfigInvoker.java:385)
	at org.testng.internal.ConfigInvoker.invokeConfigurations(ConfigInvoker.java:321)
	at org.testng.internal.TestInvoker.runConfigMethods(TestInvoker.java:700)
	at org.testng.internal.TestInvoker.runAfterGroupsConfigurations(TestInvoker.java:676)
	at org.testng.internal.TestInvoker.invokeMethod(TestInvoker.java:546)
	at org.testng.internal.TestInvoker.invokeTestMethod(TestInvoker.java:173)
	at org.testng.internal.MethodRunner.runInSequence(MethodRunner.java:46)
	at org.testng.internal.TestInvoker$MethodInvocationAgent.invoke(TestInvoker.java:824)
	at org.testng.internal.TestInvoker.invokeTestMethods(TestInvoker.java:146)
	at org.testng.internal.TestMethodWorker.invokeTestMethods(TestMethodWorker.java:146)
	at org.testng.internal.TestMethodWorker.run(TestMethodWorker.java:128)
	at java.base/java.util.concurrent.ThreadPoolExecutor.runWorker(ThreadPoolExecutor.java:1130)
	at java.base/java.util.concurrent.ThreadPoolExecutor$Worker.run(ThreadPoolExecutor.java:630)
	at java.base/java.lang.Thread.run(Thread.java:831)
</pre></div></td>
<td>0</td>
<td>Inkbox.Tests.HomePageTest@333cb916</td></tr>
<tr>
<td title='Inkbox.Tests.HomePageTest.AfterMethod()'><b>AfterMethod</b><br>Test class: Inkbox.Tests.HomePageTest<br>Parameters: [TestResult name={null} status=CREATED method=HomePageTest.Verify_EmailField_Footer()[pri:0, instance:Inkbox.Tests.HomePageTest@333cb916] output={null}], AUD</td>
<td><div><pre>java.lang.NullPointerException: Cannot invoke &quot;String.replaceAll(String, String)&quot; because &quot;MethodName&quot; is null
	at Inkbox.Tests.HomePageTest.AfterMethod(HomePageTest.java:355)
	at java.base/java.util.concurrent.ThreadPoolExecutor.runWorker(ThreadPoolExecutor.java:1130)
	at java.base/java.util.concurrent.ThreadPoolExecutor$Worker.run(ThreadPoolExecutor.java:630)
	at java.base/java.lang.Thread.run(Thread.java:831)
... Removed 16 stack frames</pre></div><a href='#' onClick='toggleBox("stack-trace582004552", this, "Click to show all stack frames", "Click to hide stack frames")'>Click to show all stack frames</a>
<div class='stack-trace' id='stack-trace582004552'><pre>java.lang.NullPointerException: Cannot invoke &quot;String.replaceAll(String, String)&quot; because &quot;MethodName&quot; is null
	at Inkbox.Tests.HomePageTest.AfterMethod(HomePageTest.java:355)
	at jdk.internal.reflect.GeneratedMethodAccessor43.invoke(Unknown Source)
	at java.base/jdk.internal.reflect.DelegatingMethodAccessorImpl.invoke(DelegatingMethodAccessorImpl.java:43)
	at java.base/java.lang.reflect.Method.invoke(Method.java:567)
	at org.testng.internal.MethodInvocationHelper.invokeMethod(MethodInvocationHelper.java:133)
	at org.testng.internal.MethodInvocationHelper.invokeMethodConsideringTimeout(MethodInvocationHelper.java:62)
	at org.testng.internal.ConfigInvoker.invokeConfigurationMethod(ConfigInvoker.java:385)
	at org.testng.internal.ConfigInvoker.invokeConfigurations(ConfigInvoker.java:321)
	at org.testng.internal.TestInvoker.runConfigMethods(TestInvoker.java:700)
	at org.testng.internal.TestInvoker.runAfterGroupsConfigurations(TestInvoker.java:676)
	at org.testng.internal.TestInvoker.invokeMethod(TestInvoker.java:546)
	at org.testng.internal.TestInvoker.invokeTestMethod(TestInvoker.java:173)
	at org.testng.internal.MethodRunner.runInSequence(MethodRunner.java:46)
	at org.testng.internal.TestInvoker$MethodInvocationAgent.invoke(TestInvoker.java:824)
	at org.testng.internal.TestInvoker.invokeTestMethods(TestInvoker.java:146)
	at org.testng.internal.TestMethodWorker.invokeTestMethods(TestMethodWorker.java:146)
	at org.testng.internal.TestMethodWorker.run(TestMethodWorker.java:128)
	at java.base/java.util.concurrent.ThreadPoolExecutor.runWorker(ThreadPoolExecutor.java:1130)
	at java.base/java.util.concurrent.ThreadPoolExecutor$Worker.run(ThreadPoolExecutor.java:630)
	at java.base/java.lang.Thread.run(Thread.java:831)
</pre></div></td>
<td>0</td>
<td>Inkbox.Tests.HomePageTest@333cb916</td></tr>
<tr>
<td title='Inkbox.Tests.HomePageTest.AfterMethod()'><b>AfterMethod</b><br>Test class: Inkbox.Tests.HomePageTest<br>Parameters: [TestResult name={null} status=CREATED method=HomePageTest.Validating_Facebook_Login()[pri:0, instance:Inkbox.Tests.HomePageTest@333cb916] output={null}], AUD</td>
<td><div><pre>java.lang.NullPointerException: Cannot invoke &quot;String.replaceAll(String, String)&quot; because &quot;MethodName&quot; is null
	at Inkbox.Tests.HomePageTest.AfterMethod(HomePageTest.java:355)
	at java.base/java.util.concurrent.ThreadPoolExecutor.runWorker(ThreadPoolExecutor.java:1130)
	at java.base/java.util.concurrent.ThreadPoolExecutor$Worker.run(ThreadPoolExecutor.java:630)
	at java.base/java.lang.Thread.run(Thread.java:831)
... Removed 16 stack frames</pre></div><a href='#' onClick='toggleBox("stack-trace1970654671", this, "Click to show all stack frames", "Click to hide stack frames")'>Click to show all stack frames</a>
<div class='stack-trace' id='stack-trace1970654671'><pre>java.lang.NullPointerException: Cannot invoke &quot;String.replaceAll(String, String)&quot; because &quot;MethodName&quot; is null
	at Inkbox.Tests.HomePageTest.AfterMethod(HomePageTest.java:355)
	at jdk.internal.reflect.GeneratedMethodAccessor43.invoke(Unknown Source)
	at java.base/jdk.internal.reflect.DelegatingMethodAccessorImpl.invoke(DelegatingMethodAccessorImpl.java:43)
	at java.base/java.lang.reflect.Method.invoke(Method.java:567)
	at org.testng.internal.MethodInvocationHelper.invokeMethod(MethodInvocationHelper.java:133)
	at org.testng.internal.MethodInvocationHelper.invokeMethodConsideringTimeout(MethodInvocationHelper.java:62)
	at org.testng.internal.ConfigInvoker.invokeConfigurationMethod(ConfigInvoker.java:385)
	at org.testng.internal.ConfigInvoker.invokeConfigurations(ConfigInvoker.java:321)
	at org.testng.internal.TestInvoker.runConfigMethods(TestInvoker.java:700)
	at org.testng.internal.TestInvoker.runAfterGroupsConfigurations(TestInvoker.java:676)
	at org.testng.internal.TestInvoker.invokeMethod(TestInvoker.java:546)
	at org.testng.internal.TestInvoker.invokeTestMethod(TestInvoker.java:173)
	at org.testng.internal.MethodRunner.runInSequence(MethodRunner.java:46)
	at org.testng.internal.TestInvoker$MethodInvocationAgent.invoke(TestInvoker.java:824)
	at org.testng.internal.TestInvoker.invokeTestMethods(TestInvoker.java:146)
	at org.testng.internal.TestMethodWorker.invokeTestMethods(TestMethodWorker.java:146)
	at org.testng.internal.TestMethodWorker.run(TestMethodWorker.java:128)
	at java.base/java.util.concurrent.ThreadPoolExecutor.runWorker(ThreadPoolExecutor.java:1130)
	at java.base/java.util.concurrent.ThreadPoolExecutor$Worker.run(ThreadPoolExecutor.java:630)
	at java.base/java.lang.Thread.run(Thread.java:831)
</pre></div></td>
<td>0</td>
<td>Inkbox.Tests.HomePageTest@333cb916</td></tr>
<tr>
<td title='Inkbox.Tests.HomePageTest.AfterMethod()'><b>AfterMethod</b><br>Test class: Inkbox.Tests.HomePageTest<br>Parameters: [TestResult name={null} status=CREATED method=HomePageTest.Validate_Maxmize_minimize_FAQ()[pri:0, instance:Inkbox.Tests.HomePageTest@333cb916] output={null}], AUD</td>
<td><div><pre>java.lang.NullPointerException: Cannot invoke &quot;String.replaceAll(String, String)&quot; because &quot;MethodName&quot; is null
	at Inkbox.Tests.HomePageTest.AfterMethod(HomePageTest.java:355)
	at java.base/java.util.concurrent.ThreadPoolExecutor.runWorker(ThreadPoolExecutor.java:1130)
	at java.base/java.util.concurrent.ThreadPoolExecutor$Worker.run(ThreadPoolExecutor.java:630)
	at java.base/java.lang.Thread.run(Thread.java:831)
... Removed 16 stack frames</pre></div><a href='#' onClick='toggleBox("stack-trace522347199", this, "Click to show all stack frames", "Click to hide stack frames")'>Click to show all stack frames</a>
<div class='stack-trace' id='stack-trace522347199'><pre>java.lang.NullPointerException: Cannot invoke &quot;String.replaceAll(String, String)&quot; because &quot;MethodName&quot; is null
	at Inkbox.Tests.HomePageTest.AfterMethod(HomePageTest.java:355)
	at jdk.internal.reflect.GeneratedMethodAccessor43.invoke(Unknown Source)
	at java.base/jdk.internal.reflect.DelegatingMethodAccessorImpl.invoke(DelegatingMethodAccessorImpl.java:43)
	at java.base/java.lang.reflect.Method.invoke(Method.java:567)
	at org.testng.internal.MethodInvocationHelper.invokeMethod(MethodInvocationHelper.java:133)
	at org.testng.internal.MethodInvocationHelper.invokeMethodConsideringTimeout(MethodInvocationHelper.java:62)
	at org.testng.internal.ConfigInvoker.invokeConfigurationMethod(ConfigInvoker.java:385)
	at org.testng.internal.ConfigInvoker.invokeConfigurations(ConfigInvoker.java:321)
	at org.testng.internal.TestInvoker.runConfigMethods(TestInvoker.java:700)
	at org.testng.internal.TestInvoker.runAfterGroupsConfigurations(TestInvoker.java:676)
	at org.testng.internal.TestInvoker.invokeMethod(TestInvoker.java:546)
	at org.testng.internal.TestInvoker.invokeTestMethod(TestInvoker.java:173)
	at org.testng.internal.MethodRunner.runInSequence(MethodRunner.java:46)
	at org.testng.internal.TestInvoker$MethodInvocationAgent.invoke(TestInvoker.java:824)
	at org.testng.internal.TestInvoker.invokeTestMethods(TestInvoker.java:146)
	at org.testng.internal.TestMethodWorker.invokeTestMethods(TestMethodWorker.java:146)
	at org.testng.internal.TestMethodWorker.run(TestMethodWorker.java:128)
	at java.base/java.util.concurrent.ThreadPoolExecutor.runWorker(ThreadPoolExecutor.java:1130)
	at java.base/java.util.concurrent.ThreadPoolExecutor$Worker.run(ThreadPoolExecutor.java:630)
	at java.base/java.lang.Thread.run(Thread.java:831)
</pre></div></td>
<td>0</td>
<td>Inkbox.Tests.HomePageTest@333cb916</td></tr>
<tr>
<td title='Inkbox.Tests.HomePageTest.AfterMethod()'><b>AfterMethod</b><br>Test class: Inkbox.Tests.HomePageTest<br>Parameters: [TestResult name={null} status=CREATED method=HomePageTest.Validate_Shop()[pri:0, instance:Inkbox.Tests.HomePageTest@333cb916] output={null}], AUD</td>
<td><div><pre>java.lang.NullPointerException: Cannot invoke &quot;String.replaceAll(String, String)&quot; because &quot;MethodName&quot; is null
	at Inkbox.Tests.HomePageTest.AfterMethod(HomePageTest.java:355)
	at java.base/java.util.concurrent.ThreadPoolExecutor.runWorker(ThreadPoolExecutor.java:1130)
	at java.base/java.util.concurrent.ThreadPoolExecutor$Worker.run(ThreadPoolExecutor.java:630)
	at java.base/java.lang.Thread.run(Thread.java:831)
... Removed 16 stack frames</pre></div><a href='#' onClick='toggleBox("stack-trace887555418", this, "Click to show all stack frames", "Click to hide stack frames")'>Click to show all stack frames</a>
<div class='stack-trace' id='stack-trace887555418'><pre>java.lang.NullPointerException: Cannot invoke &quot;String.replaceAll(String, String)&quot; because &quot;MethodName&quot; is null
	at Inkbox.Tests.HomePageTest.AfterMethod(HomePageTest.java:355)
	at jdk.internal.reflect.GeneratedMethodAccessor43.invoke(Unknown Source)
	at java.base/jdk.internal.reflect.DelegatingMethodAccessorImpl.invoke(DelegatingMethodAccessorImpl.java:43)
	at java.base/java.lang.reflect.Method.invoke(Method.java:567)
	at org.testng.internal.MethodInvocationHelper.invokeMethod(MethodInvocationHelper.java:133)
	at org.testng.internal.MethodInvocationHelper.invokeMethodConsideringTimeout(MethodInvocationHelper.java:62)
	at org.testng.internal.ConfigInvoker.invokeConfigurationMethod(ConfigInvoker.java:385)
	at org.testng.internal.ConfigInvoker.invokeConfigurations(ConfigInvoker.java:321)
	at org.testng.internal.TestInvoker.runConfigMethods(TestInvoker.java:700)
	at org.testng.internal.TestInvoker.runAfterGroupsConfigurations(TestInvoker.java:676)
	at org.testng.internal.TestInvoker.invokeMethod(TestInvoker.java:546)
	at org.testng.internal.TestInvoker.invokeTestMethod(TestInvoker.java:173)
	at org.testng.internal.MethodRunner.runInSequence(MethodRunner.java:46)
	at org.testng.internal.TestInvoker$MethodInvocationAgent.invoke(TestInvoker.java:824)
	at org.testng.internal.TestInvoker.invokeTestMethods(TestInvoker.java:146)
	at org.testng.internal.TestMethodWorker.invokeTestMethods(TestMethodWorker.java:146)
	at org.testng.internal.TestMethodWorker.run(TestMethodWorker.java:128)
	at java.base/java.util.concurrent.ThreadPoolExecutor.runWorker(ThreadPoolExecutor.java:1130)
	at java.base/java.util.concurrent.ThreadPoolExecutor$Worker.run(ThreadPoolExecutor.java:630)
	at java.base/java.lang.Thread.run(Thread.java:831)
</pre></div></td>
<td>0</td>
<td>Inkbox.Tests.HomePageTest@333cb916</td></tr>
<tr>
<td title='Inkbox.Tests.HomePageTest.AfterMethod()'><b>AfterMethod</b><br>Test class: Inkbox.Tests.HomePageTest<br>Parameters: [TestResult name={null} status=CREATED method=HomePageTest.Verify_InkoxLogo_Navigation(java.lang.String)[pri:0, instance:Inkbox.Tests.HomePageTest@333cb916] output={null}], AUD</td>
<td><div><pre>java.lang.NullPointerException: Cannot invoke &quot;String.replaceAll(String, String)&quot; because &quot;MethodName&quot; is null
	at Inkbox.Tests.HomePageTest.AfterMethod(HomePageTest.java:355)
	at java.base/java.util.concurrent.ThreadPoolExecutor.runWorker(ThreadPoolExecutor.java:1130)
	at java.base/java.util.concurrent.ThreadPoolExecutor$Worker.run(ThreadPoolExecutor.java:630)
	at java.base/java.lang.Thread.run(Thread.java:831)
... Removed 16 stack frames</pre></div><a href='#' onClick='toggleBox("stack-trace1308194212", this, "Click to show all stack frames", "Click to hide stack frames")'>Click to show all stack frames</a>
<div class='stack-trace' id='stack-trace1308194212'><pre>java.lang.NullPointerException: Cannot invoke &quot;String.replaceAll(String, String)&quot; because &quot;MethodName&quot; is null
	at Inkbox.Tests.HomePageTest.AfterMethod(HomePageTest.java:355)
	at jdk.internal.reflect.GeneratedMethodAccessor43.invoke(Unknown Source)
	at java.base/jdk.internal.reflect.DelegatingMethodAccessorImpl.invoke(DelegatingMethodAccessorImpl.java:43)
	at java.base/java.lang.reflect.Method.invoke(Method.java:567)
	at org.testng.internal.MethodInvocationHelper.invokeMethod(MethodInvocationHelper.java:133)
	at org.testng.internal.MethodInvocationHelper.invokeMethodConsideringTimeout(MethodInvocationHelper.java:62)
	at org.testng.internal.ConfigInvoker.invokeConfigurationMethod(ConfigInvoker.java:385)
	at org.testng.internal.ConfigInvoker.invokeConfigurations(ConfigInvoker.java:321)
	at org.testng.internal.TestInvoker.runConfigMethods(TestInvoker.java:700)
	at org.testng.internal.TestInvoker.runAfterGroupsConfigurations(TestInvoker.java:676)
	at org.testng.internal.TestInvoker.invokeMethod(TestInvoker.java:546)
	at org.testng.internal.TestInvoker.invokeTestMethod(TestInvoker.java:173)
	at org.testng.internal.MethodRunner.runInSequence(MethodRunner.java:46)
	at org.testng.internal.TestInvoker$MethodInvocationAgent.invoke(TestInvoker.java:824)
	at org.testng.internal.TestInvoker.invokeTestMethods(TestInvoker.java:146)
	at org.testng.internal.TestMethodWorker.invokeTestMethods(TestMethodWorker.java:146)
	at org.testng.internal.TestMethodWorker.run(TestMethodWorker.java:128)
	at java.base/java.util.concurrent.ThreadPoolExecutor.runWorker(ThreadPoolExecutor.java:1130)
	at java.base/java.util.concurrent.ThreadPoolExecutor$Worker.run(ThreadPoolExecutor.java:630)
	at java.base/java.lang.Thread.run(Thread.java:831)
</pre></div></td>
<td>0</td>
<td>Inkbox.Tests.HomePageTest@333cb916</td></tr>
</table><p>
<table width='100%' border='1' class='invocation-failed'>
<tr><td colspan='4' align='center'><b>FAILED TESTS</b></td></tr>
<tr><td><b>Test method</b></td>
<td width="30%"><b>Exception</b></td>
<td width="10%"><b>Time (seconds)</b></td>
<td><b>Instance</b></td>
</tr>
<tr>
<td title='Inkbox.Tests.HomePageTest.TC_5058_ValidateFreeShipping_Without_ItemsInCart()'><b>TC_5058_ValidateFreeShipping_Without_ItemsInCart</b><br>Test class: Inkbox.Tests.HomePageTest<br>Parameters: AUD</td>
<td><div><pre>java.lang.AssertionError
	at org.junit.Assert.fail(Assert.java:86)
	at org.junit.Assert.fail(Assert.java:95)
	at Helpers.ControlHelpers.getText(ControlHelpers.java:243)
	at Inkbox.Pages.CartPage.Validate_FreeShipping_Msg_WithoutAdding_ItemsToCart(CartPage.java:59)
	at Inkbox.Tests.HomePageTest.TC_5058_ValidateFreeShipping_Without_ItemsInCart(HomePageTest.java:52)
	at java.base/java.util.concurrent.ThreadPoolExecutor.runWorker(ThreadPoolExecutor.java:1130)
	at java.base/java.util.concurrent.ThreadPoolExecutor$Worker.run(ThreadPoolExecutor.java:630)
	at java.base/java.lang.Thread.run(Thread.java:831)
... Removed 12 stack frames</pre></div><a href='#' onClick='toggleBox("stack-trace1358231033", this, "Click to show all stack frames", "Click to hide stack frames")'>Click to show all stack frames</a>
<div class='stack-trace' id='stack-trace1358231033'><pre>java.lang.AssertionError
	at org.junit.Assert.fail(Assert.java:86)
	at org.junit.Assert.fail(Assert.java:95)
	at Helpers.ControlHelpers.getText(ControlHelpers.java:243)
	at Inkbox.Pages.CartPage.Validate_FreeShipping_Msg_WithoutAdding_ItemsToCart(CartPage.java:59)
	at Inkbox.Tests.HomePageTest.TC_5058_ValidateFreeShipping_Without_ItemsInCart(HomePageTest.java:52)
	at java.base/jdk.internal.reflect.NativeMethodAccessorImpl.invoke0(Native Method)
	at java.base/jdk.internal.reflect.NativeMethodAccessorImpl.invoke(NativeMethodAccessorImpl.java:78)
	at java.base/jdk.internal.reflect.DelegatingMethodAccessorImpl.invoke(DelegatingMethodAccessorImpl.java:43)
	at java.base/java.lang.reflect.Method.invoke(Method.java:567)
	at org.testng.internal.MethodInvocationHelper.invokeMethod(MethodInvocationHelper.java:133)
	at org.testng.internal.TestInvoker.invokeMethod(TestInvoker.java:598)
	at org.testng.internal.TestInvoker.retryFailed(TestInvoker.java:213)
	at org.testng.internal.MethodRunner.runInSequence(MethodRunner.java:58)
	at org.testng.internal.TestInvoker$MethodInvocationAgent.invoke(TestInvoker.java:824)
	at org.testng.internal.TestInvoker.invokeTestMethods(TestInvoker.java:146)
	at org.testng.internal.TestMethodWorker.invokeTestMethods(TestMethodWorker.java:146)
	at org.testng.internal.TestMethodWorker.run(TestMethodWorker.java:128)
	at java.base/java.util.concurrent.ThreadPoolExecutor.runWorker(ThreadPoolExecutor.java:1130)
	at java.base/java.util.concurrent.ThreadPoolExecutor$Worker.run(ThreadPoolExecutor.java:630)
	at java.base/java.lang.Thread.run(Thread.java:831)
</pre></div></td>
<td>104</td>
<td>Inkbox.Tests.HomePageTest@333cb916</td></tr>
</table><p>
<table width='100%' border='1' class='invocation-passed'>
<tr><td colspan='4' align='center'><b>PASSED TESTS</b></td></tr>
<tr><td><b>Test method</b></td>
<td width="30%"><b>Exception</b></td>
<td width="10%"><b>Time (seconds)</b></td>
<td><b>Instance</b></td>
</tr>
<tr>
<td title='Inkbox.Tests.HomePageTest.ProductsDisplayed_are_Clicable_And_Move_To_PDP()'><b>ProductsDisplayed_are_Clicable_And_Move_To_PDP</b><br>Test class: Inkbox.Tests.HomePageTest</td>
<td></td>
<td>112</td>
<td>Inkbox.Tests.HomePageTest@333cb916</td></tr>
<tr>
<td title='Inkbox.Tests.HomePageTest.PDP_RecentlyView_Validation_GuestUser()'><b>PDP_RecentlyView_Validation_GuestUser</b><br>Test class: Inkbox.Tests.HomePageTest</td>
<td></td>
<td>268</td>
<td>Inkbox.Tests.HomePageTest@333cb916</td></tr>
<tr>
<td title='Inkbox.Tests.HomePageTest.Trace_FAQ_Max_and_Min_Validation()'><b>Trace_FAQ_Max_and_Min_Validation</b><br>Test class: Inkbox.Tests.HomePageTest</td>
<td></td>
<td>136</td>
<td>Inkbox.Tests.HomePageTest@333cb916</td></tr>
<tr>
<td title='Inkbox.Tests.HomePageTest.ReturnPolicy_Validation_Footer()'><b>ReturnPolicy_Validation_Footer</b><br>Test class: Inkbox.Tests.HomePageTest</td>
<td></td>
<td>99</td>
<td>Inkbox.Tests.HomePageTest@333cb916</td></tr>
<tr>
<td title='Inkbox.Tests.HomePageTest.PDP_Validation_GuestUser_Accordion_Max_Mini_Pickedforyou_Arrow_scrollable_ShopinstaVisible()'><b>PDP_Validation_GuestUser_Accordion_Max_Mini_Pickedforyou_Arrow_scrollable_ShopinstaVisible</b><br>Test class: Inkbox.Tests.HomePageTest</td>
<td></td>
<td>129</td>
<td>Inkbox.Tests.HomePageTest@333cb916</td></tr>
<tr>
<td title='Inkbox.Tests.HomePageTest.PDP_Validation_WithLogin_Accordion_Max_Mini_Pickedforyou_Arrow_scrollable_ShopinstaVisible()'><b>PDP_Validation_WithLogin_Accordion_Max_Mini_Pickedforyou_Arrow_scrollable_ShopinstaVisible</b><br>Test class: Inkbox.Tests.HomePageTest</td>
<td></td>
<td>144</td>
<td>Inkbox.Tests.HomePageTest@333cb916</td></tr>
<tr>
<td title='Inkbox.Tests.HomePageTest.PDP_RecentlyView_Validation_LoginUser()'><b>PDP_RecentlyView_Validation_LoginUser</b><br>Test class: Inkbox.Tests.HomePageTest</td>
<td></td>
<td>302</td>
<td>Inkbox.Tests.HomePageTest@333cb916</td></tr>
<tr>
<td title='Inkbox.Tests.HomePageTest.TC_4887_Tracking_Validation_Footer()'><b>TC_4887_Tracking_Validation_Footer</b><br>Test class: Inkbox.Tests.HomePageTest</td>
<td></td>
<td>95</td>
<td>Inkbox.Tests.HomePageTest@333cb916</td></tr>
<tr>
<td title='Inkbox.Tests.HomePageTest.UserImageChangingOrNot()'><b>UserImageChangingOrNot</b><br>Test class: Inkbox.Tests.HomePageTest</td>
<td></td>
<td>149</td>
<td>Inkbox.Tests.HomePageTest@333cb916</td></tr>
</table><p>
<table width='100%' border='1' class='invocation-skipped'>
<tr><td colspan='4' align='center'><b>SKIPPED TESTS</b></td></tr>
<tr><td><b>Test method</b></td>
<td width="30%"><b>Exception</b></td>
<td width="10%"><b>Time (seconds)</b></td>
<td><b>Instance</b></td>
</tr>
<tr>
<td title='Inkbox.Tests.HomePageTest.Validate_Footer_Text()'><b>Validate_Footer_Text</b><br>Test class: Inkbox.Tests.HomePageTest<br>Parameters: https://staging.inkbox.com/</td>
<td><div><pre>java.lang.Exception: TestRail API returned HTTP 400(&quot;No (active) test found for the run/case combination.&quot;)
	at Helpers.APIClient2.sendRequest(APIClient2.java:314)
	at Helpers.APIClient2.sendPost(APIClient2.java:149)
	at Helpers.TestRailIntegration.addResultForTestCase(TestRailIntegration.java:123)
	at Inkbox.Tests.HomePageTest.AfterMethod(HomePageTest.java:373)
	at java.base/java.util.concurrent.ThreadPoolExecutor.runWorker(ThreadPoolExecutor.java:1130)
	at java.base/java.util.concurrent.ThreadPoolExecutor$Worker.run(ThreadPoolExecutor.java:630)
	at java.base/java.lang.Thread.run(Thread.java:831)
... Removed 16 stack frames</pre></div><a href='#' onClick='toggleBox("stack-trace757231714", this, "Click to show all stack frames", "Click to hide stack frames")'>Click to show all stack frames</a>
<div class='stack-trace' id='stack-trace757231714'><pre>java.lang.Exception: TestRail API returned HTTP 400(&quot;No (active) test found for the run/case combination.&quot;)
	at Helpers.APIClient2.sendRequest(APIClient2.java:314)
	at Helpers.APIClient2.sendPost(APIClient2.java:149)
	at Helpers.TestRailIntegration.addResultForTestCase(TestRailIntegration.java:123)
	at Inkbox.Tests.HomePageTest.AfterMethod(HomePageTest.java:373)
	at jdk.internal.reflect.GeneratedMethodAccessor43.invoke(Unknown Source)
	at java.base/jdk.internal.reflect.DelegatingMethodAccessorImpl.invoke(DelegatingMethodAccessorImpl.java:43)
	at java.base/java.lang.reflect.Method.invoke(Method.java:567)
	at org.testng.internal.MethodInvocationHelper.invokeMethod(MethodInvocationHelper.java:133)
	at org.testng.internal.MethodInvocationHelper.invokeMethodConsideringTimeout(MethodInvocationHelper.java:62)
	at org.testng.internal.ConfigInvoker.invokeConfigurationMethod(ConfigInvoker.java:385)
	at org.testng.internal.ConfigInvoker.invokeConfigurations(ConfigInvoker.java:321)
	at org.testng.internal.TestInvoker.runConfigMethods(TestInvoker.java:700)
	at org.testng.internal.TestInvoker.runAfterGroupsConfigurations(TestInvoker.java:676)
	at org.testng.internal.TestInvoker.invokeMethod(TestInvoker.java:660)
	at org.testng.internal.TestInvoker.invokeTestMethod(TestInvoker.java:173)
	at org.testng.internal.MethodRunner.runInSequence(MethodRunner.java:46)
	at org.testng.internal.TestInvoker$MethodInvocationAgent.invoke(TestInvoker.java:824)
	at org.testng.internal.TestInvoker.invokeTestMethods(TestInvoker.java:146)
	at org.testng.internal.TestMethodWorker.invokeTestMethods(TestMethodWorker.java:146)
	at org.testng.internal.TestMethodWorker.run(TestMethodWorker.java:128)
	at java.base/java.util.concurrent.ThreadPoolExecutor.runWorker(ThreadPoolExecutor.java:1130)
	at java.base/java.util.concurrent.ThreadPoolExecutor$Worker.run(ThreadPoolExecutor.java:630)
	at java.base/java.lang.Thread.run(Thread.java:831)
</pre></div></td>
<td>0</td>
<td>Inkbox.Tests.HomePageTest@333cb916</td></tr>
<tr>
<td title='Inkbox.Tests.HomePageTest.Validate_PopularCategories()'><b>Validate_PopularCategories</b><br>Test class: Inkbox.Tests.HomePageTest</td>
<td><div><pre>java.lang.NullPointerException: Cannot invoke &quot;String.replaceAll(String, String)&quot; because &quot;MethodName&quot; is null
	at Inkbox.Tests.HomePageTest.AfterMethod(HomePageTest.java:355)
	at java.base/java.util.concurrent.ThreadPoolExecutor.runWorker(ThreadPoolExecutor.java:1130)
	at java.base/java.util.concurrent.ThreadPoolExecutor$Worker.run(ThreadPoolExecutor.java:630)
	at java.base/java.lang.Thread.run(Thread.java:831)
... Removed 16 stack frames</pre></div><a href='#' onClick='toggleBox("stack-trace1609920213", this, "Click to show all stack frames", "Click to hide stack frames")'>Click to show all stack frames</a>
<div class='stack-trace' id='stack-trace1609920213'><pre>java.lang.NullPointerException: Cannot invoke &quot;String.replaceAll(String, String)&quot; because &quot;MethodName&quot; is null
	at Inkbox.Tests.HomePageTest.AfterMethod(HomePageTest.java:355)
	at jdk.internal.reflect.GeneratedMethodAccessor43.invoke(Unknown Source)
	at java.base/jdk.internal.reflect.DelegatingMethodAccessorImpl.invoke(DelegatingMethodAccessorImpl.java:43)
	at java.base/java.lang.reflect.Method.invoke(Method.java:567)
	at org.testng.internal.MethodInvocationHelper.invokeMethod(MethodInvocationHelper.java:133)
	at org.testng.internal.MethodInvocationHelper.invokeMethodConsideringTimeout(MethodInvocationHelper.java:62)
	at org.testng.internal.ConfigInvoker.invokeConfigurationMethod(ConfigInvoker.java:385)
	at org.testng.internal.ConfigInvoker.invokeConfigurations(ConfigInvoker.java:321)
	at org.testng.internal.TestInvoker.runConfigMethods(TestInvoker.java:700)
	at org.testng.internal.TestInvoker.runAfterGroupsConfigurations(TestInvoker.java:676)
	at org.testng.internal.TestInvoker.invokeMethod(TestInvoker.java:546)
	at org.testng.internal.TestInvoker.invokeTestMethod(TestInvoker.java:173)
	at org.testng.internal.MethodRunner.runInSequence(MethodRunner.java:46)
	at org.testng.internal.TestInvoker$MethodInvocationAgent.invoke(TestInvoker.java:824)
	at org.testng.internal.TestInvoker.invokeTestMethods(TestInvoker.java:146)
	at org.testng.internal.TestMethodWorker.invokeTestMethods(TestMethodWorker.java:146)
	at org.testng.internal.TestMethodWorker.run(TestMethodWorker.java:128)
	at java.base/java.util.concurrent.ThreadPoolExecutor.runWorker(ThreadPoolExecutor.java:1130)
	at java.base/java.util.concurrent.ThreadPoolExecutor$Worker.run(ThreadPoolExecutor.java:630)
	at java.base/java.lang.Thread.run(Thread.java:831)
</pre></div></td>
<td>0</td>
<td>Inkbox.Tests.HomePageTest@333cb916</td></tr>
<tr>
<td title='Inkbox.Tests.HomePageTest.Validating_Facebook_Login()'><b>Validating_Facebook_Login</b><br>Test class: Inkbox.Tests.HomePageTest</td>
<td><div><pre>java.lang.NullPointerException: Cannot invoke &quot;String.replaceAll(String, String)&quot; because &quot;MethodName&quot; is null
	at Inkbox.Tests.HomePageTest.AfterMethod(HomePageTest.java:355)
	at java.base/java.util.concurrent.ThreadPoolExecutor.runWorker(ThreadPoolExecutor.java:1130)
	at java.base/java.util.concurrent.ThreadPoolExecutor$Worker.run(ThreadPoolExecutor.java:630)
	at java.base/java.lang.Thread.run(Thread.java:831)
... Removed 16 stack frames</pre></div><a href='#' onClick='toggleBox("stack-trace938796212", this, "Click to show all stack frames", "Click to hide stack frames")'>Click to show all stack frames</a>
<div class='stack-trace' id='stack-trace938796212'><pre>java.lang.NullPointerException: Cannot invoke &quot;String.replaceAll(String, String)&quot; because &quot;MethodName&quot; is null
	at Inkbox.Tests.HomePageTest.AfterMethod(HomePageTest.java:355)
	at jdk.internal.reflect.GeneratedMethodAccessor43.invoke(Unknown Source)
	at java.base/jdk.internal.reflect.DelegatingMethodAccessorImpl.invoke(DelegatingMethodAccessorImpl.java:43)
	at java.base/java.lang.reflect.Method.invoke(Method.java:567)
	at org.testng.internal.MethodInvocationHelper.invokeMethod(MethodInvocationHelper.java:133)
	at org.testng.internal.MethodInvocationHelper.invokeMethodConsideringTimeout(MethodInvocationHelper.java:62)
	at org.testng.internal.ConfigInvoker.invokeConfigurationMethod(ConfigInvoker.java:385)
	at org.testng.internal.ConfigInvoker.invokeConfigurations(ConfigInvoker.java:321)
	at org.testng.internal.TestInvoker.runConfigMethods(TestInvoker.java:700)
	at org.testng.internal.TestInvoker.runAfterGroupsConfigurations(TestInvoker.java:676)
	at org.testng.internal.TestInvoker.invokeMethod(TestInvoker.java:546)
	at org.testng.internal.TestInvoker.invokeTestMethod(TestInvoker.java:173)
	at org.testng.internal.MethodRunner.runInSequence(MethodRunner.java:46)
	at org.testng.internal.TestInvoker$MethodInvocationAgent.invoke(TestInvoker.java:824)
	at org.testng.internal.TestInvoker.invokeTestMethods(TestInvoker.java:146)
	at org.testng.internal.TestMethodWorker.invokeTestMethods(TestMethodWorker.java:146)
	at org.testng.internal.TestMethodWorker.run(TestMethodWorker.java:128)
	at java.base/java.util.concurrent.ThreadPoolExecutor.runWorker(ThreadPoolExecutor.java:1130)
	at java.base/java.util.concurrent.ThreadPoolExecutor$Worker.run(ThreadPoolExecutor.java:630)
	at java.base/java.lang.Thread.run(Thread.java:831)
</pre></div></td>
<td>0</td>
<td>Inkbox.Tests.HomePageTest@333cb916</td></tr>
<tr>
<td title='Inkbox.Tests.HomePageTest.Verify_InkoxLogo_Navigation()'><b>Verify_InkoxLogo_Navigation</b><br>Test class: Inkbox.Tests.HomePageTest<br>Parameters: https://staging.inkbox.com/</td>
<td><div><pre>java.lang.NullPointerException: Cannot invoke &quot;String.replaceAll(String, String)&quot; because &quot;MethodName&quot; is null
	at Inkbox.Tests.HomePageTest.AfterMethod(HomePageTest.java:355)
	at java.base/java.util.concurrent.ThreadPoolExecutor.runWorker(ThreadPoolExecutor.java:1130)
	at java.base/java.util.concurrent.ThreadPoolExecutor$Worker.run(ThreadPoolExecutor.java:630)
	at java.base/java.lang.Thread.run(Thread.java:831)
... Removed 16 stack frames</pre></div><a href='#' onClick='toggleBox("stack-trace1139885713", this, "Click to show all stack frames", "Click to hide stack frames")'>Click to show all stack frames</a>
<div class='stack-trace' id='stack-trace1139885713'><pre>java.lang.NullPointerException: Cannot invoke &quot;String.replaceAll(String, String)&quot; because &quot;MethodName&quot; is null
	at Inkbox.Tests.HomePageTest.AfterMethod(HomePageTest.java:355)
	at jdk.internal.reflect.GeneratedMethodAccessor43.invoke(Unknown Source)
	at java.base/jdk.internal.reflect.DelegatingMethodAccessorImpl.invoke(DelegatingMethodAccessorImpl.java:43)
	at java.base/java.lang.reflect.Method.invoke(Method.java:567)
	at org.testng.internal.MethodInvocationHelper.invokeMethod(MethodInvocationHelper.java:133)
	at org.testng.internal.MethodInvocationHelper.invokeMethodConsideringTimeout(MethodInvocationHelper.java:62)
	at org.testng.internal.ConfigInvoker.invokeConfigurationMethod(ConfigInvoker.java:385)
	at org.testng.internal.ConfigInvoker.invokeConfigurations(ConfigInvoker.java:321)
	at org.testng.internal.TestInvoker.runConfigMethods(TestInvoker.java:700)
	at org.testng.internal.TestInvoker.runAfterGroupsConfigurations(TestInvoker.java:676)
	at org.testng.internal.TestInvoker.invokeMethod(TestInvoker.java:546)
	at org.testng.internal.TestInvoker.invokeTestMethod(TestInvoker.java:173)
	at org.testng.internal.MethodRunner.runInSequence(MethodRunner.java:46)
	at org.testng.internal.TestInvoker$MethodInvocationAgent.invoke(TestInvoker.java:824)
	at org.testng.internal.TestInvoker.invokeTestMethods(TestInvoker.java:146)
	at org.testng.internal.TestMethodWorker.invokeTestMethods(TestMethodWorker.java:146)
	at org.testng.internal.TestMethodWorker.run(TestMethodWorker.java:128)
	at java.base/java.util.concurrent.ThreadPoolExecutor.runWorker(ThreadPoolExecutor.java:1130)
	at java.base/java.util.concurrent.ThreadPoolExecutor$Worker.run(ThreadPoolExecutor.java:630)
	at java.base/java.lang.Thread.run(Thread.java:831)
</pre></div></td>
<td>0</td>
<td>Inkbox.Tests.HomePageTest@333cb916</td></tr>
<tr>
<td title='Inkbox.Tests.HomePageTest.Verify_EmailField_Footer()'><b>Verify_EmailField_Footer</b><br>Test class: Inkbox.Tests.HomePageTest</td>
<td><div><pre>java.lang.NullPointerException: Cannot invoke &quot;String.replaceAll(String, String)&quot; because &quot;MethodName&quot; is null
	at Inkbox.Tests.HomePageTest.AfterMethod(HomePageTest.java:355)
	at java.base/java.util.concurrent.ThreadPoolExecutor.runWorker(ThreadPoolExecutor.java:1130)
	at java.base/java.util.concurrent.ThreadPoolExecutor$Worker.run(ThreadPoolExecutor.java:630)
	at java.base/java.lang.Thread.run(Thread.java:831)
... Removed 16 stack frames</pre></div><a href='#' onClick='toggleBox("stack-trace1343320091", this, "Click to show all stack frames", "Click to hide stack frames")'>Click to show all stack frames</a>
<div class='stack-trace' id='stack-trace1343320091'><pre>java.lang.NullPointerException: Cannot invoke &quot;String.replaceAll(String, String)&quot; because &quot;MethodName&quot; is null
	at Inkbox.Tests.HomePageTest.AfterMethod(HomePageTest.java:355)
	at jdk.internal.reflect.GeneratedMethodAccessor43.invoke(Unknown Source)
	at java.base/jdk.internal.reflect.DelegatingMethodAccessorImpl.invoke(DelegatingMethodAccessorImpl.java:43)
	at java.base/java.lang.reflect.Method.invoke(Method.java:567)
	at org.testng.internal.MethodInvocationHelper.invokeMethod(MethodInvocationHelper.java:133)
	at org.testng.internal.MethodInvocationHelper.invokeMethodConsideringTimeout(MethodInvocationHelper.java:62)
	at org.testng.internal.ConfigInvoker.invokeConfigurationMethod(ConfigInvoker.java:385)
	at org.testng.internal.ConfigInvoker.invokeConfigurations(ConfigInvoker.java:321)
	at org.testng.internal.TestInvoker.runConfigMethods(TestInvoker.java:700)
	at org.testng.internal.TestInvoker.runAfterGroupsConfigurations(TestInvoker.java:676)
	at org.testng.internal.TestInvoker.invokeMethod(TestInvoker.java:546)
	at org.testng.internal.TestInvoker.invokeTestMethod(TestInvoker.java:173)
	at org.testng.internal.MethodRunner.runInSequence(MethodRunner.java:46)
	at org.testng.internal.TestInvoker$MethodInvocationAgent.invoke(TestInvoker.java:824)
	at org.testng.internal.TestInvoker.invokeTestMethods(TestInvoker.java:146)
	at org.testng.internal.TestMethodWorker.invokeTestMethods(TestMethodWorker.java:146)
	at org.testng.internal.TestMethodWorker.run(TestMethodWorker.java:128)
	at java.base/java.util.concurrent.ThreadPoolExecutor.runWorker(ThreadPoolExecutor.java:1130)
	at java.base/java.util.concurrent.ThreadPoolExecutor$Worker.run(ThreadPoolExecutor.java:630)
	at java.base/java.lang.Thread.run(Thread.java:831)
</pre></div></td>
<td>0</td>
<td>Inkbox.Tests.HomePageTest@333cb916</td></tr>
<tr>
<td title='Inkbox.Tests.HomePageTest.Validate_Maxmize_minimize_FAQ()'><b>Validate_Maxmize_minimize_FAQ</b><br>Test class: Inkbox.Tests.HomePageTest</td>
<td><div><pre>java.lang.NullPointerException: Cannot invoke &quot;String.replaceAll(String, String)&quot; because &quot;MethodName&quot; is null
	at Inkbox.Tests.HomePageTest.AfterMethod(HomePageTest.java:355)
	at java.base/java.util.concurrent.ThreadPoolExecutor.runWorker(ThreadPoolExecutor.java:1130)
	at java.base/java.util.concurrent.ThreadPoolExecutor$Worker.run(ThreadPoolExecutor.java:630)
	at java.base/java.lang.Thread.run(Thread.java:831)
... Removed 16 stack frames</pre></div><a href='#' onClick='toggleBox("stack-trace1691370302", this, "Click to show all stack frames", "Click to hide stack frames")'>Click to show all stack frames</a>
<div class='stack-trace' id='stack-trace1691370302'><pre>java.lang.NullPointerException: Cannot invoke &quot;String.replaceAll(String, String)&quot; because &quot;MethodName&quot; is null
	at Inkbox.Tests.HomePageTest.AfterMethod(HomePageTest.java:355)
	at jdk.internal.reflect.GeneratedMethodAccessor43.invoke(Unknown Source)
	at java.base/jdk.internal.reflect.DelegatingMethodAccessorImpl.invoke(DelegatingMethodAccessorImpl.java:43)
	at java.base/java.lang.reflect.Method.invoke(Method.java:567)
	at org.testng.internal.MethodInvocationHelper.invokeMethod(MethodInvocationHelper.java:133)
	at org.testng.internal.MethodInvocationHelper.invokeMethodConsideringTimeout(MethodInvocationHelper.java:62)
	at org.testng.internal.ConfigInvoker.invokeConfigurationMethod(ConfigInvoker.java:385)
	at org.testng.internal.ConfigInvoker.invokeConfigurations(ConfigInvoker.java:321)
	at org.testng.internal.TestInvoker.runConfigMethods(TestInvoker.java:700)
	at org.testng.internal.TestInvoker.runAfterGroupsConfigurations(TestInvoker.java:676)
	at org.testng.internal.TestInvoker.invokeMethod(TestInvoker.java:546)
	at org.testng.internal.TestInvoker.invokeTestMethod(TestInvoker.java:173)
	at org.testng.internal.MethodRunner.runInSequence(MethodRunner.java:46)
	at org.testng.internal.TestInvoker$MethodInvocationAgent.invoke(TestInvoker.java:824)
	at org.testng.internal.TestInvoker.invokeTestMethods(TestInvoker.java:146)
	at org.testng.internal.TestMethodWorker.invokeTestMethods(TestMethodWorker.java:146)
	at org.testng.internal.TestMethodWorker.run(TestMethodWorker.java:128)
	at java.base/java.util.concurrent.ThreadPoolExecutor.runWorker(ThreadPoolExecutor.java:1130)
	at java.base/java.util.concurrent.ThreadPoolExecutor$Worker.run(ThreadPoolExecutor.java:630)
	at java.base/java.lang.Thread.run(Thread.java:831)
</pre></div></td>
<td>0</td>
<td>Inkbox.Tests.HomePageTest@333cb916</td></tr>
<tr>
<td title='Inkbox.Tests.HomePageTest.Validate_HomePage_MenuItems()'><b>Validate_HomePage_MenuItems</b><br>Test class: Inkbox.Tests.HomePageTest<br>Parameters: https://staging.inkbox.com/</td>
<td><div><pre>java.lang.NullPointerException: Cannot invoke &quot;String.replaceAll(String, String)&quot; because &quot;MethodName&quot; is null
	at Inkbox.Tests.HomePageTest.AfterMethod(HomePageTest.java:355)
	at java.base/java.util.concurrent.ThreadPoolExecutor.runWorker(ThreadPoolExecutor.java:1130)
	at java.base/java.util.concurrent.ThreadPoolExecutor$Worker.run(ThreadPoolExecutor.java:630)
	at java.base/java.lang.Thread.run(Thread.java:831)
... Removed 16 stack frames</pre></div><a href='#' onClick='toggleBox("stack-trace649064285", this, "Click to show all stack frames", "Click to hide stack frames")'>Click to show all stack frames</a>
<div class='stack-trace' id='stack-trace649064285'><pre>java.lang.NullPointerException: Cannot invoke &quot;String.replaceAll(String, String)&quot; because &quot;MethodName&quot; is null
	at Inkbox.Tests.HomePageTest.AfterMethod(HomePageTest.java:355)
	at jdk.internal.reflect.GeneratedMethodAccessor43.invoke(Unknown Source)
	at java.base/jdk.internal.reflect.DelegatingMethodAccessorImpl.invoke(DelegatingMethodAccessorImpl.java:43)
	at java.base/java.lang.reflect.Method.invoke(Method.java:567)
	at org.testng.internal.MethodInvocationHelper.invokeMethod(MethodInvocationHelper.java:133)
	at org.testng.internal.MethodInvocationHelper.invokeMethodConsideringTimeout(MethodInvocationHelper.java:62)
	at org.testng.internal.ConfigInvoker.invokeConfigurationMethod(ConfigInvoker.java:385)
	at org.testng.internal.ConfigInvoker.invokeConfigurations(ConfigInvoker.java:321)
	at org.testng.internal.TestInvoker.runConfigMethods(TestInvoker.java:700)
	at org.testng.internal.TestInvoker.runAfterGroupsConfigurations(TestInvoker.java:676)
	at org.testng.internal.TestInvoker.invokeMethod(TestInvoker.java:546)
	at org.testng.internal.TestInvoker.invokeTestMethod(TestInvoker.java:173)
	at org.testng.internal.MethodRunner.runInSequence(MethodRunner.java:46)
	at org.testng.internal.TestInvoker$MethodInvocationAgent.invoke(TestInvoker.java:824)
	at org.testng.internal.TestInvoker.invokeTestMethods(TestInvoker.java:146)
	at org.testng.internal.TestMethodWorker.invokeTestMethods(TestMethodWorker.java:146)
	at org.testng.internal.TestMethodWorker.run(TestMethodWorker.java:128)
	at java.base/java.util.concurrent.ThreadPoolExecutor.runWorker(ThreadPoolExecutor.java:1130)
	at java.base/java.util.concurrent.ThreadPoolExecutor$Worker.run(ThreadPoolExecutor.java:630)
	at java.base/java.lang.Thread.run(Thread.java:831)
</pre></div></td>
<td>0</td>
<td>Inkbox.Tests.HomePageTest@333cb916</td></tr>
<tr>
<td title='Inkbox.Tests.HomePageTest.Validate_Footer()'><b>Validate_Footer</b><br>Test class: Inkbox.Tests.HomePageTest</td>
<td><div><pre>java.lang.Exception: TestRail API returned HTTP 400(&quot;No (active) test found for the run/case combination.&quot;)
	at Helpers.APIClient2.sendRequest(APIClient2.java:314)
	at Helpers.APIClient2.sendPost(APIClient2.java:149)
	at Helpers.TestRailIntegration.addResultForTestCase(TestRailIntegration.java:123)
	at Inkbox.Tests.HomePageTest.AfterMethod(HomePageTest.java:373)
	at java.base/java.util.concurrent.ThreadPoolExecutor.runWorker(ThreadPoolExecutor.java:1130)
	at java.base/java.util.concurrent.ThreadPoolExecutor$Worker.run(ThreadPoolExecutor.java:630)
	at java.base/java.lang.Thread.run(Thread.java:831)
... Removed 16 stack frames</pre></div><a href='#' onClick='toggleBox("stack-trace1940361042", this, "Click to show all stack frames", "Click to hide stack frames")'>Click to show all stack frames</a>
<div class='stack-trace' id='stack-trace1940361042'><pre>java.lang.Exception: TestRail API returned HTTP 400(&quot;No (active) test found for the run/case combination.&quot;)
	at Helpers.APIClient2.sendRequest(APIClient2.java:314)
	at Helpers.APIClient2.sendPost(APIClient2.java:149)
	at Helpers.TestRailIntegration.addResultForTestCase(TestRailIntegration.java:123)
	at Inkbox.Tests.HomePageTest.AfterMethod(HomePageTest.java:373)
	at jdk.internal.reflect.GeneratedMethodAccessor43.invoke(Unknown Source)
	at java.base/jdk.internal.reflect.DelegatingMethodAccessorImpl.invoke(DelegatingMethodAccessorImpl.java:43)
	at java.base/java.lang.reflect.Method.invoke(Method.java:567)
	at org.testng.internal.MethodInvocationHelper.invokeMethod(MethodInvocationHelper.java:133)
	at org.testng.internal.MethodInvocationHelper.invokeMethodConsideringTimeout(MethodInvocationHelper.java:62)
	at org.testng.internal.ConfigInvoker.invokeConfigurationMethod(ConfigInvoker.java:385)
	at org.testng.internal.ConfigInvoker.invokeConfigurations(ConfigInvoker.java:321)
	at org.testng.internal.TestInvoker.runConfigMethods(TestInvoker.java:700)
	at org.testng.internal.TestInvoker.runAfterGroupsConfigurations(TestInvoker.java:676)
	at org.testng.internal.TestInvoker.invokeMethod(TestInvoker.java:660)
	at org.testng.internal.TestInvoker.invokeTestMethod(TestInvoker.java:173)
	at org.testng.internal.MethodRunner.runInSequence(MethodRunner.java:46)
	at org.testng.internal.TestInvoker$MethodInvocationAgent.invoke(TestInvoker.java:824)
	at org.testng.internal.TestInvoker.invokeTestMethods(TestInvoker.java:146)
	at org.testng.internal.TestMethodWorker.invokeTestMethods(TestMethodWorker.java:146)
	at org.testng.internal.TestMethodWorker.run(TestMethodWorker.java:128)
	at java.base/java.util.concurrent.ThreadPoolExecutor.runWorker(ThreadPoolExecutor.java:1130)
	at java.base/java.util.concurrent.ThreadPoolExecutor$Worker.run(ThreadPoolExecutor.java:630)
	at java.base/java.lang.Thread.run(Thread.java:831)
</pre></div></td>
<td>0</td>
<td>Inkbox.Tests.HomePageTest@333cb916</td></tr>
<tr>
<td title='Inkbox.Tests.HomePageTest.Validate_ReviewTag()'><b>Validate_ReviewTag</b><br>Test class: Inkbox.Tests.HomePageTest</td>
<td><div><pre>java.lang.NullPointerException: Cannot invoke &quot;String.replaceAll(String, String)&quot; because &quot;MethodName&quot; is null
	at Inkbox.Tests.HomePageTest.AfterMethod(HomePageTest.java:355)
	at java.base/java.util.concurrent.ThreadPoolExecutor.runWorker(ThreadPoolExecutor.java:1130)
	at java.base/java.util.concurrent.ThreadPoolExecutor$Worker.run(ThreadPoolExecutor.java:630)
	at java.base/java.lang.Thread.run(Thread.java:831)
... Removed 16 stack frames</pre></div><a href='#' onClick='toggleBox("stack-trace1967779006", this, "Click to show all stack frames", "Click to hide stack frames")'>Click to show all stack frames</a>
<div class='stack-trace' id='stack-trace1967779006'><pre>java.lang.NullPointerException: Cannot invoke &quot;String.replaceAll(String, String)&quot; because &quot;MethodName&quot; is null
	at Inkbox.Tests.HomePageTest.AfterMethod(HomePageTest.java:355)
	at jdk.internal.reflect.GeneratedMethodAccessor43.invoke(Unknown Source)
	at java.base/jdk.internal.reflect.DelegatingMethodAccessorImpl.invoke(DelegatingMethodAccessorImpl.java:43)
	at java.base/java.lang.reflect.Method.invoke(Method.java:567)
	at org.testng.internal.MethodInvocationHelper.invokeMethod(MethodInvocationHelper.java:133)
	at org.testng.internal.MethodInvocationHelper.invokeMethodConsideringTimeout(MethodInvocationHelper.java:62)
	at org.testng.internal.ConfigInvoker.invokeConfigurationMethod(ConfigInvoker.java:385)
	at org.testng.internal.ConfigInvoker.invokeConfigurations(ConfigInvoker.java:321)
	at org.testng.internal.TestInvoker.runConfigMethods(TestInvoker.java:700)
	at org.testng.internal.TestInvoker.runAfterGroupsConfigurations(TestInvoker.java:676)
	at org.testng.internal.TestInvoker.invokeMethod(TestInvoker.java:546)
	at org.testng.internal.TestInvoker.invokeTestMethod(TestInvoker.java:173)
	at org.testng.internal.MethodRunner.runInSequence(MethodRunner.java:46)
	at org.testng.internal.TestInvoker$MethodInvocationAgent.invoke(TestInvoker.java:824)
	at org.testng.internal.TestInvoker.invokeTestMethods(TestInvoker.java:146)
	at org.testng.internal.TestMethodWorker.invokeTestMethods(TestMethodWorker.java:146)
	at org.testng.internal.TestMethodWorker.run(TestMethodWorker.java:128)
	at java.base/java.util.concurrent.ThreadPoolExecutor.runWorker(ThreadPoolExecutor.java:1130)
	at java.base/java.util.concurrent.ThreadPoolExecutor$Worker.run(ThreadPoolExecutor.java:630)
	at java.base/java.lang.Thread.run(Thread.java:831)
</pre></div></td>
<td>0</td>
<td>Inkbox.Tests.HomePageTest@333cb916</td></tr>
<tr>
<td title='Inkbox.Tests.HomePageTest.Validate_Shop()'><b>Validate_Shop</b><br>Test class: Inkbox.Tests.HomePageTest</td>
<td><div><pre>java.lang.NullPointerException: Cannot invoke &quot;String.replaceAll(String, String)&quot; because &quot;MethodName&quot; is null
	at Inkbox.Tests.HomePageTest.AfterMethod(HomePageTest.java:355)
	at java.base/java.util.concurrent.ThreadPoolExecutor.runWorker(ThreadPoolExecutor.java:1130)
	at java.base/java.util.concurrent.ThreadPoolExecutor$Worker.run(ThreadPoolExecutor.java:630)
	at java.base/java.lang.Thread.run(Thread.java:831)
... Removed 16 stack frames</pre></div><a href='#' onClick='toggleBox("stack-trace1426108056", this, "Click to show all stack frames", "Click to hide stack frames")'>Click to show all stack frames</a>
<div class='stack-trace' id='stack-trace1426108056'><pre>java.lang.NullPointerException: Cannot invoke &quot;String.replaceAll(String, String)&quot; because &quot;MethodName&quot; is null
	at Inkbox.Tests.HomePageTest.AfterMethod(HomePageTest.java:355)
	at jdk.internal.reflect.GeneratedMethodAccessor43.invoke(Unknown Source)
	at java.base/jdk.internal.reflect.DelegatingMethodAccessorImpl.invoke(DelegatingMethodAccessorImpl.java:43)
	at java.base/java.lang.reflect.Method.invoke(Method.java:567)
	at org.testng.internal.MethodInvocationHelper.invokeMethod(MethodInvocationHelper.java:133)
	at org.testng.internal.MethodInvocationHelper.invokeMethodConsideringTimeout(MethodInvocationHelper.java:62)
	at org.testng.internal.ConfigInvoker.invokeConfigurationMethod(ConfigInvoker.java:385)
	at org.testng.internal.ConfigInvoker.invokeConfigurations(ConfigInvoker.java:321)
	at org.testng.internal.TestInvoker.runConfigMethods(TestInvoker.java:700)
	at org.testng.internal.TestInvoker.runAfterGroupsConfigurations(TestInvoker.java:676)
	at org.testng.internal.TestInvoker.invokeMethod(TestInvoker.java:546)
	at org.testng.internal.TestInvoker.invokeTestMethod(TestInvoker.java:173)
	at org.testng.internal.MethodRunner.runInSequence(MethodRunner.java:46)
	at org.testng.internal.TestInvoker$MethodInvocationAgent.invoke(TestInvoker.java:824)
	at org.testng.internal.TestInvoker.invokeTestMethods(TestInvoker.java:146)
	at org.testng.internal.TestMethodWorker.invokeTestMethods(TestMethodWorker.java:146)
	at org.testng.internal.TestMethodWorker.run(TestMethodWorker.java:128)
	at java.base/java.util.concurrent.ThreadPoolExecutor.runWorker(ThreadPoolExecutor.java:1130)
	at java.base/java.util.concurrent.ThreadPoolExecutor$Worker.run(ThreadPoolExecutor.java:630)
	at java.base/java.lang.Thread.run(Thread.java:831)
</pre></div></td>
<td>0</td>
<td>Inkbox.Tests.HomePageTest@333cb916</td></tr>
<tr>
<td title='Inkbox.Tests.HomePageTest.Validate_FAQ_Navigation()'><b>Validate_FAQ_Navigation</b><br>Test class: Inkbox.Tests.HomePageTest<br>Parameters: https://staging.inkbox.com/</td>
<td><div><pre>java.lang.Exception: TestRail API returned HTTP 400(&quot;No (active) test found for the run/case combination.&quot;)
	at Helpers.APIClient2.sendRequest(APIClient2.java:314)
	at Helpers.APIClient2.sendPost(APIClient2.java:149)
	at Helpers.TestRailIntegration.addResultForTestCase(TestRailIntegration.java:123)
	at Inkbox.Tests.HomePageTest.AfterMethod(HomePageTest.java:373)
	at java.base/java.util.concurrent.ThreadPoolExecutor.runWorker(ThreadPoolExecutor.java:1130)
	at java.base/java.util.concurrent.ThreadPoolExecutor$Worker.run(ThreadPoolExecutor.java:630)
	at java.base/java.lang.Thread.run(Thread.java:831)
... Removed 16 stack frames</pre></div><a href='#' onClick='toggleBox("stack-trace84150525", this, "Click to show all stack frames", "Click to hide stack frames")'>Click to show all stack frames</a>
<div class='stack-trace' id='stack-trace84150525'><pre>java.lang.Exception: TestRail API returned HTTP 400(&quot;No (active) test found for the run/case combination.&quot;)
	at Helpers.APIClient2.sendRequest(APIClient2.java:314)
	at Helpers.APIClient2.sendPost(APIClient2.java:149)
	at Helpers.TestRailIntegration.addResultForTestCase(TestRailIntegration.java:123)
	at Inkbox.Tests.HomePageTest.AfterMethod(HomePageTest.java:373)
	at jdk.internal.reflect.GeneratedMethodAccessor43.invoke(Unknown Source)
	at java.base/jdk.internal.reflect.DelegatingMethodAccessorImpl.invoke(DelegatingMethodAccessorImpl.java:43)
	at java.base/java.lang.reflect.Method.invoke(Method.java:567)
	at org.testng.internal.MethodInvocationHelper.invokeMethod(MethodInvocationHelper.java:133)
	at org.testng.internal.MethodInvocationHelper.invokeMethodConsideringTimeout(MethodInvocationHelper.java:62)
	at org.testng.internal.ConfigInvoker.invokeConfigurationMethod(ConfigInvoker.java:385)
	at org.testng.internal.ConfigInvoker.invokeConfigurations(ConfigInvoker.java:321)
	at org.testng.internal.TestInvoker.runConfigMethods(TestInvoker.java:700)
	at org.testng.internal.TestInvoker.runAfterGroupsConfigurations(TestInvoker.java:676)
	at org.testng.internal.TestInvoker.invokeMethod(TestInvoker.java:660)
	at org.testng.internal.TestInvoker.invokeTestMethod(TestInvoker.java:173)
	at org.testng.internal.MethodRunner.runInSequence(MethodRunner.java:46)
	at org.testng.internal.TestInvoker$MethodInvocationAgent.invoke(TestInvoker.java:824)
	at org.testng.internal.TestInvoker.invokeTestMethods(TestInvoker.java:146)
	at org.testng.internal.TestMethodWorker.invokeTestMethods(TestMethodWorker.java:146)
	at org.testng.internal.TestMethodWorker.run(TestMethodWorker.java:128)
	at java.base/java.util.concurrent.ThreadPoolExecutor.runWorker(ThreadPoolExecutor.java:1130)
	at java.base/java.util.concurrent.ThreadPoolExecutor$Worker.run(ThreadPoolExecutor.java:630)
	at java.base/java.lang.Thread.run(Thread.java:831)
</pre></div></td>
<td>0</td>
<td>Inkbox.Tests.HomePageTest@333cb916</td></tr>
<tr>
<td title='Inkbox.Tests.HomePageTest.TC_5058_ValidateFreeShipping_Without_ItemsInCart()'><b>TC_5058_ValidateFreeShipping_Without_ItemsInCart</b><br>Test class: Inkbox.Tests.HomePageTest<br>Parameters: AUD</td>
<td><div><pre>java.lang.AssertionError
	at org.junit.Assert.fail(Assert.java:86)
	at org.junit.Assert.fail(Assert.java:95)
	at Helpers.ControlHelpers.getText(ControlHelpers.java:243)
	at Inkbox.Pages.CartPage.Validate_FreeShipping_Msg_WithoutAdding_ItemsToCart(CartPage.java:59)
	at Inkbox.Tests.HomePageTest.TC_5058_ValidateFreeShipping_Without_ItemsInCart(HomePageTest.java:52)
	at java.base/java.util.concurrent.ThreadPoolExecutor.runWorker(ThreadPoolExecutor.java:1130)
	at java.base/java.util.concurrent.ThreadPoolExecutor$Worker.run(ThreadPoolExecutor.java:630)
	at java.base/java.lang.Thread.run(Thread.java:831)
... Removed 12 stack frames</pre></div><a href='#' onClick='toggleBox("stack-trace518729074", this, "Click to show all stack frames", "Click to hide stack frames")'>Click to show all stack frames</a>
<div class='stack-trace' id='stack-trace518729074'><pre>java.lang.AssertionError
	at org.junit.Assert.fail(Assert.java:86)
	at org.junit.Assert.fail(Assert.java:95)
	at Helpers.ControlHelpers.getText(ControlHelpers.java:243)
	at Inkbox.Pages.CartPage.Validate_FreeShipping_Msg_WithoutAdding_ItemsToCart(CartPage.java:59)
	at Inkbox.Tests.HomePageTest.TC_5058_ValidateFreeShipping_Without_ItemsInCart(HomePageTest.java:52)
	at java.base/jdk.internal.reflect.NativeMethodAccessorImpl.invoke0(Native Method)
	at java.base/jdk.internal.reflect.NativeMethodAccessorImpl.invoke(NativeMethodAccessorImpl.java:78)
	at java.base/jdk.internal.reflect.DelegatingMethodAccessorImpl.invoke(DelegatingMethodAccessorImpl.java:43)
	at java.base/java.lang.reflect.Method.invoke(Method.java:567)
	at org.testng.internal.MethodInvocationHelper.invokeMethod(MethodInvocationHelper.java:133)
	at org.testng.internal.TestInvoker.invokeMethod(TestInvoker.java:598)
	at org.testng.internal.TestInvoker.invokeTestMethod(TestInvoker.java:173)
	at org.testng.internal.MethodRunner.runInSequence(MethodRunner.java:46)
	at org.testng.internal.TestInvoker$MethodInvocationAgent.invoke(TestInvoker.java:824)
	at org.testng.internal.TestInvoker.invokeTestMethods(TestInvoker.java:146)
	at org.testng.internal.TestMethodWorker.invokeTestMethods(TestMethodWorker.java:146)
	at org.testng.internal.TestMethodWorker.run(TestMethodWorker.java:128)
	at java.base/java.util.concurrent.ThreadPoolExecutor.runWorker(ThreadPoolExecutor.java:1130)
	at java.base/java.util.concurrent.ThreadPoolExecutor$Worker.run(ThreadPoolExecutor.java:630)
	at java.base/java.lang.Thread.run(Thread.java:831)
</pre></div></td>
<td>105</td>
<td>Inkbox.Tests.HomePageTest@333cb916</td></tr>
<tr>
<td title='Inkbox.Tests.HomePageTest.Validate_TattooMarker()'><b>Validate_TattooMarker</b><br>Test class: Inkbox.Tests.HomePageTest</td>
<td><div><pre>java.lang.NullPointerException: Cannot invoke &quot;String.replaceAll(String, String)&quot; because &quot;MethodName&quot; is null
	at Inkbox.Tests.HomePageTest.AfterMethod(HomePageTest.java:355)
	at java.base/java.util.concurrent.ThreadPoolExecutor.runWorker(ThreadPoolExecutor.java:1130)
	at java.base/java.util.concurrent.ThreadPoolExecutor$Worker.run(ThreadPoolExecutor.java:630)
	at java.base/java.lang.Thread.run(Thread.java:831)
... Removed 16 stack frames</pre></div><a href='#' onClick='toggleBox("stack-trace919732296", this, "Click to show all stack frames", "Click to hide stack frames")'>Click to show all stack frames</a>
<div class='stack-trace' id='stack-trace919732296'><pre>java.lang.NullPointerException: Cannot invoke &quot;String.replaceAll(String, String)&quot; because &quot;MethodName&quot; is null
	at Inkbox.Tests.HomePageTest.AfterMethod(HomePageTest.java:355)
	at jdk.internal.reflect.GeneratedMethodAccessor43.invoke(Unknown Source)
	at java.base/jdk.internal.reflect.DelegatingMethodAccessorImpl.invoke(DelegatingMethodAccessorImpl.java:43)
	at java.base/java.lang.reflect.Method.invoke(Method.java:567)
	at org.testng.internal.MethodInvocationHelper.invokeMethod(MethodInvocationHelper.java:133)
	at org.testng.internal.MethodInvocationHelper.invokeMethodConsideringTimeout(MethodInvocationHelper.java:62)
	at org.testng.internal.ConfigInvoker.invokeConfigurationMethod(ConfigInvoker.java:385)
	at org.testng.internal.ConfigInvoker.invokeConfigurations(ConfigInvoker.java:321)
	at org.testng.internal.TestInvoker.runConfigMethods(TestInvoker.java:700)
	at org.testng.internal.TestInvoker.runAfterGroupsConfigurations(TestInvoker.java:676)
	at org.testng.internal.TestInvoker.invokeMethod(TestInvoker.java:546)
	at org.testng.internal.TestInvoker.invokeTestMethod(TestInvoker.java:173)
	at org.testng.internal.MethodRunner.runInSequence(MethodRunner.java:46)
	at org.testng.internal.TestInvoker$MethodInvocationAgent.invoke(TestInvoker.java:824)
	at org.testng.internal.TestInvoker.invokeTestMethods(TestInvoker.java:146)
	at org.testng.internal.TestMethodWorker.invokeTestMethods(TestMethodWorker.java:146)
	at org.testng.internal.TestMethodWorker.run(TestMethodWorker.java:128)
	at java.base/java.util.concurrent.ThreadPoolExecutor.runWorker(ThreadPoolExecutor.java:1130)
	at java.base/java.util.concurrent.ThreadPoolExecutor$Worker.run(ThreadPoolExecutor.java:630)
	at java.base/java.lang.Thread.run(Thread.java:831)
</pre></div></td>
<td>0</td>
<td>Inkbox.Tests.HomePageTest@333cb916</td></tr>
<tr>
<td title='Inkbox.Tests.HomePageTest.Validating_HomePage()'><b>Validating_HomePage</b><br>Test class: Inkbox.Tests.HomePageTest</td>
<td><div><pre>java.lang.NullPointerException: Cannot invoke &quot;String.replaceAll(String, String)&quot; because &quot;MethodName&quot; is null
	at Inkbox.Tests.HomePageTest.AfterMethod(HomePageTest.java:355)
	at java.base/java.util.concurrent.ThreadPoolExecutor.runWorker(ThreadPoolExecutor.java:1130)
	at java.base/java.util.concurrent.ThreadPoolExecutor$Worker.run(ThreadPoolExecutor.java:630)
	at java.base/java.lang.Thread.run(Thread.java:831)
... Removed 16 stack frames</pre></div><a href='#' onClick='toggleBox("stack-trace1138018826", this, "Click to show all stack frames", "Click to hide stack frames")'>Click to show all stack frames</a>
<div class='stack-trace' id='stack-trace1138018826'><pre>java.lang.NullPointerException: Cannot invoke &quot;String.replaceAll(String, String)&quot; because &quot;MethodName&quot; is null
	at Inkbox.Tests.HomePageTest.AfterMethod(HomePageTest.java:355)
	at jdk.internal.reflect.GeneratedMethodAccessor43.invoke(Unknown Source)
	at java.base/jdk.internal.reflect.DelegatingMethodAccessorImpl.invoke(DelegatingMethodAccessorImpl.java:43)
	at java.base/java.lang.reflect.Method.invoke(Method.java:567)
	at org.testng.internal.MethodInvocationHelper.invokeMethod(MethodInvocationHelper.java:133)
	at org.testng.internal.MethodInvocationHelper.invokeMethodConsideringTimeout(MethodInvocationHelper.java:62)
	at org.testng.internal.ConfigInvoker.invokeConfigurationMethod(ConfigInvoker.java:385)
	at org.testng.internal.ConfigInvoker.invokeConfigurations(ConfigInvoker.java:321)
	at org.testng.internal.TestInvoker.runConfigMethods(TestInvoker.java:700)
	at org.testng.internal.TestInvoker.runAfterGroupsConfigurations(TestInvoker.java:676)
	at org.testng.internal.TestInvoker.invokeMethod(TestInvoker.java:546)
	at org.testng.internal.TestInvoker.invokeTestMethod(TestInvoker.java:173)
	at org.testng.internal.MethodRunner.runInSequence(MethodRunner.java:46)
	at org.testng.internal.TestInvoker$MethodInvocationAgent.invoke(TestInvoker.java:824)
	at org.testng.internal.TestInvoker.invokeTestMethods(TestInvoker.java:146)
	at org.testng.internal.TestMethodWorker.invokeTestMethods(TestMethodWorker.java:146)
	at org.testng.internal.TestMethodWorker.run(TestMethodWorker.java:128)
	at java.base/java.util.concurrent.ThreadPoolExecutor.runWorker(ThreadPoolExecutor.java:1130)
	at java.base/java.util.concurrent.ThreadPoolExecutor$Worker.run(ThreadPoolExecutor.java:630)
	at java.base/java.lang.Thread.run(Thread.java:831)
</pre></div></td>
<td>0</td>
<td>Inkbox.Tests.HomePageTest@333cb916</td></tr>
</table><p>
</body>
</html>