<?xml version="1.0" encoding="UTF-8"?>
<!-- Generated by org.testng.reporters.JUnitXMLReporter -->
<testsuite ignored="42" hostname="DESKTOP-9NIDAD7" failures="48" tests="178" name="Test_USD" time="9560.208" errors="0" timestamp="2022-06-14T02:39:14 EDT">
  <testcase classname="Inkbox.Tests.PickedForYouTest" name="TC_10200_PickedForYou_Validation" time="16.285"/>
  <testcase classname="Inkbox.Tests.TraceTest" name="TC_17774_ClickOn_TraceApp" time="17.057"/>
  <testcase classname="Inkbox.Tests.TraceTest" name="TC_17784_Validate_ViewBox" time="24.391"/>
  <testcase classname="Inkbox.Tests.HomePageTest" name="PDP_Validation_GuestUser_Accordion_Max_Mini_Pickedforyou_Arrow_scrollable_ShopinstaVisible" time="184.383"/>
  <testcase classname="Inkbox.Tests.HomePageTest" name="ReturnPolicy_Validation_Footer" time="202.351"/>
  <testcase classname="Inkbox.Tests.PickedForYouTest" name="TC_10208_Adding_ProductToCartFromPickForYou" time="229.234">
    <skipped/>
  </testcase> <!-- TC_10208_Adding_ProductToCartFromPickForYou -->
  <testcase classname="Inkbox.Tests.HomePageTest" name="PDP_Validation_WithLogin_Accordion_Max_Mini_Pickedforyou_Arrow_scrollable_ShopinstaVisible" time="273.454">
    <skipped/>
  </testcase> <!-- PDP_Validation_WithLogin_Accordion_Max_Mini_Pickedforyou_Arrow_scrollable_ShopinstaVisible -->
  <testcase classname="Inkbox.Tests.HomePageTest" name="PDP_RecentlyView_Validation_LoginUser" time="327.401">
    <skipped/>
  </testcase> <!-- PDP_RecentlyView_Validation_LoginUser -->
  <testcase classname="Inkbox.Tests.HomePageTest" name="TC_21898_Validate_HomePage_MenuItems" time="143.999"/>
  <testcase classname="Inkbox.Tests.HomePageTest" name="TC_21900_Validate_Footer" time="192.343">
    <skipped/>
  </testcase> <!-- TC_21900_Validate_Footer -->
  <testcase classname="Inkbox.Tests.PickedForYouTest" name="TC_10208_Adding_ProductToCartFromPickForYou" time="227.127">
    <failure type="java.lang.AssertionError">
      <![CDATA[java.lang.AssertionError
at org.junit.Assert.fail(Assert.java:86)
at org.junit.Assert.fail(Assert.java:95)
at Helpers.ControlHelpers.getText(ControlHelpers.java:265)
at Inkbox.Pages.PickedForYouPage.AddProductToCartPickForYou(PickedForYouPage.java:35)
at Inkbox.Tests.PickedForYouTest.TC_10208_Adding_ProductToCartFromPickForYou(PickedForYouTest.java:42)
at java.base/java.util.concurrent.ThreadPoolExecutor.runWorker(ThreadPoolExecutor.java:1130)
at java.base/java.util.concurrent.ThreadPoolExecutor$Worker.run(ThreadPoolExecutor.java:630)
at java.base/java.lang.Thread.run(Thread.java:831)
... Removed 12 stack frames]]>
    </failure>
  </testcase> <!-- TC_10208_Adding_ProductToCartFromPickForYou -->
  <testcase classname="Inkbox.Tests.HomePageTest" name="PDP_Validation_WithLogin_Accordion_Max_Mini_Pickedforyou_Arrow_scrollable_ShopinstaVisible" time="270.407">
    <failure type="java.lang.AssertionError">
      <![CDATA[java.lang.AssertionError
at org.junit.Assert.fail(Assert.java:86)
at org.junit.Assert.fail(Assert.java:95)
at Helpers.ControlHelpers.getText(ControlHelpers.java:265)
at Inkbox.Pages.ProductsPage.Validate_PDP_Page(ProductsPage.java:680)
at Inkbox.Tests.HomePageTest.PDP_Validation_WithLogin_Accordion_Max_Mini_Pickedforyou_Arrow_scrollable_ShopinstaVisible(HomePageTest.java:237)
at java.base/java.util.concurrent.ThreadPoolExecutor.runWorker(ThreadPoolExecutor.java:1130)
at java.base/java.util.concurrent.ThreadPoolExecutor$Worker.run(ThreadPoolExecutor.java:630)
at java.base/java.lang.Thread.run(Thread.java:831)
... Removed 12 stack frames]]>
    </failure>
  </testcase> <!-- PDP_Validation_WithLogin_Accordion_Max_Mini_Pickedforyou_Arrow_scrollable_ShopinstaVisible -->
  <testcase classname="Inkbox.Tests.HomePageTest" name="TC_21901_Validating_HomePage" time="132.966">
    <skipped/>
  </testcase> <!-- TC_21901_Validating_HomePage -->
  <testcase classname="Inkbox.Tests.HomePageTest" name="PDP_RecentlyView_Validation_LoginUser" time="326.912">
    <failure type="java.lang.AssertionError">
      <![CDATA[java.lang.AssertionError
at org.junit.Assert.fail(Assert.java:86)
at org.junit.Assert.fail(Assert.java:95)
at Helpers.ControlHelpers.WaitForElement(ControlHelpers.java:442)
at Inkbox.Pages.BasePage.Click_On_Shop(BasePage.java:211)
at Inkbox.Pages.ProductsPage.ProductMoveTo_PDP_5Times(ProductsPage.java:656)
at Inkbox.Tests.HomePageTest.PDP_RecentlyView_Validation_LoginUser(HomePageTest.java:219)
at java.base/java.util.concurrent.ThreadPoolExecutor.runWorker(ThreadPoolExecutor.java:1130)
at java.base/java.util.concurrent.ThreadPoolExecutor$Worker.run(ThreadPoolExecutor.java:630)
at java.base/java.lang.Thread.run(Thread.java:831)
... Removed 12 stack frames]]>
    </failure>
  </testcase> <!-- PDP_RecentlyView_Validation_LoginUser -->
  <testcase classname="Inkbox.Tests.HomePageTest" name="TC_21900_Validate_Footer" time="315.701"/>
  <testcase classname="Inkbox.Tests.HomePageTest" name="TC_21902_ProductsDisplayed_are_Clickable_And_Move_To_PDP" time="277.25"/>
  <testcase classname="Inkbox.Tests.HomePageTest" name="TC_21901_Validating_HomePage" time="202.388"/>
  <testcase classname="Inkbox.Tests.HomePageTest" name="TC_21903_Validate_ReviewTag" time="228.667"/>
  <testcase classname="Inkbox.Tests.HomePageTest" name="TC_21913_Verify_InkoxLogo_Navigation" time="141.679"/>
  <testcase classname="Inkbox.Tests.HomePageTest" name="TC_21899_PDP_RecentlyView_Validation_GuestUser" time="823.028"/>
  <testcase classname="Inkbox.Tests.HomePageTest" name="TC_21915_Validate_Maxmize_minimize_FAQ" time="225.665"/>
  <testcase classname="Inkbox.Tests.AccountTest" name="TC_21924_Validate_MyDesign_ArtistPortal" time="132.962">
    <skipped/>
  </testcase> <!-- TC_21924_Validate_MyDesign_ArtistPortal -->
  <testcase classname="Inkbox.Tests.AccountTest" name="TC_21926_Validate_SubmitDesigns" time="203.611"/>
  <testcase classname="Inkbox.Tests.AccountTest" name="TC_21925_Validate_Resources_ArtistPortal" time="308.245"/>
  <testcase classname="Inkbox.Tests.HomePageTest" name="TC_21940_Validate_EmailBox_InFooter" time="209.956"/>
  <testcase classname="Inkbox.Tests.HomePageTest" name="TC_21914_Validate_FAQ_Navigation" time="506.449"/>
  <testcase classname="Inkbox.Tests.AccountTest" name="TC_21924_Validate_MyDesign_ArtistPortal" time="266.933"/>
  <testcase classname="Inkbox.Tests.HomePageTest" name="TC_21941_Validate_About_INKBOX_InFooter" time="282.226"/>
  <testcase classname="Inkbox.Tests.HomePageTest" name="TC_21942_Validate_Customer_Care_InFooter" time="300.991"/>
  <testcase classname="Inkbox.Tests.HomePageTest" name="TC_21943_Validate_OthersInFooter" time="271.773"/>
  <testcase classname="Inkbox.Tests.HomePageTest" name="TC_21945_Validate_BottomFooter" time="192.565"/>
  <testcase classname="Inkbox.Tests.HomePageTest" name="TC_21944_SocialMedia_Validation" time="286.697">
    <skipped/>
  </testcase> <!-- TC_21944_SocialMedia_Validation -->
  <testcase classname="Inkbox.Tests.HomePageTest" name="TC_21948_Terms_of_Service_and_Privacy_Policy" time="216.536"/>
  <testcase classname="Inkbox.Tests.AccountTest" name="TC_31393_Validate_OrderHistory_BuyItAgain" time="205.47">
    <skipped/>
  </testcase> <!-- TC_31393_Validate_OrderHistory_BuyItAgain -->
  <testcase classname="Inkbox.Tests.SubscriptionTest" name="TC_31437_SubscribeNow_Validation" time="58.618"/>
  <testcase classname="Inkbox.Tests.SubscriptionTest" name="TC_31432_Subscription_SeasonalPlan_validation" time="164.897">
    <skipped/>
  </testcase> <!-- TC_31432_Subscription_SeasonalPlan_validation -->
  <testcase classname="Inkbox.Tests.SubscriptionTest" name="TC_31436_Validate_Subscription_GuestUser" time="127.698"/>
  <testcase classname="Inkbox.Tests.HomePageTest" name="TC_4887_Tracking_Validation_Footer" time="205.946">
    <skipped/>
  </testcase> <!-- TC_4887_Tracking_Validation_Footer -->
  <testcase classname="Inkbox.Tests.AccountTest" name="TC_31393_Validate_OrderHistory_BuyItAgain" time="204.414">
    <failure type="java.lang.AssertionError">
      <![CDATA[java.lang.AssertionError
at org.junit.Assert.fail(Assert.java:86)
at org.junit.Assert.fail(Assert.java:95)
at Helpers.ControlHelpers.getText(ControlHelpers.java:265)
at Inkbox.Pages.AccountPage.Validating_OrderHistory_BuyItAgain(AccountPage.java:275)
at Inkbox.Tests.AccountTest.TC_31393_Validate_OrderHistory_BuyItAgain(AccountTest.java:136)
at java.base/java.util.concurrent.ThreadPoolExecutor.runWorker(ThreadPoolExecutor.java:1130)
at java.base/java.util.concurrent.ThreadPoolExecutor$Worker.run(ThreadPoolExecutor.java:630)
at java.base/java.lang.Thread.run(Thread.java:831)
... Removed 12 stack frames]]>
    </failure>
  </testcase> <!-- TC_31393_Validate_OrderHistory_BuyItAgain -->
  <testcase classname="Inkbox.Tests.SubscriptionTest" name="TC_31432_Subscription_SeasonalPlan_validation" time="134.782">
    <failure type="java.lang.AssertionError">
      <![CDATA[java.lang.AssertionError
at org.junit.Assert.fail(Assert.java:86)
at org.junit.Assert.fail(Assert.java:95)
at Helpers.ControlHelpers.WaitForElement(ControlHelpers.java:442)
at Inkbox.Pages.BasePage.AcctountIcon(BasePage.java:1583)
at Inkbox.Pages.SignUpPage.SignUp(SignUpPage.java:104)
at Inkbox.Tests.SubscriptionTest.TC_31432_Subscription_SeasonalPlan_validation(SubscriptionTest.java:50)
at java.base/java.util.concurrent.ThreadPoolExecutor.runWorker(ThreadPoolExecutor.java:1130)
at java.base/java.util.concurrent.ThreadPoolExecutor$Worker.run(ThreadPoolExecutor.java:630)
at java.base/java.lang.Thread.run(Thread.java:831)
... Removed 12 stack frames]]>
    </failure>
  </testcase> <!-- TC_31432_Subscription_SeasonalPlan_validation -->
  <testcase classname="Inkbox.Tests.AccountTest" name="TC_4907" time="135.138">
    <skipped/>
  </testcase> <!-- TC_4907 -->
  <testcase classname="Inkbox.Tests.AccountTest" name="TC_4890_Items_Clickable_in_OrderHistory_Page" time="263.585">
    <skipped/>
  </testcase> <!-- TC_4890_Items_Clickable_in_OrderHistory_Page -->
  <testcase classname="Inkbox.Tests.HomePageTest" name="TC_21944_SocialMedia_Validation" time="353.415"/>
  <testcase classname="Inkbox.Tests.HomePageTest" name="TC_4887_Tracking_Validation_Footer" time="206.828">
    <failure type="java.lang.AssertionError">
      <![CDATA[java.lang.AssertionError
at org.junit.Assert.fail(Assert.java:86)
at org.junit.Assert.fail(Assert.java:95)
at Inkbox.Pages.BasePage.Validating_Tracking(BasePage.java:310)
at Inkbox.Tests.HomePageTest.TC_4887_Tracking_Validation_Footer(HomePageTest.java:185)
at java.base/java.util.concurrent.ThreadPoolExecutor.runWorker(ThreadPoolExecutor.java:1130)
at java.base/java.util.concurrent.ThreadPoolExecutor$Worker.run(ThreadPoolExecutor.java:630)
at java.base/java.lang.Thread.run(Thread.java:831)
... Removed 12 stack frames]]>
    </failure>
  </testcase> <!-- TC_4887_Tracking_Validation_Footer -->
  <testcase classname="Inkbox.Tests.AccountTest" name="TC_4908_Verify_RedeemRewards" time="204.102">
    <skipped/>
  </testcase> <!-- TC_4908_Verify_RedeemRewards -->
  <testcase classname="Inkbox.Tests.AccountTest" name="TC_4909_Validate_OrderHistory" time="205.134">
    <skipped/>
  </testcase> <!-- TC_4909_Validate_OrderHistory -->
  <testcase classname="Inkbox.Tests.AccountTest" name="TC_4907" time="133.182">
    <failure type="java.lang.AssertionError">
      <![CDATA[java.lang.AssertionError
at org.junit.Assert.fail(Assert.java:86)
at org.junit.Assert.fail(Assert.java:95)
at Helpers.ControlHelpers.WaitForElement(ControlHelpers.java:442)
at Inkbox.Pages.BasePage.AcctountIcon(BasePage.java:1583)
at Inkbox.Pages.LoginPage.UserLogin2(LoginPage.java:187)
at Inkbox.Tests.AccountTest.TC_4907(AccountTest.java:76)
at java.base/java.util.concurrent.ThreadPoolExecutor.runWorker(ThreadPoolExecutor.java:1130)
at java.base/java.util.concurrent.ThreadPoolExecutor$Worker.run(ThreadPoolExecutor.java:630)
at java.base/java.lang.Thread.run(Thread.java:831)
... Removed 12 stack frames]]>
    </failure>
  </testcase> <!-- TC_4907 -->
  <testcase classname="Inkbox.Tests.ContentFulTest" name="TC_4939_NovaMegaMainBars_GenericSale_Contentful" time="108.627"/>
  <testcase classname="Inkbox.Tests.ContentFulTest" name="TC_4912_Verify_PopularCategeories_ContentFul" time="288.825"/>
  <testcase classname="Inkbox.Tests.AccountTest" name="TC_4890_Items_Clickable_in_OrderHistory_Page" time="243.649">
    <failure type="java.lang.AssertionError">
      <![CDATA[java.lang.AssertionError
at org.junit.Assert.fail(Assert.java:86)
at org.junit.Assert.fail(Assert.java:95)
at Helpers.ControlHelpers.WaitForElement(ControlHelpers.java:442)
at Inkbox.Pages.LoginPage.ClickLogin_link(LoginPage.java:63)
at Inkbox.Pages.LoginPage.UserLogin2(LoginPage.java:189)
at Inkbox.Tests.AccountTest.TC_4890_Items_Clickable_in_OrderHistory_Page(AccountTest.java:48)
at java.base/java.util.concurrent.ThreadPoolExecutor.runWorker(ThreadPoolExecutor.java:1130)
at java.base/java.util.concurrent.ThreadPoolExecutor$Worker.run(ThreadPoolExecutor.java:630)
at java.base/java.lang.Thread.run(Thread.java:831)
... Removed 12 stack frames]]>
    </failure>
  </testcase> <!-- TC_4890_Items_Clickable_in_OrderHistory_Page -->
  <testcase classname="Inkbox.Tests.ContentFulTest" name="TC_4941_Trace_PromoBanner_Validation_Contentful" time="123.58"/>
  <testcase classname="Inkbox.Tests.AccountTest" name="TC_4908_Verify_RedeemRewards" time="211.118">
    <failure type="java.lang.AssertionError">
      <![CDATA[java.lang.AssertionError
at org.junit.Assert.fail(Assert.java:86)
at org.junit.Assert.fail(Assert.java:95)
at Helpers.ControlHelpers.ButtonClick(ControlHelpers.java:208)
at Inkbox.Pages.AccountPage.Validating_RedeemRewards(AccountPage.java:256)
at Inkbox.Tests.AccountTest.TC_4908_Verify_RedeemRewards(AccountTest.java:119)
at java.base/java.util.concurrent.ThreadPoolExecutor.runWorker(ThreadPoolExecutor.java:1130)
at java.base/java.util.concurrent.ThreadPoolExecutor$Worker.run(ThreadPoolExecutor.java:630)
at java.base/java.lang.Thread.run(Thread.java:831)
... Removed 12 stack frames]]>
    </failure>
  </testcase> <!-- TC_4908_Verify_RedeemRewards -->
  <testcase classname="Inkbox.Tests.AccountTest" name="TC_4909_Validate_OrderHistory" time="207.83">
    <failure type="java.lang.AssertionError">
      <![CDATA[java.lang.AssertionError
at org.junit.Assert.fail(Assert.java:86)
at org.junit.Assert.fail(Assert.java:95)
at Helpers.ControlHelpers.getText(ControlHelpers.java:265)
at Inkbox.Pages.AccountPage.Validating_OrderHistory(AccountPage.java:303)
at Inkbox.Tests.AccountTest.TC_4909_Validate_OrderHistory(AccountTest.java:128)
at java.base/java.util.concurrent.ThreadPoolExecutor.runWorker(ThreadPoolExecutor.java:1130)
at java.base/java.util.concurrent.ThreadPoolExecutor$Worker.run(ThreadPoolExecutor.java:630)
at java.base/java.lang.Thread.run(Thread.java:831)
... Removed 12 stack frames]]>
    </failure>
  </testcase> <!-- TC_4909_Validate_OrderHistory -->
  <testcase classname="Inkbox.Tests.ContentFulTest" name="TC_4942_Tracing_tips_from_the_pros_Validation_Contentful" time="132.051"/>
  <testcase classname="Inkbox.Tests.ContentFulTest" name="TC_4944_InkboxTraceTitle_validation_Contentful" time="132.756"/>
  <testcase classname="Inkbox.Tests.ContentFulTest" name="TC_4943_Trace_App_Value_Props_Validation_Contentful" time="164.058"/>
  <testcase classname="Inkbox.Tests.ContentFulTest" name="TC_4947_Verify_ShopByProduct_ContentFul" time="125.736">
    <skipped/>
  </testcase> <!-- TC_4947_Verify_ShopByProduct_ContentFul -->
  <testcase classname="Inkbox.Tests.ContentFulTest" name="TC_4949_Verify_BlogArticles_ContentFul" time="106.183"/>
  <testcase classname="Inkbox.Tests.ContentFulTest" name="TC_4950_Verify_ShopInsta_ContentFul" time="122.32">
    <skipped/>
  </testcase> <!-- TC_4950_Verify_ShopInsta_ContentFul -->
  <testcase classname="Inkbox.Tests.ContentFulTest" name="TC_4947_Verify_ShopByProduct_ContentFul" time="114.884">
    <failure type="java.lang.AssertionError">
      <![CDATA[java.lang.AssertionError
at org.junit.Assert.fail(Assert.java:86)
at org.junit.Assert.fail(Assert.java:95)
at Helpers.ControlHelpers.ButtonClick(ControlHelpers.java:208)
at Inkbox.Pages.ContentfulPage.ShopByProduct_Validation(ContentfulPage.java:887)
at Inkbox.Tests.ContentFulTest.TC_4947_Verify_ShopByProduct_ContentFul(ContentFulTest.java:254)
at java.base/java.util.concurrent.ThreadPoolExecutor.runWorker(ThreadPoolExecutor.java:1130)
at java.base/java.util.concurrent.ThreadPoolExecutor$Worker.run(ThreadPoolExecutor.java:630)
at java.base/java.lang.Thread.run(Thread.java:831)
... Removed 12 stack frames]]>
    </failure>
  </testcase> <!-- TC_4947_Verify_ShopByProduct_ContentFul -->
  <testcase classname="Inkbox.Tests.ContentFulTest" name="TC_4948_Verify_PressBlock_ContentFul" time="222.466"/>
  <testcase classname="Inkbox.Tests.ContentFulTest" name="TC_4953_Verify_TattooMarker_FAQ_ContentFul" time="180.257"/>
  <testcase classname="Inkbox.Tests.ContentFulTest" name="TC_4951_Verify_General_FAQ_ContentFul" time="221.936"/>
  <testcase classname="Inkbox.Tests.ContentFulTest" name="TC_4950_Verify_ShopInsta_ContentFul" time="114.201">
    <failure type="java.lang.AssertionError" message="null">
      <![CDATA[java.lang.AssertionError: null
at Inkbox.Pages.ContentfulPage.ShopInsta_Validation(ContentfulPage.java:1770)
at Inkbox.Tests.ContentFulTest.TC_4950_Verify_ShopInsta_ContentFul(ContentFulTest.java:326)
at java.base/java.util.concurrent.ThreadPoolExecutor.runWorker(ThreadPoolExecutor.java:1130)
at java.base/java.util.concurrent.ThreadPoolExecutor$Worker.run(ThreadPoolExecutor.java:630)
at java.base/java.lang.Thread.run(Thread.java:831)
... Removed 14 stack frames]]>
    </failure>
  </testcase> <!-- TC_4950_Verify_ShopInsta_ContentFul -->
  <testcase classname="Inkbox.Tests.ContentFulTest" name="TC_4954_Verify_InkFam_FAQ_ContentFul" time="265.878">
    <skipped/>
  </testcase> <!-- TC_4954_Verify_InkFam_FAQ_ContentFul -->
  <testcase classname="Inkbox.Tests.ContentFulTest" name="TC_4957_Validate_Custom_FAQ_ContentFul" time="170.043">
    <skipped/>
  </testcase> <!-- TC_4957_Validate_Custom_FAQ_ContentFul -->
  <testcase classname="Inkbox.Tests.LoginTest" name="TC_4959_LoginWithDirectUser" time="132.979">
    <skipped/>
  </testcase> <!-- TC_4959_LoginWithDirectUser -->
  <testcase classname="Inkbox.Tests.Nova_Test" name="TC_4962_Validate_FrequentlyPurchased_Mix_Upsell" time="227.894">
    <skipped/>
  </testcase> <!-- TC_4962_Validate_FrequentlyPurchased_Mix_Upsell -->
  <testcase classname="Inkbox.Tests.ContentFulTest" name="TC_4958_TattooMarker_FAQ_Validation_Contentful" time="298.921"/>
  <testcase classname="Inkbox.Tests.Nova_Test" name="TC_4963_Validate_FrequentlyPurchased_Custom_Upsell" time="217.891">
    <skipped/>
  </testcase> <!-- TC_4963_Validate_FrequentlyPurchased_Custom_Upsell -->
  <testcase classname="Inkbox.Tests.ContentFulTest" name="TC_4957_Validate_Custom_FAQ_ContentFul" time="184.337">
    <failure type="java.lang.AssertionError" message="The following asserts failed:
	null,
	null">
      <![CDATA[java.lang.AssertionError: The following asserts failed:
null,
null
at Inkbox.Pages.ContentfulPage.customFAQ_Validation(ContentfulPage.java:1506)
at Inkbox.Tests.ContentFulTest.TC_4957_Validate_Custom_FAQ_ContentFul(ContentFulTest.java:71)
at java.base/java.util.concurrent.ThreadPoolExecutor.runWorker(ThreadPoolExecutor.java:1130)
at java.base/java.util.concurrent.ThreadPoolExecutor$Worker.run(ThreadPoolExecutor.java:630)
at java.base/java.lang.Thread.run(Thread.java:831)
... Removed 14 stack frames]]>
    </failure>
  </testcase> <!-- TC_4957_Validate_Custom_FAQ_ContentFul -->
  <testcase classname="Inkbox.Tests.ContentFulTest" name="TC_4954_Verify_InkFam_FAQ_ContentFul" time="258.849">
    <failure type="java.lang.AssertionError">
      <![CDATA[java.lang.AssertionError
at org.junit.Assert.fail(Assert.java:86)
at org.junit.Assert.fail(Assert.java:95)
at Helpers.ControlHelpers.ButtonClick(ControlHelpers.java:208)
at Inkbox.Pages.ContentfulPage.InkFamFAQ_Validation(ContentfulPage.java:1395)
at Inkbox.Tests.ContentFulTest.TC_4954_Verify_InkFam_FAQ_ContentFul(ContentFulTest.java:444)
at java.base/java.util.concurrent.ThreadPoolExecutor.runWorker(ThreadPoolExecutor.java:1130)
at java.base/java.util.concurrent.ThreadPoolExecutor$Worker.run(ThreadPoolExecutor.java:630)
at java.base/java.lang.Thread.run(Thread.java:831)
... Removed 12 stack frames]]>
    </failure>
  </testcase> <!-- TC_4954_Verify_InkFam_FAQ_ContentFul -->
  <testcase classname="Inkbox.Tests.LoginTest" name="TC_4959_LoginWithDirectUser" time="133.226">
    <failure type="java.lang.AssertionError">
      <![CDATA[java.lang.AssertionError
at org.junit.Assert.fail(Assert.java:86)
at org.junit.Assert.fail(Assert.java:95)
at Helpers.ControlHelpers.WaitForElement(ControlHelpers.java:442)
at Inkbox.Pages.BasePage.AcctountIcon(BasePage.java:1583)
at Inkbox.Pages.LoginPage.UserLogin(LoginPage.java:138)
at Inkbox.Tests.LoginTest.TC_4959_LoginWithDirectUser(LoginTest.java:104)
at java.base/java.util.concurrent.ThreadPoolExecutor.runWorker(ThreadPoolExecutor.java:1130)
at java.base/java.util.concurrent.ThreadPoolExecutor$Worker.run(ThreadPoolExecutor.java:630)
at java.base/java.lang.Thread.run(Thread.java:831)
... Removed 12 stack frames]]>
    </failure>
  </testcase> <!-- TC_4959_LoginWithDirectUser -->
  <testcase classname="Inkbox.Tests.Nova_Test" name="TC_4962_Validate_FrequentlyPurchased_Mix_Upsell" time="224.076">
    <failure type="java.lang.AssertionError">
      <![CDATA[java.lang.AssertionError
at org.junit.Assert.fail(Assert.java:86)
at org.junit.Assert.fail(Assert.java:95)
at Helpers.ControlHelpers.ButtonClick(ControlHelpers.java:208)
at Inkbox.Pages.Nova_Page.Adding_CustomProducts_Upsell(Nova_Page.java:469)
at Inkbox.Pages.Nova_Page.GettingData_Mix_Upsell_inkbox(Nova_Page.java:540)
at Inkbox.Pages.Nova_Page.FrequentlyPurchased_MixUpsell(Nova_Page.java:877)
at Inkbox.Tests.Nova_Test.TC_4962_Validate_FrequentlyPurchased_Mix_Upsell(Nova_Test.java:61)
at java.base/java.util.concurrent.ThreadPoolExecutor.runWorker(ThreadPoolExecutor.java:1130)
at java.base/java.util.concurrent.ThreadPoolExecutor$Worker.run(ThreadPoolExecutor.java:630)
at java.base/java.lang.Thread.run(Thread.java:831)
... Removed 12 stack frames]]>
    </failure>
  </testcase> <!-- TC_4962_Validate_FrequentlyPurchased_Mix_Upsell -->
  <testcase classname="Inkbox.Tests.Nova_Test" name="TC_4964_Validate_FrequentlyPurchased_Catalog_Upsell" time="278.145"/>
  <testcase classname="Inkbox.Tests.Nova_Test" name="TC_4963_Validate_FrequentlyPurchased_Custom_Upsell" time="218.436">
    <failure type="java.lang.AssertionError">
      <![CDATA[java.lang.AssertionError
at org.junit.Assert.fail(Assert.java:86)
at org.junit.Assert.fail(Assert.java:95)
at Helpers.ControlHelpers.ButtonClick(ControlHelpers.java:208)
at Inkbox.Pages.Nova_Page.GettingData_Custom_Upsell_inkbox(Nova_Page.java:589)
at Inkbox.Pages.Nova_Page.FrequentlyPurchased_Custom(Nova_Page.java:903)
at Inkbox.Tests.Nova_Test.TC_4963_Validate_FrequentlyPurchased_Custom_Upsell(Nova_Test.java:72)
at java.base/java.util.concurrent.ThreadPoolExecutor.runWorker(ThreadPoolExecutor.java:1130)
at java.base/java.util.concurrent.ThreadPoolExecutor$Worker.run(ThreadPoolExecutor.java:630)
at java.base/java.lang.Thread.run(Thread.java:831)
... Removed 12 stack frames]]>
    </failure>
  </testcase> <!-- TC_4963_Validate_FrequentlyPurchased_Custom_Upsell -->
  <testcase classname="Inkbox.Tests.Nova_Test" name="TC_4965_Validate_FrequentlyPurchased_Freehand_Upsell" time="210.843"/>
  <testcase classname="Inkbox.Tests.Nova_Test" name="TC_4966_Validate_Frequently_Purchased_Bundles" time="210.19">
    <skipped/>
  </testcase> <!-- TC_4966_Validate_Frequently_Purchased_Bundles -->
  <testcase classname="Inkbox.Tests.Nova_Test" name="TC_4972_Verify_HowItsWorks_Nova" time="199.718"/>
  <testcase classname="Inkbox.Tests.Nova_Test" name="TC_4973_Verify_TattooMarker" time="183.315"/>
  <testcase classname="Inkbox.Tests.Nova_Test" name="TC_4978_Verify_Searchablepage" time="183.92"/>
  <testcase classname="Inkbox.Tests.Nova_Test" name="TC_4970_Quiz_Nova_Validation" time="435.716"/>
  <testcase classname="Inkbox.Tests.Nova_Test" name="TC_4966_Validate_Frequently_Purchased_Bundles" time="217.5">
    <failure type="java.lang.AssertionError" message="The following asserts failed:
	null">
      <![CDATA[java.lang.AssertionError: The following asserts failed:
null
at Inkbox.Pages.Nova_Page.FrequentlyPurcahsed_Bundles(Nova_Page.java:1010)
at Inkbox.Tests.Nova_Test.TC_4966_Validate_Frequently_Purchased_Bundles(Nova_Test.java:101)
at java.base/java.util.concurrent.ThreadPoolExecutor.runWorker(ThreadPoolExecutor.java:1130)
at java.base/java.util.concurrent.ThreadPoolExecutor$Worker.run(ThreadPoolExecutor.java:630)
at java.base/java.lang.Thread.run(Thread.java:831)
... Removed 14 stack frames]]>
    </failure>
  </testcase> <!-- TC_4966_Validate_Frequently_Purchased_Bundles -->
  <testcase classname="Inkbox.Tests.Nova_Test" name="TC_4976_Verify_Sale_Nova" time="333.529"/>
  <testcase classname="Inkbox.Tests.TraceTest" name="TC_5097_Verify_Trace" time="67.698">
    <failure type="java.lang.AssertionError">
      <![CDATA[java.lang.AssertionError
at org.junit.Assert.fail(Assert.java:86)
at org.junit.Assert.fail(Assert.java:95)
at Helpers.ControlHelpers.ButtonClick(ControlHelpers.java:208)
at Inkbox.Pages.TracePage.Validate_ExploreDesign(TracePage.java:192)
at Inkbox.Pages.TracePage.Validate_Trace(TracePage.java:358)
at Inkbox.Tests.TraceTest.TC_5097_Verify_Trace(TraceTest.java:51)
at java.base/java.util.concurrent.ThreadPoolExecutor.runWorker(ThreadPoolExecutor.java:1130)
at java.base/java.util.concurrent.ThreadPoolExecutor$Worker.run(ThreadPoolExecutor.java:630)
at java.base/java.lang.Thread.run(Thread.java:831)
... Removed 12 stack frames]]>
    </failure>
  </testcase> <!-- TC_5097_Verify_Trace -->
  <testcase classname="Inkbox.Tests.QuizTest" name="TC_5085_Validate_QuizPageAvailability" time="119.456"/>
  <testcase classname="Inkbox.Tests.ProductSearchTest" name="TC_5013_SearchBox_NoResultsFound_validation" time="226.182"/>
  <testcase classname="Inkbox.Tests.GeoLocationTest" name="TC_5122_Geoloction_Validation_for_Dollar_Sign_And_Text_In_AllTattoos" time="132.987">
    <skipped/>
  </testcase> <!-- TC_5122_Geoloction_Validation_for_Dollar_Sign_And_Text_In_AllTattoos -->
  <testcase classname="Inkbox.Tests.TattooMarkerTest" name="TC_57759_Adding_ArtistKit_ItemToCart" time="17.801">
    <skipped/>
  </testcase> <!-- TC_57759_Adding_ArtistKit_ItemToCart -->
  <testcase classname="Inkbox.Tests.SubscriptionTest" name="TC_57753_Adding_Freq_PurchasedItemToCart_Along_with_SeasonalPlan" time="138.667">
    <skipped/>
  </testcase> <!-- TC_57753_Adding_Freq_PurchasedItemToCart_Along_with_SeasonalPlan -->
  <testcase classname="Inkbox.Tests.TattooMarkerTest" name="TC_57759_Adding_ArtistKit_ItemToCart" time="16.445">
    <failure type="java.lang.AssertionError">
      <![CDATA[java.lang.AssertionError
at org.junit.Assert.fail(Assert.java:86)
at org.junit.Assert.fail(Assert.java:95)
at Inkbox.Pages.TattooMarkerPage.ValidateMarker_ArtistKit(TattooMarkerPage.java:250)
at Inkbox.Tests.TattooMarkerTest.TC_57759_Adding_ArtistKit_ItemToCart(TattooMarkerTest.java:64)
at java.base/java.util.concurrent.ThreadPoolExecutor.runWorker(ThreadPoolExecutor.java:1130)
at java.base/java.util.concurrent.ThreadPoolExecutor$Worker.run(ThreadPoolExecutor.java:630)
at java.base/java.lang.Thread.run(Thread.java:831)
... Removed 12 stack frames]]>
    </failure>
  </testcase> <!-- TC_57759_Adding_ArtistKit_ItemToCart -->
  <testcase classname="Inkbox.Tests.HomePageTest" name="TC_5207_Verify_EmailField_Footer" time="216.508"/>
  <testcase classname="Inkbox.Tests.SubscriptionTest" name="TC_57752_Adding_Freq_PurchasedItemToCart_Along_with_AnnualPlan" time="135.116">
    <skipped/>
  </testcase> <!-- TC_57752_Adding_Freq_PurchasedItemToCart_Along_with_AnnualPlan -->
  <testcase classname="Inkbox.Tests.TattooMarkerTest" name="TC_57760_Adding_MarkerDuo_ItemToCart" time="13.901">
    <skipped/>
  </testcase> <!-- TC_57760_Adding_MarkerDuo_ItemToCart -->
  <testcase classname="Inkbox.Tests.TattooMarkerTest" name="TC_57760_Adding_MarkerDuo_ItemToCart" time="18.753">
    <failure type="java.lang.AssertionError">
      <![CDATA[java.lang.AssertionError
at org.junit.Assert.fail(Assert.java:86)
at org.junit.Assert.fail(Assert.java:95)
at Inkbox.Pages.TattooMarkerPage.ValidateMarker_Duo(TattooMarkerPage.java:170)
at Inkbox.Tests.TattooMarkerTest.TC_57760_Adding_MarkerDuo_ItemToCart(TattooMarkerTest.java:57)
at java.base/java.util.concurrent.ThreadPoolExecutor.runWorker(ThreadPoolExecutor.java:1130)
at java.base/java.util.concurrent.ThreadPoolExecutor$Worker.run(ThreadPoolExecutor.java:630)
at java.base/java.lang.Thread.run(Thread.java:831)
... Removed 12 stack frames]]>
    </failure>
  </testcase> <!-- TC_57760_Adding_MarkerDuo_ItemToCart -->
  <testcase classname="Inkbox.Tests.TattooMarkerTest" name="TC_57761_Adding_FreehandTattooMarker_ItemToCart" time="88.073"/>
  <testcase classname="Inkbox.Tests.SubscriptionTest" name="TC_57753_Adding_Freq_PurchasedItemToCart_Along_with_SeasonalPlan" time="161.694">
    <failure type="java.lang.AssertionError">
      <![CDATA[java.lang.AssertionError
at org.junit.Assert.fail(Assert.java:86)
at org.junit.Assert.fail(Assert.java:95)
at Helpers.ControlHelpers.JavaScriptExecutor_Button_Click(ControlHelpers.java:249)
at Inkbox.Pages.BasePage.Click_On_Subscription(BasePage.java:273)
at Inkbox.Pages.SubscriptionPage.Adding_SeasonalTestplan_ToCart(SubscriptionPage.java:113)
at Inkbox.Pages.SubscriptionPage.Validaing_FPI_To_Cart(SubscriptionPage.java:87)
at Inkbox.Tests.SubscriptionTest.TC_57753_Adding_Freq_PurchasedItemToCart_Along_with_SeasonalPlan(SubscriptionTest.java:63)
at java.base/java.util.concurrent.ThreadPoolExecutor.runWorker(ThreadPoolExecutor.java:1130)
at java.base/java.util.concurrent.ThreadPoolExecutor$Worker.run(ThreadPoolExecutor.java:630)
at java.base/java.lang.Thread.run(Thread.java:831)
... Removed 12 stack frames]]>
    </failure>
  </testcase> <!-- TC_57753_Adding_Freq_PurchasedItemToCart_Along_with_SeasonalPlan -->
  <testcase classname="Inkbox.Tests.SubscriptionTest" name="TC_57752_Adding_Freq_PurchasedItemToCart_Along_with_AnnualPlan" time="165.279">
    <failure type="java.lang.AssertionError">
      <![CDATA[java.lang.AssertionError
at org.junit.Assert.fail(Assert.java:86)
at org.junit.Assert.fail(Assert.java:95)
at Helpers.ControlHelpers.JavaScriptExecutor_Button_Click(ControlHelpers.java:249)
at Inkbox.Pages.BasePage.Click_On_Subscription(BasePage.java:273)
at Inkbox.Pages.SubscriptionPage.Adding_AnnualTestplan_ToCart(SubscriptionPage.java:123)
at Inkbox.Pages.SubscriptionPage.Validate_Annual_FPI_Item_ToCart(SubscriptionPage.java:63)
at Inkbox.Tests.SubscriptionTest.TC_57752_Adding_Freq_PurchasedItemToCart_Along_with_AnnualPlan(SubscriptionTest.java:72)
at java.base/java.util.concurrent.ThreadPoolExecutor.runWorker(ThreadPoolExecutor.java:1130)
at java.base/java.util.concurrent.ThreadPoolExecutor$Worker.run(ThreadPoolExecutor.java:630)
at java.base/java.lang.Thread.run(Thread.java:831)
... Removed 12 stack frames]]>
    </failure>
  </testcase> <!-- TC_57752_Adding_Freq_PurchasedItemToCart_Along_with_AnnualPlan -->
  <testcase classname="Inkbox.Tests.GeoLocationTest" name="TC_5122_Geoloction_Validation_for_Dollar_Sign_And_Text_In_AllTattoos" time="365.233">
    <failure type="java.lang.AssertionError">
      <![CDATA[java.lang.AssertionError
at org.junit.Assert.fail(Assert.java:86)
at org.junit.Assert.fail(Assert.java:95)
at Helpers.ControlHelpers.getText(ControlHelpers.java:265)
at Inkbox.Pages.GeoLocationPage.Validate_ProductPrice_After_AddToCart(GeoLocationPage.java:81)
at Inkbox.Tests.GeoLocationTest.TC_5122_Geoloction_Validation_for_Dollar_Sign_And_Text_In_AllTattoos(GeoLocationTest.java:66)
at java.base/java.util.concurrent.ThreadPoolExecutor.runWorker(ThreadPoolExecutor.java:1130)
at java.base/java.util.concurrent.ThreadPoolExecutor$Worker.run(ThreadPoolExecutor.java:630)
at java.base/java.lang.Thread.run(Thread.java:831)
... Removed 12 stack frames]]>
    </failure>
  </testcase> <!-- TC_5122_Geoloction_Validation_for_Dollar_Sign_And_Text_In_AllTattoos -->
  <testcase classname="Inkbox.Tests.HomePageTest" name="TC_57762_Adding_Item_ShopSimilar_validation" time="274.179">
    <skipped/>
  </testcase> <!-- TC_57762_Adding_Item_ShopSimilar_validation -->
  <testcase classname="Inkbox.Tests.HomePageTest" name="TC_57763_ShopSimilar_validation" time="272.137">
    <skipped/>
  </testcase> <!-- TC_57763_ShopSimilar_validation -->
  <testcase classname="Inkbox.Tests.HomePageTest" name="TC_57764_ShopSimilar_on_PDP_validation" time="284.122">
    <skipped/>
  </testcase> <!-- TC_57764_ShopSimilar_on_PDP_validation -->
  <testcase classname="Inkbox.Tests.Nova_Test" name="TC_7482_TieredDiscounts" time="205.83">
    <skipped/>
  </testcase> <!-- TC_7482_TieredDiscounts -->
  <testcase classname="Inkbox.Tests.HomePageTest" name="TC_57765_Adding_Item_ShopSimilar_PDP_validation" time="288.051">
    <skipped/>
  </testcase> <!-- TC_57765_Adding_Item_ShopSimilar_PDP_validation -->
  <testcase classname="Inkbox.Tests.Nova_Test" name="TC_4981_Verify_Shop_From_Nova" time="1233.233">
    <skipped/>
  </testcase> <!-- TC_4981_Verify_Shop_From_Nova -->
  <testcase classname="Inkbox.Tests.Nova_Test" name="TC_7482_TieredDiscounts" time="210.026">
    <failure type="java.lang.AssertionError">
      <![CDATA[java.lang.AssertionError
at org.junit.Assert.fail(Assert.java:86)
at org.junit.Assert.fail(Assert.java:95)
at Helpers.ControlHelpers.getText(ControlHelpers.java:265)
at Inkbox.Pages.Nova_Page.Validating_TieredDiscounts(Nova_Page.java:840)
at Inkbox.Tests.Nova_Test.TC_7482_TieredDiscounts(Nova_Test.java:46)
at java.base/java.util.concurrent.ThreadPoolExecutor.runWorker(ThreadPoolExecutor.java:1130)
at java.base/java.util.concurrent.ThreadPoolExecutor$Worker.run(ThreadPoolExecutor.java:630)
at java.base/java.lang.Thread.run(Thread.java:831)
... Removed 12 stack frames]]>
    </failure>
  </testcase> <!-- TC_7482_TieredDiscounts -->
  <testcase classname="Inkbox.Tests.HomePageTest" name="TC_57762_Adding_Item_ShopSimilar_validation" time="276.639">
    <failure type="java.lang.AssertionError" message="The following asserts failed:
	null">
      <![CDATA[java.lang.AssertionError: The following asserts failed:
null
at Inkbox.Pages.ProductsPage.Validation_AllTattoos_ShopSimilar(ProductsPage.java:299)
at Inkbox.Tests.HomePageTest.TC_57762_Adding_Item_ShopSimilar_validation(HomePageTest.java:48)
at java.base/java.util.concurrent.ThreadPoolExecutor.runWorker(ThreadPoolExecutor.java:1130)
at java.base/java.util.concurrent.ThreadPoolExecutor$Worker.run(ThreadPoolExecutor.java:630)
at java.base/java.lang.Thread.run(Thread.java:831)
... Removed 14 stack frames]]>
    </failure>
  </testcase> <!-- TC_57762_Adding_Item_ShopSimilar_validation -->
  <testcase classname="Inkbox.Tests.HomePageTest" name="TC_57763_ShopSimilar_validation" time="273.569">
    <failure type="java.lang.AssertionError" message="The following asserts failed:
	null">
      <![CDATA[java.lang.AssertionError: The following asserts failed:
null
at Inkbox.Pages.ProductsPage.Validation_AllTattoos_ShopSimilar(ProductsPage.java:299)
at Inkbox.Tests.HomePageTest.TC_57763_ShopSimilar_validation(HomePageTest.java:57)
at java.base/java.util.concurrent.ThreadPoolExecutor.runWorker(ThreadPoolExecutor.java:1130)
at java.base/java.util.concurrent.ThreadPoolExecutor$Worker.run(ThreadPoolExecutor.java:630)
at java.base/java.lang.Thread.run(Thread.java:831)
... Removed 14 stack frames]]>
    </failure>
  </testcase> <!-- TC_57763_ShopSimilar_validation -->
  <testcase classname="Inkbox.Tests.HomePageTest" name="TC_57764_ShopSimilar_on_PDP_validation" time="280.98">
    <failure type="java.lang.AssertionError" message="The following asserts failed:
	null,
	null">
      <![CDATA[java.lang.AssertionError: The following asserts failed:
null,
null
at Inkbox.Pages.ProductsPage.ShopSimilarValidation(ProductsPage.java:327)
at Inkbox.Tests.HomePageTest.TC_57764_ShopSimilar_on_PDP_validation(HomePageTest.java:66)
at java.base/java.util.concurrent.ThreadPoolExecutor.runWorker(ThreadPoolExecutor.java:1130)
at java.base/java.util.concurrent.ThreadPoolExecutor$Worker.run(ThreadPoolExecutor.java:630)
at java.base/java.lang.Thread.run(Thread.java:831)
... Removed 14 stack frames]]>
    </failure>
  </testcase> <!-- TC_57764_ShopSimilar_on_PDP_validation -->
  <testcase classname="Inkbox.Tests.HomePageTest" name="TC_57765_Adding_Item_ShopSimilar_PDP_validation" time="282.93">
    <failure type="java.lang.AssertionError" message="The following asserts failed:
	null,
	null">
      <![CDATA[java.lang.AssertionError: The following asserts failed:
null,
null
at Inkbox.Pages.ProductsPage.ShopSimilarValidation(ProductsPage.java:327)
at Inkbox.Tests.HomePageTest.TC_57765_Adding_Item_ShopSimilar_PDP_validation(HomePageTest.java:74)
at java.base/java.util.concurrent.ThreadPoolExecutor.runWorker(ThreadPoolExecutor.java:1130)
at java.base/java.util.concurrent.ThreadPoolExecutor$Worker.run(ThreadPoolExecutor.java:630)
at java.base/java.lang.Thread.run(Thread.java:831)
... Removed 14 stack frames]]>
    </failure>
  </testcase> <!-- TC_57765_Adding_Item_ShopSimilar_PDP_validation -->
  <testcase classname="Inkbox.Tests.HomePageTest" name="Trace_FAQ_Max_and_Min_Validation" time="240.739"/>
  <testcase classname="Inkbox.Tests.ContentFulTest" name="Validate_FreeShipping_Page_Contentful" time="219.107"/>
  <testcase classname="Inkbox.Tests.HomePageTest" name="Validating_Facebook_Login" time="272.514"/>
  <testcase classname="Inkbox.Tests.TraceTest" name="Verify_Trace_Watch_Tutorial" time="53.427"/>
  <testcase classname="Inkbox.Tests.HomePageTest" name="Validate_Footer_Text" time="370.762"/>
  <testcase classname="Inkbox.Tests.TattooMarkerTest" name="Validate_TattooMarker" time="458.098">
    <skipped/>
  </testcase> <!-- Validate_TattooMarker -->
  <testcase classname="Inkbox.Tests.AccountTest" name="TC_31392_Validate_OrderHistory_In_MyAccount" time="195.867"/>
  <testcase classname="Inkbox.Tests.LoginTest" name="TC_4879_SignUp" time="167.174">
    <skipped/>
  </testcase> <!-- TC_4879_SignUp -->
  <testcase classname="Inkbox.Tests.ProductSearchTest" name="TC_5019_Verify_ItemAddedToFavourites_Guestuser" time="150.574">
    <skipped/>
  </testcase> <!-- TC_5019_Verify_ItemAddedToFavourites_Guestuser -->
  <testcase classname="Inkbox.Tests.QuizTest" name="TC_5086_Press_StartQuiz" time="264.603"/>
  <testcase classname="Inkbox.Tests.ProductSearchTest" name="TC_5019_Verify_ItemAddedToFavourites_Guestuser" time="152.947">
    <failure type="java.lang.AssertionError">
      <![CDATA[java.lang.AssertionError
at org.junit.Assert.fail(Assert.java:86)
at org.junit.Assert.fail(Assert.java:95)
at Inkbox.Pages.ProductsPage.Adding_ItemsTofavourites_Under_GuestUser(ProductsPage.java:1231)
at Inkbox.Tests.ProductSearchTest.TC_5019_Verify_ItemAddedToFavourites_Guestuser(ProductSearchTest.java:66)
at java.base/java.util.concurrent.ThreadPoolExecutor.runWorker(ThreadPoolExecutor.java:1130)
at java.base/java.util.concurrent.ThreadPoolExecutor$Worker.run(ThreadPoolExecutor.java:630)
at java.base/java.lang.Thread.run(Thread.java:831)
... Removed 12 stack frames]]>
    </failure>
  </testcase> <!-- TC_5019_Verify_ItemAddedToFavourites_Guestuser -->
  <testcase classname="Inkbox.Tests.LoginTest" name="TC_4879_SignUp" time="134.893">
    <failure type="java.lang.AssertionError">
      <![CDATA[java.lang.AssertionError
at org.junit.Assert.fail(Assert.java:86)
at org.junit.Assert.fail(Assert.java:95)
at Helpers.ControlHelpers.WaitForElement(ControlHelpers.java:442)
at Inkbox.Pages.BasePage.AcctountIcon(BasePage.java:1583)
at Inkbox.Tests.LoginTest.TC_4879_SignUp(LoginTest.java:67)
at java.base/java.util.concurrent.ThreadPoolExecutor.runWorker(ThreadPoolExecutor.java:1130)
at java.base/java.util.concurrent.ThreadPoolExecutor$Worker.run(ThreadPoolExecutor.java:630)
at java.base/java.lang.Thread.run(Thread.java:831)
... Removed 12 stack frames]]>
    </failure>
  </testcase> <!-- TC_4879_SignUp -->
  <testcase classname="Inkbox.Tests.GeoLocationTest" name="TC_5125_DollarSign_priceTag_Validation_Cart_Geolocation" time="266.469">
    <skipped/>
  </testcase> <!-- TC_5125_DollarSign_priceTag_Validation_Cart_Geolocation -->
  <testcase classname="Inkbox.Tests.ProductSearchTest" name="TC_5065_PopularSearches_validation_Guestuser" time="68.517"/>
  <testcase classname="Inkbox.Tests.HomePageTest" name="UserImageChangingOrNot" time="219.227">
    <skipped/>
  </testcase> <!-- UserImageChangingOrNot -->
  <testcase classname="Inkbox.Tests.TattooMarkerTest" name="Validate_TattooMarker" time="440.107">
    <failure type="java.lang.AssertionError">
      <![CDATA[java.lang.AssertionError
at org.junit.Assert.fail(Assert.java:86)
at org.junit.Assert.fail(Assert.java:95)
at Helpers.ControlHelpers.ButtonClick2(ControlHelpers.java:182)
at Inkbox.Pages.BasePage.Verify_TattooMarkerProducts2(BasePage.java:583)
at Inkbox.Tests.TattooMarkerTest.Validate_TattooMarker(TattooMarkerTest.java:42)
at java.base/java.util.concurrent.ThreadPoolExecutor.runWorker(ThreadPoolExecutor.java:1130)
at java.base/java.util.concurrent.ThreadPoolExecutor$Worker.run(ThreadPoolExecutor.java:630)
at java.base/java.lang.Thread.run(Thread.java:831)
... Removed 12 stack frames]]>
    </failure>
  </testcase> <!-- Validate_TattooMarker -->
  <testcase classname="Inkbox.Tests.AccountTest" name="TC_21933_Validating_BackButton_Behavoir_ArtistPortal" time="239.406"/>
  <testcase classname="Inkbox.Tests.Nova_Test" name="TC_4981_Verify_Shop_From_Nova" time="1240.359">
    <failure type="java.lang.AssertionError" message="The following asserts failed:
	null,
	null,
	null,
	null,
	null,
	null,
	null,
	null,
	null,
	null,
	null,
	null,
	null,
	null,
	null,
	null,
	null,
	null,
	null,
	null,
	null,
	null,
	null,
	null,
	null,
	null,
	null,
	null,
	null,
	null,
	null,
	null,
	null,
	null">
      <![CDATA[java.lang.AssertionError: The following asserts failed:
null,
null,
null,
null,
null,
null,
null,
null,
null,
null,
null,
null,
null,
null,
null,
null,
null,
null,
null,
null,
null,
null,
null,
null,
null,
null,
null,
null,
null,
null,
null,
null,
null,
null
at Inkbox.Pages.Nova_Page.Shop_Validation(Nova_Page.java:452)
at Inkbox.Tests.Nova_Test.TC_4981_Verify_Shop_From_Nova(Nova_Test.java:236)
at java.base/java.util.concurrent.ThreadPoolExecutor.runWorker(ThreadPoolExecutor.java:1130)
at java.base/java.util.concurrent.ThreadPoolExecutor$Worker.run(ThreadPoolExecutor.java:630)
at java.base/java.lang.Thread.run(Thread.java:831)
... Removed 14 stack frames]]>
    </failure>
  </testcase> <!-- TC_4981_Verify_Shop_From_Nova -->
  <testcase classname="Inkbox.Tests.GeoLocationTest" name="TC_5125_DollarSign_priceTag_Validation_Cart_Geolocation" time="273.201">
    <failure type="java.lang.AssertionError">
      <![CDATA[java.lang.AssertionError
at org.junit.Assert.fail(Assert.java:86)
at org.junit.Assert.fail(Assert.java:95)
at Helpers.ControlHelpers.getText(ControlHelpers.java:265)
at Inkbox.Pages.GeoLocationPage.ProductPrice_Validation_After_AddToCart(GeoLocationPage.java:595)
at Inkbox.Tests.GeoLocationTest.TC_5125_DollarSign_priceTag_Validation_Cart_Geolocation(GeoLocationTest.java:77)
at java.base/java.util.concurrent.ThreadPoolExecutor.runWorker(ThreadPoolExecutor.java:1130)
at java.base/java.util.concurrent.ThreadPoolExecutor$Worker.run(ThreadPoolExecutor.java:630)
at java.base/java.lang.Thread.run(Thread.java:831)
... Removed 12 stack frames]]>
    </failure>
  </testcase> <!-- TC_5125_DollarSign_priceTag_Validation_Cart_Geolocation -->
  <testcase classname="Inkbox.Tests.HomePageTest" name="UserImageChangingOrNot" time="220.207">
    <failure type="java.lang.AssertionError">
      <![CDATA[java.lang.AssertionError
at org.junit.Assert.fail(Assert.java:86)
at org.junit.Assert.fail(Assert.java:95)
at Helpers.ControlHelpers.ButtonClick2(ControlHelpers.java:182)
at Inkbox.Pages.BasePage.VerifyUserImage_Is_Changing_Or_Not(BasePage.java:2314)
at Inkbox.Tests.HomePageTest.UserImageChangingOrNot(HomePageTest.java:339)
at java.base/java.util.concurrent.ThreadPoolExecutor.runWorker(ThreadPoolExecutor.java:1130)
at java.base/java.util.concurrent.ThreadPoolExecutor$Worker.run(ThreadPoolExecutor.java:630)
at java.base/java.lang.Thread.run(Thread.java:831)
... Removed 12 stack frames]]>
    </failure>
  </testcase> <!-- UserImageChangingOrNot -->
  <testcase classname="Inkbox.Tests.QuizTest" name="TC_5087_Validate_StartQUiz" time="257.424"/>
  <testcase classname="Inkbox.Tests.GeoLocationTest" name="TC_5126_Custom_DollarSign_priceTag_Validation_Cart_Geolocation" time="241.908">
    <skipped/>
  </testcase> <!-- TC_5126_Custom_DollarSign_priceTag_Validation_Cart_Geolocation -->
  <testcase classname="Inkbox.Tests.ContentFulTest" name="TC_4938_Trace_FAQ_Validation_Contentful" time="203.796">
    <skipped/>
  </testcase> <!-- TC_4938_Trace_FAQ_Validation_Contentful -->
  <testcase classname="Inkbox.Tests.ProductSearchTest" name="TC_5066_Validate_Pagination_By_page_Numbers" time="289.802"/>
  <testcase classname="Inkbox.Tests.QuizTest" name="TC_5088_Complete_Quiz" time="271.937"/>
  <testcase classname="Inkbox.Tests.GeoLocationTest" name="TC_5127_SubTotal_Total_priceTag_Validation_Geolocation" time="269.728">
    <skipped/>
  </testcase> <!-- TC_5127_SubTotal_Total_priceTag_Validation_Geolocation -->
  <testcase classname="Inkbox.Tests.GeoLocationTest" name="TC_5126_Custom_DollarSign_priceTag_Validation_Cart_Geolocation" time="238.212">
    <failure type="java.lang.AssertionError">
      <![CDATA[java.lang.AssertionError
at org.junit.Assert.fail(Assert.java:86)
at org.junit.Assert.fail(Assert.java:95)
at Helpers.ControlHelpers.ButtonClick(ControlHelpers.java:208)
at Inkbox.Pages.ProductsPage.Adding_CustomProductToCart(ProductsPage.java:2084)
at Inkbox.Tests.GeoLocationTest.TC_5126_Custom_DollarSign_priceTag_Validation_Cart_Geolocation(GeoLocationTest.java:88)
at java.base/java.util.concurrent.ThreadPoolExecutor.runWorker(ThreadPoolExecutor.java:1130)
at java.base/java.util.concurrent.ThreadPoolExecutor$Worker.run(ThreadPoolExecutor.java:630)
at java.base/java.lang.Thread.run(Thread.java:831)
... Removed 12 stack frames]]>
    </failure>
  </testcase> <!-- TC_5126_Custom_DollarSign_priceTag_Validation_Cart_Geolocation -->
  <testcase classname="Inkbox.Tests.ContentFulTest" name="TC_4938_Trace_FAQ_Validation_Contentful" time="212.256">
    <failure type="java.lang.AssertionError" message="The following asserts failed:
	null,
	null">
      <![CDATA[java.lang.AssertionError: The following asserts failed:
null,
null
at Inkbox.Pages.ContentfulPage.Trace_FAQ_Validation(ContentfulPage.java:347)
at Inkbox.Tests.ContentFulTest.TC_4938_Trace_FAQ_Validation_Contentful(ContentFulTest.java:98)
at java.base/java.util.concurrent.ThreadPoolExecutor.runWorker(ThreadPoolExecutor.java:1130)
at java.base/java.util.concurrent.ThreadPoolExecutor$Worker.run(ThreadPoolExecutor.java:630)
at java.base/java.lang.Thread.run(Thread.java:831)
... Removed 14 stack frames]]>
    </failure>
  </testcase> <!-- TC_4938_Trace_FAQ_Validation_Contentful -->
  <testcase classname="Inkbox.Tests.ProductSearchTest" name="TC_5067_Validate_Pagination_Using_NavButton" time="311.784"/>
  <testcase classname="Inkbox.Tests.GeoLocationTest" name="TC_5128_CheckoutPage_priceTag_Validation_Geolocation" time="277.413">
    <skipped/>
  </testcase> <!-- TC_5128_CheckoutPage_priceTag_Validation_Geolocation -->
  <testcase classname="Inkbox.Tests.GeoLocationTest" name="TC_5127_SubTotal_Total_priceTag_Validation_Geolocation" time="265.19">
    <failure type="java.lang.AssertionError">
      <![CDATA[java.lang.AssertionError
at org.junit.Assert.fail(Assert.java:86)
at org.junit.Assert.fail(Assert.java:95)
at Helpers.ControlHelpers.getText(ControlHelpers.java:265)
at Inkbox.Pages.GeoLocationPage.Validate_Total_SubTotal(GeoLocationPage.java:501)
at Inkbox.Tests.GeoLocationTest.TC_5127_SubTotal_Total_priceTag_Validation_Geolocation(GeoLocationTest.java:101)
at java.base/java.util.concurrent.ThreadPoolExecutor.runWorker(ThreadPoolExecutor.java:1130)
at java.base/java.util.concurrent.ThreadPoolExecutor$Worker.run(ThreadPoolExecutor.java:630)
at java.base/java.lang.Thread.run(Thread.java:831)
... Removed 12 stack frames]]>
    </failure>
  </testcase> <!-- TC_5127_SubTotal_Total_priceTag_Validation_Geolocation -->
  <testcase classname="Inkbox.Tests.ProductSearchTest" name="TC_5068_RecentSearches_validation" time="218.01">
    <skipped/>
  </testcase> <!-- TC_5068_RecentSearches_validation -->
  <testcase classname="Inkbox.Tests.GeoLocationTest" name="TC_13223_PriceValidation_AllTattoos_Geolocation" time="271.99">
    <skipped/>
  </testcase> <!-- TC_13223_PriceValidation_AllTattoos_Geolocation -->
  <testcase classname="Inkbox.Tests.QuizTest" name="TC_5089_Validate_RetakeQuiz_AfterCompletionOfQuiz" time="452.457"/>
  <testcase classname="Inkbox.Tests.ProductSearchTest" name="TC_5068_RecentSearches_validation" time="209.246">
    <failure type="java.lang.AssertionError">
      <![CDATA[java.lang.AssertionError
at org.junit.Assert.fail(Assert.java:86)
at org.junit.Assert.fail(Assert.java:95)
at Inkbox.Pages.BasePage.Validate_RecentSearches(BasePage.java:1575)
at Inkbox.Tests.ProductSearchTest.TC_5068_RecentSearches_validation(ProductSearchTest.java:104)
at java.base/java.util.concurrent.ThreadPoolExecutor.runWorker(ThreadPoolExecutor.java:1130)
at java.base/java.util.concurrent.ThreadPoolExecutor$Worker.run(ThreadPoolExecutor.java:630)
at java.base/java.lang.Thread.run(Thread.java:831)
... Removed 12 stack frames]]>
    </failure>
  </testcase> <!-- TC_5068_RecentSearches_validation -->
  <testcase classname="Inkbox.Tests.GeoLocationTest" name="TC_5128_CheckoutPage_priceTag_Validation_Geolocation" time="275.736">
    <failure type="java.lang.AssertionError">
      <![CDATA[java.lang.AssertionError
at org.junit.Assert.fail(Assert.java:86)
at org.junit.Assert.fail(Assert.java:95)
at Helpers.ControlHelpers.getText(ControlHelpers.java:265)
at Inkbox.Pages.GeoLocationPage.CheckoutPage_PriceTag_Validation(GeoLocationPage.java:432)
at Inkbox.Tests.GeoLocationTest.TC_5128_CheckoutPage_priceTag_Validation_Geolocation(GeoLocationTest.java:112)
at java.base/java.util.concurrent.ThreadPoolExecutor.runWorker(ThreadPoolExecutor.java:1130)
at java.base/java.util.concurrent.ThreadPoolExecutor$Worker.run(ThreadPoolExecutor.java:630)
at java.base/java.lang.Thread.run(Thread.java:831)
... Removed 12 stack frames]]>
    </failure>
  </testcase> <!-- TC_5128_CheckoutPage_priceTag_Validation_Geolocation -->
  <testcase classname="Inkbox.Tests.ProductSearchTest" name="TC_5070_FilterBy_Artists" time="133.701">
    <skipped/>
  </testcase> <!-- TC_5070_FilterBy_Artists -->
  <testcase classname="Inkbox.Tests.GeoLocationTest" name="TC_13222_PriceValidation_CustomProduct_Geolocation" time="234.898">
    <skipped/>
  </testcase> <!-- TC_13222_PriceValidation_CustomProduct_Geolocation -->
  <testcase classname="Inkbox.Tests.GeoLocationTest" name="TC_13223_PriceValidation_AllTattoos_Geolocation" time="304.911">
    <failure type="java.lang.AssertionError">
      <![CDATA[java.lang.AssertionError
at org.junit.Assert.fail(Assert.java:86)
at org.junit.Assert.fail(Assert.java:95)
at Helpers.ControlHelpers.getText(ControlHelpers.java:265)
at Inkbox.Pages.GeoLocationPage.PriceValidation_AllTattoos_Checkout(GeoLocationPage.java:361)
at Inkbox.Tests.GeoLocationTest.TC_13223_PriceValidation_AllTattoos_Geolocation(GeoLocationTest.java:121)
at java.base/java.util.concurrent.ThreadPoolExecutor.runWorker(ThreadPoolExecutor.java:1130)
at java.base/java.util.concurrent.ThreadPoolExecutor$Worker.run(ThreadPoolExecutor.java:630)
at java.base/java.lang.Thread.run(Thread.java:831)
... Removed 12 stack frames]]>
    </failure>
  </testcase> <!-- TC_13223_PriceValidation_AllTattoos_Geolocation -->
  <testcase classname="Inkbox.Tests.QuizTest" name="TC_5091_Validate_Quiz_AfterCompletionOfQuiz_WithClearCookies" time="635.013"/>
  <testcase classname="Inkbox.Tests.GeoLocationTest" name="TC_13221_PriceValidation_GiftCart_Geolocation" time="218.176">
    <skipped/>
  </testcase> <!-- TC_13221_PriceValidation_GiftCart_Geolocation -->
  <testcase classname="Inkbox.Tests.GeoLocationTest" name="TC_13222_PriceValidation_CustomProduct_Geolocation" time="234.424">
    <failure type="java.lang.AssertionError">
      <![CDATA[java.lang.AssertionError
at org.junit.Assert.fail(Assert.java:86)
at org.junit.Assert.fail(Assert.java:95)
at Helpers.ControlHelpers.ButtonClick(ControlHelpers.java:208)
at Inkbox.Pages.ProductsPage.Adding_CustomProductToCart_returnPrice(ProductsPage.java:2024)
at Inkbox.Pages.GeoLocationPage.PriceValidation_Custom_Checkout(GeoLocationPage.java:299)
at Inkbox.Tests.GeoLocationTest.TC_13222_PriceValidation_CustomProduct_Geolocation(GeoLocationTest.java:130)
at java.base/java.util.concurrent.ThreadPoolExecutor.runWorker(ThreadPoolExecutor.java:1130)
at java.base/java.util.concurrent.ThreadPoolExecutor$Worker.run(ThreadPoolExecutor.java:630)
at java.base/java.lang.Thread.run(Thread.java:831)
... Removed 12 stack frames]]>
    </failure>
  </testcase> <!-- TC_13222_PriceValidation_CustomProduct_Geolocation -->
  <testcase classname="Inkbox.Tests.QuizTest" name="TC_5092_Validate_QuizSelection" time="350.424"/>
  <testcase classname="Inkbox.Tests.ProductSearchTest" name="TC_5070_FilterBy_Artists" time="348.909"/>
  <testcase classname="Inkbox.Tests.QuizTest" name="TC_5093_Validate_QuizSelection_trayLocation" time="285.701"/>
  <testcase classname="Inkbox.Tests.ProductSearchTest" name="TC_5071_FilterBy_Categories" time="352.809"/>
  <testcase classname="Inkbox.Tests.GeoLocationTest" name="TC_13221_PriceValidation_GiftCart_Geolocation" time="220.214">
    <failure type="java.lang.AssertionError">
      <![CDATA[java.lang.AssertionError
at org.junit.Assert.fail(Assert.java:86)
at org.junit.Assert.fail(Assert.java:95)
at Helpers.ControlHelpers.ButtonClick(ControlHelpers.java:208)
at Inkbox.Pages.GeoLocationPage.PriceValidation_GiftCart_Checkout(GeoLocationPage.java:242)
at Inkbox.Tests.GeoLocationTest.TC_13221_PriceValidation_GiftCart_Geolocation(GeoLocationTest.java:139)
at java.base/java.util.concurrent.ThreadPoolExecutor.runWorker(ThreadPoolExecutor.java:1130)
at java.base/java.util.concurrent.ThreadPoolExecutor$Worker.run(ThreadPoolExecutor.java:630)
at java.base/java.lang.Thread.run(Thread.java:831)
... Removed 12 stack frames]]>
    </failure>
  </testcase> <!-- TC_13221_PriceValidation_GiftCart_Geolocation -->
  <testcase classname="Inkbox.Tests.ProductSearchTest" name="TC_5072_FilterBy_All_Sizes" time="301.079"/>
  <testcase classname="Inkbox.Tests.ProductSearchTest" name="TC_5073_FilterBy_Random_Category" time="279.573"/>
  <testcase classname="Inkbox.Tests.GeoLocationTest" name="TC_21897_PriceValidation_TattooMarker_Geolocation" time="436.489">
    <skipped/>
  </testcase> <!-- TC_21897_PriceValidation_TattooMarker_Geolocation -->
  <testcase classname="Inkbox.Tests.QuizTest" name="TC_5094_validate_displayTray_WhenOneSelectionIn_Quiz" time="347.456"/>
  <testcase classname="Inkbox.Tests.QuizTest" name="TC_5095_Validate_WithoutCompletingQuiz" time="263.923"/>
  <testcase classname="Inkbox.Tests.ProductSearchTest" name="TC_5074_Autosuggestion_Validation" time="223.841">
    <skipped/>
  </testcase> <!-- TC_5074_Autosuggestion_Validation -->
  <testcase classname="Inkbox.Tests.ProductSearchTest" name="TC_5075_Autosuggestion_Validation_Negative" time="223.494"/>
  <testcase classname="Inkbox.Tests.ProductSearchTest" name="TC_5076_EmptySearchBox_Validation" time="218.615"/>
  <testcase classname="Inkbox.Tests.ProductSearchTest" name="TC_5074_Autosuggestion_Validation" time="227.23">
    <failure type="java.lang.AssertionError" message="The following asserts failed:
	null,
	null,
	null,
	null">
      <![CDATA[java.lang.AssertionError: The following asserts failed:
null,
null,
null,
null
at Inkbox.Pages.BasePage.AutoSuggestValidation(BasePage.java:1624)
at Inkbox.Tests.ProductSearchTest.TC_5074_Autosuggestion_Validation(ProductSearchTest.java:165)
at java.base/java.util.concurrent.ThreadPoolExecutor.runWorker(ThreadPoolExecutor.java:1130)
at java.base/java.util.concurrent.ThreadPoolExecutor$Worker.run(ThreadPoolExecutor.java:630)
at java.base/java.lang.Thread.run(Thread.java:831)
... Removed 14 stack frames]]>
    </failure>
  </testcase> <!-- TC_5074_Autosuggestion_Validation -->
  <testcase classname="Inkbox.Tests.ProductSearchTest" name="TC_5078_SortByPriceLowToHigh" time="284.384"/>
  <testcase classname="Inkbox.Tests.ProductSearchTest" name="TC_5077_SearchResults_Validation" time="298.685"/>
  <testcase classname="Inkbox.Tests.GeoLocationTest" name="TC_21897_PriceValidation_TattooMarker_Geolocation" time="442.26">
    <failure type="java.lang.AssertionError">
      <![CDATA[java.lang.AssertionError
at org.junit.Assert.fail(Assert.java:86)
at org.junit.Assert.fail(Assert.java:95)
at Helpers.ControlHelpers.ButtonClick(ControlHelpers.java:208)
at Inkbox.Pages.GeoLocationPage.PriceValidation_TattooMarker_Checkout(GeoLocationPage.java:162)
at Inkbox.Tests.GeoLocationTest.TC_21897_PriceValidation_TattooMarker_Geolocation(GeoLocationTest.java:149)
at java.base/java.util.concurrent.ThreadPoolExecutor.runWorker(ThreadPoolExecutor.java:1130)
at java.base/java.util.concurrent.ThreadPoolExecutor$Worker.run(ThreadPoolExecutor.java:630)
at java.base/java.lang.Thread.run(Thread.java:831)
... Removed 12 stack frames]]>
    </failure>
  </testcase> <!-- TC_21897_PriceValidation_TattooMarker_Geolocation -->
  <testcase classname="Inkbox.Tests.ProductSearchTest" name="TC_5079_SortByPriceHighToLow" time="276.49"/>
  <testcase classname="Inkbox.Tests.ProductSearchTest" name="TC_5080_Validate_SearchResults" time="261.462"/>
  <testcase classname="Inkbox.Tests.ProductSearchTest" name="TC_5083_ValidatePricingBlock" time="273.615">
    <skipped/>
  </testcase> <!-- TC_5083_ValidatePricingBlock -->
  <testcase classname="Inkbox.Tests.ProductSearchTest" name="TC_5082_Validate_PresentUrl_with_PreviousUrl" time="275.863"/>
  <testcase classname="Inkbox.Tests.ProductSearchTest" name="TC_5081_FilterBySize" time="313.446">
    <skipped/>
  </testcase> <!-- TC_5081_FilterBySize -->
  <testcase classname="Inkbox.Tests.ProductSearchTest" name="TC_5064_Verify_Changepassword_LessThanEightChar" time="260.326">
    <skipped/>
  </testcase> <!-- TC_5064_Verify_Changepassword_LessThanEightChar -->
  <testcase classname="Inkbox.Tests.ProductSearchTest" name="TC_5083_ValidatePricingBlock" time="278.362">
    <failure type="java.lang.AssertionError">
      <![CDATA[java.lang.AssertionError
at org.junit.Assert.fail(Assert.java:86)
at org.junit.Assert.fail(Assert.java:95)
at Inkbox.Pages.ProductsPage.Validating_PricingBlock(ProductsPage.java:1703)
at Inkbox.Tests.ProductSearchTest.TC_5083_ValidatePricingBlock(ProductSearchTest.java:262)
at java.base/java.util.concurrent.ThreadPoolExecutor.runWorker(ThreadPoolExecutor.java:1130)
at java.base/java.util.concurrent.ThreadPoolExecutor$Worker.run(ThreadPoolExecutor.java:630)
at java.base/java.lang.Thread.run(Thread.java:831)
... Removed 12 stack frames]]>
    </failure>
  </testcase> <!-- TC_5083_ValidatePricingBlock -->
  <testcase classname="Inkbox.Tests.ProductSearchTest" name="TC_5081_FilterBySize" time="309.044">
    <failure type="java.lang.AssertionError">
      <![CDATA[java.lang.AssertionError
at org.junit.Assert.fail(Assert.java:86)
at org.junit.Assert.fail(Assert.java:95)
at Helpers.ControlHelpers.getText(ControlHelpers.java:265)
at Inkbox.Pages.CartPage.GetProductSize_PDP(CartPage.java:616)
at Inkbox.Tests.ProductSearchTest.TC_5081_FilterBySize(ProductSearchTest.java:237)
at java.base/java.util.concurrent.ThreadPoolExecutor.runWorker(ThreadPoolExecutor.java:1130)
at java.base/java.util.concurrent.ThreadPoolExecutor$Worker.run(ThreadPoolExecutor.java:630)
at java.base/java.lang.Thread.run(Thread.java:831)
... Removed 12 stack frames]]>
    </failure>
  </testcase> <!-- TC_5081_FilterBySize -->
  <testcase classname="Inkbox.Tests.ProductSearchTest" name="TC_5064_Verify_Changepassword_LessThanEightChar" time="262.391">
    <failure type="java.lang.AssertionError">
      <![CDATA[java.lang.AssertionError
at org.junit.Assert.fail(Assert.java:86)
at org.junit.Assert.fail(Assert.java:95)
at Helpers.ControlHelpers.getText(ControlHelpers.java:265)
at Inkbox.Pages.BasePage.VerifyAccountLogin(BasePage.java:2304)
at Inkbox.Pages.LoginPage.Loginvalidation(LoginPage.java:120)
at Inkbox.Pages.LoginPage.Login_After_PasswordChanged(LoginPage.java:223)
at Inkbox.Tests.ProductSearchTest.TC_5064_Verify_Changepassword_LessThanEightChar(ProductSearchTest.java:270)
at java.base/java.util.concurrent.ThreadPoolExecutor.runWorker(ThreadPoolExecutor.java:1130)
at java.base/java.util.concurrent.ThreadPoolExecutor$Worker.run(ThreadPoolExecutor.java:630)
at java.base/java.lang.Thread.run(Thread.java:831)
... Removed 12 stack frames]]>
    </failure>
  </testcase> <!-- TC_5064_Verify_Changepassword_LessThanEightChar -->
  <testcase classname="Inkbox.Tests.ContentFulTest" name="TC_4945_Verify_HomePage_Order_ContentFul" time="0.0">
    <ignored/>
  </testcase> <!-- TC_4945_Verify_HomePage_Order_ContentFul -->
  <testcase classname="Inkbox.Tests.ContentFulTest" name="TC_4946_Verify_ShopBySection_ContentFul" time="0.0">
    <ignored/>
  </testcase> <!-- TC_4946_Verify_ShopBySection_ContentFul -->
  <testcase classname="Helpers.LaunchDriver" name="@BeforeSuite beforeSuite" time="0.0">
    <ignored/>
  </testcase> <!-- @BeforeSuite beforeSuite -->
  <testcase classname="Helpers.LaunchDriver" name="@BeforeSuite beforeSuite" time="0.0">
    <ignored/>
  </testcase> <!-- @BeforeSuite beforeSuite -->
  <testcase classname="Helpers.LaunchDriver" name="@BeforeSuite beforeSuite" time="0.0">
    <ignored/>
  </testcase> <!-- @BeforeSuite beforeSuite -->
  <testcase classname="Helpers.LaunchDriver" name="@BeforeSuite beforeSuite" time="0.0">
    <ignored/>
  </testcase> <!-- @BeforeSuite beforeSuite -->
  <testcase classname="Helpers.LaunchDriver" name="@BeforeSuite beforeSuite" time="0.0">
    <ignored/>
  </testcase> <!-- @BeforeSuite beforeSuite -->
  <testcase classname="Helpers.LaunchDriver" name="@BeforeSuite beforeSuite" time="0.0">
    <ignored/>
  </testcase> <!-- @BeforeSuite beforeSuite -->
  <testcase classname="Helpers.LaunchDriver" name="@BeforeSuite beforeSuite" time="0.0">
    <ignored/>
  </testcase> <!-- @BeforeSuite beforeSuite -->
  <testcase classname="Helpers.LaunchDriver" name="@BeforeSuite beforeSuite" time="0.0">
    <ignored/>
  </testcase> <!-- @BeforeSuite beforeSuite -->
  <testcase classname="Helpers.LaunchDriver" name="@BeforeSuite beforeSuite" time="0.0">
    <ignored/>
  </testcase> <!-- @BeforeSuite beforeSuite -->
  <testcase classname="Helpers.LaunchDriver" name="@BeforeSuite beforeSuite" time="0.0">
    <ignored/>
  </testcase> <!-- @BeforeSuite beforeSuite -->
  <testcase classname="Helpers.LaunchDriver" name="@BeforeSuite beforeSuite" time="0.0">
    <ignored/>
  </testcase> <!-- @BeforeSuite beforeSuite -->
  <testcase classname="Inkbox.Tests.HomePageTest" name="Verify_Changepassword" time="0.0">
    <ignored/>
  </testcase> <!-- Verify_Changepassword -->
  <testcase classname="Helpers.LaunchDriver" name="@AfterSuite afterSuite" time="0.0">
    <ignored/>
  </testcase> <!-- @AfterSuite afterSuite -->
  <testcase classname="Helpers.LaunchDriver" name="@AfterSuite afterSuite" time="0.0">
    <ignored/>
  </testcase> <!-- @AfterSuite afterSuite -->
  <testcase classname="Helpers.LaunchDriver" name="@AfterSuite afterSuite" time="0.0">
    <ignored/>
  </testcase> <!-- @AfterSuite afterSuite -->
  <testcase classname="Helpers.LaunchDriver" name="@AfterSuite afterSuite" time="0.0">
    <ignored/>
  </testcase> <!-- @AfterSuite afterSuite -->
  <testcase classname="Helpers.LaunchDriver" name="@AfterSuite afterSuite" time="0.0">
    <ignored/>
  </testcase> <!-- @AfterSuite afterSuite -->
  <testcase classname="Helpers.LaunchDriver" name="@AfterSuite afterSuite" time="0.0">
    <ignored/>
  </testcase> <!-- @AfterSuite afterSuite -->
  <testcase classname="Helpers.LaunchDriver" name="@AfterSuite afterSuite" time="0.0">
    <ignored/>
  </testcase> <!-- @AfterSuite afterSuite -->
  <testcase classname="Helpers.LaunchDriver" name="@AfterSuite afterSuite" time="0.0">
    <ignored/>
  </testcase> <!-- @AfterSuite afterSuite -->
  <testcase classname="Helpers.LaunchDriver" name="@AfterSuite afterSuite" time="0.0">
    <ignored/>
  </testcase> <!-- @AfterSuite afterSuite -->
  <testcase classname="Helpers.LaunchDriver" name="@AfterSuite afterSuite" time="0.0">
    <ignored/>
  </testcase> <!-- @AfterSuite afterSuite -->
  <testcase classname="Helpers.LaunchDriver" name="@AfterSuite afterSuite" time="0.0">
    <ignored/>
  </testcase> <!-- @AfterSuite afterSuite -->
  <testcase classname="Inkbox.Tests.Nova_Test" name="TC_4968_Curated_Artist_Validation_Nova" time="0.0">
    <ignored/>
  </testcase> <!-- TC_4968_Curated_Artist_Validation_Nova -->
  <testcase classname="Inkbox.Tests.HomePageTest" name="TC_5058_ValidateFreeShipping_Without_ItemsInCart" time="0.0">
    <ignored/>
  </testcase> <!-- TC_5058_ValidateFreeShipping_Without_ItemsInCart -->
  <testcase classname="Inkbox.Tests.Nova_Test" name="TC_4969_Curated_Categories_Validation_Nova" time="0.0">
    <ignored/>
  </testcase> <!-- TC_4969_Curated_Categories_Validation_Nova -->
  <testcase classname="Inkbox.Tests.ProductSearchTest" name="TC_5018_Browser_Ticket_2053" time="0.0">
    <ignored/>
  </testcase> <!-- TC_5018_Browser_Ticket_2053 -->
  <testcase classname="Inkbox.Tests.AccountTest" name="TC_21939_Validate_SelectedSize_NegativeScenario" time="0.0">
    <ignored/>
  </testcase> <!-- TC_21939_Validate_SelectedSize_NegativeScenario -->
  <testcase classname="Inkbox.Tests.HomePageTest" name="Validate_PopularCategories" time="0.0">
    <ignored/>
  </testcase> <!-- Validate_PopularCategories -->
  <testcase classname="Helpers.LaunchDriver" name="@BeforeTest beforeTest" time="0.0">
    <ignored/>
  </testcase> <!-- @BeforeTest beforeTest -->
  <testcase classname="Helpers.LaunchDriver" name="@BeforeTest beforeTest" time="0.0">
    <ignored/>
  </testcase> <!-- @BeforeTest beforeTest -->
  <testcase classname="Helpers.LaunchDriver" name="@BeforeTest beforeTest" time="0.0">
    <ignored/>
  </testcase> <!-- @BeforeTest beforeTest -->
  <testcase classname="Helpers.LaunchDriver" name="@BeforeTest beforeTest" time="0.0">
    <ignored/>
  </testcase> <!-- @BeforeTest beforeTest -->
  <testcase classname="Helpers.LaunchDriver" name="@BeforeTest beforeTest" time="0.0">
    <ignored/>
  </testcase> <!-- @BeforeTest beforeTest -->
  <testcase classname="Helpers.LaunchDriver" name="@BeforeTest beforeTest" time="0.0">
    <ignored/>
  </testcase> <!-- @BeforeTest beforeTest -->
  <testcase classname="Helpers.LaunchDriver" name="@BeforeTest beforeTest" time="0.0">
    <ignored/>
  </testcase> <!-- @BeforeTest beforeTest -->
  <testcase classname="Helpers.LaunchDriver" name="@BeforeTest beforeTest" time="0.0">
    <ignored/>
  </testcase> <!-- @BeforeTest beforeTest -->
  <testcase classname="Helpers.LaunchDriver" name="@BeforeTest beforeTest" time="0.0">
    <ignored/>
  </testcase> <!-- @BeforeTest beforeTest -->
  <testcase classname="Helpers.LaunchDriver" name="@BeforeTest beforeTest" time="0.0">
    <ignored/>
  </testcase> <!-- @BeforeTest beforeTest -->
  <testcase classname="Helpers.LaunchDriver" name="@BeforeTest beforeTest" time="0.0">
    <ignored/>
  </testcase> <!-- @BeforeTest beforeTest -->
</testsuite> <!-- Test_USD -->
