<?xml version="1.0" encoding="UTF-8"?>
<!-- Generated by org.testng.reporters.JUnitXMLReporter -->
<testsuite ignored="41" hostname="DESKTOP-9NIDAD7" failures="16" tests="148" name="Test_GBP" time="7762.324" errors="0" timestamp="2022-06-26T22:10:22 EDT">
  <testcase classname="Inkbox.Tests.PickedForYouTest" name="TC_10200_PickedForYou_Validation" time="11.875"/>
  <testcase classname="Inkbox.Tests.HomePageTest" name="PDP_Validation_GuestUser_Accordion_Max_Mini_Pickedforyou_Arrow_scrollable_ShopinstaVisible" time="220.841"/>
  <testcase classname="Inkbox.Tests.HomePageTest" name="ReturnPolicy_Validation_Footer" time="255.231"/>
  <testcase classname="Inkbox.Tests.PickedForYouTest" name="TC_10208_Adding_ProductToCartFromPickForYou" time="288.863"/>
  <testcase classname="Inkbox.Tests.GeoLocationTest" name="TC_13221_PriceValidation_GiftCart_Geolocation" time="274.522">
    <skipped/>
  </testcase> <!-- TC_13221_PriceValidation_GiftCart_Geolocation -->
  <testcase classname="Inkbox.Tests.HomePageTest" name="PDP_Validation_WithLogin_Accordion_Max_Mini_Pickedforyou_Arrow_scrollable_ShopinstaVisible" time="352.396"/>
  <testcase classname="Inkbox.Tests.TraceTest" name="TC_17774_ClickOn_TraceApp" time="8.169"/>
  <testcase classname="Inkbox.Tests.TraceTest" name="TC_17784_Validate_ViewBox" time="14.395"/>
  <testcase classname="Inkbox.Tests.HomePageTest" name="TC_21898_Validate_HomePage_MenuItems" time="154.536"/>
  <testcase classname="Inkbox.Tests.GeoLocationTest" name="TC_13223_PriceValidation_AllTattoos_Geolocation" time="307.996"/>
  <testcase classname="Inkbox.Tests.GeoLocationTest" name="TC_13222_PriceValidation_CustomProduct_Geolocation" time="384.274"/>
  <testcase classname="Inkbox.Tests.GeoLocationTest" name="TC_13221_PriceValidation_GiftCart_Geolocation" time="275.29">
    <failure type="java.lang.AssertionError" message="The following asserts failed:
	null,
	null,
	null,
	null">
      <![CDATA[java.lang.AssertionError: The following asserts failed:
null,
null,
null,
null
at Inkbox.Pages.GeoLocationPage.PriceValidation_GiftCart_Checkout(GeoLocationPage.java:292)
at Inkbox.Tests.GeoLocationTest.TC_13221_PriceValidation_GiftCart_Geolocation(GeoLocationTest.java:139)
at java.base/java.util.concurrent.ThreadPoolExecutor.runWorker(ThreadPoolExecutor.java:1130)
at java.base/java.util.concurrent.ThreadPoolExecutor$Worker.run(ThreadPoolExecutor.java:630)
at java.base/java.lang.Thread.run(Thread.java:831)
... Removed 14 stack frames]]>
    </failure>
  </testcase> <!-- TC_13221_PriceValidation_GiftCart_Geolocation -->
  <testcase classname="Inkbox.Tests.HomePageTest" name="PDP_RecentlyView_Validation_LoginUser" time="864.093"/>
  <testcase classname="Inkbox.Tests.GeoLocationTest" name="TC_21897_PriceValidation_TattooMarker_Geolocation" time="477.75">
    <skipped/>
  </testcase> <!-- TC_21897_PriceValidation_TattooMarker_Geolocation -->
  <testcase classname="Inkbox.Tests.HomePageTest" name="TC_21900_Validate_Footer" time="296.451"/>
  <testcase classname="Inkbox.Tests.HomePageTest" name="TC_21901_Validating_HomePage" time="253.698"/>
  <testcase classname="Inkbox.Tests.HomePageTest" name="TC_21902_ProductsDisplayed_are_Clickable_And_Move_To_PDP" time="317.97"/>
  <testcase classname="Inkbox.Tests.HomePageTest" name="TC_21913_Verify_InkoxLogo_Navigation" time="134.822"/>
  <testcase classname="Inkbox.Tests.HomePageTest" name="TC_21903_Validate_ReviewTag" time="252.208"/>
  <testcase classname="Inkbox.Tests.HomePageTest" name="TC_21899_PDP_RecentlyView_Validation_GuestUser" time="683.121"/>
  <testcase classname="Inkbox.Tests.HomePageTest" name="TC_21915_Validate_Maxmize_minimize_FAQ" time="279.476"/>
  <testcase classname="Inkbox.Tests.GeoLocationTest" name="TC_21897_PriceValidation_TattooMarker_Geolocation" time="476.869">
    <failure type="java.lang.AssertionError" message="The following asserts failed:
	null,
	null">
      <![CDATA[java.lang.AssertionError: The following asserts failed:
null,
null
at Inkbox.Pages.GeoLocationPage.PriceValidation_TattooMarker_Checkout(GeoLocationPage.java:225)
at Inkbox.Tests.GeoLocationTest.TC_21897_PriceValidation_TattooMarker_Geolocation(GeoLocationTest.java:149)
at java.base/java.util.concurrent.ThreadPoolExecutor.runWorker(ThreadPoolExecutor.java:1130)
at java.base/java.util.concurrent.ThreadPoolExecutor$Worker.run(ThreadPoolExecutor.java:630)
at java.base/java.lang.Thread.run(Thread.java:831)
... Removed 14 stack frames]]>
    </failure>
  </testcase> <!-- TC_21897_PriceValidation_TattooMarker_Geolocation -->
  <testcase classname="Inkbox.Tests.HomePageTest" name="TC_21914_Validate_FAQ_Navigation" time="449.149"/>
  <testcase classname="Inkbox.Tests.AccountTest" name="TC_21924_Validate_MyDesign_ArtistPortal" time="304.871"/>
  <testcase classname="Inkbox.Tests.AccountTest" name="TC_21925_Validate_Resources_ArtistPortal" time="329.052"/>
  <testcase classname="Inkbox.Tests.AccountTest" name="TC_21926_Validate_SubmitDesigns" time="253.349"/>
  <testcase classname="Inkbox.Tests.HomePageTest" name="TC_21940_Validate_EmailBox_InFooter" time="256.052"/>
  <testcase classname="Inkbox.Tests.HomePageTest" name="TC_21941_Validate_About_INKBOX_InFooter" time="302.982"/>
  <testcase classname="Inkbox.Tests.HomePageTest" name="TC_21942_Validate_Customer_Care_InFooter" time="301.649"/>
  <testcase classname="Inkbox.Tests.HomePageTest" name="TC_21943_Validate_OthersInFooter" time="318.469"/>
  <testcase classname="Inkbox.Tests.HomePageTest" name="TC_21944_SocialMedia_Validation" time="321.179"/>
  <testcase classname="Inkbox.Tests.HomePageTest" name="TC_21945_Validate_BottomFooter" time="244.847"/>
  <testcase classname="Inkbox.Tests.HomePageTest" name="TC_21948_Terms_of_Service_and_Privacy_Policy" time="261.825"/>
  <testcase classname="Inkbox.Tests.SubscriptionTest" name="TC_31436_Validate_Subscription_GuestUser" time="108.119"/>
  <testcase classname="Inkbox.Tests.SubscriptionTest" name="TC_31437_SubscribeNow_Validation" time="55.797"/>
  <testcase classname="Inkbox.Tests.AccountTest" name="TC_31393_Validate_OrderHistory_BuyItAgain" time="251.519"/>
  <testcase classname="Inkbox.Tests.SubscriptionTest" name="TC_31432_Subscription_SeasonalPlan_validation" time="223.265">
    <skipped/>
  </testcase> <!-- TC_31432_Subscription_SeasonalPlan_validation -->
  <testcase classname="Inkbox.Tests.HomePageTest" name="TC_4887_Tracking_Validation_Footer" time="249.729"/>
  <testcase classname="Inkbox.Tests.AccountTest" name="TC_4890_Items_Clickable_in_OrderHistory_Page" time="253.826"/>
  <testcase classname="Inkbox.Tests.AccountTest" name="TC_4907" time="253.141"/>
  <testcase classname="Inkbox.Tests.AccountTest" name="TC_4908_Verify_RedeemRewards" time="249.572"/>
  <testcase classname="Inkbox.Tests.SubscriptionTest" name="TC_31432_Subscription_SeasonalPlan_validation" time="223.064">
    <failure type="java.lang.AssertionError" message="The following asserts failed:
	null,
	null">
      <![CDATA[java.lang.AssertionError: The following asserts failed:
null,
null
at Inkbox.Pages.SubscriptionPage.Validate_SeasonalTestplan(SubscriptionPage.java:180)
at Inkbox.Tests.SubscriptionTest.TC_31432_Subscription_SeasonalPlan_validation(SubscriptionTest.java:52)
at java.base/java.util.concurrent.ThreadPoolExecutor.runWorker(ThreadPoolExecutor.java:1130)
at java.base/java.util.concurrent.ThreadPoolExecutor$Worker.run(ThreadPoolExecutor.java:630)
at java.base/java.lang.Thread.run(Thread.java:831)
... Removed 14 stack frames]]>
    </failure>
  </testcase> <!-- TC_31432_Subscription_SeasonalPlan_validation -->
  <testcase classname="Inkbox.Tests.AccountTest" name="TC_4909_Validate_OrderHistory" time="251.919"/>
  <testcase classname="Inkbox.Tests.ContentFulTest" name="TC_4939_NovaMegaMainBars_GenericSale_Contentful" time="154.361"/>
  <testcase classname="Inkbox.Tests.ContentFulTest" name="TC_4912_Verify_PopularCategeories_ContentFul" time="207.885"/>
  <testcase classname="Inkbox.Tests.ContentFulTest" name="TC_4941_Trace_PromoBanner_Validation_Contentful" time="160.061"/>
  <testcase classname="Inkbox.Tests.ContentFulTest" name="TC_4942_Tracing_tips_from_the_pros_Validation_Contentful" time="158.594"/>
  <testcase classname="Inkbox.Tests.ContentFulTest" name="TC_4944_InkboxTraceTitle_validation_Contentful" time="154.697"/>
  <testcase classname="Inkbox.Tests.ContentFulTest" name="TC_4943_Trace_App_Value_Props_Validation_Contentful" time="186.588"/>
  <testcase classname="Inkbox.Tests.ContentFulTest" name="TC_4949_Verify_BlogArticles_ContentFul" time="151.575"/>
  <testcase classname="Inkbox.Tests.ContentFulTest" name="TC_4950_Verify_ShopInsta_ContentFul" time="154.604"/>
  <testcase classname="Inkbox.Tests.ContentFulTest" name="TC_4951_Verify_General_FAQ_ContentFul" time="152.351"/>
  <testcase classname="Inkbox.Tests.ContentFulTest" name="TC_4948_Verify_PressBlock_ContentFul" time="241.552"/>
  <testcase classname="Inkbox.Tests.ContentFulTest" name="TC_4953_Verify_TattooMarker_FAQ_ContentFul" time="211.89"/>
  <testcase classname="Inkbox.Tests.ContentFulTest" name="TC_4954_Verify_InkFam_FAQ_ContentFul" time="301.212"/>
  <testcase classname="Inkbox.Tests.ContentFulTest" name="TC_4957_Validate_Custom_FAQ_ContentFul" time="215.984"/>
  <testcase classname="Inkbox.Tests.LoginTest" name="TC_4959_LoginWithDirectUser" time="245.417"/>
  <testcase classname="Inkbox.Tests.ContentFulTest" name="TC_4958_TattooMarker_FAQ_Validation_Contentful" time="312.985"/>
  <testcase classname="Inkbox.Tests.Nova_Test" name="TC_4963_Validate_FrequentlyPurchased_Custom_Upsell" time="250.753"/>
  <testcase classname="Inkbox.Tests.Nova_Test" name="TC_4965_Validate_FrequentlyPurchased_Freehand_Upsell" time="199.269"/>
  <testcase classname="Inkbox.Tests.Nova_Test" name="TC_4964_Validate_FrequentlyPurchased_Catalog_Upsell" time="248.802"/>
  <testcase classname="Inkbox.Tests.Nova_Test" name="TC_4966_Validate_Frequently_Purchased_Bundles" time="196.437">
    <skipped/>
  </testcase> <!-- TC_4966_Validate_Frequently_Purchased_Bundles -->
  <testcase classname="Inkbox.Tests.Nova_Test" name="TC_4972_Verify_HowItsWorks_Nova" time="170.077"/>
  <testcase classname="Inkbox.Tests.Nova_Test" name="TC_4962_Validate_FrequentlyPurchased_Mix_Upsell" time="573.053"/>
  <testcase classname="Inkbox.Tests.Nova_Test" name="TC_4970_Quiz_Nova_Validation" time="248.937">
    <skipped/>
  </testcase> <!-- TC_4970_Quiz_Nova_Validation -->
  <testcase classname="Inkbox.Tests.Nova_Test" name="TC_4973_Verify_TattooMarker" time="168.452"/>
  <testcase classname="Inkbox.Tests.Nova_Test" name="TC_4966_Validate_Frequently_Purchased_Bundles" time="195.577">
    <failure type="java.lang.AssertionError" message="The following asserts failed:
	null">
      <![CDATA[java.lang.AssertionError: The following asserts failed:
null
at Inkbox.Pages.Nova_Page.FrequentlyPurcahsed_Bundles(Nova_Page.java:1030)
at Inkbox.Tests.Nova_Test.TC_4966_Validate_Frequently_Purchased_Bundles(Nova_Test.java:101)
at java.base/java.util.concurrent.ThreadPoolExecutor.runWorker(ThreadPoolExecutor.java:1130)
at java.base/java.util.concurrent.ThreadPoolExecutor$Worker.run(ThreadPoolExecutor.java:630)
at java.base/java.lang.Thread.run(Thread.java:831)
... Removed 14 stack frames]]>
    </failure>
  </testcase> <!-- TC_4966_Validate_Frequently_Purchased_Bundles -->
  <testcase classname="Inkbox.Tests.Nova_Test" name="TC_4979_Verify_Toast" time="87.014">
    <skipped/>
  </testcase> <!-- TC_4979_Verify_Toast -->
  <testcase classname="Inkbox.Tests.Nova_Test" name="TC_4978_Verify_Searchablepage" time="169.067"/>
  <testcase classname="Inkbox.Tests.Nova_Test" name="TC_4976_Verify_Sale_Nova" time="301.789"/>
  <testcase classname="Inkbox.Tests.Nova_Test" name="TC_4979_Verify_Toast" time="85.268">
    <failure type="java.lang.AssertionError">
      <![CDATA[java.lang.AssertionError
at org.junit.Assert.fail(Assert.java:86)
at org.junit.Assert.fail(Assert.java:95)
at Helpers.ControlHelpers.getText(ControlHelpers.java:265)
at Inkbox.Pages.Nova_Page.Validate_Toast(Nova_Page.java:107)
at Inkbox.Tests.Nova_Test.TC_4979_Verify_Toast(Nova_Test.java:219)
at java.base/java.util.concurrent.ThreadPoolExecutor.runWorker(ThreadPoolExecutor.java:1130)
at java.base/java.util.concurrent.ThreadPoolExecutor$Worker.run(ThreadPoolExecutor.java:630)
at java.base/java.lang.Thread.run(Thread.java:831)
... Removed 12 stack frames]]>
    </failure>
  </testcase> <!-- TC_4979_Verify_Toast -->
  <testcase classname="Inkbox.Tests.Nova_Test" name="TC_4970_Quiz_Nova_Validation" time="250.67">
    <failure type="org.openqa.selenium.NoSuchElementException" message="no such element: Unable to locate element: {&amp;quot;method&amp;quot;:&amp;quot;xpath&amp;quot;,&amp;quot;selector&amp;quot;:&amp;quot;//iframe[@title=&amp;apos;typeform-embed&amp;apos;]&amp;quot;}
  (Session info: chrome=102.0.5005.115)
For documentation on this error, please visit: https://www.seleniumhq.org/exceptions/no_such_element.html
Build info: version: &amp;apos;3.141.59&amp;apos;, revision: &amp;apos;e82be7d358&amp;apos;, time: &amp;apos;2018-11-14T08:17:03&amp;apos;
System info: host: &amp;apos;DESKTOP-9NIDAD7&amp;apos;, ip: &amp;apos;10.0.0.164&amp;apos;, os.name: &amp;apos;Windows 10&amp;apos;, os.arch: &amp;apos;amd64&amp;apos;, os.version: &amp;apos;10.0&amp;apos;, java.version: &amp;apos;16.0.1&amp;apos;
Driver info: org.openqa.selenium.chrome.ChromeDriver
Capabilities {acceptInsecureCerts: false, browserName: chrome, browserVersion: 102.0.5005.115, chrome: {chromedriverVersion: 102.0.5005.61 (0e59bcc00cc4..., userDataDir: C:\Users\IBCK-W~1\AppData\L...}, goog:chromeOptions: {debuggerAddress: localhost:49788}, javascriptEnabled: true, networkConnectionEnabled: false, pageLoadStrategy: normal, platform: WINDOWS, platformName: WINDOWS, proxy: Proxy(), setWindowRect: true, strictFileInteractability: false, timeouts: {implicit: 0, pageLoad: 300000, script: 30000}, unhandledPromptBehavior: dismiss and notify, webauthn:extension:credBlob: true, webauthn:extension:largeBlob: true, webauthn:virtualAuthenticators: true}
Session ID: 240975a9726c80c2f537ee107b2ed357
*** Element info: {Using=xpath, value=//iframe[@title=&amp;apos;typeform-embed&amp;apos;]}">
      <![CDATA[org.openqa.selenium.NoSuchElementException: no such element: Unable to locate element: {"method":"xpath","selector":"//iframe[@title='typeform-embed']"}
  (Session info: chrome=102.0.5005.115)
For documentation on this error, please visit: https://www.seleniumhq.org/exceptions/no_such_element.html
Build info: version: '3.141.59', revision: 'e82be7d358', time: '2018-11-14T08:17:03'
System info: host: 'DESKTOP-9NIDAD7', ip: '10.0.0.164', os.name: 'Windows 10', os.arch: 'amd64', os.version: '10.0', java.version: '16.0.1'
Driver info: org.openqa.selenium.chrome.ChromeDriver
Capabilities {acceptInsecureCerts: false, browserName: chrome, browserVersion: 102.0.5005.115, chrome: {chromedriverVersion: 102.0.5005.61 (0e59bcc00cc4..., userDataDir: C:\Users\IBCK-W~1\AppData\L...}, goog:chromeOptions: {debuggerAddress: localhost:49788}, javascriptEnabled: true, networkConnectionEnabled: false, pageLoadStrategy: normal, platform: WINDOWS, platformName: WINDOWS, proxy: Proxy(), setWindowRect: true, strictFileInteractability: false, timeouts: {implicit: 0, pageLoad: 300000, script: 30000}, unhandledPromptBehavior: dismiss and notify, webauthn:extension:credBlob: true, webauthn:extension:largeBlob: true, webauthn:virtualAuthenticators: true}
Session ID: 240975a9726c80c2f537ee107b2ed357
*** Element info: {Using=xpath, value=//iframe[@title='typeform-embed']}
at org.openqa.selenium.remote.http.W3CHttpResponseCodec.createException(W3CHttpResponseCodec.java:187)
at org.openqa.selenium.remote.http.W3CHttpResponseCodec.decode(W3CHttpResponseCodec.java:122)
at org.openqa.selenium.remote.http.W3CHttpResponseCodec.decode(W3CHttpResponseCodec.java:49)
at org.openqa.selenium.remote.HttpCommandExecutor.execute(HttpCommandExecutor.java:158)
at org.openqa.selenium.remote.service.DriverCommandExecutor.execute(DriverCommandExecutor.java:83)
at org.openqa.selenium.remote.RemoteWebDriver.execute(RemoteWebDriver.java:552)
at org.openqa.selenium.remote.RemoteWebDriver.findElement(RemoteWebDriver.java:323)
at org.openqa.selenium.remote.RemoteWebDriver.findElementByXPath(RemoteWebDriver.java:428)
at org.openqa.selenium.By$ByXPath.findElement(By.java:353)
at org.openqa.selenium.remote.RemoteWebDriver.findElement(RemoteWebDriver.java:315)
at Inkbox.Pages.QuizPage.Validate_StartQuiz(QuizPage.java:248)
at Inkbox.Pages.QuizPage.Press_StartQuiz(QuizPage.java:259)
at Inkbox.Pages.QuizPage.Complete_Quiz(QuizPage.java:329)
at Inkbox.Pages.Nova_Page.Validate_Quiz_Nova(Nova_Page.java:1607)
at Inkbox.Tests.Nova_Test.TC_4970_Quiz_Nova_Validation(Nova_Test.java:143)
at java.base/java.util.concurrent.ThreadPoolExecutor.runWorker(ThreadPoolExecutor.java:1130)
at java.base/java.util.concurrent.ThreadPoolExecutor$Worker.run(ThreadPoolExecutor.java:630)
at java.base/java.lang.Thread.run(Thread.java:831)
... Removed 16 stack frames]]>
    </failure>
  </testcase> <!-- TC_4970_Quiz_Nova_Validation -->
  <testcase classname="Inkbox.Tests.ProductSearchTest" name="TC_5019_Verify_ItemAddedToFavourites_Guestuser" time="221.635"/>
  <testcase classname="Inkbox.Tests.ProductSearchTest" name="TC_5065_PopularSearches_validation_Guestuser" time="122.617"/>
  <testcase classname="Inkbox.Tests.ProductSearchTest" name="TC_5013_SearchBox_NoResultsFound_validation" time="268.653"/>
  <testcase classname="Inkbox.Tests.ProductSearchTest" name="TC_5064_Verify_Changepassword_LessThanEightChar" time="264.285"/>
  <testcase classname="Inkbox.Tests.ProductSearchTest" name="TC_5066_Validate_Pagination_By_page_Numbers" time="326.132"/>
  <testcase classname="Inkbox.Tests.ProductSearchTest" name="TC_5068_RecentSearches_validation" time="261.427">
    <skipped/>
  </testcase> <!-- TC_5068_RecentSearches_validation -->
  <testcase classname="Inkbox.Tests.ProductSearchTest" name="TC_5067_Validate_Pagination_Using_NavButton" time="353.047"/>
  <testcase classname="Inkbox.Tests.ProductSearchTest" name="TC_5070_FilterBy_Artists" time="388.663"/>
  <testcase classname="Inkbox.Tests.ProductSearchTest" name="TC_5071_FilterBy_Categories" time="388.021"/>
  <testcase classname="Inkbox.Tests.ProductSearchTest" name="TC_5072_FilterBy_All_Sizes" time="251.747">
    <skipped/>
  </testcase> <!-- TC_5072_FilterBy_All_Sizes -->
  <testcase classname="Inkbox.Tests.Nova_Test" name="TC_4981_Verify_Shop_From_Nova" time="892.468"/>
  <testcase classname="Inkbox.Tests.ProductSearchTest" name="TC_5068_RecentSearches_validation" time="260.163">
    <failure type="java.lang.AssertionError">
      <![CDATA[java.lang.AssertionError
at org.junit.Assert.fail(Assert.java:86)
at org.junit.Assert.fail(Assert.java:95)
at Inkbox.Pages.BasePage.Validate_RecentSearches(BasePage.java:1575)
at Inkbox.Tests.ProductSearchTest.TC_5068_RecentSearches_validation(ProductSearchTest.java:104)
at java.base/java.util.concurrent.ThreadPoolExecutor.runWorker(ThreadPoolExecutor.java:1130)
at java.base/java.util.concurrent.ThreadPoolExecutor$Worker.run(ThreadPoolExecutor.java:630)
at java.base/java.lang.Thread.run(Thread.java:831)
... Removed 12 stack frames]]>
    </failure>
  </testcase> <!-- TC_5068_RecentSearches_validation -->
  <testcase classname="Inkbox.Tests.ProductSearchTest" name="TC_5073_FilterBy_Random_Category" time="324.287"/>
  <testcase classname="Inkbox.Tests.ProductSearchTest" name="TC_5074_Autosuggestion_Validation" time="269.328">
    <skipped/>
  </testcase> <!-- TC_5074_Autosuggestion_Validation -->
  <testcase classname="Inkbox.Tests.ProductSearchTest" name="TC_5075_Autosuggestion_Validation_Negative" time="187.168">
    <skipped/>
  </testcase> <!-- TC_5075_Autosuggestion_Validation_Negative -->
  <testcase classname="Inkbox.Tests.ProductSearchTest" name="TC_5076_EmptySearchBox_Validation" time="260.869"/>
  <testcase classname="Inkbox.Tests.ProductSearchTest" name="TC_5072_FilterBy_All_Sizes" time="346.29"/>
  <testcase classname="Inkbox.Tests.ProductSearchTest" name="TC_5077_SearchResults_Validation" time="306.718"/>
  <testcase classname="Inkbox.Tests.ProductSearchTest" name="TC_5074_Autosuggestion_Validation" time="269.576">
    <failure type="java.lang.AssertionError" message="The following asserts failed:
	null,
	null,
	null,
	null">
      <![CDATA[java.lang.AssertionError: The following asserts failed:
null,
null,
null,
null
at Inkbox.Pages.BasePage.AutoSuggestValidation(BasePage.java:1624)
at Inkbox.Tests.ProductSearchTest.TC_5074_Autosuggestion_Validation(ProductSearchTest.java:165)
at java.base/java.util.concurrent.ThreadPoolExecutor.runWorker(ThreadPoolExecutor.java:1130)
at java.base/java.util.concurrent.ThreadPoolExecutor$Worker.run(ThreadPoolExecutor.java:630)
at java.base/java.lang.Thread.run(Thread.java:831)
... Removed 14 stack frames]]>
    </failure>
  </testcase> <!-- TC_5074_Autosuggestion_Validation -->
  <testcase classname="Inkbox.Tests.ProductSearchTest" name="TC_5078_SortByPriceLowToHigh" time="313.879"/>
  <testcase classname="Inkbox.Tests.ProductSearchTest" name="TC_5075_Autosuggestion_Validation_Negative" time="270.106"/>
  <testcase classname="Inkbox.Tests.ProductSearchTest" name="TC_5079_SortByPriceHighToLow" time="321.313">
    <skipped/>
  </testcase> <!-- TC_5079_SortByPriceHighToLow -->
  <testcase classname="Inkbox.Tests.QuizTest" name="TC_5085_Validate_QuizPageAvailability" time="80.894"/>
  <testcase classname="Inkbox.Tests.ProductSearchTest" name="TC_5080_Validate_SearchResults" time="363.811"/>
  <testcase classname="Inkbox.Tests.TraceTest" name="TC_5097_Verify_Trace" time="53.802">
    <failure type="java.lang.AssertionError">
      <![CDATA[java.lang.AssertionError
at org.junit.Assert.fail(Assert.java:86)
at org.junit.Assert.fail(Assert.java:95)
at Helpers.ControlHelpers.ButtonClick(ControlHelpers.java:208)
at Inkbox.Pages.TracePage.Validate_ExploreDesign(TracePage.java:192)
at Inkbox.Pages.TracePage.Validate_Trace(TracePage.java:358)
at Inkbox.Tests.TraceTest.TC_5097_Verify_Trace(TraceTest.java:51)
at java.base/java.util.concurrent.ThreadPoolExecutor.runWorker(ThreadPoolExecutor.java:1130)
at java.base/java.util.concurrent.ThreadPoolExecutor$Worker.run(ThreadPoolExecutor.java:630)
at java.base/java.lang.Thread.run(Thread.java:831)
... Removed 12 stack frames]]>
    </failure>
  </testcase> <!-- TC_5097_Verify_Trace -->
  <testcase classname="Inkbox.Tests.ProductSearchTest" name="TC_5081_FilterBySize" time="332.613"/>
  <testcase classname="Inkbox.Tests.ProductSearchTest" name="TC_5082_Validate_PresentUrl_with_PreviousUrl" time="319.495"/>
  <testcase classname="Inkbox.Tests.ProductSearchTest" name="TC_5083_ValidatePricingBlock" time="310.642"/>
  <testcase classname="Inkbox.Tests.ProductSearchTest" name="TC_5079_SortByPriceHighToLow" time="320.565">
    <failure type="java.lang.AssertionError" message="The following asserts failed:
	null">
      <![CDATA[java.lang.AssertionError: The following asserts failed:
null
at Inkbox.Pages.ProductsPage.ValidatePriceHighToLow(ProductsPage.java:1573)
at Inkbox.Tests.ProductSearchTest.TC_5079_SortByPriceHighToLow(ProductSearchTest.java:217)
at java.base/java.util.concurrent.ThreadPoolExecutor.runWorker(ThreadPoolExecutor.java:1130)
at java.base/java.util.concurrent.ThreadPoolExecutor$Worker.run(ThreadPoolExecutor.java:630)
at java.base/java.lang.Thread.run(Thread.java:831)
... Removed 14 stack frames]]>
    </failure>
  </testcase> <!-- TC_5079_SortByPriceHighToLow -->
  <testcase classname="Inkbox.Tests.GeoLocationTest" name="TC_5125_DollarSign_priceTag_Validation_Cart_Geolocation" time="308.611"/>
  <testcase classname="Inkbox.Tests.GeoLocationTest" name="TC_5126_Custom_DollarSign_priceTag_Validation_Cart_Geolocation" time="314.757">
    <skipped/>
  </testcase> <!-- TC_5126_Custom_DollarSign_priceTag_Validation_Cart_Geolocation -->
  <testcase classname="Inkbox.Tests.GeoLocationTest" name="TC_5122_Geoloction_Validation_for_Dollar_Sign_And_Text_In_AllTattoos" time="364.599"/>
  <testcase classname="Inkbox.Tests.GeoLocationTest" name="TC_5127_SubTotal_Total_priceTag_Validation_Geolocation" time="303.693"/>
  <testcase classname="Inkbox.Tests.GeoLocationTest" name="TC_5128_CheckoutPage_priceTag_Validation_Geolocation" time="308.217"/>
  <testcase classname="Inkbox.Tests.TattooMarkerTest" name="TC_57759_Adding_ArtistKit_ItemToCart" time="10.921">
    <skipped/>
  </testcase> <!-- TC_57759_Adding_ArtistKit_ItemToCart -->
  <testcase classname="Inkbox.Tests.HomePageTest" name="TC_5207_Verify_EmailField_Footer" time="257.094"/>
  <testcase classname="Inkbox.Tests.TattooMarkerTest" name="TC_57760_Adding_MarkerDuo_ItemToCart" time="10.799">
    <skipped/>
  </testcase> <!-- TC_57760_Adding_MarkerDuo_ItemToCart -->
  <testcase classname="Inkbox.Tests.TattooMarkerTest" name="TC_57759_Adding_ArtistKit_ItemToCart" time="10.298">
    <failure type="java.lang.AssertionError">
      <![CDATA[java.lang.AssertionError
at org.junit.Assert.fail(Assert.java:86)
at org.junit.Assert.fail(Assert.java:95)
at Inkbox.Pages.TattooMarkerPage.ValidateMarker_ArtistKit(TattooMarkerPage.java:250)
at Inkbox.Tests.TattooMarkerTest.TC_57759_Adding_ArtistKit_ItemToCart(TattooMarkerTest.java:64)
at java.base/java.util.concurrent.ThreadPoolExecutor.runWorker(ThreadPoolExecutor.java:1130)
at java.base/java.util.concurrent.ThreadPoolExecutor$Worker.run(ThreadPoolExecutor.java:630)
at java.base/java.lang.Thread.run(Thread.java:831)
... Removed 12 stack frames]]>
    </failure>
  </testcase> <!-- TC_57759_Adding_ArtistKit_ItemToCart -->
  <testcase classname="Inkbox.Tests.TattooMarkerTest" name="TC_57760_Adding_MarkerDuo_ItemToCart" time="10.612">
    <failure type="java.lang.AssertionError">
      <![CDATA[java.lang.AssertionError
at org.junit.Assert.fail(Assert.java:86)
at org.junit.Assert.fail(Assert.java:95)
at Inkbox.Pages.TattooMarkerPage.ValidateMarker_Duo(TattooMarkerPage.java:170)
at Inkbox.Tests.TattooMarkerTest.TC_57760_Adding_MarkerDuo_ItemToCart(TattooMarkerTest.java:57)
at java.base/java.util.concurrent.ThreadPoolExecutor.runWorker(ThreadPoolExecutor.java:1130)
at java.base/java.util.concurrent.ThreadPoolExecutor$Worker.run(ThreadPoolExecutor.java:630)
at java.base/java.lang.Thread.run(Thread.java:831)
... Removed 12 stack frames]]>
    </failure>
  </testcase> <!-- TC_57760_Adding_MarkerDuo_ItemToCart -->
  <testcase classname="Inkbox.Tests.TattooMarkerTest" name="TC_57761_Adding_FreehandTattooMarker_ItemToCart" time="23.214"/>
  <testcase classname="Inkbox.Tests.SubscriptionTest" name="TC_57752_Adding_Freq_PurchasedItemToCart_Along_with_AnnualPlan" time="236.889">
    <skipped/>
  </testcase> <!-- TC_57752_Adding_Freq_PurchasedItemToCart_Along_with_AnnualPlan -->
  <testcase classname="Inkbox.Tests.SubscriptionTest" name="TC_57753_Adding_Freq_PurchasedItemToCart_Along_with_SeasonalPlan" time="226.477"/>
  <testcase classname="Inkbox.Tests.GeoLocationTest" name="TC_5126_Custom_DollarSign_priceTag_Validation_Cart_Geolocation" time="315.12">
    <failure type="java.lang.AssertionError" message="The following asserts failed:
	null,
	null">
      <![CDATA[java.lang.AssertionError: The following asserts failed:
null,
null
at Inkbox.Pages.GeoLocationPage.ValidatePriceTag_Custom(GeoLocationPage.java:583)
at Inkbox.Tests.GeoLocationTest.TC_5126_Custom_DollarSign_priceTag_Validation_Cart_Geolocation(GeoLocationTest.java:90)
at java.base/java.util.concurrent.ThreadPoolExecutor.runWorker(ThreadPoolExecutor.java:1130)
at java.base/java.util.concurrent.ThreadPoolExecutor$Worker.run(ThreadPoolExecutor.java:630)
at java.base/java.lang.Thread.run(Thread.java:831)
... Removed 14 stack frames]]>
    </failure>
  </testcase> <!-- TC_5126_Custom_DollarSign_priceTag_Validation_Cart_Geolocation -->
  <testcase classname="Inkbox.Tests.SubscriptionTest" name="TC_57752_Adding_Freq_PurchasedItemToCart_Along_with_AnnualPlan" time="225.059"/>
  <testcase classname="Inkbox.Tests.HomePageTest" name="TC_57763_ShopSimilar_validation" time="306.489"/>
  <testcase classname="Inkbox.Tests.HomePageTest" name="TC_57764_ShopSimilar_on_PDP_validation" time="308.225"/>
  <testcase classname="Inkbox.Tests.Nova_Test" name="TC_7482_TieredDiscounts" time="189.021">
    <skipped/>
  </testcase> <!-- TC_7482_TieredDiscounts -->
  <testcase classname="Inkbox.Tests.HomePageTest" name="TC_57762_Adding_Item_ShopSimilar_validation" time="367.074"/>
  <testcase classname="Inkbox.Tests.HomePageTest" name="TC_57765_Adding_Item_ShopSimilar_PDP_validation" time="367.675"/>
  <testcase classname="Inkbox.Tests.Nova_Test" name="TC_7482_TieredDiscounts" time="189.348">
    <failure type="java.lang.AssertionError">
      <![CDATA[java.lang.AssertionError
at org.junit.Assert.fail(Assert.java:86)
at org.junit.Assert.fail(Assert.java:95)
at Helpers.ControlHelpers.getText(ControlHelpers.java:265)
at Inkbox.Pages.Nova_Page.Validating_TieredDiscounts(Nova_Page.java:860)
at Inkbox.Tests.Nova_Test.TC_7482_TieredDiscounts(Nova_Test.java:46)
at java.base/java.util.concurrent.ThreadPoolExecutor.runWorker(ThreadPoolExecutor.java:1130)
at java.base/java.util.concurrent.ThreadPoolExecutor$Worker.run(ThreadPoolExecutor.java:630)
at java.base/java.lang.Thread.run(Thread.java:831)
... Removed 12 stack frames]]>
    </failure>
  </testcase> <!-- TC_7482_TieredDiscounts -->
  <testcase classname="Inkbox.Tests.HomePageTest" name="TC_81323_Verify_Changepassword" time="283.449"/>
  <testcase classname="Inkbox.Tests.AccountTest" name="ValidateCustomProduct_Navigation_InOrderHistory" time="255.08"/>
  <testcase classname="Inkbox.Tests.HomePageTest" name="Trace_FAQ_Max_and_Min_Validation" time="288.232"/>
  <testcase classname="Inkbox.Tests.TraceTest" name="Verify_Trace_Watch_Tutorial" time="32.876"/>
  <testcase classname="Inkbox.Tests.HomePageTest" name="Validate_Footer_Text" time="339.733"/>
  <testcase classname="Inkbox.Tests.ContentFulTest" name="Validate_FreeShipping_Page_Contentful" time="261.738"/>
  <testcase classname="Inkbox.Tests.LoginTest" name="TC_4879_SignUp" time="141.212"/>
  <testcase classname="Inkbox.Tests.HomePageTest" name="Validating_Facebook_Login" time="275.936"/>
  <testcase classname="Inkbox.Tests.AccountTest" name="TC_31392_Validate_OrderHistory_In_MyAccount" time="248.557"/>
  <testcase classname="Inkbox.Tests.QuizTest" name="TC_5086_Press_StartQuiz" time="228.234">
    <skipped/>
  </testcase> <!-- TC_5086_Press_StartQuiz -->
  <testcase classname="Inkbox.Tests.TattooMarkerTest" name="Validate_TattooMarker" time="452.564"/>
  <testcase classname="Inkbox.Tests.QuizTest" name="TC_5087_Validate_StartQUiz" time="218.214"/>
  <testcase classname="Inkbox.Tests.AccountTest" name="TC_21933_Validating_BackButton_Behavoir_ArtistPortal" time="278.561"/>
  <testcase classname="Inkbox.Tests.HomePageTest" name="UserImageChangingOrNot" time="413.105"/>
  <testcase classname="Inkbox.Tests.ContentFulTest" name="TC_4938_Trace_FAQ_Validation_Contentful" time="242.157"/>
  <testcase classname="Inkbox.Tests.QuizTest" name="TC_5086_Press_StartQuiz" time="227.668"/>
  <testcase classname="Inkbox.Tests.QuizTest" name="TC_5088_Complete_Quiz" time="232.963"/>
  <testcase classname="Inkbox.Tests.QuizTest" name="TC_5089_Validate_RetakeQuiz_AfterCompletionOfQuiz" time="226.702">
    <skipped/>
  </testcase> <!-- TC_5089_Validate_RetakeQuiz_AfterCompletionOfQuiz -->
  <testcase classname="Inkbox.Tests.QuizTest" name="TC_5092_Validate_QuizSelection" time="226.943">
    <skipped/>
  </testcase> <!-- TC_5092_Validate_QuizSelection -->
  <testcase classname="Inkbox.Tests.QuizTest" name="TC_5093_Validate_QuizSelection_trayLocation" time="244.305"/>
  <testcase classname="Inkbox.Tests.QuizTest" name="TC_5094_validate_displayTray_WhenOneSelectionIn_Quiz" time="240.452"/>
  <testcase classname="Inkbox.Tests.QuizTest" name="TC_5095_Validate_WithoutCompletingQuiz" time="226.672">
    <skipped/>
  </testcase> <!-- TC_5095_Validate_WithoutCompletingQuiz -->
  <testcase classname="Inkbox.Tests.QuizTest" name="TC_5091_Validate_Quiz_AfterCompletionOfQuiz_WithClearCookies" time="394.351"/>
  <testcase classname="Inkbox.Tests.QuizTest" name="TC_5092_Validate_QuizSelection" time="226.623">
    <failure type="org.openqa.selenium.NoSuchElementException" message="no such element: Unable to locate element: {&amp;quot;method&amp;quot;:&amp;quot;xpath&amp;quot;,&amp;quot;selector&amp;quot;:&amp;quot;//iframe[@title=&amp;apos;typeform-embed&amp;apos;]&amp;quot;}
  (Session info: chrome=102.0.5005.115)
For documentation on this error, please visit: https://www.seleniumhq.org/exceptions/no_such_element.html
Build info: version: &amp;apos;3.141.59&amp;apos;, revision: &amp;apos;e82be7d358&amp;apos;, time: &amp;apos;2018-11-14T08:17:03&amp;apos;
System info: host: &amp;apos;DESKTOP-9NIDAD7&amp;apos;, ip: &amp;apos;10.0.0.164&amp;apos;, os.name: &amp;apos;Windows 10&amp;apos;, os.arch: &amp;apos;amd64&amp;apos;, os.version: &amp;apos;10.0&amp;apos;, java.version: &amp;apos;16.0.1&amp;apos;
Driver info: org.openqa.selenium.chrome.ChromeDriver
Capabilities {acceptInsecureCerts: false, browserName: chrome, browserVersion: 102.0.5005.115, chrome: {chromedriverVersion: 102.0.5005.61 (0e59bcc00cc4..., userDataDir: C:\Users\IBCK-W~1\AppData\L...}, goog:chromeOptions: {debuggerAddress: localhost:65080}, javascriptEnabled: true, networkConnectionEnabled: false, pageLoadStrategy: normal, platform: WINDOWS, platformName: WINDOWS, proxy: Proxy(), setWindowRect: true, strictFileInteractability: false, timeouts: {implicit: 0, pageLoad: 300000, script: 30000}, unhandledPromptBehavior: dismiss and notify, webauthn:extension:credBlob: true, webauthn:extension:largeBlob: true, webauthn:virtualAuthenticators: true}
Session ID: cb8126457f3577805e5965204b7b9db1
*** Element info: {Using=xpath, value=//iframe[@title=&amp;apos;typeform-embed&amp;apos;]}">
      <![CDATA[org.openqa.selenium.NoSuchElementException: no such element: Unable to locate element: {"method":"xpath","selector":"//iframe[@title='typeform-embed']"}
  (Session info: chrome=102.0.5005.115)
For documentation on this error, please visit: https://www.seleniumhq.org/exceptions/no_such_element.html
Build info: version: '3.141.59', revision: 'e82be7d358', time: '2018-11-14T08:17:03'
System info: host: 'DESKTOP-9NIDAD7', ip: '10.0.0.164', os.name: 'Windows 10', os.arch: 'amd64', os.version: '10.0', java.version: '16.0.1'
Driver info: org.openqa.selenium.chrome.ChromeDriver
Capabilities {acceptInsecureCerts: false, browserName: chrome, browserVersion: 102.0.5005.115, chrome: {chromedriverVersion: 102.0.5005.61 (0e59bcc00cc4..., userDataDir: C:\Users\IBCK-W~1\AppData\L...}, goog:chromeOptions: {debuggerAddress: localhost:65080}, javascriptEnabled: true, networkConnectionEnabled: false, pageLoadStrategy: normal, platform: WINDOWS, platformName: WINDOWS, proxy: Proxy(), setWindowRect: true, strictFileInteractability: false, timeouts: {implicit: 0, pageLoad: 300000, script: 30000}, unhandledPromptBehavior: dismiss and notify, webauthn:extension:credBlob: true, webauthn:extension:largeBlob: true, webauthn:virtualAuthenticators: true}
Session ID: cb8126457f3577805e5965204b7b9db1
*** Element info: {Using=xpath, value=//iframe[@title='typeform-embed']}
at org.openqa.selenium.remote.http.W3CHttpResponseCodec.createException(W3CHttpResponseCodec.java:187)
at org.openqa.selenium.remote.http.W3CHttpResponseCodec.decode(W3CHttpResponseCodec.java:122)
at org.openqa.selenium.remote.http.W3CHttpResponseCodec.decode(W3CHttpResponseCodec.java:49)
at org.openqa.selenium.remote.HttpCommandExecutor.execute(HttpCommandExecutor.java:158)
at org.openqa.selenium.remote.service.DriverCommandExecutor.execute(DriverCommandExecutor.java:83)
at org.openqa.selenium.remote.RemoteWebDriver.execute(RemoteWebDriver.java:552)
at org.openqa.selenium.remote.RemoteWebDriver.findElement(RemoteWebDriver.java:323)
at org.openqa.selenium.remote.RemoteWebDriver.findElementByXPath(RemoteWebDriver.java:428)
at org.openqa.selenium.By$ByXPath.findElement(By.java:353)
at org.openqa.selenium.remote.RemoteWebDriver.findElement(RemoteWebDriver.java:315)
at Inkbox.Pages.QuizPage.Validate_StartQuiz(QuizPage.java:248)
at Inkbox.Pages.QuizPage.Press_StartQuiz(QuizPage.java:259)
at Inkbox.Pages.QuizPage.Complete_Quiz(QuizPage.java:329)
at Inkbox.Tests.QuizTest.TC_5092_Validate_QuizSelection(QuizTest.java:167)
at java.base/java.util.concurrent.ThreadPoolExecutor.runWorker(ThreadPoolExecutor.java:1130)
at java.base/java.util.concurrent.ThreadPoolExecutor$Worker.run(ThreadPoolExecutor.java:630)
at java.base/java.lang.Thread.run(Thread.java:831)
... Removed 16 stack frames]]>
    </failure>
  </testcase> <!-- TC_5092_Validate_QuizSelection -->
  <testcase classname="Inkbox.Tests.QuizTest" name="TC_5089_Validate_RetakeQuiz_AfterCompletionOfQuiz" time="260.931"/>
  <testcase classname="Inkbox.Tests.QuizTest" name="TC_5095_Validate_WithoutCompletingQuiz" time="226.916">
    <failure type="org.openqa.selenium.NoSuchElementException" message="no such element: Unable to locate element: {&amp;quot;method&amp;quot;:&amp;quot;xpath&amp;quot;,&amp;quot;selector&amp;quot;:&amp;quot;//iframe[@title=&amp;apos;typeform-embed&amp;apos;]&amp;quot;}
  (Session info: chrome=102.0.5005.115)
For documentation on this error, please visit: https://www.seleniumhq.org/exceptions/no_such_element.html
Build info: version: &amp;apos;3.141.59&amp;apos;, revision: &amp;apos;e82be7d358&amp;apos;, time: &amp;apos;2018-11-14T08:17:03&amp;apos;
System info: host: &amp;apos;DESKTOP-9NIDAD7&amp;apos;, ip: &amp;apos;10.0.0.164&amp;apos;, os.name: &amp;apos;Windows 10&amp;apos;, os.arch: &amp;apos;amd64&amp;apos;, os.version: &amp;apos;10.0&amp;apos;, java.version: &amp;apos;16.0.1&amp;apos;
Driver info: org.openqa.selenium.chrome.ChromeDriver
Capabilities {acceptInsecureCerts: false, browserName: chrome, browserVersion: 102.0.5005.115, chrome: {chromedriverVersion: 102.0.5005.61 (0e59bcc00cc4..., userDataDir: C:\Users\IBCK-W~1\AppData\L...}, goog:chromeOptions: {debuggerAddress: localhost:58928}, javascriptEnabled: true, networkConnectionEnabled: false, pageLoadStrategy: normal, platform: WINDOWS, platformName: WINDOWS, proxy: Proxy(), setWindowRect: true, strictFileInteractability: false, timeouts: {implicit: 0, pageLoad: 300000, script: 30000}, unhandledPromptBehavior: dismiss and notify, webauthn:extension:credBlob: true, webauthn:extension:largeBlob: true, webauthn:virtualAuthenticators: true}
Session ID: 7e941ccb68c4b75e6f187353d5b90a24
*** Element info: {Using=xpath, value=//iframe[@title=&amp;apos;typeform-embed&amp;apos;]}">
      <![CDATA[org.openqa.selenium.NoSuchElementException: no such element: Unable to locate element: {"method":"xpath","selector":"//iframe[@title='typeform-embed']"}
  (Session info: chrome=102.0.5005.115)
For documentation on this error, please visit: https://www.seleniumhq.org/exceptions/no_such_element.html
Build info: version: '3.141.59', revision: 'e82be7d358', time: '2018-11-14T08:17:03'
System info: host: 'DESKTOP-9NIDAD7', ip: '10.0.0.164', os.name: 'Windows 10', os.arch: 'amd64', os.version: '10.0', java.version: '16.0.1'
Driver info: org.openqa.selenium.chrome.ChromeDriver
Capabilities {acceptInsecureCerts: false, browserName: chrome, browserVersion: 102.0.5005.115, chrome: {chromedriverVersion: 102.0.5005.61 (0e59bcc00cc4..., userDataDir: C:\Users\IBCK-W~1\AppData\L...}, goog:chromeOptions: {debuggerAddress: localhost:58928}, javascriptEnabled: true, networkConnectionEnabled: false, pageLoadStrategy: normal, platform: WINDOWS, platformName: WINDOWS, proxy: Proxy(), setWindowRect: true, strictFileInteractability: false, timeouts: {implicit: 0, pageLoad: 300000, script: 30000}, unhandledPromptBehavior: dismiss and notify, webauthn:extension:credBlob: true, webauthn:extension:largeBlob: true, webauthn:virtualAuthenticators: true}
Session ID: 7e941ccb68c4b75e6f187353d5b90a24
*** Element info: {Using=xpath, value=//iframe[@title='typeform-embed']}
at org.openqa.selenium.remote.http.W3CHttpResponseCodec.createException(W3CHttpResponseCodec.java:187)
at org.openqa.selenium.remote.http.W3CHttpResponseCodec.decode(W3CHttpResponseCodec.java:122)
at org.openqa.selenium.remote.http.W3CHttpResponseCodec.decode(W3CHttpResponseCodec.java:49)
at org.openqa.selenium.remote.HttpCommandExecutor.execute(HttpCommandExecutor.java:158)
at org.openqa.selenium.remote.service.DriverCommandExecutor.execute(DriverCommandExecutor.java:83)
at org.openqa.selenium.remote.RemoteWebDriver.execute(RemoteWebDriver.java:552)
at org.openqa.selenium.remote.RemoteWebDriver.findElement(RemoteWebDriver.java:323)
at org.openqa.selenium.remote.RemoteWebDriver.findElementByXPath(RemoteWebDriver.java:428)
at org.openqa.selenium.By$ByXPath.findElement(By.java:353)
at org.openqa.selenium.remote.RemoteWebDriver.findElement(RemoteWebDriver.java:315)
at Inkbox.Pages.QuizPage.Validate_StartQuiz(QuizPage.java:248)
at Inkbox.Pages.QuizPage.Press_StartQuiz(QuizPage.java:259)
at Inkbox.Tests.QuizTest.TC_5095_Validate_WithoutCompletingQuiz(QuizTest.java:219)
at java.base/java.util.concurrent.ThreadPoolExecutor.runWorker(ThreadPoolExecutor.java:1130)
at java.base/java.util.concurrent.ThreadPoolExecutor$Worker.run(ThreadPoolExecutor.java:630)
at java.base/java.lang.Thread.run(Thread.java:831)
... Removed 16 stack frames]]>
    </failure>
  </testcase> <!-- TC_5095_Validate_WithoutCompletingQuiz -->
  <testcase classname="Inkbox.Tests.ContentFulTest" name="TC_4945_Verify_HomePage_Order_ContentFul" time="0.0">
    <ignored/>
  </testcase> <!-- TC_4945_Verify_HomePage_Order_ContentFul -->
  <testcase classname="Inkbox.Tests.ContentFulTest" name="TC_4946_Verify_ShopBySection_ContentFul" time="0.0">
    <ignored/>
  </testcase> <!-- TC_4946_Verify_ShopBySection_ContentFul -->
  <testcase classname="Helpers.LaunchDriver" name="@BeforeSuite beforeSuite" time="0.0">
    <ignored/>
  </testcase> <!-- @BeforeSuite beforeSuite -->
  <testcase classname="Helpers.LaunchDriver" name="@BeforeSuite beforeSuite" time="0.0">
    <ignored/>
  </testcase> <!-- @BeforeSuite beforeSuite -->
  <testcase classname="Helpers.LaunchDriver" name="@BeforeSuite beforeSuite" time="0.0">
    <ignored/>
  </testcase> <!-- @BeforeSuite beforeSuite -->
  <testcase classname="Helpers.LaunchDriver" name="@BeforeSuite beforeSuite" time="0.0">
    <ignored/>
  </testcase> <!-- @BeforeSuite beforeSuite -->
  <testcase classname="Helpers.LaunchDriver" name="@BeforeSuite beforeSuite" time="0.0">
    <ignored/>
  </testcase> <!-- @BeforeSuite beforeSuite -->
  <testcase classname="Helpers.LaunchDriver" name="@BeforeSuite beforeSuite" time="0.0">
    <ignored/>
  </testcase> <!-- @BeforeSuite beforeSuite -->
  <testcase classname="Helpers.LaunchDriver" name="@BeforeSuite beforeSuite" time="0.0">
    <ignored/>
  </testcase> <!-- @BeforeSuite beforeSuite -->
  <testcase classname="Helpers.LaunchDriver" name="@BeforeSuite beforeSuite" time="0.0">
    <ignored/>
  </testcase> <!-- @BeforeSuite beforeSuite -->
  <testcase classname="Helpers.LaunchDriver" name="@BeforeSuite beforeSuite" time="0.0">
    <ignored/>
  </testcase> <!-- @BeforeSuite beforeSuite -->
  <testcase classname="Helpers.LaunchDriver" name="@BeforeSuite beforeSuite" time="0.0">
    <ignored/>
  </testcase> <!-- @BeforeSuite beforeSuite -->
  <testcase classname="Helpers.LaunchDriver" name="@BeforeSuite beforeSuite" time="0.0">
    <ignored/>
  </testcase> <!-- @BeforeSuite beforeSuite -->
  <testcase classname="Inkbox.Tests.ContentFulTest" name="TC_4947_Verify_ShopByProduct_ContentFul" time="0.0">
    <ignored/>
  </testcase> <!-- TC_4947_Verify_ShopByProduct_ContentFul -->
  <testcase classname="Helpers.LaunchDriver" name="@AfterSuite afterSuite" time="0.0">
    <ignored/>
  </testcase> <!-- @AfterSuite afterSuite -->
  <testcase classname="Helpers.LaunchDriver" name="@AfterSuite afterSuite" time="0.0">
    <ignored/>
  </testcase> <!-- @AfterSuite afterSuite -->
  <testcase classname="Helpers.LaunchDriver" name="@AfterSuite afterSuite" time="0.0">
    <ignored/>
  </testcase> <!-- @AfterSuite afterSuite -->
  <testcase classname="Helpers.LaunchDriver" name="@AfterSuite afterSuite" time="0.0">
    <ignored/>
  </testcase> <!-- @AfterSuite afterSuite -->
  <testcase classname="Helpers.LaunchDriver" name="@AfterSuite afterSuite" time="0.0">
    <ignored/>
  </testcase> <!-- @AfterSuite afterSuite -->
  <testcase classname="Helpers.LaunchDriver" name="@AfterSuite afterSuite" time="0.0">
    <ignored/>
  </testcase> <!-- @AfterSuite afterSuite -->
  <testcase classname="Helpers.LaunchDriver" name="@AfterSuite afterSuite" time="0.0">
    <ignored/>
  </testcase> <!-- @AfterSuite afterSuite -->
  <testcase classname="Helpers.LaunchDriver" name="@AfterSuite afterSuite" time="0.0">
    <ignored/>
  </testcase> <!-- @AfterSuite afterSuite -->
  <testcase classname="Helpers.LaunchDriver" name="@AfterSuite afterSuite" time="0.0">
    <ignored/>
  </testcase> <!-- @AfterSuite afterSuite -->
  <testcase classname="Helpers.LaunchDriver" name="@AfterSuite afterSuite" time="0.0">
    <ignored/>
  </testcase> <!-- @AfterSuite afterSuite -->
  <testcase classname="Helpers.LaunchDriver" name="@AfterSuite afterSuite" time="0.0">
    <ignored/>
  </testcase> <!-- @AfterSuite afterSuite -->
  <testcase classname="Inkbox.Tests.Nova_Test" name="TC_4968_Curated_Artist_Validation_Nova" time="0.0">
    <ignored/>
  </testcase> <!-- TC_4968_Curated_Artist_Validation_Nova -->
  <testcase classname="Inkbox.Tests.HomePageTest" name="TC_5058_ValidateFreeShipping_Without_ItemsInCart" time="0.0">
    <ignored/>
  </testcase> <!-- TC_5058_ValidateFreeShipping_Without_ItemsInCart -->
  <testcase classname="Inkbox.Tests.Nova_Test" name="TC_4969_Curated_Categories_Validation_Nova" time="0.0">
    <ignored/>
  </testcase> <!-- TC_4969_Curated_Categories_Validation_Nova -->
  <testcase classname="Inkbox.Tests.ProductSearchTest" name="TC_5018_Browser_Ticket_2053" time="0.0">
    <ignored/>
  </testcase> <!-- TC_5018_Browser_Ticket_2053 -->
  <testcase classname="Inkbox.Tests.HomePageTest" name="Validate_PopularCategories" time="0.0">
    <ignored/>
  </testcase> <!-- Validate_PopularCategories -->
  <testcase classname="Helpers.LaunchDriver" name="@BeforeTest beforeTest" time="0.0">
    <ignored/>
  </testcase> <!-- @BeforeTest beforeTest -->
  <testcase classname="Helpers.LaunchDriver" name="@BeforeTest beforeTest" time="0.0">
    <ignored/>
  </testcase> <!-- @BeforeTest beforeTest -->
  <testcase classname="Helpers.LaunchDriver" name="@BeforeTest beforeTest" time="0.0">
    <ignored/>
  </testcase> <!-- @BeforeTest beforeTest -->
  <testcase classname="Helpers.LaunchDriver" name="@BeforeTest beforeTest" time="0.0">
    <ignored/>
  </testcase> <!-- @BeforeTest beforeTest -->
  <testcase classname="Helpers.LaunchDriver" name="@BeforeTest beforeTest" time="0.0">
    <ignored/>
  </testcase> <!-- @BeforeTest beforeTest -->
  <testcase classname="Helpers.LaunchDriver" name="@BeforeTest beforeTest" time="0.0">
    <ignored/>
  </testcase> <!-- @BeforeTest beforeTest -->
  <testcase classname="Helpers.LaunchDriver" name="@BeforeTest beforeTest" time="0.0">
    <ignored/>
  </testcase> <!-- @BeforeTest beforeTest -->
  <testcase classname="Helpers.LaunchDriver" name="@BeforeTest beforeTest" time="0.0">
    <ignored/>
  </testcase> <!-- @BeforeTest beforeTest -->
  <testcase classname="Helpers.LaunchDriver" name="@BeforeTest beforeTest" time="0.0">
    <ignored/>
  </testcase> <!-- @BeforeTest beforeTest -->
  <testcase classname="Helpers.LaunchDriver" name="@BeforeTest beforeTest" time="0.0">
    <ignored/>
  </testcase> <!-- @BeforeTest beforeTest -->
  <testcase classname="Helpers.LaunchDriver" name="@BeforeTest beforeTest" time="0.0">
    <ignored/>
  </testcase> <!-- @BeforeTest beforeTest -->
</testsuite> <!-- Test_GBP -->
