<html>
<head>
<title>TestNG:  Test2_CAD</title>
<link href="../testng.css" rel="stylesheet" type="text/css" />
<link href="../my-testng.css" rel="stylesheet" type="text/css" />

<style type="text/css">
.log { display: none;} 
.stack-trace { display: none;} 
</style>
<script type="text/javascript">
<!--
function flip(e) {
  current = e.style.display;
  if (current == 'block') {
    e.style.display = 'none';
    return 0;
  }
  else {
    e.style.display = 'block';
    return 1;
  }
}

function toggleBox(szDivId, elem, msg1, msg2)
{
  var res = -1;  if (document.getElementById) {
    res = flip(document.getElementById(szDivId));
  }
  else if (document.all) {
    // this is the way old msie versions work
    res = flip(document.all[szDivId]);
  }
  if(elem) {
    if(res == 0) elem.innerHTML = msg1; else elem.innerHTML = msg2;
  }

}

function toggleAllBoxes() {
  if (document.getElementsByTagName) {
    d = document.getElementsByTagName('div');
    for (i = 0; i < d.length; i++) {
      if (d[i].className == 'log') {
        flip(d[i]);
      }
    }
  }
}

// -->
</script>

</head>
<body>
<h2 align='center'>Test2_CAD</h2><table border='1' align="center">
<tr>
<td>Tests passed/Failed/Skipped:</td><td>14/2/0</td>
</tr><tr>
<td>Started on:</td><td>Thu Apr 28 19:21:30 EDT 2022</td>
</tr>
<tr><td>Total time:</td><td>2995 seconds (2995527 ms)</td>
</tr><tr>
<td>Included groups:</td><td></td>
</tr><tr>
<td>Excluded groups:</td><td></td>
</tr>
</table><p/>
<small><i>(Hover the method name to see the test class name)</i></small><p/>
<table width='100%' border='1' class='invocation-failed'>
<tr><td colspan='4' align='center'><b>FAILED TESTS</b></td></tr>
<tr><td><b>Test method</b></td>
<td width="30%"><b>Exception</b></td>
<td width="10%"><b>Time (seconds)</b></td>
<td><b>Instance</b></td>
</tr>
<tr>
<td title='Inkbox.Tests.CartTest.TC_4927_Verify_GiftCards()'><b>TC_4927_Verify_GiftCards</b><br>Test class: Inkbox.Tests.CartTest</td>
<td><div><pre>java.lang.AssertionError
	at org.junit.Assert.fail(Assert.java:86)
	at org.junit.Assert.fail(Assert.java:95)
	at Helpers.ControlHelpers.MoveToElement(ControlHelpers.java:352)
	at Inkbox.Pages.ProductsPage.Validate_GiftCards(ProductsPage.java:2614)
	at Inkbox.Tests.CartTest.TC_4927_Verify_GiftCards(CartTest.java:295)
	at java.base/java.util.concurrent.ThreadPoolExecutor.runWorker(ThreadPoolExecutor.java:1130)
	at java.base/java.util.concurrent.ThreadPoolExecutor$Worker.run(ThreadPoolExecutor.java:630)
	at java.base/java.lang.Thread.run(Thread.java:831)
... Removed 12 stack frames</pre></div><a href='#' onClick='toggleBox("stack-trace270278528", this, "Click to show all stack frames", "Click to hide stack frames")'>Click to show all stack frames</a>
<div class='stack-trace' id='stack-trace270278528'><pre>java.lang.AssertionError
	at org.junit.Assert.fail(Assert.java:86)
	at org.junit.Assert.fail(Assert.java:95)
	at Helpers.ControlHelpers.MoveToElement(ControlHelpers.java:352)
	at Inkbox.Pages.ProductsPage.Validate_GiftCards(ProductsPage.java:2614)
	at Inkbox.Tests.CartTest.TC_4927_Verify_GiftCards(CartTest.java:295)
	at java.base/jdk.internal.reflect.NativeMethodAccessorImpl.invoke0(Native Method)
	at java.base/jdk.internal.reflect.NativeMethodAccessorImpl.invoke(NativeMethodAccessorImpl.java:78)
	at java.base/jdk.internal.reflect.DelegatingMethodAccessorImpl.invoke(DelegatingMethodAccessorImpl.java:43)
	at java.base/java.lang.reflect.Method.invoke(Method.java:567)
	at org.testng.internal.MethodInvocationHelper.invokeMethod(MethodInvocationHelper.java:133)
	at org.testng.internal.TestInvoker.invokeMethod(TestInvoker.java:598)
	at org.testng.internal.TestInvoker.invokeTestMethod(TestInvoker.java:173)
	at org.testng.internal.MethodRunner.runInSequence(MethodRunner.java:46)
	at org.testng.internal.TestInvoker$MethodInvocationAgent.invoke(TestInvoker.java:824)
	at org.testng.internal.TestInvoker.invokeTestMethods(TestInvoker.java:146)
	at org.testng.internal.TestMethodWorker.invokeTestMethods(TestMethodWorker.java:146)
	at org.testng.internal.TestMethodWorker.run(TestMethodWorker.java:128)
	at java.base/java.util.concurrent.ThreadPoolExecutor.runWorker(ThreadPoolExecutor.java:1130)
	at java.base/java.util.concurrent.ThreadPoolExecutor$Worker.run(ThreadPoolExecutor.java:630)
	at java.base/java.lang.Thread.run(Thread.java:831)
</pre></div></td>
<td>102</td>
<td>Inkbox.Tests.CartTest@771a660</td></tr>
<tr>
<td title='Inkbox.Tests.CartTest.TC_4928_Verify_GiftCards_GuestUser()'><b>TC_4928_Verify_GiftCards_GuestUser</b><br>Test class: Inkbox.Tests.CartTest</td>
<td><div><pre>java.lang.AssertionError
	at org.junit.Assert.fail(Assert.java:86)
	at org.junit.Assert.fail(Assert.java:95)
	at Helpers.ControlHelpers.MoveToElement(ControlHelpers.java:352)
	at Inkbox.Pages.ProductsPage.Validate_GiftCards(ProductsPage.java:2614)
	at Inkbox.Tests.CartTest.TC_4928_Verify_GiftCards_GuestUser(CartTest.java:310)
	at java.base/java.util.concurrent.ThreadPoolExecutor.runWorker(ThreadPoolExecutor.java:1130)
	at java.base/java.util.concurrent.ThreadPoolExecutor$Worker.run(ThreadPoolExecutor.java:630)
	at java.base/java.lang.Thread.run(Thread.java:831)
... Removed 12 stack frames</pre></div><a href='#' onClick='toggleBox("stack-trace328292796", this, "Click to show all stack frames", "Click to hide stack frames")'>Click to show all stack frames</a>
<div class='stack-trace' id='stack-trace328292796'><pre>java.lang.AssertionError
	at org.junit.Assert.fail(Assert.java:86)
	at org.junit.Assert.fail(Assert.java:95)
	at Helpers.ControlHelpers.MoveToElement(ControlHelpers.java:352)
	at Inkbox.Pages.ProductsPage.Validate_GiftCards(ProductsPage.java:2614)
	at Inkbox.Tests.CartTest.TC_4928_Verify_GiftCards_GuestUser(CartTest.java:310)
	at java.base/jdk.internal.reflect.NativeMethodAccessorImpl.invoke0(Native Method)
	at java.base/jdk.internal.reflect.NativeMethodAccessorImpl.invoke(NativeMethodAccessorImpl.java:78)
	at java.base/jdk.internal.reflect.DelegatingMethodAccessorImpl.invoke(DelegatingMethodAccessorImpl.java:43)
	at java.base/java.lang.reflect.Method.invoke(Method.java:567)
	at org.testng.internal.MethodInvocationHelper.invokeMethod(MethodInvocationHelper.java:133)
	at org.testng.internal.TestInvoker.invokeMethod(TestInvoker.java:598)
	at org.testng.internal.TestInvoker.invokeTestMethod(TestInvoker.java:173)
	at org.testng.internal.MethodRunner.runInSequence(MethodRunner.java:46)
	at org.testng.internal.TestInvoker$MethodInvocationAgent.invoke(TestInvoker.java:824)
	at org.testng.internal.TestInvoker.invokeTestMethods(TestInvoker.java:146)
	at org.testng.internal.TestMethodWorker.invokeTestMethods(TestMethodWorker.java:146)
	at org.testng.internal.TestMethodWorker.run(TestMethodWorker.java:128)
	at java.base/java.util.concurrent.ThreadPoolExecutor.runWorker(ThreadPoolExecutor.java:1130)
	at java.base/java.util.concurrent.ThreadPoolExecutor$Worker.run(ThreadPoolExecutor.java:630)
	at java.base/java.lang.Thread.run(Thread.java:831)
</pre></div></td>
<td>85</td>
<td>Inkbox.Tests.CartTest@771a660</td></tr>
</table><p>
<table width='100%' border='1' class='invocation-passed'>
<tr><td colspan='4' align='center'><b>PASSED TESTS</b></td></tr>
<tr><td><b>Test method</b></td>
<td width="30%"><b>Exception</b></td>
<td width="10%"><b>Time (seconds)</b></td>
<td><b>Instance</b></td>
</tr>
<tr>
<td title='Inkbox.Tests.CartTest.TC_4917_Verify_Continue_To_Checkout()'><b>TC_4917_Verify_Continue_To_Checkout</b><br>Test class: Inkbox.Tests.CartTest</td>
<td></td>
<td>178</td>
<td>Inkbox.Tests.CartTest@771a660</td></tr>
<tr>
<td title='Inkbox.Tests.CartTest.TC_4913_Adding_ProductsToCartFromPDPpage()'><b>TC_4913_Adding_ProductsToCartFromPDPpage</b><br>Test class: Inkbox.Tests.CartTest</td>
<td></td>
<td>185</td>
<td>Inkbox.Tests.CartTest@771a660</td></tr>
<tr>
<td title='Inkbox.Tests.CartTest.TC_4930_ValidateItems_Adding_To_Cart()'><b>TC_4930_ValidateItems_Adding_To_Cart</b><br>Test class: Inkbox.Tests.CartTest</td>
<td></td>
<td>168</td>
<td>Inkbox.Tests.CartTest@771a660</td></tr>
<tr>
<td title='Inkbox.Tests.CartTest.TC_4929_GuestScenario_Adding_ItemsTocart()'><b>TC_4929_GuestScenario_Adding_ItemsTocart</b><br>Test class: Inkbox.Tests.CartTest</td>
<td></td>
<td>124</td>
<td>Inkbox.Tests.CartTest@771a660</td></tr>
<tr>
<td title='Inkbox.Tests.CartTest.TC_4924_Validate_Bundles_GuestUser()'><b>TC_4924_Validate_Bundles_GuestUser</b><br>Test class: Inkbox.Tests.CartTest</td>
<td></td>
<td>107</td>
<td>Inkbox.Tests.CartTest@771a660</td></tr>
<tr>
<td title='Inkbox.Tests.CartTest.TC_4923_Validate_BundlesTest()'><b>TC_4923_Validate_BundlesTest</b><br>Test class: Inkbox.Tests.CartTest</td>
<td></td>
<td>123</td>
<td>Inkbox.Tests.CartTest@771a660</td></tr>
<tr>
<td title='Inkbox.Tests.CartTest.TC_4916_Validate_Frequently_PurchasedItemsToCart()'><b>TC_4916_Validate_Frequently_PurchasedItemsToCart</b><br>Test class: Inkbox.Tests.CartTest</td>
<td></td>
<td>226</td>
<td>Inkbox.Tests.CartTest@771a660</td></tr>
<tr>
<td title='Inkbox.Tests.CartTest.TC_4918_Verify_Cart_is_Empty()'><b>TC_4918_Verify_Cart_is_Empty</b><br>Test class: Inkbox.Tests.CartTest<br>Parameters: CAD</td>
<td></td>
<td>124</td>
<td>Inkbox.Tests.CartTest@771a660</td></tr>
<tr>
<td title='Inkbox.Tests.CartTest.TC_4915_Validate_Checkout()'><b>TC_4915_Validate_Checkout</b><br>Test class: Inkbox.Tests.CartTest</td>
<td></td>
<td>207</td>
<td>Inkbox.Tests.CartTest@771a660</td></tr>
<tr>
<td title='Inkbox.Tests.CartTest.TC_4933_AddItemsToCart_without_Login_and_ValidateAfterLogin()'><b>TC_4933_AddItemsToCart_without_Login_and_ValidateAfterLogin</b><br>Test class: Inkbox.Tests.CartTest</td>
<td></td>
<td>114</td>
<td>Inkbox.Tests.CartTest@771a660</td></tr>
<tr>
<td title='Inkbox.Tests.CartTest.TC_31429_Verify_Gpay_Paypal_and_payments_methods_in_cart()'><b>TC_31429_Verify_Gpay_Paypal_and_payments_methods_in_cart</b><br>Test class: Inkbox.Tests.CartTest</td>
<td></td>
<td>166</td>
<td>Inkbox.Tests.CartTest@771a660</td></tr>
<tr>
<td title='Inkbox.Tests.CartTest.TC_4931_IncreamentProduct_InCart_And_INC_cannot_remove_item_from_cart()'><b>TC_4931_IncreamentProduct_InCart_And_INC_cannot_remove_item_from_cart</b><br>Test class: Inkbox.Tests.CartTest</td>
<td></td>
<td>202</td>
<td>Inkbox.Tests.CartTest@771a660</td></tr>
<tr>
<td title='Inkbox.Tests.CartTest.TC_7483_LearnMoreSectionTieredDiscountsBannerInCart()'><b>TC_7483_LearnMoreSectionTieredDiscountsBannerInCart</b><br>Test class: Inkbox.Tests.CartTest</td>
<td></td>
<td>99</td>
<td>Inkbox.Tests.CartTest@771a660</td></tr>
<tr>
<td title='Inkbox.Tests.CartTest.TC_4914_PriceValidation()'><b>TC_4914_PriceValidation</b><br>Test class: Inkbox.Tests.CartTest</td>
<td></td>
<td>112</td>
<td>Inkbox.Tests.CartTest@771a660</td></tr>
</table><p>
</body>
</html>