<?xml version="1.0" encoding="UTF-8"?>
<!-- Generated by org.testng.reporters.JUnitXMLReporter -->
<testsuite ignored="5" hostname="DESKTOP-9NIDAD7" failures="2" tests="16" name="Test2_CAD" time="2995.527" errors="0" timestamp="2022-04-28T20:11:25 EDT">
  <testcase classname="Inkbox.Tests.CartTest" name="TC_31429_Verify_Gpay_Paypal_and_payments_methods_in_cart" time="166.093"/>
  <testcase classname="Inkbox.Tests.CartTest" name="TC_4913_Adding_ProductsToCartFromPDPpage" time="185.904"/>
  <testcase classname="Inkbox.Tests.CartTest" name="TC_4914_PriceValidation" time="112.703"/>
  <testcase classname="Inkbox.Tests.CartTest" name="TC_4915_Validate_Checkout" time="207.965"/>
  <testcase classname="Inkbox.Tests.CartTest" name="TC_4916_Validate_Frequently_PurchasedItemsToCart" time="226.064"/>
  <testcase classname="Inkbox.Tests.CartTest" name="TC_4917_Verify_Continue_To_Checkout" time="178.922"/>
  <testcase classname="Inkbox.Tests.CartTest" name="TC_4918_Verify_Cart_is_Empty" time="124.061"/>
  <testcase classname="Inkbox.Tests.CartTest" name="TC_4923_Validate_BundlesTest" time="123.018"/>
  <testcase classname="Inkbox.Tests.CartTest" name="TC_4924_Validate_Bundles_GuestUser" time="107.589"/>
  <testcase classname="Inkbox.Tests.CartTest" name="TC_4927_Verify_GiftCards" time="102.611">
    <failure type="java.lang.AssertionError">
      <![CDATA[java.lang.AssertionError
at org.junit.Assert.fail(Assert.java:86)
at org.junit.Assert.fail(Assert.java:95)
at Helpers.ControlHelpers.MoveToElement(ControlHelpers.java:352)
at Inkbox.Pages.ProductsPage.Validate_GiftCards(ProductsPage.java:2614)
at Inkbox.Tests.CartTest.TC_4927_Verify_GiftCards(CartTest.java:295)
at java.base/java.util.concurrent.ThreadPoolExecutor.runWorker(ThreadPoolExecutor.java:1130)
at java.base/java.util.concurrent.ThreadPoolExecutor$Worker.run(ThreadPoolExecutor.java:630)
at java.base/java.lang.Thread.run(Thread.java:831)
... Removed 12 stack frames]]>
    </failure>
  </testcase> <!-- TC_4927_Verify_GiftCards -->
  <testcase classname="Inkbox.Tests.CartTest" name="TC_4928_Verify_GiftCards_GuestUser" time="85.504">
    <failure type="java.lang.AssertionError">
      <![CDATA[java.lang.AssertionError
at org.junit.Assert.fail(Assert.java:86)
at org.junit.Assert.fail(Assert.java:95)
at Helpers.ControlHelpers.MoveToElement(ControlHelpers.java:352)
at Inkbox.Pages.ProductsPage.Validate_GiftCards(ProductsPage.java:2614)
at Inkbox.Tests.CartTest.TC_4928_Verify_GiftCards_GuestUser(CartTest.java:310)
at java.base/java.util.concurrent.ThreadPoolExecutor.runWorker(ThreadPoolExecutor.java:1130)
at java.base/java.util.concurrent.ThreadPoolExecutor$Worker.run(ThreadPoolExecutor.java:630)
at java.base/java.lang.Thread.run(Thread.java:831)
... Removed 12 stack frames]]>
    </failure>
  </testcase> <!-- TC_4928_Verify_GiftCards_GuestUser -->
  <testcase classname="Inkbox.Tests.CartTest" name="TC_4929_GuestScenario_Adding_ItemsTocart" time="124.067"/>
  <testcase classname="Inkbox.Tests.CartTest" name="TC_4930_ValidateItems_Adding_To_Cart" time="168.005"/>
  <testcase classname="Inkbox.Tests.CartTest" name="TC_4931_IncreamentProduct_InCart_And_INC_cannot_remove_item_from_cart" time="202.972"/>
  <testcase classname="Inkbox.Tests.CartTest" name="TC_4933_AddItemsToCart_without_Login_and_ValidateAfterLogin" time="114.993"/>
  <testcase classname="Inkbox.Tests.CartTest" name="TC_7483_LearnMoreSectionTieredDiscountsBannerInCart" time="99.206"/>
  <testcase classname="Inkbox.Tests.CartTest" name="TC_4922_Verify_Mystery_Bundles_GuestUser" time="0.0">
    <ignored/>
  </testcase> <!-- TC_4922_Verify_Mystery_Bundles_GuestUser -->
  <testcase classname="Inkbox.Tests.CartTest" name="TC_4926_Verify_Freehand_Ink_GuestUser" time="0.0">
    <ignored/>
  </testcase> <!-- TC_4926_Verify_Freehand_Ink_GuestUser -->
  <testcase classname="Inkbox.Tests.CartTest" name="TC_4932_VerifyFreeShippingMessage" time="0.0">
    <ignored/>
  </testcase> <!-- TC_4932_VerifyFreeShippingMessage -->
  <testcase classname="Inkbox.Tests.CartTest" name="TC_4925_Verify_Freehand_Ink" time="0.0">
    <ignored/>
  </testcase> <!-- TC_4925_Verify_Freehand_Ink -->
  <testcase classname="Inkbox.Tests.CartTest" name="TC_4921_Verify_Mystery_Bundles" time="0.0">
    <ignored/>
  </testcase> <!-- TC_4921_Verify_Mystery_Bundles -->
</testsuite> <!-- Test2_CAD -->
