<html>
<head>
<title>TestNG:  Testhomepage</title>
<link href="../testng.css" rel="stylesheet" type="text/css" />
<link href="../my-testng.css" rel="stylesheet" type="text/css" />

<style type="text/css">
.log { display: none;} 
.stack-trace { display: none;} 
</style>
<script type="text/javascript">
<!--
function flip(e) {
  current = e.style.display;
  if (current == 'block') {
    e.style.display = 'none';
    return 0;
  }
  else {
    e.style.display = 'block';
    return 1;
  }
}

function toggleBox(szDivId, elem, msg1, msg2)
{
  var res = -1;  if (document.getElementById) {
    res = flip(document.getElementById(szDivId));
  }
  else if (document.all) {
    // this is the way old msie versions work
    res = flip(document.all[szDivId]);
  }
  if(elem) {
    if(res == 0) elem.innerHTML = msg1; else elem.innerHTML = msg2;
  }

}

function toggleAllBoxes() {
  if (document.getElementsByTagName) {
    d = document.getElementsByTagName('div');
    for (i = 0; i < d.length; i++) {
      if (d[i].className == 'log') {
        flip(d[i]);
      }
    }
  }
}

// -->
</script>

</head>
<body>
<h2 align='center'>Testhomepage</h2><table border='1' align="center">
<tr>
<td>Tests passed/Failed/Skipped:</td><td>21/0/2</td>
</tr><tr>
<td>Started on:</td><td>Fri Mar 18 10:50:26 EDT 2022</td>
</tr>
<tr><td>Total time:</td><td>1107 seconds (1107186 ms)</td>
</tr><tr>
<td>Included groups:</td><td></td>
</tr><tr>
<td>Excluded groups:</td><td></td>
</tr>
</table><p/>
<small><i>(Hover the method name to see the test class name)</i></small><p/>
<table width='100%' border='1' class='invocation-failed'>
<tr><td colspan='4' align='center'><b>FAILED CONFIGURATIONS</b></td></tr>
<tr><td><b>Test method</b></td>
<td width="30%"><b>Exception</b></td>
<td width="10%"><b>Time (seconds)</b></td>
<td><b>Instance</b></td>
</tr>
<tr>
<td title='Inkbox.Tests.HomePageTest.BeforeMethod()'><b>BeforeMethod</b><br>Test class: Inkbox.Tests.HomePageTest<br>Parameters: [TestResult name={null} status=CREATED method=HomePageTest.Verify_EmailField_Footer()[pri:0, instance:Inkbox.Tests.HomePageTest@5fd4f8f5] output={null}], CAD</td>
<td><div><pre>java.lang.AssertionError
	at org.junit.Assert.fail(Assert.java:86)
	at org.junit.Assert.fail(Assert.java:95)
	at Helpers.ControlHelpers.ButtonClick(ControlHelpers.java:186)
	at Inkbox.Pages.BasePage.SelectGeoLocation(BasePage.java:211)
	at Inkbox.Tests.HomePageTest.BeforeMethod(HomePageTest.java:348)
	at java.base/java.util.concurrent.ThreadPoolExecutor.runWorker(ThreadPoolExecutor.java:1130)
	at java.base/java.util.concurrent.ThreadPoolExecutor$Worker.run(ThreadPoolExecutor.java:630)
	at java.base/java.lang.Thread.run(Thread.java:831)
... Removed 15 stack frames</pre></div><a href='#' onClick='toggleBox("stack-trace2057433073", this, "Click to show all stack frames", "Click to hide stack frames")'>Click to show all stack frames</a>
<div class='stack-trace' id='stack-trace2057433073'><pre>java.lang.AssertionError
	at org.junit.Assert.fail(Assert.java:86)
	at org.junit.Assert.fail(Assert.java:95)
	at Helpers.ControlHelpers.ButtonClick(ControlHelpers.java:186)
	at Inkbox.Pages.BasePage.SelectGeoLocation(BasePage.java:211)
	at Inkbox.Tests.HomePageTest.BeforeMethod(HomePageTest.java:348)
	at jdk.internal.reflect.GeneratedMethodAccessor27.invoke(Unknown Source)
	at java.base/jdk.internal.reflect.DelegatingMethodAccessorImpl.invoke(DelegatingMethodAccessorImpl.java:43)
	at java.base/java.lang.reflect.Method.invoke(Method.java:567)
	at org.testng.internal.MethodInvocationHelper.invokeMethod(MethodInvocationHelper.java:133)
	at org.testng.internal.MethodInvocationHelper.invokeMethodConsideringTimeout(MethodInvocationHelper.java:62)
	at org.testng.internal.ConfigInvoker.invokeConfigurationMethod(ConfigInvoker.java:385)
	at org.testng.internal.ConfigInvoker.invokeConfigurations(ConfigInvoker.java:321)
	at org.testng.internal.TestInvoker.runConfigMethods(TestInvoker.java:700)
	at org.testng.internal.TestInvoker.invokeMethod(TestInvoker.java:527)
	at org.testng.internal.TestInvoker.invokeTestMethod(TestInvoker.java:173)
	at org.testng.internal.MethodRunner.runInSequence(MethodRunner.java:46)
	at org.testng.internal.TestInvoker$MethodInvocationAgent.invoke(TestInvoker.java:824)
	at org.testng.internal.TestInvoker.invokeTestMethods(TestInvoker.java:146)
	at org.testng.internal.TestMethodWorker.invokeTestMethods(TestMethodWorker.java:146)
	at org.testng.internal.TestMethodWorker.run(TestMethodWorker.java:128)
	at java.base/java.util.concurrent.ThreadPoolExecutor.runWorker(ThreadPoolExecutor.java:1130)
	at java.base/java.util.concurrent.ThreadPoolExecutor$Worker.run(ThreadPoolExecutor.java:630)
	at java.base/java.lang.Thread.run(Thread.java:831)
</pre></div></td>
<td>12</td>
<td>Inkbox.Tests.HomePageTest@5fd4f8f5</td></tr>
<tr>
<td title='Inkbox.Tests.HomePageTest.AfterMethod()'><b>AfterMethod</b><br>Test class: Inkbox.Tests.HomePageTest<br>Parameters: [TestResult name={null} status=CREATED method=HomePageTest.Verify_EmailField_Footer()[pri:0, instance:Inkbox.Tests.HomePageTest@5fd4f8f5] output={null}], CAD</td>
<td><div><pre>java.lang.NullPointerException: Cannot invoke &quot;String.replaceAll(String, String)&quot; because &quot;MethodName&quot; is null
	at Inkbox.Tests.HomePageTest.AfterMethod(HomePageTest.java:355)
	at java.base/java.util.concurrent.ThreadPoolExecutor.runWorker(ThreadPoolExecutor.java:1130)
	at java.base/java.util.concurrent.ThreadPoolExecutor$Worker.run(ThreadPoolExecutor.java:630)
	at java.base/java.lang.Thread.run(Thread.java:831)
... Removed 16 stack frames</pre></div><a href='#' onClick='toggleBox("stack-trace1802528725", this, "Click to show all stack frames", "Click to hide stack frames")'>Click to show all stack frames</a>
<div class='stack-trace' id='stack-trace1802528725'><pre>java.lang.NullPointerException: Cannot invoke &quot;String.replaceAll(String, String)&quot; because &quot;MethodName&quot; is null
	at Inkbox.Tests.HomePageTest.AfterMethod(HomePageTest.java:355)
	at jdk.internal.reflect.GeneratedMethodAccessor29.invoke(Unknown Source)
	at java.base/jdk.internal.reflect.DelegatingMethodAccessorImpl.invoke(DelegatingMethodAccessorImpl.java:43)
	at java.base/java.lang.reflect.Method.invoke(Method.java:567)
	at org.testng.internal.MethodInvocationHelper.invokeMethod(MethodInvocationHelper.java:133)
	at org.testng.internal.MethodInvocationHelper.invokeMethodConsideringTimeout(MethodInvocationHelper.java:62)
	at org.testng.internal.ConfigInvoker.invokeConfigurationMethod(ConfigInvoker.java:385)
	at org.testng.internal.ConfigInvoker.invokeConfigurations(ConfigInvoker.java:321)
	at org.testng.internal.TestInvoker.runConfigMethods(TestInvoker.java:700)
	at org.testng.internal.TestInvoker.runAfterGroupsConfigurations(TestInvoker.java:676)
	at org.testng.internal.TestInvoker.invokeMethod(TestInvoker.java:546)
	at org.testng.internal.TestInvoker.invokeTestMethod(TestInvoker.java:173)
	at org.testng.internal.MethodRunner.runInSequence(MethodRunner.java:46)
	at org.testng.internal.TestInvoker$MethodInvocationAgent.invoke(TestInvoker.java:824)
	at org.testng.internal.TestInvoker.invokeTestMethods(TestInvoker.java:146)
	at org.testng.internal.TestMethodWorker.invokeTestMethods(TestMethodWorker.java:146)
	at org.testng.internal.TestMethodWorker.run(TestMethodWorker.java:128)
	at java.base/java.util.concurrent.ThreadPoolExecutor.runWorker(ThreadPoolExecutor.java:1130)
	at java.base/java.util.concurrent.ThreadPoolExecutor$Worker.run(ThreadPoolExecutor.java:630)
	at java.base/java.lang.Thread.run(Thread.java:831)
</pre></div></td>
<td>0</td>
<td>Inkbox.Tests.HomePageTest@5fd4f8f5</td></tr>
<tr>
<td title='Inkbox.Tests.HomePageTest.AfterMethod()'><b>AfterMethod</b><br>Test class: Inkbox.Tests.HomePageTest<br>Parameters: [TestResult name={null} status=CREATED method=HomePageTest.Verify_InkoxLogo_Navigation(java.lang.String)[pri:0, instance:Inkbox.Tests.HomePageTest@5fd4f8f5] output={null}], CAD</td>
<td><div><pre>java.lang.NullPointerException: Cannot invoke &quot;String.replaceAll(String, String)&quot; because &quot;MethodName&quot; is null
	at Inkbox.Tests.HomePageTest.AfterMethod(HomePageTest.java:355)
	at java.base/java.util.concurrent.ThreadPoolExecutor.runWorker(ThreadPoolExecutor.java:1130)
	at java.base/java.util.concurrent.ThreadPoolExecutor$Worker.run(ThreadPoolExecutor.java:630)
	at java.base/java.lang.Thread.run(Thread.java:831)
... Removed 16 stack frames</pre></div><a href='#' onClick='toggleBox("stack-trace1027706740", this, "Click to show all stack frames", "Click to hide stack frames")'>Click to show all stack frames</a>
<div class='stack-trace' id='stack-trace1027706740'><pre>java.lang.NullPointerException: Cannot invoke &quot;String.replaceAll(String, String)&quot; because &quot;MethodName&quot; is null
	at Inkbox.Tests.HomePageTest.AfterMethod(HomePageTest.java:355)
	at jdk.internal.reflect.GeneratedMethodAccessor29.invoke(Unknown Source)
	at java.base/jdk.internal.reflect.DelegatingMethodAccessorImpl.invoke(DelegatingMethodAccessorImpl.java:43)
	at java.base/java.lang.reflect.Method.invoke(Method.java:567)
	at org.testng.internal.MethodInvocationHelper.invokeMethod(MethodInvocationHelper.java:133)
	at org.testng.internal.MethodInvocationHelper.invokeMethodConsideringTimeout(MethodInvocationHelper.java:62)
	at org.testng.internal.ConfigInvoker.invokeConfigurationMethod(ConfigInvoker.java:385)
	at org.testng.internal.ConfigInvoker.invokeConfigurations(ConfigInvoker.java:321)
	at org.testng.internal.TestInvoker.runConfigMethods(TestInvoker.java:700)
	at org.testng.internal.TestInvoker.runAfterGroupsConfigurations(TestInvoker.java:676)
	at org.testng.internal.TestInvoker.invokeMethod(TestInvoker.java:546)
	at org.testng.internal.TestInvoker.invokeTestMethod(TestInvoker.java:173)
	at org.testng.internal.MethodRunner.runInSequence(MethodRunner.java:46)
	at org.testng.internal.TestInvoker$MethodInvocationAgent.invoke(TestInvoker.java:824)
	at org.testng.internal.TestInvoker.invokeTestMethods(TestInvoker.java:146)
	at org.testng.internal.TestMethodWorker.invokeTestMethods(TestMethodWorker.java:146)
	at org.testng.internal.TestMethodWorker.run(TestMethodWorker.java:128)
	at java.base/java.util.concurrent.ThreadPoolExecutor.runWorker(ThreadPoolExecutor.java:1130)
	at java.base/java.util.concurrent.ThreadPoolExecutor$Worker.run(ThreadPoolExecutor.java:630)
	at java.base/java.lang.Thread.run(Thread.java:831)
</pre></div></td>
<td>0</td>
<td>Inkbox.Tests.HomePageTest@5fd4f8f5</td></tr>
</table><p>
<table width='100%' border='1' class='invocation-passed'>
<tr><td colspan='4' align='center'><b>PASSED TESTS</b></td></tr>
<tr><td><b>Test method</b></td>
<td width="30%"><b>Exception</b></td>
<td width="10%"><b>Time (seconds)</b></td>
<td><b>Instance</b></td>
</tr>
<tr>
<td title='Inkbox.Tests.HomePageTest.PDP_Validation_WithLogin_Accordion_Max_Mini_Pickedforyou_Arrow_scrollable_ShopinstaVisible()'><b>PDP_Validation_WithLogin_Accordion_Max_Mini_Pickedforyou_Arrow_scrollable_ShopinstaVisible</b><br>Test class: Inkbox.Tests.HomePageTest</td>
<td></td>
<td>143</td>
<td>Inkbox.Tests.HomePageTest@5fd4f8f5</td></tr>
<tr>
<td title='Inkbox.Tests.HomePageTest.Validate_PopularCategories()'><b>Validate_PopularCategories</b><br>Test class: Inkbox.Tests.HomePageTest</td>
<td></td>
<td>189</td>
<td>Inkbox.Tests.HomePageTest@5fd4f8f5</td></tr>
<tr>
<td title='Inkbox.Tests.HomePageTest.Validate_TattooMarker()'><b>Validate_TattooMarker</b><br>Test class: Inkbox.Tests.HomePageTest</td>
<td></td>
<td>143</td>
<td>Inkbox.Tests.HomePageTest@5fd4f8f5</td></tr>
<tr>
<td title='Inkbox.Tests.HomePageTest.Validate_Footer_Text()'><b>Validate_Footer_Text</b><br>Test class: Inkbox.Tests.HomePageTest<br>Parameters: https://inkbox.com/</td>
<td></td>
<td>201</td>
<td>Inkbox.Tests.HomePageTest@5fd4f8f5</td></tr>
<tr>
<td title='Inkbox.Tests.HomePageTest.Validate_FAQ_Navigation()'><b>Validate_FAQ_Navigation</b><br>Test class: Inkbox.Tests.HomePageTest<br>Parameters: https://inkbox.com/</td>
<td></td>
<td>292</td>
<td>Inkbox.Tests.HomePageTest@5fd4f8f5</td></tr>
<tr>
<td title='Inkbox.Tests.HomePageTest.UserImageChangingOrNot()'><b>UserImageChangingOrNot</b><br>Test class: Inkbox.Tests.HomePageTest</td>
<td></td>
<td>146</td>
<td>Inkbox.Tests.HomePageTest@5fd4f8f5</td></tr>
<tr>
<td title='Inkbox.Tests.HomePageTest.ReturnPolicy_Validation_Footer()'><b>ReturnPolicy_Validation_Footer</b><br>Test class: Inkbox.Tests.HomePageTest</td>
<td></td>
<td>92</td>
<td>Inkbox.Tests.HomePageTest@5fd4f8f5</td></tr>
<tr>
<td title='Inkbox.Tests.HomePageTest.Validate_Footer()'><b>Validate_Footer</b><br>Test class: Inkbox.Tests.HomePageTest</td>
<td></td>
<td>332</td>
<td>Inkbox.Tests.HomePageTest@5fd4f8f5</td></tr>
<tr>
<td title='Inkbox.Tests.HomePageTest.ProductsDisplayed_are_Clicable_And_Move_To_PDP()'><b>ProductsDisplayed_are_Clicable_And_Move_To_PDP</b><br>Test class: Inkbox.Tests.HomePageTest</td>
<td></td>
<td>102</td>
<td>Inkbox.Tests.HomePageTest@5fd4f8f5</td></tr>
<tr>
<td title='Inkbox.Tests.HomePageTest.Validating_Facebook_Login()'><b>Validating_Facebook_Login</b><br>Test class: Inkbox.Tests.HomePageTest</td>
<td></td>
<td>110</td>
<td>Inkbox.Tests.HomePageTest@5fd4f8f5</td></tr>
<tr>
<td title='Inkbox.Tests.HomePageTest.PDP_RecentlyView_Validation_LoginUser()'><b>PDP_RecentlyView_Validation_LoginUser</b><br>Test class: Inkbox.Tests.HomePageTest</td>
<td></td>
<td>282</td>
<td>Inkbox.Tests.HomePageTest@5fd4f8f5</td></tr>
<tr>
<td title='Inkbox.Tests.HomePageTest.Trace_FAQ_Max_and_Min_Validation()'><b>Trace_FAQ_Max_and_Min_Validation</b><br>Test class: Inkbox.Tests.HomePageTest</td>
<td></td>
<td>128</td>
<td>Inkbox.Tests.HomePageTest@5fd4f8f5</td></tr>
<tr>
<td title='Inkbox.Tests.HomePageTest.Validate_ReviewTag()'><b>Validate_ReviewTag</b><br>Test class: Inkbox.Tests.HomePageTest</td>
<td></td>
<td>88</td>
<td>Inkbox.Tests.HomePageTest@5fd4f8f5</td></tr>
<tr>
<td title='Inkbox.Tests.HomePageTest.Validating_HomePage()'><b>Validating_HomePage</b><br>Test class: Inkbox.Tests.HomePageTest</td>
<td></td>
<td>90</td>
<td>Inkbox.Tests.HomePageTest@5fd4f8f5</td></tr>
<tr>
<td title='Inkbox.Tests.HomePageTest.Validate_Maxmize_minimize_FAQ()'><b>Validate_Maxmize_minimize_FAQ</b><br>Test class: Inkbox.Tests.HomePageTest</td>
<td></td>
<td>118</td>
<td>Inkbox.Tests.HomePageTest@5fd4f8f5</td></tr>
<tr>
<td title='Inkbox.Tests.HomePageTest.TC_5058_ValidateFreeShipping_Without_ItemsInCart()'><b>TC_5058_ValidateFreeShipping_Without_ItemsInCart</b><br>Test class: Inkbox.Tests.HomePageTest<br>Parameters: CAD</td>
<td></td>
<td>87</td>
<td>Inkbox.Tests.HomePageTest@5fd4f8f5</td></tr>
<tr>
<td title='Inkbox.Tests.HomePageTest.Validate_Shop()'><b>Validate_Shop</b><br>Test class: Inkbox.Tests.HomePageTest</td>
<td></td>
<td>86</td>
<td>Inkbox.Tests.HomePageTest@5fd4f8f5</td></tr>
<tr>
<td title='Inkbox.Tests.HomePageTest.PDP_RecentlyView_Validation_GuestUser()'><b>PDP_RecentlyView_Validation_GuestUser</b><br>Test class: Inkbox.Tests.HomePageTest</td>
<td></td>
<td>261</td>
<td>Inkbox.Tests.HomePageTest@5fd4f8f5</td></tr>
<tr>
<td title='Inkbox.Tests.HomePageTest.TC_4887_Tracking_Validation_Footer()'><b>TC_4887_Tracking_Validation_Footer</b><br>Test class: Inkbox.Tests.HomePageTest</td>
<td></td>
<td>85</td>
<td>Inkbox.Tests.HomePageTest@5fd4f8f5</td></tr>
<tr>
<td title='Inkbox.Tests.HomePageTest.Validate_HomePage_MenuItems()'><b>Validate_HomePage_MenuItems</b><br>Test class: Inkbox.Tests.HomePageTest<br>Parameters: https://inkbox.com/</td>
<td></td>
<td>94</td>
<td>Inkbox.Tests.HomePageTest@5fd4f8f5</td></tr>
<tr>
<td title='Inkbox.Tests.HomePageTest.PDP_Validation_GuestUser_Accordion_Max_Mini_Pickedforyou_Arrow_scrollable_ShopinstaVisible()'><b>PDP_Validation_GuestUser_Accordion_Max_Mini_Pickedforyou_Arrow_scrollable_ShopinstaVisible</b><br>Test class: Inkbox.Tests.HomePageTest</td>
<td></td>
<td>119</td>
<td>Inkbox.Tests.HomePageTest@5fd4f8f5</td></tr>
</table><p>
<table width='100%' border='1' class='invocation-skipped'>
<tr><td colspan='4' align='center'><b>SKIPPED TESTS</b></td></tr>
<tr><td><b>Test method</b></td>
<td width="30%"><b>Exception</b></td>
<td width="10%"><b>Time (seconds)</b></td>
<td><b>Instance</b></td>
</tr>
<tr>
<td title='Inkbox.Tests.HomePageTest.Verify_EmailField_Footer()'><b>Verify_EmailField_Footer</b><br>Test class: Inkbox.Tests.HomePageTest</td>
<td><div><pre>java.lang.AssertionError
	at org.junit.Assert.fail(Assert.java:86)
	at org.junit.Assert.fail(Assert.java:95)
	at Helpers.ControlHelpers.ButtonClick(ControlHelpers.java:186)
	at Inkbox.Pages.BasePage.SelectGeoLocation(BasePage.java:211)
	at Inkbox.Tests.HomePageTest.BeforeMethod(HomePageTest.java:348)
	at java.base/java.util.concurrent.ThreadPoolExecutor.runWorker(ThreadPoolExecutor.java:1130)
	at java.base/java.util.concurrent.ThreadPoolExecutor$Worker.run(ThreadPoolExecutor.java:630)
	at java.base/java.lang.Thread.run(Thread.java:831)
... Removed 15 stack frames</pre></div><a href='#' onClick='toggleBox("stack-trace65385621", this, "Click to show all stack frames", "Click to hide stack frames")'>Click to show all stack frames</a>
<div class='stack-trace' id='stack-trace65385621'><pre>java.lang.AssertionError
	at org.junit.Assert.fail(Assert.java:86)
	at org.junit.Assert.fail(Assert.java:95)
	at Helpers.ControlHelpers.ButtonClick(ControlHelpers.java:186)
	at Inkbox.Pages.BasePage.SelectGeoLocation(BasePage.java:211)
	at Inkbox.Tests.HomePageTest.BeforeMethod(HomePageTest.java:348)
	at jdk.internal.reflect.GeneratedMethodAccessor27.invoke(Unknown Source)
	at java.base/jdk.internal.reflect.DelegatingMethodAccessorImpl.invoke(DelegatingMethodAccessorImpl.java:43)
	at java.base/java.lang.reflect.Method.invoke(Method.java:567)
	at org.testng.internal.MethodInvocationHelper.invokeMethod(MethodInvocationHelper.java:133)
	at org.testng.internal.MethodInvocationHelper.invokeMethodConsideringTimeout(MethodInvocationHelper.java:62)
	at org.testng.internal.ConfigInvoker.invokeConfigurationMethod(ConfigInvoker.java:385)
	at org.testng.internal.ConfigInvoker.invokeConfigurations(ConfigInvoker.java:321)
	at org.testng.internal.TestInvoker.runConfigMethods(TestInvoker.java:700)
	at org.testng.internal.TestInvoker.invokeMethod(TestInvoker.java:527)
	at org.testng.internal.TestInvoker.invokeTestMethod(TestInvoker.java:173)
	at org.testng.internal.MethodRunner.runInSequence(MethodRunner.java:46)
	at org.testng.internal.TestInvoker$MethodInvocationAgent.invoke(TestInvoker.java:824)
	at org.testng.internal.TestInvoker.invokeTestMethods(TestInvoker.java:146)
	at org.testng.internal.TestMethodWorker.invokeTestMethods(TestMethodWorker.java:146)
	at org.testng.internal.TestMethodWorker.run(TestMethodWorker.java:128)
	at java.base/java.util.concurrent.ThreadPoolExecutor.runWorker(ThreadPoolExecutor.java:1130)
	at java.base/java.util.concurrent.ThreadPoolExecutor$Worker.run(ThreadPoolExecutor.java:630)
	at java.base/java.lang.Thread.run(Thread.java:831)
</pre></div></td>
<td>0</td>
<td>Inkbox.Tests.HomePageTest@5fd4f8f5</td></tr>
<tr>
<td title='Inkbox.Tests.HomePageTest.Verify_InkoxLogo_Navigation()'><b>Verify_InkoxLogo_Navigation</b><br>Test class: Inkbox.Tests.HomePageTest<br>Parameters: https://inkbox.com/</td>
<td><div><pre>java.lang.AssertionError
	at org.junit.Assert.fail(Assert.java:86)
	at org.junit.Assert.fail(Assert.java:95)
	at Helpers.ControlHelpers.ButtonClick(ControlHelpers.java:186)
	at Inkbox.Pages.BasePage.SelectGeoLocation(BasePage.java:211)
	at Inkbox.Tests.HomePageTest.BeforeMethod(HomePageTest.java:348)
	at java.base/java.util.concurrent.ThreadPoolExecutor.runWorker(ThreadPoolExecutor.java:1130)
	at java.base/java.util.concurrent.ThreadPoolExecutor$Worker.run(ThreadPoolExecutor.java:630)
	at java.base/java.lang.Thread.run(Thread.java:831)
... Removed 15 stack frames</pre></div><a href='#' onClick='toggleBox("stack-trace1197730788", this, "Click to show all stack frames", "Click to hide stack frames")'>Click to show all stack frames</a>
<div class='stack-trace' id='stack-trace1197730788'><pre>java.lang.AssertionError
	at org.junit.Assert.fail(Assert.java:86)
	at org.junit.Assert.fail(Assert.java:95)
	at Helpers.ControlHelpers.ButtonClick(ControlHelpers.java:186)
	at Inkbox.Pages.BasePage.SelectGeoLocation(BasePage.java:211)
	at Inkbox.Tests.HomePageTest.BeforeMethod(HomePageTest.java:348)
	at jdk.internal.reflect.GeneratedMethodAccessor27.invoke(Unknown Source)
	at java.base/jdk.internal.reflect.DelegatingMethodAccessorImpl.invoke(DelegatingMethodAccessorImpl.java:43)
	at java.base/java.lang.reflect.Method.invoke(Method.java:567)
	at org.testng.internal.MethodInvocationHelper.invokeMethod(MethodInvocationHelper.java:133)
	at org.testng.internal.MethodInvocationHelper.invokeMethodConsideringTimeout(MethodInvocationHelper.java:62)
	at org.testng.internal.ConfigInvoker.invokeConfigurationMethod(ConfigInvoker.java:385)
	at org.testng.internal.ConfigInvoker.invokeConfigurations(ConfigInvoker.java:321)
	at org.testng.internal.TestInvoker.runConfigMethods(TestInvoker.java:700)
	at org.testng.internal.TestInvoker.invokeMethod(TestInvoker.java:527)
	at org.testng.internal.TestInvoker.invokeTestMethod(TestInvoker.java:173)
	at org.testng.internal.MethodRunner.runInSequence(MethodRunner.java:46)
	at org.testng.internal.TestInvoker$MethodInvocationAgent.invoke(TestInvoker.java:824)
	at org.testng.internal.TestInvoker.invokeTestMethods(TestInvoker.java:146)
	at org.testng.internal.TestMethodWorker.invokeTestMethods(TestMethodWorker.java:146)
	at org.testng.internal.TestMethodWorker.run(TestMethodWorker.java:128)
	at java.base/java.util.concurrent.ThreadPoolExecutor.runWorker(ThreadPoolExecutor.java:1130)
	at java.base/java.util.concurrent.ThreadPoolExecutor$Worker.run(ThreadPoolExecutor.java:630)
	at java.base/java.lang.Thread.run(Thread.java:831)
</pre></div></td>
<td>0</td>
<td>Inkbox.Tests.HomePageTest@5fd4f8f5</td></tr>
</table><p>
</body>
</html>