<?xml version="1.0" encoding="UTF-8"?>
<!-- Generated by org.testng.reporters.JUnitXMLReporter -->
<testsuite ignored="4" hostname="DESKTOP-9NIDAD7" failures="8" tests="50" name="USD_Cart" time="22314.537" errors="0" timestamp="2022-06-11T07:51:23 EDT">
  <testcase classname="Inkbox.Tests.CustomTest" name="AddingSizeFifth_CustomProducttoCart" time="277.576">
    <skipped/>
  </testcase> <!-- AddingSizeFifth_CustomProducttoCart -->
  <testcase classname="Inkbox.Tests.CustomTest" name="AddingSizeFifth_CustomProducttoCart" time="277.793">
    <failure type="java.lang.AssertionError">
      <![CDATA[java.lang.AssertionError
at org.junit.Assert.fail(Assert.java:86)
at org.junit.Assert.fail(Assert.java:95)
at Helpers.ControlHelpers.ButtonClick2(ControlHelpers.java:182)
at Inkbox.Pages.CustomPage.Validate_CreateYourOwnTattoos_size2(CustomPage.java:192)
at Inkbox.Tests.CustomTest.AddingSizeFifth_CustomProducttoCart(CustomTest.java:83)
at java.base/java.util.concurrent.ThreadPoolExecutor.runWorker(ThreadPoolExecutor.java:1130)
at java.base/java.util.concurrent.ThreadPoolExecutor$Worker.run(ThreadPoolExecutor.java:630)
at java.base/java.lang.Thread.run(Thread.java:831)
... Removed 12 stack frames]]>
    </failure>
  </testcase> <!-- AddingSizeFifth_CustomProducttoCart -->
  <testcase classname="Inkbox.Tests.CustomTest" name="AddingSizeFifth_Two_CustomProducttoCart" time="482.097"/>
  <testcase classname="Inkbox.Tests.CustomTest" name="AddingSizeFourth_CustomProducttoCart" time="280.506">
    <skipped/>
  </testcase> <!-- AddingSizeFourth_CustomProducttoCart -->
  <testcase classname="Inkbox.Tests.CustomTest" name="AddingSizeFourth_CustomProducttoCart" time="467.112"/>
  <testcase classname="Inkbox.Tests.CustomTest" name="AddingSizeThree_CustomProducttoCart" time="289.501">
    <skipped/>
  </testcase> <!-- AddingSizeThree_CustomProducttoCart -->
  <testcase classname="Inkbox.Tests.CustomTest" name="AddingSizeThree_CustomProducttoCart" time="472.807"/>
  <testcase classname="Inkbox.Tests.CustomTest" name="TC_31454_Verify_Gpay_Paypal_and_payments_methods_in_cart_Custom" time="405.437"/>
  <testcase classname="Inkbox.Tests.CustomTest" name="TC_5129_Add_Custom_Preview_product_ToCart" time="369.042"/>
  <testcase classname="Inkbox.Tests.CustomTest" name="TC_5130_Custom_Menubar" time="282.469"/>
  <testcase classname="Inkbox.Tests.CustomTest" name="TC_5131_Validate_CreateYourOwn_Tattoos" time="394.603"/>
  <testcase classname="Inkbox.Tests.CustomTest" name="TC_5132_Validate_FAQ_Navigation_FromCustom" time="307.586"/>
  <testcase classname="Inkbox.Tests.CustomTest" name="TC_5133_Recentlycreated_Validation_Custom" time="242.111">
    <skipped/>
  </testcase> <!-- TC_5133_Recentlycreated_Validation_Custom -->
  <testcase classname="Inkbox.Tests.CustomTest" name="TC_5133_Recentlycreated_Validation_Custom" time="246.382">
    <failure type="java.lang.AssertionError">
      <![CDATA[java.lang.AssertionError
at org.junit.Assert.fail(Assert.java:86)
at org.junit.Assert.fail(Assert.java:95)
at Helpers.ControlHelpers.ButtonClick(ControlHelpers.java:208)
at Inkbox.Pages.CustomPage.Recently_Created(CustomPage.java:139)
at Inkbox.Tests.CustomTest.TC_5133_Recentlycreated_Validation_Custom(CustomTest.java:168)
at java.base/java.util.concurrent.ThreadPoolExecutor.runWorker(ThreadPoolExecutor.java:1130)
at java.base/java.util.concurrent.ThreadPoolExecutor$Worker.run(ThreadPoolExecutor.java:630)
at java.base/java.lang.Thread.run(Thread.java:831)
... Removed 12 stack frames]]>
    </failure>
  </testcase> <!-- TC_5133_Recentlycreated_Validation_Custom -->
  <testcase classname="Inkbox.Tests.CustomTest" name="TC_5134_CommunityCreated_Validation_Custom" time="246.534">
    <skipped/>
  </testcase> <!-- TC_5134_CommunityCreated_Validation_Custom -->
  <testcase classname="Inkbox.Tests.CustomTest" name="TC_5134_CommunityCreated_Validation_Custom" time="242.298">
    <failure type="java.lang.AssertionError">
      <![CDATA[java.lang.AssertionError
at org.junit.Assert.fail(Assert.java:86)
at org.junit.Assert.fail(Assert.java:95)
at Helpers.ControlHelpers.ButtonClick(ControlHelpers.java:208)
at Inkbox.Pages.CustomPage.Community_Created(CustomPage.java:316)
at Inkbox.Tests.CustomTest.TC_5134_CommunityCreated_Validation_Custom(CustomTest.java:176)
at java.base/java.util.concurrent.ThreadPoolExecutor.runWorker(ThreadPoolExecutor.java:1130)
at java.base/java.util.concurrent.ThreadPoolExecutor$Worker.run(ThreadPoolExecutor.java:630)
at java.base/java.lang.Thread.run(Thread.java:831)
... Removed 12 stack frames]]>
    </failure>
  </testcase> <!-- TC_5134_CommunityCreated_Validation_Custom -->
  <testcase classname="Inkbox.Tests.CustomTest" name="TC_5135_Validating_Text_Custom" time="248.323">
    <skipped/>
  </testcase> <!-- TC_5135_Validating_Text_Custom -->
  <testcase classname="Inkbox.Tests.CustomTest" name="TC_5135_Validating_Text_Custom" time="251.304">
    <failure type="java.lang.AssertionError">
      <![CDATA[java.lang.AssertionError
at org.junit.Assert.fail(Assert.java:86)
at org.junit.Assert.fail(Assert.java:95)
at Helpers.ControlHelpers.ButtonClick(ControlHelpers.java:208)
at Inkbox.Pages.CustomPage.NavigateToCustomPage(CustomPage.java:402)
at Inkbox.Pages.CustomPage.TextValidation(CustomPage.java:382)
at Inkbox.Tests.CustomTest.TC_5135_Validating_Text_Custom(CustomTest.java:198)
at java.base/java.util.concurrent.ThreadPoolExecutor.runWorker(ThreadPoolExecutor.java:1130)
at java.base/java.util.concurrent.ThreadPoolExecutor$Worker.run(ThreadPoolExecutor.java:630)
at java.base/java.lang.Thread.run(Thread.java:831)
... Removed 12 stack frames]]>
    </failure>
  </testcase> <!-- TC_5135_Validating_Text_Custom -->
  <testcase classname="Inkbox.Tests.CustomTest" name="TC_5136_Validating_Text_SaveMessage_Custom" time="240.108">
    <skipped/>
  </testcase> <!-- TC_5136_Validating_Text_SaveMessage_Custom -->
  <testcase classname="Inkbox.Tests.CustomTest" name="TC_5136_Validating_Text_SaveMessage_Custom" time="246.428">
    <failure type="java.lang.AssertionError">
      <![CDATA[java.lang.AssertionError
at org.junit.Assert.fail(Assert.java:86)
at org.junit.Assert.fail(Assert.java:95)
at Helpers.ControlHelpers.ButtonClick(ControlHelpers.java:208)
at Inkbox.Pages.CustomPage.NavigateToCustomPage(CustomPage.java:402)
at Inkbox.Pages.CustomPage.TextMessage_Validation(CustomPage.java:344)
at Inkbox.Tests.CustomTest.TC_5136_Validating_Text_SaveMessage_Custom(CustomTest.java:213)
at java.base/java.util.concurrent.ThreadPoolExecutor.runWorker(ThreadPoolExecutor.java:1130)
at java.base/java.util.concurrent.ThreadPoolExecutor$Worker.run(ThreadPoolExecutor.java:630)
at java.base/java.lang.Thread.run(Thread.java:831)
... Removed 12 stack frames]]>
    </failure>
  </testcase> <!-- TC_5136_Validating_Text_SaveMessage_Custom -->
  <testcase classname="Inkbox.Tests.CustomTest" name="TC_5137_Verify_Custom" time="239.225">
    <skipped/>
  </testcase> <!-- TC_5137_Verify_Custom -->
  <testcase classname="Inkbox.Tests.CustomTest" name="TC_5137_Verify_Custom" time="239.234">
    <failure type="java.lang.AssertionError">
      <![CDATA[java.lang.AssertionError
at org.junit.Assert.fail(Assert.java:86)
at org.junit.Assert.fail(Assert.java:95)
at Helpers.ControlHelpers.ButtonClick(ControlHelpers.java:208)
at Inkbox.Pages.ProductsPage.Validate_Custom(ProductsPage.java:1944)
at Inkbox.Tests.CustomTest.TC_5137_Verify_Custom(CustomTest.java:223)
at java.base/java.util.concurrent.ThreadPoolExecutor.runWorker(ThreadPoolExecutor.java:1130)
at java.base/java.util.concurrent.ThreadPoolExecutor$Worker.run(ThreadPoolExecutor.java:630)
at java.base/java.lang.Thread.run(Thread.java:831)
... Removed 12 stack frames]]>
    </failure>
  </testcase> <!-- TC_5137_Verify_Custom -->
  <testcase classname="Inkbox.Tests.CustomTest" name="TC_5138_Validating_TrendingDesigns_Custom" time="244.436">
    <skipped/>
  </testcase> <!-- TC_5138_Validating_TrendingDesigns_Custom -->
  <testcase classname="Inkbox.Tests.CustomTest" name="TC_5138_Validating_TrendingDesigns_Custom" time="241.211">
    <failure type="java.lang.AssertionError">
      <![CDATA[java.lang.AssertionError
at org.junit.Assert.fail(Assert.java:86)
at org.junit.Assert.fail(Assert.java:95)
at Helpers.ControlHelpers.ButtonClick(ControlHelpers.java:208)
at Inkbox.Pages.CustomPage.NavigateToCustomPage(CustomPage.java:402)
at Inkbox.Pages.CustomPage.validating_Designs(CustomPage.java:447)
at Inkbox.Tests.CustomTest.TC_5138_Validating_TrendingDesigns_Custom(CustomTest.java:236)
at java.base/java.util.concurrent.ThreadPoolExecutor.runWorker(ThreadPoolExecutor.java:1130)
at java.base/java.util.concurrent.ThreadPoolExecutor$Worker.run(ThreadPoolExecutor.java:630)
at java.base/java.lang.Thread.run(Thread.java:831)
... Removed 12 stack frames]]>
    </failure>
  </testcase> <!-- TC_5138_Validating_TrendingDesigns_Custom -->
  <testcase classname="Inkbox.Tests.CustomTest" name="TC_5139_Validate_Maxmize_minimize_FAQ_FromCustom" time="116.116"/>
  <testcase classname="Inkbox.Tests.CustomTest" name="TC_81294_AddingSizeTwo_CustomProducttoCart" time="272.211">
    <skipped/>
  </testcase> <!-- TC_81294_AddingSizeTwo_CustomProducttoCart -->
  <testcase classname="Inkbox.Tests.CustomTest" name="TC_81294_AddingSizeTwo_CustomProducttoCart" time="472.913"/>
  <testcase classname="Inkbox.Tests.CartTest" name="TC_31429_Verify_Gpay_Paypal_and_payments_methods_in_cart" time="388.698"/>
  <testcase classname="Inkbox.Tests.CartTest" name="TC_4898_PaymentMethods_Validation_Checkoutpage" time="443.453"/>
  <testcase classname="Inkbox.Tests.CartTest" name="TC_4913_Adding_ProductsToCartFromPDPpage" time="791.416"/>
  <testcase classname="Inkbox.Tests.CartTest" name="TC_4914_PriceValidation" time="317.352"/>
  <testcase classname="Inkbox.Tests.CartTest" name="TC_4915_Validate_Checkout" time="497.928"/>
  <testcase classname="Inkbox.Tests.CartTest" name="TC_4916_Validate_Frequently_PurchasedItemsToCart" time="470.642"/>
  <testcase classname="Inkbox.Tests.CartTest" name="TC_4917_Verify_Continue_To_Checkout" time="403.269"/>
  <testcase classname="Inkbox.Tests.CartTest" name="TC_4918_Verify_Cart_is_Empty" time="240.835"/>
  <testcase classname="Inkbox.Tests.CartTest" name="TC_4921_Verify_Mystery_Bundles" time="353.408"/>
  <testcase classname="Inkbox.Tests.CartTest" name="TC_4922_Verify_Mystery_Bundles_GuestUser" time="217.24"/>
  <testcase classname="Inkbox.Tests.CartTest" name="TC_4923_Validate_BundlesTest" time="364.392"/>
  <testcase classname="Inkbox.Tests.CartTest" name="TC_4924_Validate_Bundles_GuestUser" time="220.651"/>
  <testcase classname="Inkbox.Tests.CartTest" name="TC_4927_Verify_GiftCards" time="367.973"/>
  <testcase classname="Inkbox.Tests.CartTest" name="TC_4928_Verify_GiftCards_GuestUser" time="218.56"/>
  <testcase classname="Inkbox.Tests.CartTest" name="TC_4929_GuestScenario_Adding_ItemsTocart" time="237.174"/>
  <testcase classname="Inkbox.Tests.CartTest" name="TC_4930_ValidateItems_Adding_To_Cart" time="376.398"/>
  <testcase classname="Inkbox.Tests.CartTest" name="TC_4931_IncreamentProduct_InCart_And_INC_cannot_remove_item_from_cart" time="447.019"/>
  <testcase classname="Inkbox.Tests.CartTest" name="TC_4932_VerifyFreeShippingMessage" time="310.91">
    <skipped/>
  </testcase> <!-- TC_4932_VerifyFreeShippingMessage -->
  <testcase classname="Inkbox.Tests.CartTest" name="TC_4932_VerifyFreeShippingMessage" time="348.069">
    <failure type="java.lang.NumberFormatException" message="For input string: &amp;quot;25.50USD&amp;quot;">
      <![CDATA[java.lang.NumberFormatException: For input string: "25.50USD"
at java.base/jdk.internal.math.FloatingDecimal.readJavaFormatString(FloatingDecimal.java:2054)
at java.base/jdk.internal.math.FloatingDecimal.parseFloat(FloatingDecimal.java:122)
at java.base/java.lang.Float.parseFloat(Float.java:468)
at Inkbox.Tests.CartTest.TC_4932_VerifyFreeShippingMessage(CartTest.java:461)
at java.base/java.util.concurrent.ThreadPoolExecutor.runWorker(ThreadPoolExecutor.java:1130)
at java.base/java.util.concurrent.ThreadPoolExecutor$Worker.run(ThreadPoolExecutor.java:630)
at java.base/java.lang.Thread.run(Thread.java:831)
... Removed 12 stack frames]]>
    </failure>
  </testcase> <!-- TC_4932_VerifyFreeShippingMessage -->
  <testcase classname="Inkbox.Tests.CartTest" name="TC_4933_AddItemsToCart_without_Login_and_ValidateAfterLogin" time="456.374"/>
  <testcase classname="Inkbox.Tests.CartTest" name="TC_4998_Validate_ZeroItemsIncart" time="431.938"/>
  <testcase classname="Inkbox.Tests.CartTest" name="TC_4999_KeepShoping_Validation" time="382.697"/>
  <testcase classname="Inkbox.Tests.CartTest" name="TC_7483_LearnMoreSectionTieredDiscountsBannerInCart" time="276.85"/>
  <testcase classname="Helpers.LaunchDriver" name="@AfterSuite afterSuite" time="0.0">
    <ignored/>
  </testcase> <!-- @AfterSuite afterSuite -->
  <testcase classname="Inkbox.Tests.CustomTest" name="TC_5057_Validate_freeShipping_Message_Custom" time="0.0">
    <ignored/>
  </testcase> <!-- TC_5057_Validate_freeShipping_Message_Custom -->
  <testcase classname="Helpers.LaunchDriver" name="@BeforeSuite beforeSuite" time="0.0">
    <ignored/>
  </testcase> <!-- @BeforeSuite beforeSuite -->
  <testcase classname="Helpers.LaunchDriver" name="@BeforeTest beforeTest" time="0.0">
    <ignored/>
  </testcase> <!-- @BeforeTest beforeTest -->
</testsuite> <!-- USD_Cart -->
