<html>
<head>
<title>TestNG:  USD_Cart</title>
<link href="../testng.css" rel="stylesheet" type="text/css" />
<link href="../my-testng.css" rel="stylesheet" type="text/css" />

<style type="text/css">
.log { display: none;} 
.stack-trace { display: none;} 
</style>
<script type="text/javascript">
<!--
function flip(e) {
  current = e.style.display;
  if (current == 'block') {
    e.style.display = 'none';
    return 0;
  }
  else {
    e.style.display = 'block';
    return 1;
  }
}

function toggleBox(szDivId, elem, msg1, msg2)
{
  var res = -1;  if (document.getElementById) {
    res = flip(document.getElementById(szDivId));
  }
  else if (document.all) {
    // this is the way old msie versions work
    res = flip(document.all[szDivId]);
  }
  if(elem) {
    if(res == 0) elem.innerHTML = msg1; else elem.innerHTML = msg2;
  }

}

function toggleAllBoxes() {
  if (document.getElementsByTagName) {
    d = document.getElementsByTagName('div');
    for (i = 0; i < d.length; i++) {
      if (d[i].className == 'log') {
        flip(d[i]);
      }
    }
  }
}

// -->
</script>

</head>
<body>
<h2 align='center'>USD_Cart</h2><table border='1' align="center">
<tr>
<td>Tests passed/Failed/Skipped:</td><td>31/8/11</td>
</tr><tr>
<td>Started on:</td><td>Sat Jun 11 01:39:28 EDT 2022</td>
</tr>
<tr><td>Total time:</td><td>22314 seconds (22314537 ms)</td>
</tr><tr>
<td>Included groups:</td><td></td>
</tr><tr>
<td>Excluded groups:</td><td></td>
</tr>
</table><p/>
<small><i>(Hover the method name to see the test class name)</i></small><p/>
<table width='100%' border='1' class='invocation-failed'>
<tr><td colspan='4' align='center'><b>FAILED TESTS</b></td></tr>
<tr><td><b>Test method</b></td>
<td width="30%"><b>Exception</b></td>
<td width="10%"><b>Time (seconds)</b></td>
<td><b>Instance</b></td>
</tr>
<tr>
<td title='Inkbox.Tests.CustomTest.TC_5135_Validating_Text_Custom()'><b>TC_5135_Validating_Text_Custom</b><br>Test class: Inkbox.Tests.CustomTest<br>Parameters: https://inkbox.com/</td>
<td><div><pre>java.lang.AssertionError
	at org.junit.Assert.fail(Assert.java:86)
	at org.junit.Assert.fail(Assert.java:95)
	at Helpers.ControlHelpers.ButtonClick(ControlHelpers.java:208)
	at Inkbox.Pages.CustomPage.NavigateToCustomPage(CustomPage.java:402)
	at Inkbox.Pages.CustomPage.TextValidation(CustomPage.java:382)
	at Inkbox.Tests.CustomTest.TC_5135_Validating_Text_Custom(CustomTest.java:198)
	at java.base/java.util.concurrent.ThreadPoolExecutor.runWorker(ThreadPoolExecutor.java:1130)
	at java.base/java.util.concurrent.ThreadPoolExecutor$Worker.run(ThreadPoolExecutor.java:630)
	at java.base/java.lang.Thread.run(Thread.java:831)
... Removed 12 stack frames</pre></div><a href='#' onClick='toggleBox("stack-trace2128852579", this, "Click to show all stack frames", "Click to hide stack frames")'>Click to show all stack frames</a>
<div class='stack-trace' id='stack-trace2128852579'><pre>java.lang.AssertionError
	at org.junit.Assert.fail(Assert.java:86)
	at org.junit.Assert.fail(Assert.java:95)
	at Helpers.ControlHelpers.ButtonClick(ControlHelpers.java:208)
	at Inkbox.Pages.CustomPage.NavigateToCustomPage(CustomPage.java:402)
	at Inkbox.Pages.CustomPage.TextValidation(CustomPage.java:382)
	at Inkbox.Tests.CustomTest.TC_5135_Validating_Text_Custom(CustomTest.java:198)
	at java.base/jdk.internal.reflect.NativeMethodAccessorImpl.invoke0(Native Method)
	at java.base/jdk.internal.reflect.NativeMethodAccessorImpl.invoke(NativeMethodAccessorImpl.java:78)
	at java.base/jdk.internal.reflect.DelegatingMethodAccessorImpl.invoke(DelegatingMethodAccessorImpl.java:43)
	at java.base/java.lang.reflect.Method.invoke(Method.java:567)
	at org.testng.internal.MethodInvocationHelper.invokeMethod(MethodInvocationHelper.java:133)
	at org.testng.internal.TestInvoker.invokeMethod(TestInvoker.java:598)
	at org.testng.internal.TestInvoker.retryFailed(TestInvoker.java:213)
	at org.testng.internal.MethodRunner.runInSequence(MethodRunner.java:58)
	at org.testng.internal.TestInvoker$MethodInvocationAgent.invoke(TestInvoker.java:824)
	at org.testng.internal.TestInvoker.invokeTestMethods(TestInvoker.java:146)
	at org.testng.internal.TestMethodWorker.invokeTestMethods(TestMethodWorker.java:146)
	at org.testng.internal.TestMethodWorker.run(TestMethodWorker.java:128)
	at java.base/java.util.concurrent.ThreadPoolExecutor.runWorker(ThreadPoolExecutor.java:1130)
	at java.base/java.util.concurrent.ThreadPoolExecutor$Worker.run(ThreadPoolExecutor.java:630)
	at java.base/java.lang.Thread.run(Thread.java:831)
</pre></div></td>
<td>251</td>
<td>Inkbox.Tests.CustomTest@791f145a</td></tr>
<tr>
<td title='Inkbox.Tests.CustomTest.TC_5137_Verify_Custom()'><b>TC_5137_Verify_Custom</b><br>Test class: Inkbox.Tests.CustomTest<br>Parameters: https://inkbox.com/</td>
<td><div><pre>java.lang.AssertionError
	at org.junit.Assert.fail(Assert.java:86)
	at org.junit.Assert.fail(Assert.java:95)
	at Helpers.ControlHelpers.ButtonClick(ControlHelpers.java:208)
	at Inkbox.Pages.ProductsPage.Validate_Custom(ProductsPage.java:1944)
	at Inkbox.Tests.CustomTest.TC_5137_Verify_Custom(CustomTest.java:223)
	at java.base/java.util.concurrent.ThreadPoolExecutor.runWorker(ThreadPoolExecutor.java:1130)
	at java.base/java.util.concurrent.ThreadPoolExecutor$Worker.run(ThreadPoolExecutor.java:630)
	at java.base/java.lang.Thread.run(Thread.java:831)
... Removed 12 stack frames</pre></div><a href='#' onClick='toggleBox("stack-trace1440440584", this, "Click to show all stack frames", "Click to hide stack frames")'>Click to show all stack frames</a>
<div class='stack-trace' id='stack-trace1440440584'><pre>java.lang.AssertionError
	at org.junit.Assert.fail(Assert.java:86)
	at org.junit.Assert.fail(Assert.java:95)
	at Helpers.ControlHelpers.ButtonClick(ControlHelpers.java:208)
	at Inkbox.Pages.ProductsPage.Validate_Custom(ProductsPage.java:1944)
	at Inkbox.Tests.CustomTest.TC_5137_Verify_Custom(CustomTest.java:223)
	at java.base/jdk.internal.reflect.NativeMethodAccessorImpl.invoke0(Native Method)
	at java.base/jdk.internal.reflect.NativeMethodAccessorImpl.invoke(NativeMethodAccessorImpl.java:78)
	at java.base/jdk.internal.reflect.DelegatingMethodAccessorImpl.invoke(DelegatingMethodAccessorImpl.java:43)
	at java.base/java.lang.reflect.Method.invoke(Method.java:567)
	at org.testng.internal.MethodInvocationHelper.invokeMethod(MethodInvocationHelper.java:133)
	at org.testng.internal.TestInvoker.invokeMethod(TestInvoker.java:598)
	at org.testng.internal.TestInvoker.retryFailed(TestInvoker.java:213)
	at org.testng.internal.MethodRunner.runInSequence(MethodRunner.java:58)
	at org.testng.internal.TestInvoker$MethodInvocationAgent.invoke(TestInvoker.java:824)
	at org.testng.internal.TestInvoker.invokeTestMethods(TestInvoker.java:146)
	at org.testng.internal.TestMethodWorker.invokeTestMethods(TestMethodWorker.java:146)
	at org.testng.internal.TestMethodWorker.run(TestMethodWorker.java:128)
	at java.base/java.util.concurrent.ThreadPoolExecutor.runWorker(ThreadPoolExecutor.java:1130)
	at java.base/java.util.concurrent.ThreadPoolExecutor$Worker.run(ThreadPoolExecutor.java:630)
	at java.base/java.lang.Thread.run(Thread.java:831)
</pre></div></td>
<td>239</td>
<td>Inkbox.Tests.CustomTest@791f145a</td></tr>
<tr>
<td title='Inkbox.Tests.CustomTest.TC_5133_Recentlycreated_Validation_Custom()'><b>TC_5133_Recentlycreated_Validation_Custom</b><br>Test class: Inkbox.Tests.CustomTest</td>
<td><div><pre>java.lang.AssertionError
	at org.junit.Assert.fail(Assert.java:86)
	at org.junit.Assert.fail(Assert.java:95)
	at Helpers.ControlHelpers.ButtonClick(ControlHelpers.java:208)
	at Inkbox.Pages.CustomPage.Recently_Created(CustomPage.java:139)
	at Inkbox.Tests.CustomTest.TC_5133_Recentlycreated_Validation_Custom(CustomTest.java:168)
	at java.base/java.util.concurrent.ThreadPoolExecutor.runWorker(ThreadPoolExecutor.java:1130)
	at java.base/java.util.concurrent.ThreadPoolExecutor$Worker.run(ThreadPoolExecutor.java:630)
	at java.base/java.lang.Thread.run(Thread.java:831)
... Removed 12 stack frames</pre></div><a href='#' onClick='toggleBox("stack-trace718664305", this, "Click to show all stack frames", "Click to hide stack frames")'>Click to show all stack frames</a>
<div class='stack-trace' id='stack-trace718664305'><pre>java.lang.AssertionError
	at org.junit.Assert.fail(Assert.java:86)
	at org.junit.Assert.fail(Assert.java:95)
	at Helpers.ControlHelpers.ButtonClick(ControlHelpers.java:208)
	at Inkbox.Pages.CustomPage.Recently_Created(CustomPage.java:139)
	at Inkbox.Tests.CustomTest.TC_5133_Recentlycreated_Validation_Custom(CustomTest.java:168)
	at java.base/jdk.internal.reflect.NativeMethodAccessorImpl.invoke0(Native Method)
	at java.base/jdk.internal.reflect.NativeMethodAccessorImpl.invoke(NativeMethodAccessorImpl.java:78)
	at java.base/jdk.internal.reflect.DelegatingMethodAccessorImpl.invoke(DelegatingMethodAccessorImpl.java:43)
	at java.base/java.lang.reflect.Method.invoke(Method.java:567)
	at org.testng.internal.MethodInvocationHelper.invokeMethod(MethodInvocationHelper.java:133)
	at org.testng.internal.TestInvoker.invokeMethod(TestInvoker.java:598)
	at org.testng.internal.TestInvoker.retryFailed(TestInvoker.java:213)
	at org.testng.internal.MethodRunner.runInSequence(MethodRunner.java:58)
	at org.testng.internal.TestInvoker$MethodInvocationAgent.invoke(TestInvoker.java:824)
	at org.testng.internal.TestInvoker.invokeTestMethods(TestInvoker.java:146)
	at org.testng.internal.TestMethodWorker.invokeTestMethods(TestMethodWorker.java:146)
	at org.testng.internal.TestMethodWorker.run(TestMethodWorker.java:128)
	at java.base/java.util.concurrent.ThreadPoolExecutor.runWorker(ThreadPoolExecutor.java:1130)
	at java.base/java.util.concurrent.ThreadPoolExecutor$Worker.run(ThreadPoolExecutor.java:630)
	at java.base/java.lang.Thread.run(Thread.java:831)
</pre></div></td>
<td>246</td>
<td>Inkbox.Tests.CustomTest@791f145a</td></tr>
<tr>
<td title='Inkbox.Tests.CustomTest.TC_5138_Validating_TrendingDesigns_Custom()'><b>TC_5138_Validating_TrendingDesigns_Custom</b><br>Test class: Inkbox.Tests.CustomTest<br>Parameters: https://inkbox.com/</td>
<td><div><pre>java.lang.AssertionError
	at org.junit.Assert.fail(Assert.java:86)
	at org.junit.Assert.fail(Assert.java:95)
	at Helpers.ControlHelpers.ButtonClick(ControlHelpers.java:208)
	at Inkbox.Pages.CustomPage.NavigateToCustomPage(CustomPage.java:402)
	at Inkbox.Pages.CustomPage.validating_Designs(CustomPage.java:447)
	at Inkbox.Tests.CustomTest.TC_5138_Validating_TrendingDesigns_Custom(CustomTest.java:236)
	at java.base/java.util.concurrent.ThreadPoolExecutor.runWorker(ThreadPoolExecutor.java:1130)
	at java.base/java.util.concurrent.ThreadPoolExecutor$Worker.run(ThreadPoolExecutor.java:630)
	at java.base/java.lang.Thread.run(Thread.java:831)
... Removed 12 stack frames</pre></div><a href='#' onClick='toggleBox("stack-trace1233393520", this, "Click to show all stack frames", "Click to hide stack frames")'>Click to show all stack frames</a>
<div class='stack-trace' id='stack-trace1233393520'><pre>java.lang.AssertionError
	at org.junit.Assert.fail(Assert.java:86)
	at org.junit.Assert.fail(Assert.java:95)
	at Helpers.ControlHelpers.ButtonClick(ControlHelpers.java:208)
	at Inkbox.Pages.CustomPage.NavigateToCustomPage(CustomPage.java:402)
	at Inkbox.Pages.CustomPage.validating_Designs(CustomPage.java:447)
	at Inkbox.Tests.CustomTest.TC_5138_Validating_TrendingDesigns_Custom(CustomTest.java:236)
	at java.base/jdk.internal.reflect.NativeMethodAccessorImpl.invoke0(Native Method)
	at java.base/jdk.internal.reflect.NativeMethodAccessorImpl.invoke(NativeMethodAccessorImpl.java:78)
	at java.base/jdk.internal.reflect.DelegatingMethodAccessorImpl.invoke(DelegatingMethodAccessorImpl.java:43)
	at java.base/java.lang.reflect.Method.invoke(Method.java:567)
	at org.testng.internal.MethodInvocationHelper.invokeMethod(MethodInvocationHelper.java:133)
	at org.testng.internal.TestInvoker.invokeMethod(TestInvoker.java:598)
	at org.testng.internal.TestInvoker.retryFailed(TestInvoker.java:213)
	at org.testng.internal.MethodRunner.runInSequence(MethodRunner.java:58)
	at org.testng.internal.TestInvoker$MethodInvocationAgent.invoke(TestInvoker.java:824)
	at org.testng.internal.TestInvoker.invokeTestMethods(TestInvoker.java:146)
	at org.testng.internal.TestMethodWorker.invokeTestMethods(TestMethodWorker.java:146)
	at org.testng.internal.TestMethodWorker.run(TestMethodWorker.java:128)
	at java.base/java.util.concurrent.ThreadPoolExecutor.runWorker(ThreadPoolExecutor.java:1130)
	at java.base/java.util.concurrent.ThreadPoolExecutor$Worker.run(ThreadPoolExecutor.java:630)
	at java.base/java.lang.Thread.run(Thread.java:831)
</pre></div></td>
<td>241</td>
<td>Inkbox.Tests.CustomTest@791f145a</td></tr>
<tr>
<td title='Inkbox.Tests.CustomTest.AddingSizeFifth_CustomProducttoCart()'><b>AddingSizeFifth_CustomProducttoCart</b><br>Test class: Inkbox.Tests.CustomTest<br>Parameters: https://inkbox.com/, USD</td>
<td><div><pre>java.lang.AssertionError
	at org.junit.Assert.fail(Assert.java:86)
	at org.junit.Assert.fail(Assert.java:95)
	at Helpers.ControlHelpers.ButtonClick2(ControlHelpers.java:182)
	at Inkbox.Pages.CustomPage.Validate_CreateYourOwnTattoos_size2(CustomPage.java:192)
	at Inkbox.Tests.CustomTest.AddingSizeFifth_CustomProducttoCart(CustomTest.java:83)
	at java.base/java.util.concurrent.ThreadPoolExecutor.runWorker(ThreadPoolExecutor.java:1130)
	at java.base/java.util.concurrent.ThreadPoolExecutor$Worker.run(ThreadPoolExecutor.java:630)
	at java.base/java.lang.Thread.run(Thread.java:831)
... Removed 12 stack frames</pre></div><a href='#' onClick='toggleBox("stack-trace1389875537", this, "Click to show all stack frames", "Click to hide stack frames")'>Click to show all stack frames</a>
<div class='stack-trace' id='stack-trace1389875537'><pre>java.lang.AssertionError
	at org.junit.Assert.fail(Assert.java:86)
	at org.junit.Assert.fail(Assert.java:95)
	at Helpers.ControlHelpers.ButtonClick2(ControlHelpers.java:182)
	at Inkbox.Pages.CustomPage.Validate_CreateYourOwnTattoos_size2(CustomPage.java:192)
	at Inkbox.Tests.CustomTest.AddingSizeFifth_CustomProducttoCart(CustomTest.java:83)
	at java.base/jdk.internal.reflect.NativeMethodAccessorImpl.invoke0(Native Method)
	at java.base/jdk.internal.reflect.NativeMethodAccessorImpl.invoke(NativeMethodAccessorImpl.java:78)
	at java.base/jdk.internal.reflect.DelegatingMethodAccessorImpl.invoke(DelegatingMethodAccessorImpl.java:43)
	at java.base/java.lang.reflect.Method.invoke(Method.java:567)
	at org.testng.internal.MethodInvocationHelper.invokeMethod(MethodInvocationHelper.java:133)
	at org.testng.internal.TestInvoker.invokeMethod(TestInvoker.java:598)
	at org.testng.internal.TestInvoker.retryFailed(TestInvoker.java:213)
	at org.testng.internal.MethodRunner.runInSequence(MethodRunner.java:58)
	at org.testng.internal.TestInvoker$MethodInvocationAgent.invoke(TestInvoker.java:824)
	at org.testng.internal.TestInvoker.invokeTestMethods(TestInvoker.java:146)
	at org.testng.internal.TestMethodWorker.invokeTestMethods(TestMethodWorker.java:146)
	at org.testng.internal.TestMethodWorker.run(TestMethodWorker.java:128)
	at java.base/java.util.concurrent.ThreadPoolExecutor.runWorker(ThreadPoolExecutor.java:1130)
	at java.base/java.util.concurrent.ThreadPoolExecutor$Worker.run(ThreadPoolExecutor.java:630)
	at java.base/java.lang.Thread.run(Thread.java:831)
</pre></div></td>
<td>277</td>
<td>Inkbox.Tests.CustomTest@791f145a</td></tr>
<tr>
<td title='Inkbox.Tests.CustomTest.TC_5134_CommunityCreated_Validation_Custom()'><b>TC_5134_CommunityCreated_Validation_Custom</b><br>Test class: Inkbox.Tests.CustomTest</td>
<td><div><pre>java.lang.AssertionError
	at org.junit.Assert.fail(Assert.java:86)
	at org.junit.Assert.fail(Assert.java:95)
	at Helpers.ControlHelpers.ButtonClick(ControlHelpers.java:208)
	at Inkbox.Pages.CustomPage.Community_Created(CustomPage.java:316)
	at Inkbox.Tests.CustomTest.TC_5134_CommunityCreated_Validation_Custom(CustomTest.java:176)
	at java.base/java.util.concurrent.ThreadPoolExecutor.runWorker(ThreadPoolExecutor.java:1130)
	at java.base/java.util.concurrent.ThreadPoolExecutor$Worker.run(ThreadPoolExecutor.java:630)
	at java.base/java.lang.Thread.run(Thread.java:831)
... Removed 12 stack frames</pre></div><a href='#' onClick='toggleBox("stack-trace1634253470", this, "Click to show all stack frames", "Click to hide stack frames")'>Click to show all stack frames</a>
<div class='stack-trace' id='stack-trace1634253470'><pre>java.lang.AssertionError
	at org.junit.Assert.fail(Assert.java:86)
	at org.junit.Assert.fail(Assert.java:95)
	at Helpers.ControlHelpers.ButtonClick(ControlHelpers.java:208)
	at Inkbox.Pages.CustomPage.Community_Created(CustomPage.java:316)
	at Inkbox.Tests.CustomTest.TC_5134_CommunityCreated_Validation_Custom(CustomTest.java:176)
	at java.base/jdk.internal.reflect.NativeMethodAccessorImpl.invoke0(Native Method)
	at java.base/jdk.internal.reflect.NativeMethodAccessorImpl.invoke(NativeMethodAccessorImpl.java:78)
	at java.base/jdk.internal.reflect.DelegatingMethodAccessorImpl.invoke(DelegatingMethodAccessorImpl.java:43)
	at java.base/java.lang.reflect.Method.invoke(Method.java:567)
	at org.testng.internal.MethodInvocationHelper.invokeMethod(MethodInvocationHelper.java:133)
	at org.testng.internal.TestInvoker.invokeMethod(TestInvoker.java:598)
	at org.testng.internal.TestInvoker.retryFailed(TestInvoker.java:213)
	at org.testng.internal.MethodRunner.runInSequence(MethodRunner.java:58)
	at org.testng.internal.TestInvoker$MethodInvocationAgent.invoke(TestInvoker.java:824)
	at org.testng.internal.TestInvoker.invokeTestMethods(TestInvoker.java:146)
	at org.testng.internal.TestMethodWorker.invokeTestMethods(TestMethodWorker.java:146)
	at org.testng.internal.TestMethodWorker.run(TestMethodWorker.java:128)
	at java.base/java.util.concurrent.ThreadPoolExecutor.runWorker(ThreadPoolExecutor.java:1130)
	at java.base/java.util.concurrent.ThreadPoolExecutor$Worker.run(ThreadPoolExecutor.java:630)
	at java.base/java.lang.Thread.run(Thread.java:831)
</pre></div></td>
<td>242</td>
<td>Inkbox.Tests.CustomTest@791f145a</td></tr>
<tr>
<td title='Inkbox.Tests.CartTest.TC_4932_VerifyFreeShippingMessage()'><b>TC_4932_VerifyFreeShippingMessage</b><br>Test class: Inkbox.Tests.CartTest</td>
<td><div><pre>java.lang.NumberFormatException: For input string: &quot;25.50USD&quot;
	at java.base/jdk.internal.math.FloatingDecimal.readJavaFormatString(FloatingDecimal.java:2054)
	at java.base/jdk.internal.math.FloatingDecimal.parseFloat(FloatingDecimal.java:122)
	at java.base/java.lang.Float.parseFloat(Float.java:468)
	at Inkbox.Tests.CartTest.TC_4932_VerifyFreeShippingMessage(CartTest.java:461)
	at java.base/java.util.concurrent.ThreadPoolExecutor.runWorker(ThreadPoolExecutor.java:1130)
	at java.base/java.util.concurrent.ThreadPoolExecutor$Worker.run(ThreadPoolExecutor.java:630)
	at java.base/java.lang.Thread.run(Thread.java:831)
... Removed 12 stack frames</pre></div><a href='#' onClick='toggleBox("stack-trace1572961", this, "Click to show all stack frames", "Click to hide stack frames")'>Click to show all stack frames</a>
<div class='stack-trace' id='stack-trace1572961'><pre>java.lang.NumberFormatException: For input string: &quot;25.50USD&quot;
	at java.base/jdk.internal.math.FloatingDecimal.readJavaFormatString(FloatingDecimal.java:2054)
	at java.base/jdk.internal.math.FloatingDecimal.parseFloat(FloatingDecimal.java:122)
	at java.base/java.lang.Float.parseFloat(Float.java:468)
	at Inkbox.Tests.CartTest.TC_4932_VerifyFreeShippingMessage(CartTest.java:461)
	at java.base/jdk.internal.reflect.NativeMethodAccessorImpl.invoke0(Native Method)
	at java.base/jdk.internal.reflect.NativeMethodAccessorImpl.invoke(NativeMethodAccessorImpl.java:78)
	at java.base/jdk.internal.reflect.DelegatingMethodAccessorImpl.invoke(DelegatingMethodAccessorImpl.java:43)
	at java.base/java.lang.reflect.Method.invoke(Method.java:567)
	at org.testng.internal.MethodInvocationHelper.invokeMethod(MethodInvocationHelper.java:133)
	at org.testng.internal.TestInvoker.invokeMethod(TestInvoker.java:598)
	at org.testng.internal.TestInvoker.retryFailed(TestInvoker.java:213)
	at org.testng.internal.MethodRunner.runInSequence(MethodRunner.java:58)
	at org.testng.internal.TestInvoker$MethodInvocationAgent.invoke(TestInvoker.java:824)
	at org.testng.internal.TestInvoker.invokeTestMethods(TestInvoker.java:146)
	at org.testng.internal.TestMethodWorker.invokeTestMethods(TestMethodWorker.java:146)
	at org.testng.internal.TestMethodWorker.run(TestMethodWorker.java:128)
	at java.base/java.util.concurrent.ThreadPoolExecutor.runWorker(ThreadPoolExecutor.java:1130)
	at java.base/java.util.concurrent.ThreadPoolExecutor$Worker.run(ThreadPoolExecutor.java:630)
	at java.base/java.lang.Thread.run(Thread.java:831)
</pre></div></td>
<td>348</td>
<td>Inkbox.Tests.CartTest@4b45a2f5</td></tr>
<tr>
<td title='Inkbox.Tests.CustomTest.TC_5136_Validating_Text_SaveMessage_Custom()'><b>TC_5136_Validating_Text_SaveMessage_Custom</b><br>Test class: Inkbox.Tests.CustomTest<br>Parameters: https://inkbox.com/</td>
<td><div><pre>java.lang.AssertionError
	at org.junit.Assert.fail(Assert.java:86)
	at org.junit.Assert.fail(Assert.java:95)
	at Helpers.ControlHelpers.ButtonClick(ControlHelpers.java:208)
	at Inkbox.Pages.CustomPage.NavigateToCustomPage(CustomPage.java:402)
	at Inkbox.Pages.CustomPage.TextMessage_Validation(CustomPage.java:344)
	at Inkbox.Tests.CustomTest.TC_5136_Validating_Text_SaveMessage_Custom(CustomTest.java:213)
	at java.base/java.util.concurrent.ThreadPoolExecutor.runWorker(ThreadPoolExecutor.java:1130)
	at java.base/java.util.concurrent.ThreadPoolExecutor$Worker.run(ThreadPoolExecutor.java:630)
	at java.base/java.lang.Thread.run(Thread.java:831)
... Removed 12 stack frames</pre></div><a href='#' onClick='toggleBox("stack-trace1051382736", this, "Click to show all stack frames", "Click to hide stack frames")'>Click to show all stack frames</a>
<div class='stack-trace' id='stack-trace1051382736'><pre>java.lang.AssertionError
	at org.junit.Assert.fail(Assert.java:86)
	at org.junit.Assert.fail(Assert.java:95)
	at Helpers.ControlHelpers.ButtonClick(ControlHelpers.java:208)
	at Inkbox.Pages.CustomPage.NavigateToCustomPage(CustomPage.java:402)
	at Inkbox.Pages.CustomPage.TextMessage_Validation(CustomPage.java:344)
	at Inkbox.Tests.CustomTest.TC_5136_Validating_Text_SaveMessage_Custom(CustomTest.java:213)
	at java.base/jdk.internal.reflect.NativeMethodAccessorImpl.invoke0(Native Method)
	at java.base/jdk.internal.reflect.NativeMethodAccessorImpl.invoke(NativeMethodAccessorImpl.java:78)
	at java.base/jdk.internal.reflect.DelegatingMethodAccessorImpl.invoke(DelegatingMethodAccessorImpl.java:43)
	at java.base/java.lang.reflect.Method.invoke(Method.java:567)
	at org.testng.internal.MethodInvocationHelper.invokeMethod(MethodInvocationHelper.java:133)
	at org.testng.internal.TestInvoker.invokeMethod(TestInvoker.java:598)
	at org.testng.internal.TestInvoker.retryFailed(TestInvoker.java:213)
	at org.testng.internal.MethodRunner.runInSequence(MethodRunner.java:58)
	at org.testng.internal.TestInvoker$MethodInvocationAgent.invoke(TestInvoker.java:824)
	at org.testng.internal.TestInvoker.invokeTestMethods(TestInvoker.java:146)
	at org.testng.internal.TestMethodWorker.invokeTestMethods(TestMethodWorker.java:146)
	at org.testng.internal.TestMethodWorker.run(TestMethodWorker.java:128)
	at java.base/java.util.concurrent.ThreadPoolExecutor.runWorker(ThreadPoolExecutor.java:1130)
	at java.base/java.util.concurrent.ThreadPoolExecutor$Worker.run(ThreadPoolExecutor.java:630)
	at java.base/java.lang.Thread.run(Thread.java:831)
</pre></div></td>
<td>246</td>
<td>Inkbox.Tests.CustomTest@791f145a</td></tr>
</table><p>
<table width='100%' border='1' class='invocation-passed'>
<tr><td colspan='4' align='center'><b>PASSED TESTS</b></td></tr>
<tr><td><b>Test method</b></td>
<td width="30%"><b>Exception</b></td>
<td width="10%"><b>Time (seconds)</b></td>
<td><b>Instance</b></td>
</tr>
<tr>
<td title='Inkbox.Tests.CartTest.TC_4921_Verify_Mystery_Bundles()'><b>TC_4921_Verify_Mystery_Bundles</b><br>Test class: Inkbox.Tests.CartTest</td>
<td></td>
<td>353</td>
<td>Inkbox.Tests.CartTest@4b45a2f5</td></tr>
<tr>
<td title='Inkbox.Tests.CartTest.TC_4923_Validate_BundlesTest()'><b>TC_4923_Validate_BundlesTest</b><br>Test class: Inkbox.Tests.CartTest</td>
<td></td>
<td>364</td>
<td>Inkbox.Tests.CartTest@4b45a2f5</td></tr>
<tr>
<td title='Inkbox.Tests.CartTest.TC_4999_KeepShoping_Validation()'><b>TC_4999_KeepShoping_Validation</b><br>Test class: Inkbox.Tests.CartTest</td>
<td></td>
<td>382</td>
<td>Inkbox.Tests.CartTest@4b45a2f5</td></tr>
<tr>
<td title='Inkbox.Tests.CustomTest.TC_5130_Custom_Menubar()'><b>TC_5130_Custom_Menubar</b><br>Test class: Inkbox.Tests.CustomTest<br>Parameters: https://inkbox.com/</td>
<td></td>
<td>282</td>
<td>Inkbox.Tests.CustomTest@791f145a</td></tr>
<tr>
<td title='Inkbox.Tests.CartTest.TC_31429_Verify_Gpay_Paypal_and_payments_methods_in_cart()'><b>TC_31429_Verify_Gpay_Paypal_and_payments_methods_in_cart</b><br>Test class: Inkbox.Tests.CartTest</td>
<td></td>
<td>388</td>
<td>Inkbox.Tests.CartTest@4b45a2f5</td></tr>
<tr>
<td title='Inkbox.Tests.CartTest.TC_4927_Verify_GiftCards()'><b>TC_4927_Verify_GiftCards</b><br>Test class: Inkbox.Tests.CartTest</td>
<td></td>
<td>367</td>
<td>Inkbox.Tests.CartTest@4b45a2f5</td></tr>
<tr>
<td title='Inkbox.Tests.CustomTest.TC_5131_Validate_CreateYourOwn_Tattoos()'><b>TC_5131_Validate_CreateYourOwn_Tattoos</b><br>Test class: Inkbox.Tests.CustomTest<br>Parameters: https://inkbox.com/</td>
<td></td>
<td>394</td>
<td>Inkbox.Tests.CustomTest@791f145a</td></tr>
<tr>
<td title='Inkbox.Tests.CartTest.TC_4998_Validate_ZeroItemsIncart()'><b>TC_4998_Validate_ZeroItemsIncart</b><br>Test class: Inkbox.Tests.CartTest</td>
<td></td>
<td>431</td>
<td>Inkbox.Tests.CartTest@4b45a2f5</td></tr>
<tr>
<td title='Inkbox.Tests.CartTest.TC_4928_Verify_GiftCards_GuestUser()'><b>TC_4928_Verify_GiftCards_GuestUser</b><br>Test class: Inkbox.Tests.CartTest</td>
<td></td>
<td>218</td>
<td>Inkbox.Tests.CartTest@4b45a2f5</td></tr>
<tr>
<td title='Inkbox.Tests.CustomTest.TC_5132_Validate_FAQ_Navigation_FromCustom()'><b>TC_5132_Validate_FAQ_Navigation_FromCustom</b><br>Test class: Inkbox.Tests.CustomTest<br>Parameters: https://inkbox.com/</td>
<td></td>
<td>307</td>
<td>Inkbox.Tests.CustomTest@791f145a</td></tr>
<tr>
<td title='Inkbox.Tests.CartTest.TC_4915_Validate_Checkout()'><b>TC_4915_Validate_Checkout</b><br>Test class: Inkbox.Tests.CartTest</td>
<td></td>
<td>497</td>
<td>Inkbox.Tests.CartTest@4b45a2f5</td></tr>
<tr>
<td title='Inkbox.Tests.CartTest.TC_4929_GuestScenario_Adding_ItemsTocart()'><b>TC_4929_GuestScenario_Adding_ItemsTocart</b><br>Test class: Inkbox.Tests.CartTest</td>
<td></td>
<td>237</td>
<td>Inkbox.Tests.CartTest@4b45a2f5</td></tr>
<tr>
<td title='Inkbox.Tests.CartTest.TC_4918_Verify_Cart_is_Empty()'><b>TC_4918_Verify_Cart_is_Empty</b><br>Test class: Inkbox.Tests.CartTest<br>Parameters: USD</td>
<td></td>
<td>240</td>
<td>Inkbox.Tests.CartTest@4b45a2f5</td></tr>
<tr>
<td title='Inkbox.Tests.CustomTest.AddingSizeFourth_CustomProducttoCart()'><b>AddingSizeFourth_CustomProducttoCart</b><br>Test class: Inkbox.Tests.CustomTest<br>Parameters: https://inkbox.com/, USD</td>
<td></td>
<td>467</td>
<td>Inkbox.Tests.CustomTest@791f145a</td></tr>
<tr>
<td title='Inkbox.Tests.CustomTest.TC_31454_Verify_Gpay_Paypal_and_payments_methods_in_cart_Custom()'><b>TC_31454_Verify_Gpay_Paypal_and_payments_methods_in_cart_Custom</b><br>Test class: Inkbox.Tests.CustomTest<br>Parameters: https://inkbox.com/</td>
<td></td>
<td>405</td>
<td>Inkbox.Tests.CustomTest@791f145a</td></tr>
<tr>
<td title='Inkbox.Tests.CartTest.TC_4924_Validate_Bundles_GuestUser()'><b>TC_4924_Validate_Bundles_GuestUser</b><br>Test class: Inkbox.Tests.CartTest</td>
<td></td>
<td>220</td>
<td>Inkbox.Tests.CartTest@4b45a2f5</td></tr>
<tr>
<td title='Inkbox.Tests.CustomTest.AddingSizeThree_CustomProducttoCart()'><b>AddingSizeThree_CustomProducttoCart</b><br>Test class: Inkbox.Tests.CustomTest<br>Parameters: https://inkbox.com/, USD</td>
<td></td>
<td>472</td>
<td>Inkbox.Tests.CustomTest@791f145a</td></tr>
<tr>
<td title='Inkbox.Tests.CartTest.TC_4914_PriceValidation()'><b>TC_4914_PriceValidation</b><br>Test class: Inkbox.Tests.CartTest</td>
<td></td>
<td>317</td>
<td>Inkbox.Tests.CartTest@4b45a2f5</td></tr>
<tr>
<td title='Inkbox.Tests.CartTest.TC_4931_IncreamentProduct_InCart_And_INC_cannot_remove_item_from_cart()'><b>TC_4931_IncreamentProduct_InCart_And_INC_cannot_remove_item_from_cart</b><br>Test class: Inkbox.Tests.CartTest</td>
<td></td>
<td>447</td>
<td>Inkbox.Tests.CartTest@4b45a2f5</td></tr>
<tr>
<td title='Inkbox.Tests.CartTest.TC_4933_AddItemsToCart_without_Login_and_ValidateAfterLogin()'><b>TC_4933_AddItemsToCart_without_Login_and_ValidateAfterLogin</b><br>Test class: Inkbox.Tests.CartTest</td>
<td></td>
<td>456</td>
<td>Inkbox.Tests.CartTest@4b45a2f5</td></tr>
<tr>
<td title='Inkbox.Tests.CartTest.TC_4930_ValidateItems_Adding_To_Cart()'><b>TC_4930_ValidateItems_Adding_To_Cart</b><br>Test class: Inkbox.Tests.CartTest</td>
<td></td>
<td>376</td>
<td>Inkbox.Tests.CartTest@4b45a2f5</td></tr>
<tr>
<td title='Inkbox.Tests.CustomTest.TC_81294_AddingSizeTwo_CustomProducttoCart()'><b>TC_81294_AddingSizeTwo_CustomProducttoCart</b><br>Test class: Inkbox.Tests.CustomTest<br>Parameters: https://inkbox.com/, USD</td>
<td></td>
<td>472</td>
<td>Inkbox.Tests.CustomTest@791f145a</td></tr>
<tr>
<td title='Inkbox.Tests.CartTest.TC_7483_LearnMoreSectionTieredDiscountsBannerInCart()'><b>TC_7483_LearnMoreSectionTieredDiscountsBannerInCart</b><br>Test class: Inkbox.Tests.CartTest</td>
<td></td>
<td>276</td>
<td>Inkbox.Tests.CartTest@4b45a2f5</td></tr>
<tr>
<td title='Inkbox.Tests.CustomTest.AddingSizeFifth_Two_CustomProducttoCart()'><b>AddingSizeFifth_Two_CustomProducttoCart</b><br>Test class: Inkbox.Tests.CustomTest<br>Parameters: https://inkbox.com/, USD</td>
<td></td>
<td>482</td>
<td>Inkbox.Tests.CustomTest@791f145a</td></tr>
<tr>
<td title='Inkbox.Tests.CartTest.TC_4922_Verify_Mystery_Bundles_GuestUser()'><b>TC_4922_Verify_Mystery_Bundles_GuestUser</b><br>Test class: Inkbox.Tests.CartTest</td>
<td></td>
<td>217</td>
<td>Inkbox.Tests.CartTest@4b45a2f5</td></tr>
<tr>
<td title='Inkbox.Tests.CartTest.TC_4898_PaymentMethods_Validation_Checkoutpage()'><b>TC_4898_PaymentMethods_Validation_Checkoutpage</b><br>Test class: Inkbox.Tests.CartTest</td>
<td></td>
<td>443</td>
<td>Inkbox.Tests.CartTest@4b45a2f5</td></tr>
<tr>
<td title='Inkbox.Tests.CustomTest.TC_5139_Validate_Maxmize_minimize_FAQ_FromCustom()'><b>TC_5139_Validate_Maxmize_minimize_FAQ_FromCustom</b><br>Test class: Inkbox.Tests.CustomTest</td>
<td></td>
<td>116</td>
<td>Inkbox.Tests.CustomTest@791f145a</td></tr>
<tr>
<td title='Inkbox.Tests.CartTest.TC_4913_Adding_ProductsToCartFromPDPpage()'><b>TC_4913_Adding_ProductsToCartFromPDPpage</b><br>Test class: Inkbox.Tests.CartTest</td>
<td></td>
<td>791</td>
<td>Inkbox.Tests.CartTest@4b45a2f5</td></tr>
<tr>
<td title='Inkbox.Tests.CartTest.TC_4916_Validate_Frequently_PurchasedItemsToCart()'><b>TC_4916_Validate_Frequently_PurchasedItemsToCart</b><br>Test class: Inkbox.Tests.CartTest</td>
<td></td>
<td>470</td>
<td>Inkbox.Tests.CartTest@4b45a2f5</td></tr>
<tr>
<td title='Inkbox.Tests.CartTest.TC_4917_Verify_Continue_To_Checkout()'><b>TC_4917_Verify_Continue_To_Checkout</b><br>Test class: Inkbox.Tests.CartTest</td>
<td></td>
<td>403</td>
<td>Inkbox.Tests.CartTest@4b45a2f5</td></tr>
<tr>
<td title='Inkbox.Tests.CustomTest.TC_5129_Add_Custom_Preview_product_ToCart()'><b>TC_5129_Add_Custom_Preview_product_ToCart</b><br>Test class: Inkbox.Tests.CustomTest<br>Parameters: https://inkbox.com/</td>
<td></td>
<td>369</td>
<td>Inkbox.Tests.CustomTest@791f145a</td></tr>
</table><p>
<table width='100%' border='1' class='invocation-skipped'>
<tr><td colspan='4' align='center'><b>SKIPPED TESTS</b></td></tr>
<tr><td><b>Test method</b></td>
<td width="30%"><b>Exception</b></td>
<td width="10%"><b>Time (seconds)</b></td>
<td><b>Instance</b></td>
</tr>
<tr>
<td title='Inkbox.Tests.CustomTest.TC_5134_CommunityCreated_Validation_Custom()'><b>TC_5134_CommunityCreated_Validation_Custom</b><br>Test class: Inkbox.Tests.CustomTest</td>
<td><div><pre>java.lang.AssertionError
	at org.junit.Assert.fail(Assert.java:86)
	at org.junit.Assert.fail(Assert.java:95)
	at Helpers.ControlHelpers.ButtonClick(ControlHelpers.java:208)
	at Inkbox.Pages.CustomPage.Community_Created(CustomPage.java:316)
	at Inkbox.Tests.CustomTest.TC_5134_CommunityCreated_Validation_Custom(CustomTest.java:176)
	at java.base/java.util.concurrent.ThreadPoolExecutor.runWorker(ThreadPoolExecutor.java:1130)
	at java.base/java.util.concurrent.ThreadPoolExecutor$Worker.run(ThreadPoolExecutor.java:630)
	at java.base/java.lang.Thread.run(Thread.java:831)
... Removed 12 stack frames</pre></div><a href='#' onClick='toggleBox("stack-trace109995486", this, "Click to show all stack frames", "Click to hide stack frames")'>Click to show all stack frames</a>
<div class='stack-trace' id='stack-trace109995486'><pre>java.lang.AssertionError
	at org.junit.Assert.fail(Assert.java:86)
	at org.junit.Assert.fail(Assert.java:95)
	at Helpers.ControlHelpers.ButtonClick(ControlHelpers.java:208)
	at Inkbox.Pages.CustomPage.Community_Created(CustomPage.java:316)
	at Inkbox.Tests.CustomTest.TC_5134_CommunityCreated_Validation_Custom(CustomTest.java:176)
	at java.base/jdk.internal.reflect.NativeMethodAccessorImpl.invoke0(Native Method)
	at java.base/jdk.internal.reflect.NativeMethodAccessorImpl.invoke(NativeMethodAccessorImpl.java:78)
	at java.base/jdk.internal.reflect.DelegatingMethodAccessorImpl.invoke(DelegatingMethodAccessorImpl.java:43)
	at java.base/java.lang.reflect.Method.invoke(Method.java:567)
	at org.testng.internal.MethodInvocationHelper.invokeMethod(MethodInvocationHelper.java:133)
	at org.testng.internal.TestInvoker.invokeMethod(TestInvoker.java:598)
	at org.testng.internal.TestInvoker.invokeTestMethod(TestInvoker.java:173)
	at org.testng.internal.MethodRunner.runInSequence(MethodRunner.java:46)
	at org.testng.internal.TestInvoker$MethodInvocationAgent.invoke(TestInvoker.java:824)
	at org.testng.internal.TestInvoker.invokeTestMethods(TestInvoker.java:146)
	at org.testng.internal.TestMethodWorker.invokeTestMethods(TestMethodWorker.java:146)
	at org.testng.internal.TestMethodWorker.run(TestMethodWorker.java:128)
	at java.base/java.util.concurrent.ThreadPoolExecutor.runWorker(ThreadPoolExecutor.java:1130)
	at java.base/java.util.concurrent.ThreadPoolExecutor$Worker.run(ThreadPoolExecutor.java:630)
	at java.base/java.lang.Thread.run(Thread.java:831)
</pre></div></td>
<td>246</td>
<td>Inkbox.Tests.CustomTest@791f145a</td></tr>
<tr>
<td title='Inkbox.Tests.CustomTest.AddingSizeThree_CustomProducttoCart()'><b>AddingSizeThree_CustomProducttoCart</b><br>Test class: Inkbox.Tests.CustomTest<br>Parameters: https://inkbox.com/, USD</td>
<td><div><pre>java.lang.AssertionError
	at org.junit.Assert.fail(Assert.java:86)
	at org.junit.Assert.fail(Assert.java:95)
	at Helpers.ControlHelpers.ButtonClick2(ControlHelpers.java:182)
	at Inkbox.Pages.CustomPage.Validate_CreateYourOwnTattoos_size2(CustomPage.java:192)
	at Inkbox.Tests.CustomTest.AddingSizeThree_CustomProducttoCart(CustomTest.java:64)
	at java.base/java.util.concurrent.ThreadPoolExecutor.runWorker(ThreadPoolExecutor.java:1130)
	at java.base/java.util.concurrent.ThreadPoolExecutor$Worker.run(ThreadPoolExecutor.java:630)
	at java.base/java.lang.Thread.run(Thread.java:831)
... Removed 12 stack frames</pre></div><a href='#' onClick='toggleBox("stack-trace669946332", this, "Click to show all stack frames", "Click to hide stack frames")'>Click to show all stack frames</a>
<div class='stack-trace' id='stack-trace669946332'><pre>java.lang.AssertionError
	at org.junit.Assert.fail(Assert.java:86)
	at org.junit.Assert.fail(Assert.java:95)
	at Helpers.ControlHelpers.ButtonClick2(ControlHelpers.java:182)
	at Inkbox.Pages.CustomPage.Validate_CreateYourOwnTattoos_size2(CustomPage.java:192)
	at Inkbox.Tests.CustomTest.AddingSizeThree_CustomProducttoCart(CustomTest.java:64)
	at java.base/jdk.internal.reflect.NativeMethodAccessorImpl.invoke0(Native Method)
	at java.base/jdk.internal.reflect.NativeMethodAccessorImpl.invoke(NativeMethodAccessorImpl.java:78)
	at java.base/jdk.internal.reflect.DelegatingMethodAccessorImpl.invoke(DelegatingMethodAccessorImpl.java:43)
	at java.base/java.lang.reflect.Method.invoke(Method.java:567)
	at org.testng.internal.MethodInvocationHelper.invokeMethod(MethodInvocationHelper.java:133)
	at org.testng.internal.TestInvoker.invokeMethod(TestInvoker.java:598)
	at org.testng.internal.TestInvoker.invokeTestMethod(TestInvoker.java:173)
	at org.testng.internal.MethodRunner.runInSequence(MethodRunner.java:46)
	at org.testng.internal.TestInvoker$MethodInvocationAgent.invoke(TestInvoker.java:824)
	at org.testng.internal.TestInvoker.invokeTestMethods(TestInvoker.java:146)
	at org.testng.internal.TestMethodWorker.invokeTestMethods(TestMethodWorker.java:146)
	at org.testng.internal.TestMethodWorker.run(TestMethodWorker.java:128)
	at java.base/java.util.concurrent.ThreadPoolExecutor.runWorker(ThreadPoolExecutor.java:1130)
	at java.base/java.util.concurrent.ThreadPoolExecutor$Worker.run(ThreadPoolExecutor.java:630)
	at java.base/java.lang.Thread.run(Thread.java:831)
</pre></div></td>
<td>289</td>
<td>Inkbox.Tests.CustomTest@791f145a</td></tr>
<tr>
<td title='Inkbox.Tests.CustomTest.TC_5137_Verify_Custom()'><b>TC_5137_Verify_Custom</b><br>Test class: Inkbox.Tests.CustomTest<br>Parameters: https://inkbox.com/</td>
<td><div><pre>java.lang.AssertionError
	at org.junit.Assert.fail(Assert.java:86)
	at org.junit.Assert.fail(Assert.java:95)
	at Helpers.ControlHelpers.ButtonClick(ControlHelpers.java:208)
	at Inkbox.Pages.ProductsPage.Validate_Custom(ProductsPage.java:1944)
	at Inkbox.Tests.CustomTest.TC_5137_Verify_Custom(CustomTest.java:223)
	at java.base/java.util.concurrent.ThreadPoolExecutor.runWorker(ThreadPoolExecutor.java:1130)
	at java.base/java.util.concurrent.ThreadPoolExecutor$Worker.run(ThreadPoolExecutor.java:630)
	at java.base/java.lang.Thread.run(Thread.java:831)
... Removed 12 stack frames</pre></div><a href='#' onClick='toggleBox("stack-trace371653474", this, "Click to show all stack frames", "Click to hide stack frames")'>Click to show all stack frames</a>
<div class='stack-trace' id='stack-trace371653474'><pre>java.lang.AssertionError
	at org.junit.Assert.fail(Assert.java:86)
	at org.junit.Assert.fail(Assert.java:95)
	at Helpers.ControlHelpers.ButtonClick(ControlHelpers.java:208)
	at Inkbox.Pages.ProductsPage.Validate_Custom(ProductsPage.java:1944)
	at Inkbox.Tests.CustomTest.TC_5137_Verify_Custom(CustomTest.java:223)
	at java.base/jdk.internal.reflect.NativeMethodAccessorImpl.invoke0(Native Method)
	at java.base/jdk.internal.reflect.NativeMethodAccessorImpl.invoke(NativeMethodAccessorImpl.java:78)
	at java.base/jdk.internal.reflect.DelegatingMethodAccessorImpl.invoke(DelegatingMethodAccessorImpl.java:43)
	at java.base/java.lang.reflect.Method.invoke(Method.java:567)
	at org.testng.internal.MethodInvocationHelper.invokeMethod(MethodInvocationHelper.java:133)
	at org.testng.internal.TestInvoker.invokeMethod(TestInvoker.java:598)
	at org.testng.internal.TestInvoker.invokeTestMethod(TestInvoker.java:173)
	at org.testng.internal.MethodRunner.runInSequence(MethodRunner.java:46)
	at org.testng.internal.TestInvoker$MethodInvocationAgent.invoke(TestInvoker.java:824)
	at org.testng.internal.TestInvoker.invokeTestMethods(TestInvoker.java:146)
	at org.testng.internal.TestMethodWorker.invokeTestMethods(TestMethodWorker.java:146)
	at org.testng.internal.TestMethodWorker.run(TestMethodWorker.java:128)
	at java.base/java.util.concurrent.ThreadPoolExecutor.runWorker(ThreadPoolExecutor.java:1130)
	at java.base/java.util.concurrent.ThreadPoolExecutor$Worker.run(ThreadPoolExecutor.java:630)
	at java.base/java.lang.Thread.run(Thread.java:831)
</pre></div></td>
<td>239</td>
<td>Inkbox.Tests.CustomTest@791f145a</td></tr>
<tr>
<td title='Inkbox.Tests.CustomTest.TC_5136_Validating_Text_SaveMessage_Custom()'><b>TC_5136_Validating_Text_SaveMessage_Custom</b><br>Test class: Inkbox.Tests.CustomTest<br>Parameters: https://inkbox.com/</td>
<td><div><pre>java.lang.AssertionError
	at org.junit.Assert.fail(Assert.java:86)
	at org.junit.Assert.fail(Assert.java:95)
	at Helpers.ControlHelpers.ButtonClick(ControlHelpers.java:208)
	at Inkbox.Pages.CustomPage.NavigateToCustomPage(CustomPage.java:402)
	at Inkbox.Pages.CustomPage.TextMessage_Validation(CustomPage.java:344)
	at Inkbox.Tests.CustomTest.TC_5136_Validating_Text_SaveMessage_Custom(CustomTest.java:213)
	at java.base/java.util.concurrent.ThreadPoolExecutor.runWorker(ThreadPoolExecutor.java:1130)
	at java.base/java.util.concurrent.ThreadPoolExecutor$Worker.run(ThreadPoolExecutor.java:630)
	at java.base/java.lang.Thread.run(Thread.java:831)
... Removed 12 stack frames</pre></div><a href='#' onClick='toggleBox("stack-trace1086659408", this, "Click to show all stack frames", "Click to hide stack frames")'>Click to show all stack frames</a>
<div class='stack-trace' id='stack-trace1086659408'><pre>java.lang.AssertionError
	at org.junit.Assert.fail(Assert.java:86)
	at org.junit.Assert.fail(Assert.java:95)
	at Helpers.ControlHelpers.ButtonClick(ControlHelpers.java:208)
	at Inkbox.Pages.CustomPage.NavigateToCustomPage(CustomPage.java:402)
	at Inkbox.Pages.CustomPage.TextMessage_Validation(CustomPage.java:344)
	at Inkbox.Tests.CustomTest.TC_5136_Validating_Text_SaveMessage_Custom(CustomTest.java:213)
	at java.base/jdk.internal.reflect.NativeMethodAccessorImpl.invoke0(Native Method)
	at java.base/jdk.internal.reflect.NativeMethodAccessorImpl.invoke(NativeMethodAccessorImpl.java:78)
	at java.base/jdk.internal.reflect.DelegatingMethodAccessorImpl.invoke(DelegatingMethodAccessorImpl.java:43)
	at java.base/java.lang.reflect.Method.invoke(Method.java:567)
	at org.testng.internal.MethodInvocationHelper.invokeMethod(MethodInvocationHelper.java:133)
	at org.testng.internal.TestInvoker.invokeMethod(TestInvoker.java:598)
	at org.testng.internal.TestInvoker.invokeTestMethod(TestInvoker.java:173)
	at org.testng.internal.MethodRunner.runInSequence(MethodRunner.java:46)
	at org.testng.internal.TestInvoker$MethodInvocationAgent.invoke(TestInvoker.java:824)
	at org.testng.internal.TestInvoker.invokeTestMethods(TestInvoker.java:146)
	at org.testng.internal.TestMethodWorker.invokeTestMethods(TestMethodWorker.java:146)
	at org.testng.internal.TestMethodWorker.run(TestMethodWorker.java:128)
	at java.base/java.util.concurrent.ThreadPoolExecutor.runWorker(ThreadPoolExecutor.java:1130)
	at java.base/java.util.concurrent.ThreadPoolExecutor$Worker.run(ThreadPoolExecutor.java:630)
	at java.base/java.lang.Thread.run(Thread.java:831)
</pre></div></td>
<td>240</td>
<td>Inkbox.Tests.CustomTest@791f145a</td></tr>
<tr>
<td title='Inkbox.Tests.CustomTest.AddingSizeFifth_CustomProducttoCart()'><b>AddingSizeFifth_CustomProducttoCart</b><br>Test class: Inkbox.Tests.CustomTest<br>Parameters: https://inkbox.com/, USD</td>
<td><div><pre>java.lang.AssertionError
	at org.junit.Assert.fail(Assert.java:86)
	at org.junit.Assert.fail(Assert.java:95)
	at Helpers.ControlHelpers.ButtonClick2(ControlHelpers.java:182)
	at Inkbox.Pages.CustomPage.Validate_CreateYourOwnTattoos_size2(CustomPage.java:192)
	at Inkbox.Tests.CustomTest.AddingSizeFifth_CustomProducttoCart(CustomTest.java:83)
	at java.base/java.util.concurrent.ThreadPoolExecutor.runWorker(ThreadPoolExecutor.java:1130)
	at java.base/java.util.concurrent.ThreadPoolExecutor$Worker.run(ThreadPoolExecutor.java:630)
	at java.base/java.lang.Thread.run(Thread.java:831)
... Removed 12 stack frames</pre></div><a href='#' onClick='toggleBox("stack-trace1166215701", this, "Click to show all stack frames", "Click to hide stack frames")'>Click to show all stack frames</a>
<div class='stack-trace' id='stack-trace1166215701'><pre>java.lang.AssertionError
	at org.junit.Assert.fail(Assert.java:86)
	at org.junit.Assert.fail(Assert.java:95)
	at Helpers.ControlHelpers.ButtonClick2(ControlHelpers.java:182)
	at Inkbox.Pages.CustomPage.Validate_CreateYourOwnTattoos_size2(CustomPage.java:192)
	at Inkbox.Tests.CustomTest.AddingSizeFifth_CustomProducttoCart(CustomTest.java:83)
	at java.base/jdk.internal.reflect.NativeMethodAccessorImpl.invoke0(Native Method)
	at java.base/jdk.internal.reflect.NativeMethodAccessorImpl.invoke(NativeMethodAccessorImpl.java:78)
	at java.base/jdk.internal.reflect.DelegatingMethodAccessorImpl.invoke(DelegatingMethodAccessorImpl.java:43)
	at java.base/java.lang.reflect.Method.invoke(Method.java:567)
	at org.testng.internal.MethodInvocationHelper.invokeMethod(MethodInvocationHelper.java:133)
	at org.testng.internal.TestInvoker.invokeMethod(TestInvoker.java:598)
	at org.testng.internal.TestInvoker.invokeTestMethod(TestInvoker.java:173)
	at org.testng.internal.MethodRunner.runInSequence(MethodRunner.java:46)
	at org.testng.internal.TestInvoker$MethodInvocationAgent.invoke(TestInvoker.java:824)
	at org.testng.internal.TestInvoker.invokeTestMethods(TestInvoker.java:146)
	at org.testng.internal.TestMethodWorker.invokeTestMethods(TestMethodWorker.java:146)
	at org.testng.internal.TestMethodWorker.run(TestMethodWorker.java:128)
	at java.base/java.util.concurrent.ThreadPoolExecutor.runWorker(ThreadPoolExecutor.java:1130)
	at java.base/java.util.concurrent.ThreadPoolExecutor$Worker.run(ThreadPoolExecutor.java:630)
	at java.base/java.lang.Thread.run(Thread.java:831)
</pre></div></td>
<td>277</td>
<td>Inkbox.Tests.CustomTest@791f145a</td></tr>
<tr>
<td title='Inkbox.Tests.CustomTest.TC_81294_AddingSizeTwo_CustomProducttoCart()'><b>TC_81294_AddingSizeTwo_CustomProducttoCart</b><br>Test class: Inkbox.Tests.CustomTest<br>Parameters: https://inkbox.com/, USD</td>
<td><div><pre>java.lang.AssertionError
	at org.junit.Assert.fail(Assert.java:86)
	at org.junit.Assert.fail(Assert.java:95)
	at Helpers.ControlHelpers.ButtonClick2(ControlHelpers.java:182)
	at Inkbox.Pages.CustomPage.Validate_CreateYourOwnTattoos_size2(CustomPage.java:192)
	at Inkbox.Tests.CustomTest.TC_81294_AddingSizeTwo_CustomProducttoCart(CustomTest.java:55)
	at java.base/java.util.concurrent.ThreadPoolExecutor.runWorker(ThreadPoolExecutor.java:1130)
	at java.base/java.util.concurrent.ThreadPoolExecutor$Worker.run(ThreadPoolExecutor.java:630)
	at java.base/java.lang.Thread.run(Thread.java:831)
... Removed 12 stack frames</pre></div><a href='#' onClick='toggleBox("stack-trace942233679", this, "Click to show all stack frames", "Click to hide stack frames")'>Click to show all stack frames</a>
<div class='stack-trace' id='stack-trace942233679'><pre>java.lang.AssertionError
	at org.junit.Assert.fail(Assert.java:86)
	at org.junit.Assert.fail(Assert.java:95)
	at Helpers.ControlHelpers.ButtonClick2(ControlHelpers.java:182)
	at Inkbox.Pages.CustomPage.Validate_CreateYourOwnTattoos_size2(CustomPage.java:192)
	at Inkbox.Tests.CustomTest.TC_81294_AddingSizeTwo_CustomProducttoCart(CustomTest.java:55)
	at java.base/jdk.internal.reflect.NativeMethodAccessorImpl.invoke0(Native Method)
	at java.base/jdk.internal.reflect.NativeMethodAccessorImpl.invoke(NativeMethodAccessorImpl.java:78)
	at java.base/jdk.internal.reflect.DelegatingMethodAccessorImpl.invoke(DelegatingMethodAccessorImpl.java:43)
	at java.base/java.lang.reflect.Method.invoke(Method.java:567)
	at org.testng.internal.MethodInvocationHelper.invokeMethod(MethodInvocationHelper.java:133)
	at org.testng.internal.TestInvoker.invokeMethod(TestInvoker.java:598)
	at org.testng.internal.TestInvoker.invokeTestMethod(TestInvoker.java:173)
	at org.testng.internal.MethodRunner.runInSequence(MethodRunner.java:46)
	at org.testng.internal.TestInvoker$MethodInvocationAgent.invoke(TestInvoker.java:824)
	at org.testng.internal.TestInvoker.invokeTestMethods(TestInvoker.java:146)
	at org.testng.internal.TestMethodWorker.invokeTestMethods(TestMethodWorker.java:146)
	at org.testng.internal.TestMethodWorker.run(TestMethodWorker.java:128)
	at java.base/java.util.concurrent.ThreadPoolExecutor.runWorker(ThreadPoolExecutor.java:1130)
	at java.base/java.util.concurrent.ThreadPoolExecutor$Worker.run(ThreadPoolExecutor.java:630)
	at java.base/java.lang.Thread.run(Thread.java:831)
</pre></div></td>
<td>272</td>
<td>Inkbox.Tests.CustomTest@791f145a</td></tr>
<tr>
<td title='Inkbox.Tests.CustomTest.TC_5138_Validating_TrendingDesigns_Custom()'><b>TC_5138_Validating_TrendingDesigns_Custom</b><br>Test class: Inkbox.Tests.CustomTest<br>Parameters: https://inkbox.com/</td>
<td><div><pre>java.lang.AssertionError
	at org.junit.Assert.fail(Assert.java:86)
	at org.junit.Assert.fail(Assert.java:95)
	at Helpers.ControlHelpers.ButtonClick(ControlHelpers.java:208)
	at Inkbox.Pages.CustomPage.NavigateToCustomPage(CustomPage.java:402)
	at Inkbox.Pages.CustomPage.validating_Designs(CustomPage.java:447)
	at Inkbox.Tests.CustomTest.TC_5138_Validating_TrendingDesigns_Custom(CustomTest.java:236)
	at java.base/java.util.concurrent.ThreadPoolExecutor.runWorker(ThreadPoolExecutor.java:1130)
	at java.base/java.util.concurrent.ThreadPoolExecutor$Worker.run(ThreadPoolExecutor.java:630)
	at java.base/java.lang.Thread.run(Thread.java:831)
... Removed 12 stack frames</pre></div><a href='#' onClick='toggleBox("stack-trace1025358890", this, "Click to show all stack frames", "Click to hide stack frames")'>Click to show all stack frames</a>
<div class='stack-trace' id='stack-trace1025358890'><pre>java.lang.AssertionError
	at org.junit.Assert.fail(Assert.java:86)
	at org.junit.Assert.fail(Assert.java:95)
	at Helpers.ControlHelpers.ButtonClick(ControlHelpers.java:208)
	at Inkbox.Pages.CustomPage.NavigateToCustomPage(CustomPage.java:402)
	at Inkbox.Pages.CustomPage.validating_Designs(CustomPage.java:447)
	at Inkbox.Tests.CustomTest.TC_5138_Validating_TrendingDesigns_Custom(CustomTest.java:236)
	at java.base/jdk.internal.reflect.NativeMethodAccessorImpl.invoke0(Native Method)
	at java.base/jdk.internal.reflect.NativeMethodAccessorImpl.invoke(NativeMethodAccessorImpl.java:78)
	at java.base/jdk.internal.reflect.DelegatingMethodAccessorImpl.invoke(DelegatingMethodAccessorImpl.java:43)
	at java.base/java.lang.reflect.Method.invoke(Method.java:567)
	at org.testng.internal.MethodInvocationHelper.invokeMethod(MethodInvocationHelper.java:133)
	at org.testng.internal.TestInvoker.invokeMethod(TestInvoker.java:598)
	at org.testng.internal.TestInvoker.invokeTestMethod(TestInvoker.java:173)
	at org.testng.internal.MethodRunner.runInSequence(MethodRunner.java:46)
	at org.testng.internal.TestInvoker$MethodInvocationAgent.invoke(TestInvoker.java:824)
	at org.testng.internal.TestInvoker.invokeTestMethods(TestInvoker.java:146)
	at org.testng.internal.TestMethodWorker.invokeTestMethods(TestMethodWorker.java:146)
	at org.testng.internal.TestMethodWorker.run(TestMethodWorker.java:128)
	at java.base/java.util.concurrent.ThreadPoolExecutor.runWorker(ThreadPoolExecutor.java:1130)
	at java.base/java.util.concurrent.ThreadPoolExecutor$Worker.run(ThreadPoolExecutor.java:630)
	at java.base/java.lang.Thread.run(Thread.java:831)
</pre></div></td>
<td>244</td>
<td>Inkbox.Tests.CustomTest@791f145a</td></tr>
<tr>
<td title='Inkbox.Tests.CustomTest.AddingSizeFourth_CustomProducttoCart()'><b>AddingSizeFourth_CustomProducttoCart</b><br>Test class: Inkbox.Tests.CustomTest<br>Parameters: https://inkbox.com/, USD</td>
<td><div><pre>java.lang.AssertionError
	at org.junit.Assert.fail(Assert.java:86)
	at org.junit.Assert.fail(Assert.java:95)
	at Helpers.ControlHelpers.ButtonClick2(ControlHelpers.java:182)
	at Inkbox.Pages.CustomPage.Validate_CreateYourOwnTattoos_size2(CustomPage.java:192)
	at Inkbox.Tests.CustomTest.AddingSizeFourth_CustomProducttoCart(CustomTest.java:73)
	at java.base/java.util.concurrent.ThreadPoolExecutor.runWorker(ThreadPoolExecutor.java:1130)
	at java.base/java.util.concurrent.ThreadPoolExecutor$Worker.run(ThreadPoolExecutor.java:630)
	at java.base/java.lang.Thread.run(Thread.java:831)
... Removed 12 stack frames</pre></div><a href='#' onClick='toggleBox("stack-trace1844345655", this, "Click to show all stack frames", "Click to hide stack frames")'>Click to show all stack frames</a>
<div class='stack-trace' id='stack-trace1844345655'><pre>java.lang.AssertionError
	at org.junit.Assert.fail(Assert.java:86)
	at org.junit.Assert.fail(Assert.java:95)
	at Helpers.ControlHelpers.ButtonClick2(ControlHelpers.java:182)
	at Inkbox.Pages.CustomPage.Validate_CreateYourOwnTattoos_size2(CustomPage.java:192)
	at Inkbox.Tests.CustomTest.AddingSizeFourth_CustomProducttoCart(CustomTest.java:73)
	at java.base/jdk.internal.reflect.NativeMethodAccessorImpl.invoke0(Native Method)
	at java.base/jdk.internal.reflect.NativeMethodAccessorImpl.invoke(NativeMethodAccessorImpl.java:78)
	at java.base/jdk.internal.reflect.DelegatingMethodAccessorImpl.invoke(DelegatingMethodAccessorImpl.java:43)
	at java.base/java.lang.reflect.Method.invoke(Method.java:567)
	at org.testng.internal.MethodInvocationHelper.invokeMethod(MethodInvocationHelper.java:133)
	at org.testng.internal.TestInvoker.invokeMethod(TestInvoker.java:598)
	at org.testng.internal.TestInvoker.invokeTestMethod(TestInvoker.java:173)
	at org.testng.internal.MethodRunner.runInSequence(MethodRunner.java:46)
	at org.testng.internal.TestInvoker$MethodInvocationAgent.invoke(TestInvoker.java:824)
	at org.testng.internal.TestInvoker.invokeTestMethods(TestInvoker.java:146)
	at org.testng.internal.TestMethodWorker.invokeTestMethods(TestMethodWorker.java:146)
	at org.testng.internal.TestMethodWorker.run(TestMethodWorker.java:128)
	at java.base/java.util.concurrent.ThreadPoolExecutor.runWorker(ThreadPoolExecutor.java:1130)
	at java.base/java.util.concurrent.ThreadPoolExecutor$Worker.run(ThreadPoolExecutor.java:630)
	at java.base/java.lang.Thread.run(Thread.java:831)
</pre></div></td>
<td>280</td>
<td>Inkbox.Tests.CustomTest@791f145a</td></tr>
<tr>
<td title='Inkbox.Tests.CustomTest.TC_5133_Recentlycreated_Validation_Custom()'><b>TC_5133_Recentlycreated_Validation_Custom</b><br>Test class: Inkbox.Tests.CustomTest</td>
<td><div><pre>java.lang.AssertionError
	at org.junit.Assert.fail(Assert.java:86)
	at org.junit.Assert.fail(Assert.java:95)
	at Helpers.ControlHelpers.ButtonClick(ControlHelpers.java:208)
	at Inkbox.Pages.CustomPage.Recently_Created(CustomPage.java:139)
	at Inkbox.Tests.CustomTest.TC_5133_Recentlycreated_Validation_Custom(CustomTest.java:168)
	at java.base/java.util.concurrent.ThreadPoolExecutor.runWorker(ThreadPoolExecutor.java:1130)
	at java.base/java.util.concurrent.ThreadPoolExecutor$Worker.run(ThreadPoolExecutor.java:630)
	at java.base/java.lang.Thread.run(Thread.java:831)
... Removed 12 stack frames</pre></div><a href='#' onClick='toggleBox("stack-trace678988947", this, "Click to show all stack frames", "Click to hide stack frames")'>Click to show all stack frames</a>
<div class='stack-trace' id='stack-trace678988947'><pre>java.lang.AssertionError
	at org.junit.Assert.fail(Assert.java:86)
	at org.junit.Assert.fail(Assert.java:95)
	at Helpers.ControlHelpers.ButtonClick(ControlHelpers.java:208)
	at Inkbox.Pages.CustomPage.Recently_Created(CustomPage.java:139)
	at Inkbox.Tests.CustomTest.TC_5133_Recentlycreated_Validation_Custom(CustomTest.java:168)
	at java.base/jdk.internal.reflect.NativeMethodAccessorImpl.invoke0(Native Method)
	at java.base/jdk.internal.reflect.NativeMethodAccessorImpl.invoke(NativeMethodAccessorImpl.java:78)
	at java.base/jdk.internal.reflect.DelegatingMethodAccessorImpl.invoke(DelegatingMethodAccessorImpl.java:43)
	at java.base/java.lang.reflect.Method.invoke(Method.java:567)
	at org.testng.internal.MethodInvocationHelper.invokeMethod(MethodInvocationHelper.java:133)
	at org.testng.internal.TestInvoker.invokeMethod(TestInvoker.java:598)
	at org.testng.internal.TestInvoker.invokeTestMethod(TestInvoker.java:173)
	at org.testng.internal.MethodRunner.runInSequence(MethodRunner.java:46)
	at org.testng.internal.TestInvoker$MethodInvocationAgent.invoke(TestInvoker.java:824)
	at org.testng.internal.TestInvoker.invokeTestMethods(TestInvoker.java:146)
	at org.testng.internal.TestMethodWorker.invokeTestMethods(TestMethodWorker.java:146)
	at org.testng.internal.TestMethodWorker.run(TestMethodWorker.java:128)
	at java.base/java.util.concurrent.ThreadPoolExecutor.runWorker(ThreadPoolExecutor.java:1130)
	at java.base/java.util.concurrent.ThreadPoolExecutor$Worker.run(ThreadPoolExecutor.java:630)
	at java.base/java.lang.Thread.run(Thread.java:831)
</pre></div></td>
<td>242</td>
<td>Inkbox.Tests.CustomTest@791f145a</td></tr>
<tr>
<td title='Inkbox.Tests.CustomTest.TC_5135_Validating_Text_Custom()'><b>TC_5135_Validating_Text_Custom</b><br>Test class: Inkbox.Tests.CustomTest<br>Parameters: https://inkbox.com/</td>
<td><div><pre>java.lang.AssertionError
	at org.junit.Assert.fail(Assert.java:86)
	at org.junit.Assert.fail(Assert.java:95)
	at Helpers.ControlHelpers.ButtonClick(ControlHelpers.java:208)
	at Inkbox.Pages.CustomPage.NavigateToCustomPage(CustomPage.java:402)
	at Inkbox.Pages.CustomPage.TextValidation(CustomPage.java:382)
	at Inkbox.Tests.CustomTest.TC_5135_Validating_Text_Custom(CustomTest.java:198)
	at java.base/java.util.concurrent.ThreadPoolExecutor.runWorker(ThreadPoolExecutor.java:1130)
	at java.base/java.util.concurrent.ThreadPoolExecutor$Worker.run(ThreadPoolExecutor.java:630)
	at java.base/java.lang.Thread.run(Thread.java:831)
... Removed 12 stack frames</pre></div><a href='#' onClick='toggleBox("stack-trace158698302", this, "Click to show all stack frames", "Click to hide stack frames")'>Click to show all stack frames</a>
<div class='stack-trace' id='stack-trace158698302'><pre>java.lang.AssertionError
	at org.junit.Assert.fail(Assert.java:86)
	at org.junit.Assert.fail(Assert.java:95)
	at Helpers.ControlHelpers.ButtonClick(ControlHelpers.java:208)
	at Inkbox.Pages.CustomPage.NavigateToCustomPage(CustomPage.java:402)
	at Inkbox.Pages.CustomPage.TextValidation(CustomPage.java:382)
	at Inkbox.Tests.CustomTest.TC_5135_Validating_Text_Custom(CustomTest.java:198)
	at java.base/jdk.internal.reflect.NativeMethodAccessorImpl.invoke0(Native Method)
	at java.base/jdk.internal.reflect.NativeMethodAccessorImpl.invoke(NativeMethodAccessorImpl.java:78)
	at java.base/jdk.internal.reflect.DelegatingMethodAccessorImpl.invoke(DelegatingMethodAccessorImpl.java:43)
	at java.base/java.lang.reflect.Method.invoke(Method.java:567)
	at org.testng.internal.MethodInvocationHelper.invokeMethod(MethodInvocationHelper.java:133)
	at org.testng.internal.TestInvoker.invokeMethod(TestInvoker.java:598)
	at org.testng.internal.TestInvoker.invokeTestMethod(TestInvoker.java:173)
	at org.testng.internal.MethodRunner.runInSequence(MethodRunner.java:46)
	at org.testng.internal.TestInvoker$MethodInvocationAgent.invoke(TestInvoker.java:824)
	at org.testng.internal.TestInvoker.invokeTestMethods(TestInvoker.java:146)
	at org.testng.internal.TestMethodWorker.invokeTestMethods(TestMethodWorker.java:146)
	at org.testng.internal.TestMethodWorker.run(TestMethodWorker.java:128)
	at java.base/java.util.concurrent.ThreadPoolExecutor.runWorker(ThreadPoolExecutor.java:1130)
	at java.base/java.util.concurrent.ThreadPoolExecutor$Worker.run(ThreadPoolExecutor.java:630)
	at java.base/java.lang.Thread.run(Thread.java:831)
</pre></div></td>
<td>248</td>
<td>Inkbox.Tests.CustomTest@791f145a</td></tr>
<tr>
<td title='Inkbox.Tests.CartTest.TC_4932_VerifyFreeShippingMessage()'><b>TC_4932_VerifyFreeShippingMessage</b><br>Test class: Inkbox.Tests.CartTest</td>
<td><div><pre>java.lang.NumberFormatException: For input string: &quot;39.10USD&quot;
	at java.base/jdk.internal.math.FloatingDecimal.readJavaFormatString(FloatingDecimal.java:2054)
	at java.base/jdk.internal.math.FloatingDecimal.parseFloat(FloatingDecimal.java:122)
	at java.base/java.lang.Float.parseFloat(Float.java:468)
	at Inkbox.Tests.CartTest.TC_4932_VerifyFreeShippingMessage(CartTest.java:461)
	at java.base/java.util.concurrent.ThreadPoolExecutor.runWorker(ThreadPoolExecutor.java:1130)
	at java.base/java.util.concurrent.ThreadPoolExecutor$Worker.run(ThreadPoolExecutor.java:630)
	at java.base/java.lang.Thread.run(Thread.java:831)
... Removed 12 stack frames</pre></div><a href='#' onClick='toggleBox("stack-trace191626821", this, "Click to show all stack frames", "Click to hide stack frames")'>Click to show all stack frames</a>
<div class='stack-trace' id='stack-trace191626821'><pre>java.lang.NumberFormatException: For input string: &quot;39.10USD&quot;
	at java.base/jdk.internal.math.FloatingDecimal.readJavaFormatString(FloatingDecimal.java:2054)
	at java.base/jdk.internal.math.FloatingDecimal.parseFloat(FloatingDecimal.java:122)
	at java.base/java.lang.Float.parseFloat(Float.java:468)
	at Inkbox.Tests.CartTest.TC_4932_VerifyFreeShippingMessage(CartTest.java:461)
	at java.base/jdk.internal.reflect.NativeMethodAccessorImpl.invoke0(Native Method)
	at java.base/jdk.internal.reflect.NativeMethodAccessorImpl.invoke(NativeMethodAccessorImpl.java:78)
	at java.base/jdk.internal.reflect.DelegatingMethodAccessorImpl.invoke(DelegatingMethodAccessorImpl.java:43)
	at java.base/java.lang.reflect.Method.invoke(Method.java:567)
	at org.testng.internal.MethodInvocationHelper.invokeMethod(MethodInvocationHelper.java:133)
	at org.testng.internal.TestInvoker.invokeMethod(TestInvoker.java:598)
	at org.testng.internal.TestInvoker.invokeTestMethod(TestInvoker.java:173)
	at org.testng.internal.MethodRunner.runInSequence(MethodRunner.java:46)
	at org.testng.internal.TestInvoker$MethodInvocationAgent.invoke(TestInvoker.java:824)
	at org.testng.internal.TestInvoker.invokeTestMethods(TestInvoker.java:146)
	at org.testng.internal.TestMethodWorker.invokeTestMethods(TestMethodWorker.java:146)
	at org.testng.internal.TestMethodWorker.run(TestMethodWorker.java:128)
	at java.base/java.util.concurrent.ThreadPoolExecutor.runWorker(ThreadPoolExecutor.java:1130)
	at java.base/java.util.concurrent.ThreadPoolExecutor$Worker.run(ThreadPoolExecutor.java:630)
	at java.base/java.lang.Thread.run(Thread.java:831)
</pre></div></td>
<td>310</td>
<td>Inkbox.Tests.CartTest@4b45a2f5</td></tr>
</table><p>
</body>
</html>