<?xml version="1.0" encoding="UTF-8"?>
<!-- Generated by org.testng.reporters.JUnitReportReporter -->
<testsuite hostname="DESKTOP-9NIDAD7" failures="1" tests="2" name="Inkbox.Tests.ProductSearchTest" time="387.264" errors="0" timestamp="2022-07-06T13:03:09 EDT" skipped="1">
  <testcase classname="Inkbox.Tests.ProductSearchTest" name="TC_5070_FilterBy_Artists" time="387.264">
    <failure type="java.lang.AssertionError">
      <![CDATA[java.lang.AssertionError
at org.junit.Assert.fail(Assert.java:86)
at org.junit.Assert.fail(Assert.java:95)
at Inkbox.Pages.ProductsPage.SelectAllArtist_and_Validate(ProductsPage.java:1393)
at Inkbox.Tests.ProductSearchTest.TC_5070_FilterBy_Artists(ProductSearchTest.java:125)
at java.base/jdk.internal.reflect.NativeMethodAccessorImpl.invoke0(Native Method)
at java.base/jdk.internal.reflect.NativeMethodAccessorImpl.invoke(NativeMethodAccessorImpl.java:78)
at java.base/jdk.internal.reflect.DelegatingMethodAccessorImpl.invoke(DelegatingMethodAccessorImpl.java:43)
at java.base/java.lang.reflect.Method.invoke(Method.java:567)
at org.testng.internal.MethodInvocationHelper.invokeMethod(MethodInvocationHelper.java:133)
at org.testng.internal.TestInvoker.invokeMethod(TestInvoker.java:598)
at org.testng.internal.TestInvoker.invokeTestMethod(TestInvoker.java:173)
at org.testng.internal.MethodRunner.runInSequence(MethodRunner.java:46)
at org.testng.internal.TestInvoker$MethodInvocationAgent.invoke(TestInvoker.java:824)
at org.testng.internal.TestInvoker.invokeTestMethods(TestInvoker.java:146)
at org.testng.internal.TestMethodWorker.invokeTestMethods(TestMethodWorker.java:146)
at org.testng.internal.TestMethodWorker.run(TestMethodWorker.java:128)
at java.base/java.util.concurrent.ThreadPoolExecutor.runWorker(ThreadPoolExecutor.java:1130)
at java.base/java.util.concurrent.ThreadPoolExecutor$Worker.run(ThreadPoolExecutor.java:630)
at java.base/java.lang.Thread.run(Thread.java:831)
]]>
    </failure>
  </testcase> <!-- TC_5070_FilterBy_Artists -->
  <system-out/>
  <testcase classname="Inkbox.Tests.ProductSearchTest" name="TC_5018_Browser_Ticket_2053">
    <skipped/>
  </testcase> <!-- TC_5018_Browser_Ticket_2053 -->
  <system-out/>
</testsuite> <!-- Inkbox.Tests.ProductSearchTest -->
